#
# A fatal error has been detected by the Java Runtime Environment:
#
#  SIGSEGV (0xb) at pc=0x0000000109080a67, pid=2866, tid=0x000000000000860b
#
# JRE version: OpenJDK Runtime Environment (8.0_302) (build 1.8.0_302-bre_2021_08_14_22_07-b00)
# Java VM: OpenJDK 64-Bit Server VM (25.302-b00 mixed mode bsd-amd64 compressed oops)
# Problematic frame:
# V  [libjvm.dylib+0x565a67]
#
# Failed to write core dump. Core dumps have been disabled. To enable core dumping, try "ulimit -c unlimited" before starting Java again
#
# If you would like to submit a bug report, please visit:
#   https://github.com/Homebrew/homebrew-core/issues
#

---------------  T H R E A D  ---------------

Current thread (0x00007fc13c3b3000):  JavaThread "reactor-http-nio-2" daemon [_thread_in_vm, id=34315, stack(0x000070000d279000,0x000070000d379000)]

siginfo: si_signo: 11 (SIGSEGV), si_code: 1 (SEGV_MAPERR), si_addr: 0x0000000000000000

Registers:
RAX=0x000000010921b220, RBX=0x00007fc13c3b3000, RCX=0x00007fc13e885004, RDX=0x0000000000000000
RSP=0x000070000d376550, RBP=0x000070000d376580, RSI=0x000070000d376640, RDI=0x00007fc13c3b3250
R8 =0x000000000000002f, R9 =0x0000000000000006, R10=0x000000010ff9e3db, R11=0x0000000109000877
R12=0x0000000000000000, R13=0x000000010aa8fe68, R14=0x000000000000002f, R15=0x00007fc13e885004
RIP=0x0000000109080a67, EFLAGS=0x0000000000010246, ERR=0x0000000000000004
  TRAPNO=0x000000000000000e

Top of Stack: (sp=0x000070000d376550)
0x000070000d376550:   00007fc13c3b3000 00007fc13c3b3000
0x000070000d376560:   000000010aa8fe68 0000000000000000
0x000070000d376570:   000070000d376640 00007fc13c3b3000
0x000070000d376580:   000070000d376600 000000010ff9e407
0x000070000d376590:   000000010aa8fe68 000070000d376640
0x000070000d3765a0:   000070000d376600 000000010ff9e159
0x000070000d3765b0:   000000010e37c028 000000010ff9e122
0x000070000d3765c0:   000070000d3765c0 000000010aa8fe68
0x000070000d3765d0:   000070000d376640 000000010aabfb10
0x000070000d3765e0:   0000000000000000 000000010aa8fe68
0x000070000d3765f0:   0000000000000000 000070000d376620
0x000070000d376600:   000070000d376688 000000010ff8dffd
0x000070000d376610:   0000000000000000 000000010ff97a58
0x000070000d376620:   000000000000002f 00007fc13e885004
0x000070000d376630:   000070000d376688 0000000000000000
0x000070000d376640:   00000006c0000488 000070000d376648
0x000070000d376650:   000000010e37bff6 000070000d3766b0
0x000070000d376660:   000000010e37e820 0000000000000000
0x000070000d376670:   000000010e37c028 000070000d376620
0x000070000d376680:   000070000d376698 000070000d3766f8
0x000070000d376690:   000000010ff8dffd 000000000000002f
0x000070000d3766a0:   00007fc13e885004 000000010ff99507
0x000070000d3766b0:   0000000000000000 000070000d3766b8
0x000070000d3766c0:   000000010e369153 000070000d376720
0x000070000d3766d0:   000000010e36cfc8 0000000000000000
0x000070000d3766e0:   000000010e369188 000070000d376698
0x000070000d3766f0:   000070000d376708 000070000d376768
0x000070000d376700:   000000010ff8dffd 000000000000002f
0x000070000d376710:   00007fc13e885004 0000000000000000
0x000070000d376720:   0000000000000000 000070000d376728
0x000070000d376730:   000000010ec85d19 000070000d3767e8
0x000070000d376740:   000000010ec88298 0000000000000000 

Instructions: (pc=0x0000000109080a67)
0x0000000109080a47:   00 30 74 08 48 89 df e8 4d 96 fe ff c7 83 c8 02
0x0000000109080a57:   00 00 06 00 00 00 48 89 5d d8 41 f6 c4 01 75 06
0x0000000109080a67:   49 8b 04 24 eb 08 4c 89 e7 e8 e1 22 dd ff 46 88
0x0000000109080a77:   34 38 48 8d 7d d8 e8 1e ae d9 ff 48 8d 7d d0 e8 

Register to memory mapping:

RAX=0x000000010921b220: _ZN20SafepointSynchronize6_stateE+0 in /usr/local/Cellar/openjdk@8/1.8.0+302/libexec/openjdk.jdk/Contents/Home/jre/lib/server/libjvm.dylib at 0x0000000108b1b000
RBX=0x00007fc13c3b3000 is a thread
RCX=0x00007fc13e885004 is an unknown value
RDX=0x0000000000000000 is an unknown value
RSP=0x000070000d376550 is pointing into the stack for thread: 0x00007fc13c3b3000
RBP=0x000070000d376580 is pointing into the stack for thread: 0x00007fc13c3b3000
RSI=0x000070000d376640 is pointing into the stack for thread: 0x00007fc13c3b3000
RDI=0x00007fc13c3b3250 is an unknown value
R8 =0x000000000000002f is an unknown value
R9 =0x0000000000000006 is an unknown value
R10=0x000000010ff9e3db is at code_begin+859 in an Interpreter codelet
method entry point (kind = native)  [0x000000010ff9e080, 0x000000010ff9ea00]  2432 bytes
R11=0x0000000109000877: throw_unsatisfied_link_error+0 in /usr/local/Cellar/openjdk@8/1.8.0+302/libexec/openjdk.jdk/Contents/Home/jre/lib/server/libjvm.dylib at 0x0000000108b1b000
R12=0x0000000000000000 is an unknown value
R13={method} {0x000000010aa8fe68} 'putByte' '(Ljava/lang/Object;JB)V' in 'sun/misc/Unsafe'
R14=0x000000000000002f is an unknown value
R15=0x00007fc13e885004 is an unknown value


Stack: [0x000070000d279000,0x000070000d379000],  sp=0x000070000d376550,  free space=1013k
Native frames: (J=compiled Java code, j=interpreted, Vv=VM code, C=native code)
V  [libjvm.dylib+0x565a67]
j  sun.misc.Unsafe.putByte(Ljava/lang/Object;JB)V+0
j  io.netty.util.internal.PlatformDependent0.putByte(Ljava/lang/Object;JB)V+6
j  io.netty.util.internal.PlatformDependent.putByte(Ljava/lang/Object;JB)V+3
j  io.netty.buffer.ByteBufUtil.unsafeWriteUtf8([BJILjava/lang/CharSequence;II)I+73
j  io.netty.buffer.ByteBufUtil.writeUtf8(Lio/netty/buffer/AbstractByteBuf;IILjava/lang/CharSequence;II)I+79
j  io.netty.buffer.ByteBufUtil.writeUtf8(Lio/netty/buffer/AbstractByteBuf;IILjava/lang/CharSequence;I)I+7
j  io.netty.buffer.AbstractByteBuf.setCharSequence0(ILjava/lang/CharSequence;Ljava/nio/charset/Charset;Z)I+55
j  io.netty.buffer.AbstractByteBuf.writeCharSequence(Ljava/lang/CharSequence;Ljava/nio/charset/Charset;)I+8
j  io.netty.handler.codec.http.HttpRequestEncoder.encodeInitialLine(Lio/netty/buffer/ByteBuf;Lio/netty/handler/codec/http/HttpRequest;)V+144
j  io.netty.handler.codec.http.HttpRequestEncoder.encodeInitialLine(Lio/netty/buffer/ByteBuf;Lio/netty/handler/codec/http/HttpMessage;)V+6
j  io.netty.handler.codec.http.HttpObjectEncoder.encode(Lio/netty/channel/ChannelHandlerContext;Ljava/lang/Object;Ljava/util/List;)V+88
j  io.netty.handler.codec.http.HttpClientCodec$Encoder.encode(Lio/netty/channel/ChannelHandlerContext;Ljava/lang/Object;Ljava/util/List;)V+52
j  io.netty.handler.codec.MessageToMessageEncoder.write(Lio/netty/channel/ChannelHandlerContext;Ljava/lang/Object;Lio/netty/channel/ChannelPromise;)V+25
j  io.netty.channel.CombinedChannelDuplexHandler.write(Lio/netty/channel/ChannelHandlerContext;Ljava/lang/Object;Lio/netty/channel/ChannelPromise;)V+45
j  io.netty.channel.AbstractChannelHandlerContext.invokeWrite0(Ljava/lang/Object;Lio/netty/channel/ChannelPromise;)V+10
j  io.netty.channel.AbstractChannelHandlerContext.invokeWriteAndFlush(Ljava/lang/Object;Lio/netty/channel/ChannelPromise;)V+10
j  io.netty.channel.AbstractChannelHandlerContext.write(Ljava/lang/Object;ZLio/netty/channel/ChannelPromise;)V+90
j  io.netty.channel.AbstractChannelHandlerContext.writeAndFlush(Ljava/lang/Object;Lio/netty/channel/ChannelPromise;)Lio/netty/channel/ChannelFuture;+4
j  io.netty.channel.AbstractChannelHandlerContext.writeAndFlush(Ljava/lang/Object;)Lio/netty/channel/ChannelFuture;+6
j  io.netty.channel.DefaultChannelPipeline.writeAndFlush(Ljava/lang/Object;)Lio/netty/channel/ChannelFuture;+5
j  io.netty.channel.AbstractChannel.writeAndFlush(Ljava/lang/Object;)Lio/netty/channel/ChannelFuture;+5
j  reactor.netty.http.client.HttpClientOperations.lambda$send$0(Lio/netty/buffer/ByteBufAllocator;Ljava/util/List;)Lreactor/core/publisher/Mono;+33
j  reactor.netty.http.client.HttpClientOperations$$Lambda$792.apply(Ljava/lang/Object;)Ljava/lang/Object;+12
j  reactor.core.publisher.MonoFlatMap$FlatMapMain.onNext(Ljava/lang/Object;)V+31
j  reactor.core.publisher.FluxContextWrite$ContextWriteSubscriber.onNext(Ljava/lang/Object;)V+5
j  reactor.core.publisher.Operators$MonoSubscriber.complete(Ljava/lang/Object;)V+101
j  reactor.core.publisher.MonoCollectList$MonoCollectListSubscriber.onComplete()V+43
j  reactor.core.publisher.FluxMap$MapSubscriber.onComplete()V+17
j  reactor.core.publisher.FluxMap$MapSubscriber.onComplete()V+17
j  reactor.core.publisher.FluxPeek$PeekSubscriber.onComplete()V+63
j  reactor.core.publisher.FluxMap$MapSubscriber.onComplete()V+17
j  reactor.core.publisher.Operators.complete(Lorg/reactivestreams/Subscriber;)V+10
j  reactor.netty.channel.FluxReceive.startReceiver(Lreactor/core/CoreSubscriber;)V+88
j  reactor.netty.channel.FluxReceive.subscribe(Lreactor/core/CoreSubscriber;)V+14
j  reactor.core.publisher.InternalFluxOperator.subscribe(Lreactor/core/CoreSubscriber;)V+33
j  reactor.netty.ByteBufFlux.subscribe(Lreactor/core/CoreSubscriber;)V+5
j  reactor.core.publisher.InternalFluxOperator.subscribe(Lreactor/core/CoreSubscriber;)V+33
j  reactor.netty.ByteBufFlux.subscribe(Lreactor/core/CoreSubscriber;)V+5
j  reactor.core.publisher.Mono.subscribe(Lorg/reactivestreams/Subscriber;)V+71
j  reactor.netty.NettyOutbound.subscribe(Lorg/reactivestreams/Subscriber;)V+7
j  reactor.core.publisher.MonoSource.subscribe(Lreactor/core/CoreSubscriber;)V+5
j  reactor.core.publisher.MonoDefer.subscribe(Lreactor/core/CoreSubscriber;)V+39
j  reactor.netty.http.client.HttpClientConnect$HttpIOHandlerObserver.onStateChange(Lreactor/netty/Connection;Lreactor/netty/ConnectionObserver$State;)V+98
j  reactor.netty.ReactorNetty$CompositeConnectionObserver.onStateChange(Lreactor/netty/Connection;Lreactor/netty/ConnectionObserver$State;)V+29
j  reactor.netty.resources.DefaultPooledConnectionProvider$DisposableAcquire.onStateChange(Lreactor/netty/Connection;Lreactor/netty/ConnectionObserver$State;)V+23
j  reactor.netty.resources.DefaultPooledConnectionProvider$PooledConnection.onStateChange(Lreactor/netty/Connection;Lreactor/netty/ConnectionObserver$State;)V+217
j  reactor.netty.channel.ChannelOperationsHandler.channelActive(Lio/netty/channel/ChannelHandlerContext;)V+70
j  io.netty.channel.AbstractChannelHandlerContext.invokeChannelActive()V+15
j  io.netty.channel.AbstractChannelHandlerContext.invokeChannelActive(Lio/netty/channel/AbstractChannelHandlerContext;)V+15
j  io.netty.channel.AbstractChannelHandlerContext.fireChannelActive()Lio/netty/channel/ChannelHandlerContext;+6
j  io.netty.channel.CombinedChannelDuplexHandler$DelegatingChannelHandlerContext.fireChannelActive()Lio/netty/channel/ChannelHandlerContext;+4
j  io.netty.channel.ChannelInboundHandlerAdapter.channelActive(Lio/netty/channel/ChannelHandlerContext;)V+1
j  io.netty.channel.CombinedChannelDuplexHandler.channelActive(Lio/netty/channel/ChannelHandlerContext;)V+43
j  io.netty.channel.AbstractChannelHandlerContext.invokeChannelActive()V+15
j  io.netty.channel.AbstractChannelHandlerContext.invokeChannelActive(Lio/netty/channel/AbstractChannelHandlerContext;)V+15
j  io.netty.channel.AbstractChannelHandlerContext.fireChannelActive()Lio/netty/channel/ChannelHandlerContext;+6
j  reactor.netty.tcp.SslProvider$SslReadHandler.userEventTriggered(Lio/netty/channel/ChannelHandlerContext;Ljava/lang/Object;)V+71
j  io.netty.channel.AbstractChannelHandlerContext.invokeUserEventTriggered(Ljava/lang/Object;)V+16
j  io.netty.channel.AbstractChannelHandlerContext.invokeUserEventTriggered(Lio/netty/channel/AbstractChannelHandlerContext;Ljava/lang/Object;)V+23
j  io.netty.channel.AbstractChannelHandlerContext.fireUserEventTriggered(Ljava/lang/Object;)Lio/netty/channel/ChannelHandlerContext;+8
j  io.netty.handler.ssl.SslHandler.setHandshakeSuccess()Z+114
j  io.netty.handler.ssl.SslHandler.unwrap(Lio/netty/channel/ChannelHandlerContext;Lio/netty/buffer/ByteBuf;I)I+111
j  io.netty.handler.ssl.SslHandler.decodeJdkCompatible(Lio/netty/channel/ChannelHandlerContext;Lio/netty/buffer/ByteBuf;)V+135
j  io.netty.handler.ssl.SslHandler.decode(Lio/netty/channel/ChannelHandlerContext;Lio/netty/buffer/ByteBuf;Ljava/util/List;)V+21
j  io.netty.handler.codec.ByteToMessageDecoder.decodeRemovalReentryProtection(Lio/netty/channel/ChannelHandlerContext;Lio/netty/buffer/ByteBuf;Ljava/util/List;)V+9
j  io.netty.handler.codec.ByteToMessageDecoder.callDecode(Lio/netty/channel/ChannelHandlerContext;Lio/netty/buffer/ByteBuf;Ljava/util/List;)V+55
j  io.netty.handler.codec.ByteToMessageDecoder.channelRead(Lio/netty/channel/ChannelHandlerContext;Ljava/lang/Object;)V+74
j  io.netty.channel.AbstractChannelHandlerContext.invokeChannelRead(Ljava/lang/Object;)V+16
j  io.netty.channel.AbstractChannelHandlerContext.invokeChannelRead(Lio/netty/channel/AbstractChannelHandlerContext;Ljava/lang/Object;)V+31
j  io.netty.channel.AbstractChannelHandlerContext.fireChannelRead(Ljava/lang/Object;)Lio/netty/channel/ChannelHandlerContext;+7
j  io.netty.channel.DefaultChannelPipeline$HeadContext.channelRead(Lio/netty/channel/ChannelHandlerContext;Ljava/lang/Object;)V+2
j  io.netty.channel.AbstractChannelHandlerContext.invokeChannelRead(Ljava/lang/Object;)V+16
j  io.netty.channel.AbstractChannelHandlerContext.invokeChannelRead(Lio/netty/channel/AbstractChannelHandlerContext;Ljava/lang/Object;)V+31
j  io.netty.channel.DefaultChannelPipeline.fireChannelRead(Ljava/lang/Object;)Lio/netty/channel/ChannelPipeline;+5
j  io.netty.channel.nio.AbstractNioByteChannel$NioByteUnsafe.read()V+159
j  io.netty.channel.nio.NioEventLoop.processSelectedKey(Ljava/nio/channels/SelectionKey;Lio/netty/channel/nio/AbstractNioChannel;)V+113
j  io.netty.channel.nio.NioEventLoop.processSelectedKeysOptimized()V+51
j  io.netty.channel.nio.NioEventLoop.processSelectedKeys()V+8
j  io.netty.channel.nio.NioEventLoop.run()V+263
j  io.netty.util.concurrent.SingleThreadEventExecutor$4.run()V+44
j  io.netty.util.internal.ThreadExecutorMap$2.run()V+11
j  io.netty.util.concurrent.FastThreadLocalRunnable.run()V+4
j  java.lang.Thread.run()V+11
v  ~StubRoutines::call_stub
V  [libjvm.dylib+0x2cc083]
V  [libjvm.dylib+0x2caef6]
V  [libjvm.dylib+0x2cb0d7]
V  [libjvm.dylib+0x346f29]
V  [libjvm.dylib+0x54d9d8]
V  [libjvm.dylib+0x54d89d]
V  [libjvm.dylib+0x48431b]
C  [libsystem_pthread.dylib+0x6514]  _pthread_start+0x7d
C  [libsystem_pthread.dylib+0x202f]  thread_start+0xf
C  0x0000000000000000

Java frames: (J=compiled Java code, j=interpreted, Vv=VM code)
j  sun.misc.Unsafe.putByte(Ljava/lang/Object;JB)V+0
j  io.netty.util.internal.PlatformDependent0.putByte(Ljava/lang/Object;JB)V+6
j  io.netty.util.internal.PlatformDependent.putByte(Ljava/lang/Object;JB)V+3
j  io.netty.buffer.ByteBufUtil.unsafeWriteUtf8([BJILjava/lang/CharSequence;II)I+73
j  io.netty.buffer.ByteBufUtil.writeUtf8(Lio/netty/buffer/AbstractByteBuf;IILjava/lang/CharSequence;II)I+79
j  io.netty.buffer.ByteBufUtil.writeUtf8(Lio/netty/buffer/AbstractByteBuf;IILjava/lang/CharSequence;I)I+7
j  io.netty.buffer.AbstractByteBuf.setCharSequence0(ILjava/lang/CharSequence;Ljava/nio/charset/Charset;Z)I+55
j  io.netty.buffer.AbstractByteBuf.writeCharSequence(Ljava/lang/CharSequence;Ljava/nio/charset/Charset;)I+8
j  io.netty.handler.codec.http.HttpRequestEncoder.encodeInitialLine(Lio/netty/buffer/ByteBuf;Lio/netty/handler/codec/http/HttpRequest;)V+144
j  io.netty.handler.codec.http.HttpRequestEncoder.encodeInitialLine(Lio/netty/buffer/ByteBuf;Lio/netty/handler/codec/http/HttpMessage;)V+6
j  io.netty.handler.codec.http.HttpObjectEncoder.encode(Lio/netty/channel/ChannelHandlerContext;Ljava/lang/Object;Ljava/util/List;)V+88
j  io.netty.handler.codec.http.HttpClientCodec$Encoder.encode(Lio/netty/channel/ChannelHandlerContext;Ljava/lang/Object;Ljava/util/List;)V+52
j  io.netty.handler.codec.MessageToMessageEncoder.write(Lio/netty/channel/ChannelHandlerContext;Ljava/lang/Object;Lio/netty/channel/ChannelPromise;)V+25
j  io.netty.channel.CombinedChannelDuplexHandler.write(Lio/netty/channel/ChannelHandlerContext;Ljava/lang/Object;Lio/netty/channel/ChannelPromise;)V+45
j  io.netty.channel.AbstractChannelHandlerContext.invokeWrite0(Ljava/lang/Object;Lio/netty/channel/ChannelPromise;)V+10
j  io.netty.channel.AbstractChannelHandlerContext.invokeWriteAndFlush(Ljava/lang/Object;Lio/netty/channel/ChannelPromise;)V+10
j  io.netty.channel.AbstractChannelHandlerContext.write(Ljava/lang/Object;ZLio/netty/channel/ChannelPromise;)V+90
j  io.netty.channel.AbstractChannelHandlerContext.writeAndFlush(Ljava/lang/Object;Lio/netty/channel/ChannelPromise;)Lio/netty/channel/ChannelFuture;+4
j  io.netty.channel.AbstractChannelHandlerContext.writeAndFlush(Ljava/lang/Object;)Lio/netty/channel/ChannelFuture;+6
j  io.netty.channel.DefaultChannelPipeline.writeAndFlush(Ljava/lang/Object;)Lio/netty/channel/ChannelFuture;+5
j  io.netty.channel.AbstractChannel.writeAndFlush(Ljava/lang/Object;)Lio/netty/channel/ChannelFuture;+5
j  reactor.netty.http.client.HttpClientOperations.lambda$send$0(Lio/netty/buffer/ByteBufAllocator;Ljava/util/List;)Lreactor/core/publisher/Mono;+33
j  reactor.netty.http.client.HttpClientOperations$$Lambda$792.apply(Ljava/lang/Object;)Ljava/lang/Object;+12
j  reactor.core.publisher.MonoFlatMap$FlatMapMain.onNext(Ljava/lang/Object;)V+31
j  reactor.core.publisher.FluxContextWrite$ContextWriteSubscriber.onNext(Ljava/lang/Object;)V+5
j  reactor.core.publisher.Operators$MonoSubscriber.complete(Ljava/lang/Object;)V+101
j  reactor.core.publisher.MonoCollectList$MonoCollectListSubscriber.onComplete()V+43
j  reactor.core.publisher.FluxMap$MapSubscriber.onComplete()V+17
j  reactor.core.publisher.FluxMap$MapSubscriber.onComplete()V+17
j  reactor.core.publisher.FluxPeek$PeekSubscriber.onComplete()V+63
j  reactor.core.publisher.FluxMap$MapSubscriber.onComplete()V+17
j  reactor.core.publisher.Operators.complete(Lorg/reactivestreams/Subscriber;)V+10
j  reactor.netty.channel.FluxReceive.startReceiver(Lreactor/core/CoreSubscriber;)V+88
j  reactor.netty.channel.FluxReceive.subscribe(Lreactor/core/CoreSubscriber;)V+14
j  reactor.core.publisher.InternalFluxOperator.subscribe(Lreactor/core/CoreSubscriber;)V+33
j  reactor.netty.ByteBufFlux.subscribe(Lreactor/core/CoreSubscriber;)V+5
j  reactor.core.publisher.InternalFluxOperator.subscribe(Lreactor/core/CoreSubscriber;)V+33
j  reactor.netty.ByteBufFlux.subscribe(Lreactor/core/CoreSubscriber;)V+5
j  reactor.core.publisher.Mono.subscribe(Lorg/reactivestreams/Subscriber;)V+71
j  reactor.netty.NettyOutbound.subscribe(Lorg/reactivestreams/Subscriber;)V+7
j  reactor.core.publisher.MonoSource.subscribe(Lreactor/core/CoreSubscriber;)V+5
j  reactor.core.publisher.MonoDefer.subscribe(Lreactor/core/CoreSubscriber;)V+39
j  reactor.netty.http.client.HttpClientConnect$HttpIOHandlerObserver.onStateChange(Lreactor/netty/Connection;Lreactor/netty/ConnectionObserver$State;)V+98
j  reactor.netty.ReactorNetty$CompositeConnectionObserver.onStateChange(Lreactor/netty/Connection;Lreactor/netty/ConnectionObserver$State;)V+29
j  reactor.netty.resources.DefaultPooledConnectionProvider$DisposableAcquire.onStateChange(Lreactor/netty/Connection;Lreactor/netty/ConnectionObserver$State;)V+23
j  reactor.netty.resources.DefaultPooledConnectionProvider$PooledConnection.onStateChange(Lreactor/netty/Connection;Lreactor/netty/ConnectionObserver$State;)V+217
j  reactor.netty.channel.ChannelOperationsHandler.channelActive(Lio/netty/channel/ChannelHandlerContext;)V+70
j  io.netty.channel.AbstractChannelHandlerContext.invokeChannelActive()V+15
j  io.netty.channel.AbstractChannelHandlerContext.invokeChannelActive(Lio/netty/channel/AbstractChannelHandlerContext;)V+15
j  io.netty.channel.AbstractChannelHandlerContext.fireChannelActive()Lio/netty/channel/ChannelHandlerContext;+6
j  io.netty.channel.CombinedChannelDuplexHandler$DelegatingChannelHandlerContext.fireChannelActive()Lio/netty/channel/ChannelHandlerContext;+4
j  io.netty.channel.ChannelInboundHandlerAdapter.channelActive(Lio/netty/channel/ChannelHandlerContext;)V+1
j  io.netty.channel.CombinedChannelDuplexHandler.channelActive(Lio/netty/channel/ChannelHandlerContext;)V+43
j  io.netty.channel.AbstractChannelHandlerContext.invokeChannelActive()V+15
j  io.netty.channel.AbstractChannelHandlerContext.invokeChannelActive(Lio/netty/channel/AbstractChannelHandlerContext;)V+15
j  io.netty.channel.AbstractChannelHandlerContext.fireChannelActive()Lio/netty/channel/ChannelHandlerContext;+6
j  reactor.netty.tcp.SslProvider$SslReadHandler.userEventTriggered(Lio/netty/channel/ChannelHandlerContext;Ljava/lang/Object;)V+71
j  io.netty.channel.AbstractChannelHandlerContext.invokeUserEventTriggered(Ljava/lang/Object;)V+16
j  io.netty.channel.AbstractChannelHandlerContext.invokeUserEventTriggered(Lio/netty/channel/AbstractChannelHandlerContext;Ljava/lang/Object;)V+23
j  io.netty.channel.AbstractChannelHandlerContext.fireUserEventTriggered(Ljava/lang/Object;)Lio/netty/channel/ChannelHandlerContext;+8
j  io.netty.handler.ssl.SslHandler.setHandshakeSuccess()Z+114
j  io.netty.handler.ssl.SslHandler.unwrap(Lio/netty/channel/ChannelHandlerContext;Lio/netty/buffer/ByteBuf;I)I+111
j  io.netty.handler.ssl.SslHandler.decodeJdkCompatible(Lio/netty/channel/ChannelHandlerContext;Lio/netty/buffer/ByteBuf;)V+135
j  io.netty.handler.ssl.SslHandler.decode(Lio/netty/channel/ChannelHandlerContext;Lio/netty/buffer/ByteBuf;Ljava/util/List;)V+21
j  io.netty.handler.codec.ByteToMessageDecoder.decodeRemovalReentryProtection(Lio/netty/channel/ChannelHandlerContext;Lio/netty/buffer/ByteBuf;Ljava/util/List;)V+9
j  io.netty.handler.codec.ByteToMessageDecoder.callDecode(Lio/netty/channel/ChannelHandlerContext;Lio/netty/buffer/ByteBuf;Ljava/util/List;)V+55
j  io.netty.handler.codec.ByteToMessageDecoder.channelRead(Lio/netty/channel/ChannelHandlerContext;Ljava/lang/Object;)V+74
j  io.netty.channel.AbstractChannelHandlerContext.invokeChannelRead(Ljava/lang/Object;)V+16
j  io.netty.channel.AbstractChannelHandlerContext.invokeChannelRead(Lio/netty/channel/AbstractChannelHandlerContext;Ljava/lang/Object;)V+31
j  io.netty.channel.AbstractChannelHandlerContext.fireChannelRead(Ljava/lang/Object;)Lio/netty/channel/ChannelHandlerContext;+7
j  io.netty.channel.DefaultChannelPipeline$HeadContext.channelRead(Lio/netty/channel/ChannelHandlerContext;Ljava/lang/Object;)V+2
j  io.netty.channel.AbstractChannelHandlerContext.invokeChannelRead(Ljava/lang/Object;)V+16
j  io.netty.channel.AbstractChannelHandlerContext.invokeChannelRead(Lio/netty/channel/AbstractChannelHandlerContext;Ljava/lang/Object;)V+31
j  io.netty.channel.DefaultChannelPipeline.fireChannelRead(Ljava/lang/Object;)Lio/netty/channel/ChannelPipeline;+5
j  io.netty.channel.nio.AbstractNioByteChannel$NioByteUnsafe.read()V+159
j  io.netty.channel.nio.NioEventLoop.processSelectedKey(Ljava/nio/channels/SelectionKey;Lio/netty/channel/nio/AbstractNioChannel;)V+113
j  io.netty.channel.nio.NioEventLoop.processSelectedKeysOptimized()V+51
j  io.netty.channel.nio.NioEventLoop.processSelectedKeys()V+8
j  io.netty.channel.nio.NioEventLoop.run()V+263
j  io.netty.util.concurrent.SingleThreadEventExecutor$4.run()V+44
j  io.netty.util.internal.ThreadExecutorMap$2.run()V+11
j  io.netty.util.concurrent.FastThreadLocalRunnable.run()V+4
j  java.lang.Thread.run()V+11
v  ~StubRoutines::call_stub

---------------  P R O C E S S  ---------------

Java Threads: ( => current thread )
  0x00007fc13c482000 JavaThread "com.alibaba.nacos.client.naming.updater" daemon [_thread_blocked, id=44051, stack(0x000070000de9d000,0x000070000df9d000)]
  0x00007fc13733d800 JavaThread "com.alibaba.nacos.naming.beat.sender" daemon [_thread_blocked, id=32275, stack(0x000070000dd9a000,0x000070000de9a000)]
  0x00007fc13732d000 JavaThread "reactor-http-nio-12" daemon [_thread_in_native, id=31747, stack(0x000070000dc97000,0x000070000dd97000)]
  0x00007fc13732c000 JavaThread "reactor-http-nio-11" daemon [_thread_in_native, id=31235, stack(0x000070000db94000,0x000070000dc94000)]
  0x00007fc13732b800 JavaThread "reactor-http-nio-10" daemon [_thread_in_native, id=30723, stack(0x000070000da91000,0x000070000db91000)]
  0x00007fc13732a800 JavaThread "reactor-http-nio-9" daemon [_thread_in_native, id=30467, stack(0x000070000d98e000,0x000070000da8e000)]
  0x00007fc137329800 JavaThread "reactor-http-nio-8" daemon [_thread_in_native, id=30211, stack(0x000070000d88b000,0x000070000d98b000)]
  0x00007fc137312000 JavaThread "reactor-http-nio-7" daemon [_thread_in_native, id=29955, stack(0x000070000d788000,0x000070000d888000)]
  0x00007fc137311000 JavaThread "reactor-http-nio-6" daemon [_thread_in_native, id=29443, stack(0x000070000d685000,0x000070000d785000)]
  0x00007fc13722d000 JavaThread "reactor-http-nio-5" daemon [_thread_in_native, id=33283, stack(0x000070000d582000,0x000070000d682000)]
  0x00007fc1360b6800 JavaThread "reactor-http-nio-4" daemon [_thread_in_native, id=33795, stack(0x000070000d47f000,0x000070000d57f000)]
  0x00007fc137ac1000 JavaThread "reactor-http-nio-3" daemon [_thread_in_native, id=34051, stack(0x000070000d37c000,0x000070000d47c000)]
=>0x00007fc13c3b3000 JavaThread "reactor-http-nio-2" daemon [_thread_in_vm, id=34315, stack(0x000070000d279000,0x000070000d379000)]
  0x00007fc137ac4800 JavaThread "com.alibaba.nacos.naming.beat.sender" daemon [_thread_blocked, id=19215, stack(0x000070000d176000,0x000070000d276000)]
  0x00007fc137809000 JavaThread "com.alibaba.nacos.client.naming.updater" daemon [_thread_blocked, id=28423, stack(0x000070000d073000,0x000070000d173000)]
  0x00007fc13aa76800 JavaThread "RMI TCP Connection(2)-127.0.0.1" daemon [_thread_in_native, id=28167, stack(0x000070000cf70000,0x000070000d070000)]
  0x00007fc137274000 JavaThread "com.alibaba.nacos.client.Worker.longPolling.fixed-127.0.0.1_8848-fdda7c25-1387-41bf-ad8b-061ca421234c" daemon [_thread_blocked, id=35587, stack(0x000070000ce6d000,0x000070000cf6d000)]
  0x00007fc13c283800 JavaThread "com.alibaba.nacos.client.Worker.longPolling.fixed-127.0.0.1_8848-fdda7c25-1387-41bf-ad8b-061ca421234c" daemon [_thread_in_native, id=36099, stack(0x000070000cd6a000,0x000070000ce6a000)]
  0x00007fc137271800 JavaThread "DestroyJavaVM" [_thread_blocked, id=10243, stack(0x0000700009edd000,0x0000700009fdd000)]
  0x00007fc137acd000 JavaThread "com.alibaba.nacos.naming.beat.sender" daemon [_thread_blocked, id=27907, stack(0x000070000cc67000,0x000070000cd67000)]
  0x00007fc137ad1000 JavaThread "server" [_thread_blocked, id=27655, stack(0x000070000ca61000,0x000070000cb61000)]
  0x00007fc13aa55000 JavaThread "reactor-http-nio-1" daemon [_thread_in_native, id=36867, stack(0x000070000cb64000,0x000070000cc64000)]
  0x00007fc13aa24000 JavaThread "Nacos-Watch-Task-Scheduler-1" [_thread_blocked, id=27139, stack(0x000070000c95e000,0x000070000ca5e000)]
  0x00007fc13aa50800 JavaThread "com.alibaba.nacos.client.naming.updater" daemon [_thread_blocked, id=37635, stack(0x000070000c85b000,0x000070000c95b000)]
  0x00007fc13649e800 JavaThread "nacos.publisher-com.alibaba.nacos.client.naming.event.InstancesChangeEvent" daemon [_thread_blocked, id=37891, stack(0x000070000c758000,0x000070000c858000)]
  0x00007fc1364a4000 JavaThread "nacos.publisher-com.alibaba.nacos.common.notify.SlowEvent" daemon [_thread_blocked, id=38147, stack(0x000070000c655000,0x000070000c755000)]
  0x00007fc13649a800 JavaThread "com.alibaba.nacos.naming.push.receiver" daemon [_thread_in_native, id=26115, stack(0x000070000c552000,0x000070000c652000)]
  0x00007fc13649b800 JavaThread "com.alibaba.nacos.naming.failover" daemon [_thread_blocked, id=38403, stack(0x000070000c44f000,0x000070000c54f000)]
  0x00007fc13725c000 JavaThread "com.alibaba.nacos.client.naming.updater" daemon [_thread_blocked, id=38915, stack(0x000070000c34c000,0x000070000c44c000)]
  0x00007fc136499000 JavaThread "com.alibaba.nacos.client.naming.updater" daemon [_thread_blocked, id=25607, stack(0x000070000c249000,0x000070000c349000)]
  0x00007fc13c4ac800 JavaThread "spring.cloud.inetutils" daemon [_thread_blocked, id=39683, stack(0x000070000c146000,0x000070000c246000)]
  0x00007fc13a9e5800 JavaThread "boundedElastic-evictor-1" daemon [_thread_blocked, id=23827, stack(0x000070000be3d000,0x000070000bf3d000)]
  0x00007fc13a9ae000 JavaThread "Keep-Alive-Timer" daemon [_thread_blocked, id=23563, stack(0x000070000b92e000,0x000070000ba2e000)]
  0x00007fc13799d000 JavaThread "logback-5" daemon [_thread_blocked, id=42763, stack(0x000070000b82b000,0x000070000b92b000)]
  0x00007fc137989800 JavaThread "logback-4" daemon [_thread_blocked, id=24839, stack(0x000070000b728000,0x000070000b828000)]
  0x00007fc1370dc000 JavaThread "com.alibaba.nacos.client.Worker.fixed-127.0.0.1_8848-fdda7c25-1387-41bf-ad8b-061ca421234c" daemon [_thread_blocked, id=40195, stack(0x000070000c043000,0x000070000c143000)]
  0x00007fc1370bc800 JavaThread "com.alibaba.nacos.client.config.security.updater" daemon [_thread_blocked, id=25091, stack(0x000070000bf40000,0x000070000c040000)]
  0x00007fc1371c8000 JavaThread "com.alibaba.nacos.client.identify.watcher.0" daemon [_thread_blocked, id=24583, stack(0x000070000bd3a000,0x000070000be3a000)]
  0x00007fc1379c2800 JavaThread "RMI Scheduler(0)" daemon [_thread_blocked, id=41219, stack(0x000070000bc37000,0x000070000bd37000)]
  0x00007fc13621d800 JavaThread "RMI TCP Connection(1)-127.0.0.1" daemon [_thread_in_native, id=24067, stack(0x000070000bb34000,0x000070000bc34000)]
  0x00007fc13792f800 JavaThread "Attach Listener" daemon [_thread_blocked, id=41731, stack(0x000070000ba31000,0x000070000bb31000)]
  0x00007fc1361ba000 JavaThread "RMI TCP Accept-0" daemon [_thread_in_native, id=22787, stack(0x000070000b522000,0x000070000b622000)]
  0x00007fc13c818800 JavaThread "Service Thread" daemon [_thread_blocked, id=22275, stack(0x000070000b41f000,0x000070000b51f000)]
  0x00007fc135865800 JavaThread "C1 CompilerThread3" daemon [_thread_blocked, id=43267, stack(0x000070000b31c000,0x000070000b41c000)]
  0x00007fc136025000 JavaThread "C2 CompilerThread2" daemon [_thread_blocked, id=17155, stack(0x000070000b219000,0x000070000b319000)]
  0x00007fc137134000 JavaThread "C2 CompilerThread1" daemon [_thread_blocked, id=17411, stack(0x000070000b116000,0x000070000b216000)]
  0x00007fc137133000 JavaThread "C2 CompilerThread0" daemon [_thread_blocked, id=16643, stack(0x000070000b013000,0x000070000b113000)]
  0x00007fc13712e800 JavaThread "Monitor Ctrl-Break" daemon [_thread_in_native, id=17923, stack(0x000070000af10000,0x000070000b010000)]
  0x00007fc13a825000 JavaThread "Signal Dispatcher" daemon [_thread_blocked, id=16131, stack(0x000070000ae0d000,0x000070000af0d000)]
  0x00007fc13a811000 JavaThread "Finalizer" daemon [_thread_blocked, id=14339, stack(0x000070000ac04000,0x000070000ad04000)]
  0x00007fc13a80e800 JavaThread "Reference Handler" daemon [_thread_blocked, id=13827, stack(0x000070000ab01000,0x000070000ac01000)]

Other Threads:
  0x00007fc135851000 VMThread [stack: 0x000070000a9fe000,0x000070000aafe000] [id=13315]
  0x00007fc137196800 WatcherThread [stack: 0x000070000b625000,0x000070000b725000] [id=43011]

VM state:not at safepoint (normal execution)

VM Mutex/Monitor currently owned by a thread: None

heap address: 0x00000006c0000000, size: 4096 MB, Compressed Oops mode: Zero based, Oop shift amount: 3
Narrow klass base: 0x0000000000000000, Narrow klass shift: 3
Compressed class space size: 1073741824 Address: 0x00000007c0000000

Heap:
 PSYoungGen      total 322560K, used 36840K [0x000000076ab00000, 0x0000000780680000, 0x00000007c0000000)
  eden space 309248K, 7% used [0x000000076ab00000,0x000000076c201f00,0x000000077d900000)
  from space 13312K, 99% used [0x000000077f980000,0x0000000780678380,0x0000000780680000)
  to   space 15360K, 0% used [0x000000077e880000,0x000000077e880000,0x000000077f780000)
 ParOldGen       total 143872K, used 16747K [0x00000006c0000000, 0x00000006c8c80000, 0x000000076ab00000)
  object space 143872K, 11% used [0x00000006c0000000,0x00000006c105ac00,0x00000006c8c80000)
 Metaspace       used 47899K, capacity 50658K, committed 50944K, reserved 1093632K
  class space    used 6597K, capacity 7130K, committed 7168K, reserved 1048576K

Card table byte_map: [0x00000001094bb000,0x0000000109cbc000] byte_map_base: 0x0000000105ebb000

Marking Bits: (ParMarkBitMap*) 0x000000010921acc8
 Begin Bits: [0x000000011ef86000, 0x0000000122f86000)
 End Bits:   [0x0000000122f86000, 0x0000000126f86000)

Polling page: 0x00000001081b5000

CodeCache: size=245760Kb used=8583Kb max_used=8583Kb free=237176Kb
 bounds [0x000000010ff86000, 0x00000001107f6000, 0x000000011ef86000]
 total_blobs=4916 nmethods=4319 adapters=510
 compilation: enabled

Compilation events (10 events):
Event: 15.516 Thread 0x00007fc135865800 4317       1       sun.security.ec.point.AffinePoint::getY (5 bytes)
Event: 15.516 Thread 0x00007fc135865800 nmethod 4317 0x00000001107e5250 code [0x00000001107e53a0, 0x00000001107e54b0]
Event: 15.521 Thread 0x00007fc135865800 4318       1       java.util.Arrays::fill (21 bytes)
Event: 15.521 Thread 0x00007fc135865800 nmethod 4318 0x00000001107e62d0 code [0x00000001107e6420, 0x00000001107e6530]
Event: 15.521 Thread 0x00007fc135865800 4319       1       sun.security.provider.DigestBase::engineGetDigestLength (5 bytes)
Event: 15.521 Thread 0x00007fc135865800 nmethod 4319 0x00000001107e6810 code [0x00000001107e6960, 0x00000001107e6a70]
Event: 15.523 Thread 0x00007fc135865800 4320       1       io.netty.util.internal.PlatformDependent0::javaVersion (4 bytes)
Event: 15.523 Thread 0x00007fc135865800 nmethod 4320 0x00000001107e6ad0 code [0x00000001107e6c20, 0x00000001107e6d10]
Event: 15.532 Thread 0x00007fc135865800 4321       1       com.sun.crypto.provider.AESCrypt::mul4 (181 bytes)
Event: 15.533 Thread 0x00007fc135865800 nmethod 4321 0x00000001107e6d90 code [0x00000001107e6f80, 0x00000001107e7870]

GC Heap History (10 events):
Event: 1.499 GC heap before
{Heap before GC invocations=6 (full 1):
 PSYoungGen      total 141824K, used 131072K [0x000000076ab00000, 0x0000000774000000, 0x00000007c0000000)
  eden space 131072K, 100% used [0x000000076ab00000,0x0000000772b00000,0x0000000772b00000)
  from space 10752K, 0% used [0x0000000773580000,0x0000000773580000,0x0000000774000000)
  to   space 10752K, 0% used [0x0000000772b00000,0x0000000772b00000,0x0000000773580000)
 ParOldGen       total 95232K, used 6555K [0x00000006c0000000, 0x00000006c5d00000, 0x000000076ab00000)
  object space 95232K, 6% used [0x00000006c0000000,0x00000006c0666f80,0x00000006c5d00000)
 Metaspace       used 26885K, capacity 28180K, committed 28288K, reserved 1073152K
  class space    used 3672K, capacity 3948K, committed 3968K, reserved 1048576K
Event: 1.505 GC heap after
Heap after GC invocations=6 (full 1):
 PSYoungGen      total 141824K, used 10292K [0x000000076ab00000, 0x0000000778e80000, 0x00000007c0000000)
  eden space 131072K, 0% used [0x000000076ab00000,0x000000076ab00000,0x0000000772b00000)
  from space 10752K, 95% used [0x0000000772b00000,0x000000077350d3a8,0x0000000773580000)
  to   space 10752K, 0% used [0x0000000778400000,0x0000000778400000,0x0000000778e80000)
 ParOldGen       total 95232K, used 6563K [0x00000006c0000000, 0x00000006c5d00000, 0x000000076ab00000)
  object space 95232K, 6% used [0x00000006c0000000,0x00000006c0668f80,0x00000006c5d00000)
 Metaspace       used 26885K, capacity 28180K, committed 28288K, reserved 1073152K
  class space    used 3672K, capacity 3948K, committed 3968K, reserved 1048576K
}
Event: 1.997 GC heap before
{Heap before GC invocations=7 (full 1):
 PSYoungGen      total 141824K, used 141364K [0x000000076ab00000, 0x0000000778e80000, 0x00000007c0000000)
  eden space 131072K, 100% used [0x000000076ab00000,0x0000000772b00000,0x0000000772b00000)
  from space 10752K, 95% used [0x0000000772b00000,0x000000077350d3a8,0x0000000773580000)
  to   space 10752K, 0% used [0x0000000778400000,0x0000000778400000,0x0000000778e80000)
 ParOldGen       total 95232K, used 6563K [0x00000006c0000000, 0x00000006c5d00000, 0x000000076ab00000)
  object space 95232K, 6% used [0x00000006c0000000,0x00000006c0668f80,0x00000006c5d00000)
 Metaspace       used 32217K, capacity 33838K, committed 34048K, reserved 1079296K
  class space    used 4449K, capacity 4767K, committed 4864K, reserved 1048576K
Event: 2.005 GC heap after
Heap after GC invocations=7 (full 1):
 PSYoungGen      total 217600K, used 10737K [0x000000076ab00000, 0x0000000778f00000, 0x00000007c0000000)
  eden space 206848K, 0% used [0x000000076ab00000,0x000000076ab00000,0x0000000777500000)
  from space 10752K, 99% used [0x0000000778400000,0x0000000778e7c600,0x0000000778e80000)
  to   space 13312K, 0% used [0x0000000777500000,0x0000000777500000,0x0000000778200000)
 ParOldGen       total 95232K, used 8657K [0x00000006c0000000, 0x00000006c5d00000, 0x000000076ab00000)
  object space 95232K, 9% used [0x00000006c0000000,0x00000006c08746f8,0x00000006c5d00000)
 Metaspace       used 32217K, capacity 33838K, committed 34048K, reserved 1079296K
  class space    used 4449K, capacity 4767K, committed 4864K, reserved 1048576K
}
Event: 2.155 GC heap before
{Heap before GC invocations=8 (full 1):
 PSYoungGen      total 217600K, used 42991K [0x000000076ab00000, 0x0000000778f00000, 0x00000007c0000000)
  eden space 206848K, 15% used [0x000000076ab00000,0x000000076ca7f810,0x0000000777500000)
  from space 10752K, 99% used [0x0000000778400000,0x0000000778e7c600,0x0000000778e80000)
  to   space 13312K, 0% used [0x0000000777500000,0x0000000777500000,0x0000000778200000)
 ParOldGen       total 95232K, used 8657K [0x00000006c0000000, 0x00000006c5d00000, 0x000000076ab00000)
  object space 95232K, 9% used [0x00000006c0000000,0x00000006c08746f8,0x00000006c5d00000)
 Metaspace       used 33599K, capacity 35386K, committed 35496K, reserved 1079296K
  class space    used 4639K, capacity 5011K, committed 5120K, reserved 1048576K
Event: 2.160 GC heap after
Heap after GC invocations=8 (full 1):
 PSYoungGen      total 220160K, used 9531K [0x000000076ab00000, 0x0000000780680000, 0x00000007c0000000)
  eden space 206848K, 0% used [0x000000076ab00000,0x000000076ab00000,0x0000000777500000)
  from space 13312K, 71% used [0x0000000777500000,0x0000000777e4ee98,0x0000000778200000)
  to   space 13312K, 0% used [0x000000077f980000,0x000000077f980000,0x0000000780680000)
 ParOldGen       total 95232K, used 8665K [0x00000006c0000000, 0x00000006c5d00000, 0x000000076ab00000)
  object space 95232K, 9% used [0x00000006c0000000,0x00000006c08766f8,0x00000006c5d00000)
 Metaspace       used 33599K, capacity 35386K, committed 35496K, reserved 1079296K
  class space    used 4639K, capacity 5011K, committed 5120K, reserved 1048576K
}
Event: 2.160 GC heap before
{Heap before GC invocations=9 (full 2):
 PSYoungGen      total 220160K, used 9531K [0x000000076ab00000, 0x0000000780680000, 0x00000007c0000000)
  eden space 206848K, 0% used [0x000000076ab00000,0x000000076ab00000,0x0000000777500000)
  from space 13312K, 71% used [0x0000000777500000,0x0000000777e4ee98,0x0000000778200000)
  to   space 13312K, 0% used [0x000000077f980000,0x000000077f980000,0x0000000780680000)
 ParOldGen       total 95232K, used 8665K [0x00000006c0000000, 0x00000006c5d00000, 0x000000076ab00000)
  object space 95232K, 9% used [0x00000006c0000000,0x00000006c08766f8,0x00000006c5d00000)
 Metaspace       used 33599K, capacity 35386K, committed 35496K, reserved 1079296K
  class space    used 4639K, capacity 5011K, committed 5120K, reserved 1048576K
Event: 2.188 GC heap after
Heap after GC invocations=9 (full 2):
 PSYoungGen      total 220160K, used 0K [0x000000076ab00000, 0x0000000780680000, 0x00000007c0000000)
  eden space 206848K, 0% used [0x000000076ab00000,0x000000076ab00000,0x0000000777500000)
  from space 13312K, 0% used [0x0000000777500000,0x0000000777500000,0x0000000778200000)
  to   space 13312K, 0% used [0x000000077f980000,0x000000077f980000,0x0000000780680000)
 ParOldGen       total 143872K, used 14807K [0x00000006c0000000, 0x00000006c8c80000, 0x000000076ab00000)
  object space 143872K, 10% used [0x00000006c0000000,0x00000006c0e75ff8,0x00000006c8c80000)
 Metaspace       used 33599K, capacity 35386K, committed 35496K, reserved 1079296K
  class space    used 4639K, capacity 5011K, committed 5120K, reserved 1048576K
}
Event: 15.080 GC heap before
{Heap before GC invocations=10 (full 2):
 PSYoungGen      total 220160K, used 205978K [0x000000076ab00000, 0x0000000780680000, 0x00000007c0000000)
  eden space 206848K, 99% used [0x000000076ab00000,0x0000000777426ae0,0x0000000777500000)
  from space 13312K, 0% used [0x0000000777500000,0x0000000777500000,0x0000000778200000)
  to   space 13312K, 0% used [0x000000077f980000,0x000000077f980000,0x0000000780680000)
 ParOldGen       total 143872K, used 14807K [0x00000006c0000000, 0x00000006c8c80000, 0x000000076ab00000)
  object space 143872K, 10% used [0x00000006c0000000,0x00000006c0e75ff8,0x00000006c8c80000)
 Metaspace       used 46657K, capacity 49406K, committed 49536K, reserved 1091584K
  class space    used 6430K, capacity 6956K, committed 7040K, reserved 1048576K
Event: 15.089 GC heap after
Heap after GC invocations=10 (full 2):
 PSYoungGen      total 322560K, used 13280K [0x000000076ab00000, 0x0000000780680000, 0x00000007c0000000)
  eden space 309248K, 0% used [0x000000076ab00000,0x000000076ab00000,0x000000077d900000)
  from space 13312K, 99% used [0x000000077f980000,0x0000000780678380,0x0000000780680000)
  to   space 15360K, 0% used [0x000000077e880000,0x000000077e880000,0x000000077f780000)
 ParOldGen       total 143872K, used 16747K [0x00000006c0000000, 0x00000006c8c80000, 0x000000076ab00000)
  object space 143872K, 11% used [0x00000006c0000000,0x00000006c105ac00,0x00000006c8c80000)
 Metaspace       used 46657K, capacity 49406K, committed 49536K, reserved 1091584K
  class space    used 6430K, capacity 6956K, committed 7040K, reserved 1048576K
}

Deoptimization events (0 events):
No events

Classes redefined (0 events):
No events

Internal exceptions (10 events):
Event: 12.144 Thread 0x00007fc13c3b3000 Exception <a 'java/lang/ArrayIndexOutOfBoundsException'> (0x000000077348e8f8) thrown at [/private/tmp/openjdkA8-20210814-5038-e41be5/jdk8u302-ga/hotspot/src/share/vm/runtime/sharedRuntime.cpp, line 609]
Event: 12.144 Thread 0x00007fc137ac1000 Exception <a 'java/lang/ArrayIndexOutOfBoundsException'> (0x00000007735f9650) thrown at [/private/tmp/openjdkA8-20210814-5038-e41be5/jdk8u302-ga/hotspot/src/share/vm/runtime/sharedRuntime.cpp, line 609]
Event: 12.217 Thread 0x00007fc13c3b3000 Exception <a 'java/lang/NoSuchMethodError': java.lang.Object.lambda$getRequiredAttribute$0(Ljava/lang/String;)Ljava/lang/String;> (0x0000000774290080) thrown at [/private/tmp/openjdkA8-20210814-5038-e41be5/jdk8u302-ga/hotspot/src/share/vm/interpreter/link
Event: 12.407 Thread 0x00007fc13c3b3000 Exception <a 'java/lang/ArrayIndexOutOfBoundsException'> (0x0000000775f831e0) thrown at [/private/tmp/openjdkA8-20210814-5038-e41be5/jdk8u302-ga/hotspot/src/share/vm/runtime/sharedRuntime.cpp, line 609]
Event: 12.407 Thread 0x00007fc13c3b3000 Exception <a 'java/lang/ArrayIndexOutOfBoundsException'> (0x0000000775f848a0) thrown at [/private/tmp/openjdkA8-20210814-5038-e41be5/jdk8u302-ga/hotspot/src/share/vm/runtime/sharedRuntime.cpp, line 609]
Event: 12.409 Thread 0x00007fc13c3b3000 Exception <a 'java/lang/ArrayIndexOutOfBoundsException'> (0x0000000776027ad0) thrown at [/private/tmp/openjdkA8-20210814-5038-e41be5/jdk8u302-ga/hotspot/src/share/vm/runtime/sharedRuntime.cpp, line 609]
Event: 12.410 Thread 0x00007fc13c3b3000 Exception <a 'java/lang/ArrayIndexOutOfBoundsException'> (0x00000007760478d0) thrown at [/private/tmp/openjdkA8-20210814-5038-e41be5/jdk8u302-ga/hotspot/src/share/vm/runtime/sharedRuntime.cpp, line 609]
Event: 12.411 Thread 0x00007fc13c3b3000 Exception <a 'java/lang/ArrayIndexOutOfBoundsException'> (0x000000077607ed60) thrown at [/private/tmp/openjdkA8-20210814-5038-e41be5/jdk8u302-ga/hotspot/src/share/vm/runtime/sharedRuntime.cpp, line 609]
Event: 12.411 Thread 0x00007fc13c3b3000 Exception <a 'java/lang/ArrayIndexOutOfBoundsException'> (0x0000000776080450) thrown at [/private/tmp/openjdkA8-20210814-5038-e41be5/jdk8u302-ga/hotspot/src/share/vm/runtime/sharedRuntime.cpp, line 609]
Event: 12.416 Thread 0x00007fc13c3b3000 Exception <a 'java/lang/reflect/InvocationTargetException'> (0x0000000776187e58) thrown at [/private/tmp/openjdkA8-20210814-5038-e41be5/jdk8u302-ga/hotspot/src/share/vm/runtime/reflection.cpp, line 1092]

Events (10 events):
Event: 15.961 loading class reactor/core/publisher/FluxSourceMono
Event: 15.961 loading class reactor/core/publisher/FluxSourceMono done
Event: 15.962 loading class reactor/core/publisher/FluxSourceMonoFuseable
Event: 15.962 loading class reactor/core/publisher/FluxSourceMonoFuseable done
Event: 15.962 loading class reactor/core/publisher/MonoSource
Event: 15.962 loading class reactor/core/publisher/MonoSource done
Event: 15.963 loading class reactor/util/context/Context1
Event: 15.963 loading class reactor/util/context/Context1 done
Event: 15.963 loading class io/netty/handler/codec/http/DefaultFullHttpRequest
Event: 15.963 loading class io/netty/handler/codec/http/DefaultFullHttpRequest done


Dynamic libraries:
0x00007ff8259e8000 	/System/Library/Frameworks/Cocoa.framework/Versions/A/Cocoa
0x00007ff811826000 	/System/Library/Frameworks/AppKit.framework/Versions/C/AppKit
0x00007ff814d13000 	/System/Library/Frameworks/CoreData.framework/Versions/A/CoreData
0x00007ff80fc41000 	/System/Library/Frameworks/Foundation.framework/Versions/C/Foundation
0x00007ff819b88000 	/usr/lib/libSystem.B.dylib
0x00007ff8126b3000 	/System/Library/PrivateFrameworks/UIFoundation.framework/Versions/A/UIFoundation
0x00007ff81f9c0000 	/System/Library/PrivateFrameworks/RemoteViewServices.framework/Versions/A/RemoteViewServices
0x00007ff817d34000 	/System/Library/PrivateFrameworks/XCTTargetBootstrap.framework/Versions/A/XCTTargetBootstrap
0x00007ff81b997000 	/System/Library/PrivateFrameworks/InternationalSupport.framework/Versions/A/InternationalSupport
0x00007ff81ba21000 	/System/Library/PrivateFrameworks/UserActivity.framework/Versions/A/UserActivity
0x00007ff81ad77000 	/usr/lib/libspindump.dylib
0x00007ff812941000 	/System/Library/Frameworks/UniformTypeIdentifiers.framework/Versions/A/UniformTypeIdentifiers
0x00007ff816473000 	/usr/lib/libapp_launch_measurement.dylib
0x00007ff8156dd000 	/System/Library/PrivateFrameworks/CoreAnalytics.framework/Versions/A/CoreAnalytics
0x00007ff816476000 	/System/Library/PrivateFrameworks/CoreAutoLayout.framework/Versions/A/CoreAutoLayout
0x00007ff817695000 	/System/Library/Frameworks/Metal.framework/Versions/A/Metal
0x00007ff8183aa000 	/usr/lib/liblangid.dylib
0x00007ff817d38000 	/System/Library/PrivateFrameworks/CoreSVG.framework/Versions/A/CoreSVG
0x00007ff813d03000 	/System/Library/PrivateFrameworks/SkyLight.framework/Versions/A/SkyLight
0x00007ff814094000 	/System/Library/Frameworks/CoreGraphics.framework/Versions/A/CoreGraphics
0x00007ff82002b000 	/System/Library/Frameworks/Accelerate.framework/Versions/A/Accelerate
0x00007ff81a7f2000 	/System/Library/PrivateFrameworks/IconServices.framework/Versions/A/IconServices
0x00007ff81767a000 	/System/Library/Frameworks/IOSurface.framework/Versions/A/IOSurface
0x00007ff81570b000 	/usr/lib/libDiagnosticMessagesClient.dylib
0x00007ff819aa8000 	/usr/lib/libz.1.dylib
0x00007ff82368a000 	/System/Library/Frameworks/ApplicationServices.framework/Versions/A/ApplicationServices
0x00007ff817d20000 	/System/Library/PrivateFrameworks/DFRFoundation.framework/Versions/A/DFRFoundation
0x00007ff811117000 	/usr/lib/libicucore.A.dylib
0x00007ff81c6b9000 	/System/Library/Frameworks/AudioToolbox.framework/Versions/A/AudioToolbox
0x00007ff81b9a3000 	/System/Library/PrivateFrameworks/DataDetectorsCore.framework/Versions/A/DataDetectorsCore
0x00007ff9171e9000 	/System/Library/PrivateFrameworks/TextInput.framework/Versions/A/TextInput
0x00007ff813c86000 	/usr/lib/libMobileGestalt.dylib
0x00007ff817a28000 	/System/Library/Frameworks/Carbon.framework/Versions/A/Frameworks/HIToolbox.framework/Versions/A/HIToolbox
0x00007ff815ea1000 	/System/Library/Frameworks/QuartzCore.framework/Versions/A/QuartzCore
0x00007ff810db8000 	/System/Library/Frameworks/Security.framework/Versions/A/Security
0x00007ff81f9f8000 	/System/Library/Frameworks/Carbon.framework/Versions/A/Frameworks/SpeechRecognition.framework/Versions/A/SpeechRecognition
0x00007ff8161d3000 	/System/Library/PrivateFrameworks/CoreUI.framework/Versions/A/CoreUI
0x00007ff810692000 	/System/Library/Frameworks/CoreAudio.framework/Versions/A/CoreAudio
0x00007ff8157f9000 	/System/Library/Frameworks/DiskArbitration.framework/Versions/A/DiskArbitration
0x00007ff81b15e000 	/System/Library/PrivateFrameworks/MultitouchSupport.framework/Versions/A/MultitouchSupport
0x00007ff813c85000 	/usr/lib/libenergytrace.dylib
0x00007ff811712000 	/System/Library/Frameworks/IOKit.framework/Versions/A/IOKit
0x00007ff81fde2000 	/System/Library/Frameworks/CoreServices.framework/Versions/A/CoreServices
0x00007ff81640d000 	/System/Library/PrivateFrameworks/PerformanceAnalysis.framework/Versions/A/PerformanceAnalysis
0x00007ffa267aa000 	/System/Library/Frameworks/OpenGL.framework/Versions/A/OpenGL
0x00007ff8190e0000 	/System/Library/PrivateFrameworks/MobileKeyBag.framework/Versions/A/MobileKeyBag
0x00007ff80ec02000 	/usr/lib/libobjc.A.dylib
0x00007ff814760000 	/System/Library/Frameworks/ColorSync.framework/Versions/A/ColorSync
0x00007ff80edbb000 	/System/Library/Frameworks/CoreFoundation.framework/Versions/A/CoreFoundation
0x00007ff817fb1000 	/System/Library/Frameworks/CoreImage.framework/Versions/A/CoreImage
0x00007ff8104a8000 	/System/Library/Frameworks/CoreText.framework/Versions/A/CoreText
0x00007ff817d67000 	/System/Library/Frameworks/ImageIO.framework/Versions/A/ImageIO
0x00007ff819b8e000 	/System/Library/PrivateFrameworks/SoftLinking.framework/Versions/A/SoftLinking
0x00007ff8164be000 	/usr/lib/libxml2.2.dylib
0x00007ff80ecc8000 	/usr/lib/libc++.1.dylib
0x00007ff819e11000 	/usr/lib/libcompression.dylib
0x00007ff81b8cd000 	/System/Library/PrivateFrameworks/TextureIO.framework/Versions/A/TextureIO
0x00007ff81a504000 	/usr/lib/libate.dylib
0x00007ff819b83000 	/usr/lib/system/libcache.dylib
0x00007ff819b3f000 	/usr/lib/system/libcommonCrypto.dylib
0x00007ff819b68000 	/usr/lib/system/libcompiler_rt.dylib
0x00007ff819b5e000 	/usr/lib/system/libcopyfile.dylib
0x00007ff80eafc000 	/usr/lib/system/libcorecrypto.dylib
0x00007ff80ebbb000 	/usr/lib/system/libdispatch.dylib
0x00007ff80ed7a000 	/usr/lib/system/libdyld.dylib
0x00007ff819b7a000 	/usr/lib/system/libkeymgr.dylib
0x00007ff819b1d000 	/usr/lib/system/libmacho.dylib
0x00007ff8191b4000 	/usr/lib/system/libquarantine.dylib
0x00007ff819b78000 	/usr/lib/system/libremovefile.dylib
0x00007ff813cd2000 	/usr/lib/system/libsystem_asl.dylib
0x00007ff80eaaa000 	/usr/lib/system/libsystem_blocks.dylib
0x00007ff80ec3f000 	/usr/lib/system/libsystem_c.dylib
0x00007ff819b70000 	/usr/lib/system/libsystem_collections.dylib
0x00007ff81839b000 	/usr/lib/system/libsystem_configuration.dylib
0x00007ff81765d000 	/usr/lib/system/libsystem_containermanager.dylib
0x00007ff81985c000 	/usr/lib/system/libsystem_coreservices.dylib
0x00007ff8113a0000 	/usr/lib/system/libsystem_darwin.dylib
0x00007ff819b7b000 	/usr/lib/system/libsystem_dnssd.dylib
0x00007ff80ec3c000 	/usr/lib/system/libsystem_featureflags.dylib
0x00007ff80ed90000 	/usr/lib/system/libsystem_info.dylib
0x00007ff819abb000 	/usr/lib/system/libsystem_m.dylib
0x00007ff80eb8f000 	/usr/lib/system/libsystem_malloc.dylib
0x00007ff813c6f000 	/usr/lib/system/libsystem_networkextension.dylib
0x00007ff8117c8000 	/usr/lib/system/libsystem_notify.dylib
0x00007ff81fcb9000 	/usr/lib/system/libsystem_product_info_filter.dylib
0x00007ff81839f000 	/usr/lib/system/libsystem_sandbox.dylib
0x00007ff819b75000 	/usr/lib/system/libsystem_secinit.dylib
0x00007ff80ed37000 	/usr/lib/system/libsystem_kernel.dylib
0x00007ff80ed86000 	/usr/lib/system/libsystem_platform.dylib
0x00007ff80ed6e000 	/usr/lib/system/libsystem_pthread.dylib
0x00007ff815523000 	/usr/lib/system/libsystem_symptoms.dylib
0x00007ff80eae3000 	/usr/lib/system/libsystem_trace.dylib
0x00007ff819b4b000 	/usr/lib/system/libunwind.dylib
0x00007ff80eaac000 	/usr/lib/system/libxpc.dylib
0x00007ff80ed21000 	/usr/lib/libc++abi.dylib
0x00007ff819b56000 	/usr/lib/liboah.dylib
0x00007ff81a2e2000 	/usr/lib/liblzma.5.dylib
0x00007ff80f952000 	/System/Library/Frameworks/SystemConfiguration.framework/Versions/A/SystemConfiguration
0x00007ff819b8a000 	/usr/lib/libfakelink.dylib
0x00007ff8137d9000 	/System/Library/Frameworks/CFNetwork.framework/Versions/A/CFNetwork
0x00007ff819cc9000 	/usr/lib/libarchive.2.dylib
0x00007ff8183a6000 	/System/Library/PrivateFrameworks/AppleSystemInfo.framework/Versions/A/AppleSystemInfo
0x00007ff8191da000 	/usr/lib/libbsm.0.dylib
0x00007ff812e10000 	/usr/lib/libnetwork.dylib
0x00007ff819b23000 	/usr/lib/system/libkxld.dylib
0x00007ff818e09000 	/System/Library/PrivateFrameworks/IOMobileFramebuffer.framework/Versions/A/IOMobileFramebuffer
0x00007ffb24293000 	/usr/lib/libCoreEntitlements.dylib
0x00007ff81983e000 	/System/Library/PrivateFrameworks/AppleFSCompression.framework/Versions/A/AppleFSCompression
0x00007ff8191c3000 	/usr/lib/libcoretls.dylib
0x00007ff81a2fc000 	/usr/lib/libcoretls_cfhelpers.dylib
0x00007ff819e0c000 	/usr/lib/libpam.2.dylib
0x00007ff815145000 	/usr/lib/libsqlite3.dylib
0x00007ff81a36b000 	/usr/lib/libxar.1.dylib
0x00007ff81984e000 	/usr/lib/libbz2.1.0.dylib
0x00007ff819b8f000 	/usr/lib/libpcap.A.dylib
0x00007ff81551a000 	/usr/lib/libdns_services.dylib
0x00007ff819ddb000 	/usr/lib/libapple_nghttp2.dylib
0x00007ff819bc6000 	/usr/lib/libiconv.2.dylib
0x00007ff819b1c000 	/usr/lib/libcharset.1.dylib
0x00007ff816441000 	/System/Library/Frameworks/CoreServices.framework/Versions/A/Frameworks/FSEvents.framework/Versions/A/FSEvents
0x00007ff8113aa000 	/System/Library/Frameworks/CoreServices.framework/Versions/A/Frameworks/CarbonCore.framework/Versions/A/CarbonCore
0x00007ff81575e000 	/System/Library/Frameworks/CoreServices.framework/Versions/A/Frameworks/Metadata.framework/Versions/A/Metadata
0x00007ff819861000 	/System/Library/Frameworks/CoreServices.framework/Versions/A/Frameworks/OSServices.framework/Versions/A/OSServices
0x00007ff819d4f000 	/System/Library/Frameworks/CoreServices.framework/Versions/A/Frameworks/SearchKit.framework/Versions/A/SearchKit
0x00007ff8154ac000 	/System/Library/Frameworks/CoreServices.framework/Versions/A/Frameworks/AE.framework/Versions/A/AE
0x00007ff80f2be000 	/System/Library/Frameworks/CoreServices.framework/Versions/A/Frameworks/LaunchServices.framework/Versions/A/LaunchServices
0x00007ff81a293000 	/System/Library/Frameworks/CoreServices.framework/Versions/A/Frameworks/DictionaryServices.framework/Versions/A/DictionaryServices
0x00007ff81644e000 	/System/Library/Frameworks/CoreServices.framework/Versions/A/Frameworks/SharedFileList.framework/Versions/A/SharedFileList
0x00007ff8191b7000 	/usr/lib/libCheckFix.dylib
0x00007ff813ce9000 	/System/Library/PrivateFrameworks/TCC.framework/Versions/A/TCC
0x00007ff8183ac000 	/System/Library/PrivateFrameworks/CoreNLP.framework/Versions/A/CoreNLP
0x00007ff81570e000 	/System/Library/PrivateFrameworks/MetadataUtilities.framework/Versions/A/MetadataUtilities
0x00007ff80fa02000 	/usr/lib/libmecabra.dylib
0x00007ff8191ea000 	/usr/lib/libmecab.dylib
0x00007ff80f9cd000 	/usr/lib/libCRFSuite.dylib
0x00007ff819247000 	/usr/lib/libgermantok.dylib
0x00007ff819db6000 	/usr/lib/libThaiTokenizer.dylib
0x00007ff815800000 	/System/Library/Frameworks/Accelerate.framework/Versions/A/Frameworks/vImage.framework/Versions/A/vImage
0x00007ff81fdb9000 	/System/Library/Frameworks/Accelerate.framework/Versions/A/Frameworks/vecLib.framework/Versions/A/vecLib
0x00007ff81a3ac000 	/System/Library/Frameworks/Accelerate.framework/Versions/A/Frameworks/vecLib.framework/Versions/A/libvMisc.dylib
0x00007ff818c27000 	/System/Library/Frameworks/Accelerate.framework/Versions/A/Frameworks/vecLib.framework/Versions/A/libvDSP.dylib
0x00007ff80f636000 	/System/Library/Frameworks/Accelerate.framework/Versions/A/Frameworks/vecLib.framework/Versions/A/libBLAS.dylib
0x00007ff819eed000 	/System/Library/Frameworks/Accelerate.framework/Versions/A/Frameworks/vecLib.framework/Versions/A/libLAPACK.dylib
0x00007ff81924a000 	/System/Library/Frameworks/Accelerate.framework/Versions/A/Frameworks/vecLib.framework/Versions/A/libLinearAlgebra.dylib
0x00007ff819df4000 	/System/Library/Frameworks/Accelerate.framework/Versions/A/Frameworks/vecLib.framework/Versions/A/libSparseBLAS.dylib
0x00007ff819ee7000 	/System/Library/Frameworks/Accelerate.framework/Versions/A/Frameworks/vecLib.framework/Versions/A/libQuadrature.dylib
0x00007ff818496000 	/System/Library/Frameworks/Accelerate.framework/Versions/A/Frameworks/vecLib.framework/Versions/A/libBNNS.dylib
0x00007ff80f8e3000 	/System/Library/Frameworks/Accelerate.framework/Versions/A/Frameworks/vecLib.framework/Versions/A/libSparse.dylib
0x00007ff81848f000 	/System/Library/PrivateFrameworks/LinguisticData.framework/Versions/A/LinguisticData
0x00007ff80f898000 	/System/Library/PrivateFrameworks/Lexicon.framework/Versions/A/Lexicon
0x00007ff81a3a5000 	/usr/lib/libChineseTokenizer.dylib
0x00007ff80fffc000 	/System/Library/PrivateFrameworks/LanguageModeling.framework/Versions/A/LanguageModeling
0x00007ff819db8000 	/System/Library/PrivateFrameworks/AppleSauce.framework/Versions/A/AppleSauce
0x00007ff818df7000 	/System/Library/PrivateFrameworks/CoreEmoji.framework/Versions/A/CoreEmoji
0x00007ff819cb8000 	/usr/lib/libcmph.dylib
0x00007ff816425000 	/System/Library/Frameworks/OpenDirectory.framework/Versions/A/Frameworks/CFOpenDirectory.framework/Versions/A/CFOpenDirectory
0x00007ff816419000 	/System/Library/Frameworks/OpenDirectory.framework/Versions/A/OpenDirectory
0x00007ff81a2fe000 	/System/Library/PrivateFrameworks/APFS.framework/Versions/A/APFS
0x00007ff819118000 	/System/Library/Frameworks/SecurityFoundation.framework/Versions/A/SecurityFoundation
0x00007ff81a379000 	/usr/lib/libutil.dylib
0x00007ff8116d5000 	/System/Library/PrivateFrameworks/CoreServicesStore.framework/Versions/A/CoreServicesStore
0x00007ff81a37d000 	/usr/lib/libxslt.1.dylib
0x00007ff8191a5000 	/System/Library/PrivateFrameworks/BackgroundTaskManagement.framework/Versions/A/BackgroundTaskManagement
0x00007ff81b7ed000 	/System/Library/Frameworks/ImageIO.framework/Versions/A/Resources/libRadiance.dylib
0x00007ff81b7f6000 	/System/Library/Frameworks/ImageIO.framework/Versions/A/Resources/libJPEG.dylib
0x00007ff81b746000 	/System/Library/Frameworks/ImageIO.framework/Versions/A/Resources/libPng.dylib
0x00007ff81b767000 	/System/Library/Frameworks/ImageIO.framework/Versions/A/Resources/libTIFF.dylib
0x00007ff81b856000 	/System/Library/Frameworks/ImageIO.framework/Versions/A/Resources/libGIF.dylib
0x00007ff81b077000 	/System/Library/Frameworks/ImageIO.framework/Versions/A/Resources/libJP2.dylib
0x00007ff81a7b9000 	/usr/lib/libexpat.1.dylib
0x00007ff81b02c000 	/System/Library/PrivateFrameworks/AppleJPEG.framework/Versions/A/AppleJPEG
0x00007ff8178ef000 	/System/Library/PrivateFrameworks/FontServices.framework/libFontParser.dylib
0x00007ff815456000 	/System/Library/PrivateFrameworks/RunningBoardServices.framework/Versions/A/RunningBoardServices
0x00007ff825f59000 	/System/Library/PrivateFrameworks/IOSurfaceAccelerator.framework/Versions/A/IOSurfaceAccelerator
0x00007ff81b15a000 	/System/Library/PrivateFrameworks/WatchdogClient.framework/Versions/A/WatchdogClient
0x00007ff8100eb000 	/System/Library/Frameworks/CoreDisplay.framework/Versions/A/CoreDisplay
0x00007ff8177ef000 	/System/Library/Frameworks/CoreMedia.framework/Versions/A/CoreMedia
0x00007ff81768c000 	/System/Library/PrivateFrameworks/IOAccelerator.framework/Versions/A/IOAccelerator
0x00007ff8165a1000 	/System/Library/Frameworks/CoreVideo.framework/Versions/A/CoreVideo
0x00007ff819e0a000 	/System/Library/Frameworks/MetalPerformanceShaders.framework/Versions/A/MetalPerformanceShaders
0x00007ff81b195000 	/System/Library/Frameworks/VideoToolbox.framework/Versions/A/VideoToolbox
0x00007ff81539e000 	/System/Library/PrivateFrameworks/BaseBoard.framework/Versions/A/BaseBoard
0x00007ff81512b000 	/System/Library/PrivateFrameworks/ProtocolBuffer.framework/Versions/A/ProtocolBuffer
0x00007ff81b7e6000 	/System/Library/PrivateFrameworks/GPUWrangler.framework/Versions/A/GPUWrangler
0x00007ff81b7c9000 	/System/Library/PrivateFrameworks/IOPresentment.framework/Versions/A/IOPresentment
0x00007ff81b7f0000 	/System/Library/PrivateFrameworks/DSExternalDisplay.framework/Versions/A/DSExternalDisplay
0x00007ffa2679e000 	/System/Library/Frameworks/OpenGL.framework/Versions/A/Libraries/libCoreFSCache.dylib
0x00007ffb12892000 	/System/Library/PrivateFrameworks/GPUCompiler.framework/Versions/31001/Libraries/libGPUCompilerUtils.dylib
0x00007ff81b85b000 	/System/Library/PrivateFrameworks/CMCaptureCore.framework/Versions/A/CMCaptureCore
0x00007ff81ad65000 	/System/Library/PrivateFrameworks/AppServerSupport.framework/Versions/A/AppServerSupport
0x00007ff81cf36000 	/System/Library/PrivateFrameworks/perfdata.framework/Versions/A/perfdata
0x00007ff810217000 	/System/Library/PrivateFrameworks/AudioToolboxCore.framework/Versions/A/AudioToolboxCore
0x00007ff8177cc000 	/System/Library/PrivateFrameworks/caulk.framework/Versions/A/caulk
0x00007ff81c863000 	/usr/lib/libAudioStatistics.dylib
0x00007ff913aa8000 	/System/Library/PrivateFrameworks/SystemPolicy.framework/Versions/A/SystemPolicy
0x00007ff81caaf000 	/usr/lib/libSMC.dylib
0x00007ff82589b000 	/System/Library/Frameworks/CoreMIDI.framework/Versions/A/CoreMIDI
0x00007ff81b716000 	/usr/lib/libAudioToolboxUtility.dylib
0x00007ff90ff30000 	/System/Library/PrivateFrameworks/OSAServicesClient.framework/Versions/A/OSAServicesClient
0x00007ff81cf43000 	/usr/lib/libperfcheck.dylib
0x00007ff914534000 	/usr/lib/libmis.dylib
0x00007ffa267fa000 	/System/Library/Frameworks/OpenGL.framework/Versions/A/Libraries/libGLU.dylib
0x00007ffa267bd000 	/System/Library/Frameworks/OpenGL.framework/Versions/A/Libraries/libGFXShared.dylib
0x00007ffa269cb000 	/System/Library/Frameworks/OpenGL.framework/Versions/A/Libraries/libGL.dylib
0x00007ffa267c6000 	/System/Library/Frameworks/OpenGL.framework/Versions/A/Libraries/libGLImage.dylib
0x00007ffa267ba000 	/System/Library/Frameworks/OpenGL.framework/Versions/A/Libraries/libCVMSPluginSupport.dylib
0x00007ffa267a5000 	/System/Library/Frameworks/OpenGL.framework/Versions/A/Libraries/libCoreVMClient.dylib
0x00007ff81832a000 	/System/Library/Frameworks/MetalPerformanceShaders.framework/Versions/A/Frameworks/MPSCore.framework/Versions/A/MPSCore
0x00007ff8197a9000 	/System/Library/Frameworks/MetalPerformanceShaders.framework/Versions/A/Frameworks/MPSImage.framework/Versions/A/MPSImage
0x00007ff819260000 	/System/Library/Frameworks/MetalPerformanceShaders.framework/Versions/A/Frameworks/MPSNeuralNetwork.framework/Versions/A/MPSNeuralNetwork
0x00007ff8196d5000 	/System/Library/Frameworks/MetalPerformanceShaders.framework/Versions/A/Frameworks/MPSMatrix.framework/Versions/A/MPSMatrix
0x00007ff819491000 	/System/Library/Frameworks/MetalPerformanceShaders.framework/Versions/A/Frameworks/MPSRayIntersector.framework/Versions/A/MPSRayIntersector
0x00007ff81970e000 	/System/Library/Frameworks/MetalPerformanceShaders.framework/Versions/A/Frameworks/MPSNDArray.framework/Versions/A/MPSNDArray
0x00007ffa2b3a3000 	/System/Library/Frameworks/MetalPerformanceShaders.framework/Versions/A/Frameworks/MPSFunctions.framework/Versions/A/MPSFunctions
0x00007ff80f519000 	/System/Library/PrivateFrameworks/MetalTools.framework/Versions/A/MetalTools
0x00007ff8183a4000 	/System/Library/PrivateFrameworks/AggregateDictionary.framework/Versions/A/AggregateDictionary
0x00007ff81a59b000 	/usr/lib/libIOReport.dylib
0x00007ffa27dda000 	/System/Library/Frameworks/OpenCL.framework/Versions/A/OpenCL
0x00007ff81a8ff000 	/System/Library/PrivateFrameworks/FaceCore.framework/Versions/A/FaceCore
0x00007ff81a8f0000 	/System/Library/PrivateFrameworks/GraphVisualizer.framework/Versions/A/GraphVisualizer
0x00007ffb1279d000 	/System/Library/PrivateFrameworks/FontServices.framework/Versions/A/FontServices
0x00007ff81ad1c000 	/System/Library/PrivateFrameworks/OTSVG.framework/Versions/A/OTSVG
0x00007ff816189000 	/System/Library/Frameworks/ApplicationServices.framework/Versions/A/Frameworks/ATS.framework/Versions/A/Resources/libFontRegistry.dylib
0x00007ff81ad6d000 	/System/Library/PrivateFrameworks/FontServices.framework/libhvf.dylib
0x00007ffb1279e000 	/System/Library/PrivateFrameworks/FontServices.framework/libXTFontStaticRegistryData.dylib
0x00007ff81a769000 	/System/Library/PrivateFrameworks/AppleVA.framework/Versions/A/AppleVA
0x00007ff81c883000 	/System/Library/Frameworks/ApplicationServices.framework/Versions/A/Frameworks/ATS.framework/Versions/A/ATS
0x00007ff81485c000 	/System/Library/Frameworks/ApplicationServices.framework/Versions/A/Frameworks/HIServices.framework/Versions/A/HIServices
0x00007ff81b865000 	/System/Library/Frameworks/ApplicationServices.framework/Versions/A/Frameworks/PrintCore.framework/Versions/A/PrintCore
0x00007ff81cc02000 	/System/Library/Frameworks/ApplicationServices.framework/Versions/A/Frameworks/QD.framework/Versions/A/QD
0x00007ff81cbfa000 	/System/Library/Frameworks/ApplicationServices.framework/Versions/A/Frameworks/ColorSyncLegacy.framework/Versions/A/ColorSyncLegacy
0x00007ff81c873000 	/System/Library/Frameworks/ApplicationServices.framework/Versions/A/Frameworks/SpeechSynthesis.framework/Versions/A/SpeechSynthesis
0x00007ff81b826000 	/System/Library/Frameworks/ApplicationServices.framework/Versions/A/Frameworks/ATSUI.framework/Versions/A/ATSUI
0x00007ff81cb8f000 	/usr/lib/libcups.2.dylib
0x00007ff81cf52000 	/System/Library/Frameworks/Kerberos.framework/Versions/A/Kerberos
0x00007ff81cf61000 	/System/Library/Frameworks/GSS.framework/Versions/A/GSS
0x00007ff81c8ef000 	/usr/lib/libresolv.9.dylib
0x00007ff81ad7c000 	/System/Library/PrivateFrameworks/Heimdal.framework/Versions/A/Heimdal
0x00007ff823a05000 	/System/Library/Frameworks/Kerberos.framework/Versions/A/Libraries/libHeimdalProxy.dylib
0x00007ff81552b000 	/System/Library/Frameworks/Network.framework/Versions/A/Network
0x00007ff81a7d3000 	/usr/lib/libheimdal-asn1.dylib
0x00007ff81cfac000 	/System/Library/PrivateFrameworks/CommonAuth.framework/Versions/A/CommonAuth
0x00007ff81c7f4000 	/System/Library/PrivateFrameworks/AudioSession.framework/Versions/A/AudioSession
0x00007ff81a863000 	/System/Library/PrivateFrameworks/MediaExperience.framework/Versions/A/MediaExperience
0x00007ff81c688000 	/System/Library/PrivateFrameworks/AudioSession.framework/libSessionUtility.dylib
0x00007ff81cc0e000 	/System/Library/PrivateFrameworks/AudioResourceArbitration.framework/Versions/A/AudioResourceArbitration
0x00007ff81a7dc000 	/System/Library/PrivateFrameworks/IconFoundation.framework/Versions/A/IconFoundation
0x00007ff81f9e8000 	/System/Library/PrivateFrameworks/SpeechRecognitionCore.framework/Versions/A/SpeechRecognitionCore
0x00007ffa17c71000 	/System/Library/CoreServices/Encodings/libSimplifiedChineseConverter.dylib
0x0000000108b1b000 	/usr/local/Cellar/openjdk@8/1.8.0+302/libexec/openjdk.jdk/Contents/Home/jre/lib/server/libjvm.dylib
0x00000001081c7000 	/usr/local/Cellar/openjdk@8/1.8.0+302/libexec/openjdk.jdk/Contents/Home/jre/lib/libverify.dylib
0x0000000108209000 	/usr/local/Cellar/openjdk@8/1.8.0+302/libexec/openjdk.jdk/Contents/Home/jre/lib/libjava.dylib
0x0000000108239000 	/usr/local/Cellar/openjdk@8/1.8.0+302/libexec/openjdk.jdk/Contents/Home/jre/lib/libinstrument.dylib
0x00000001081e9000 	/usr/local/Cellar/openjdk@8/1.8.0+302/libexec/openjdk.jdk/Contents/Home/jre/lib/libzip.dylib
0x000000010d0ae000 	/usr/local/Cellar/openjdk@8/1.8.0+302/libexec/openjdk.jdk/Contents/Home/jre/lib/libnio.dylib
0x000000010d0e0000 	/usr/local/Cellar/openjdk@8/1.8.0+302/libexec/openjdk.jdk/Contents/Home/jre/lib/libnet.dylib
0x000000010d0c6000 	/usr/local/Cellar/openjdk@8/1.8.0+302/libexec/openjdk.jdk/Contents/Home/jre/lib/libmanagement.dylib
0x000000010ef4f000 	/usr/local/Cellar/openjdk@8/1.8.0+302/libexec/openjdk.jdk/Contents/Home/jre/lib/libsunec.dylib
0x000000010f177000 	/private/var/folders/yl/sjkxyn7j2gzcvwb_tl6dl2x40000gn/T/libnetty_resolver_dns_native_macos_x86_643118545809018061624.dylib

VM Arguments:
jvm_args: -XX:TieredStopAtLevel=1 -Xverify:none -Dspring.output.ansi.enabled=always -javaagent:/Applications/IntelliJ IDEA.app/Contents/lib/idea_rt.jar=49864:/Applications/IntelliJ IDEA.app/Contents/bin -Dcom.sun.management.jmxremote -Dspring.jmx.enabled=true -Dspring.liveBeansView.mbeanDomain -Dspring.application.admin.enabled=true -Dfile.encoding=UTF-8 
java_command: top.ctong.gulimall.gateway.GulimallGatewayApplication
java_class_path (initial): /usr/local/Cellar/openjdk@8/1.8.0+302/libexec/openjdk.jdk/Contents/Home/jre/lib/charsets.jar:/usr/local/Cellar/openjdk@8/1.8.0+302/libexec/openjdk.jdk/Contents/Home/jre/lib/ext/cldrdata.jar:/usr/local/Cellar/openjdk@8/1.8.0+302/libexec/openjdk.jdk/Contents/Home/jre/lib/ext/dnsns.jar:/usr/local/Cellar/openjdk@8/1.8.0+302/libexec/openjdk.jdk/Contents/Home/jre/lib/ext/jaccess.jar:/usr/local/Cellar/openjdk@8/1.8.0+302/libexec/openjdk.jdk/Contents/Home/jre/lib/ext/localedata.jar:/usr/local/Cellar/openjdk@8/1.8.0+302/libexec/openjdk.jdk/Contents/Home/jre/lib/ext/nashorn.jar:/usr/local/Cellar/openjdk@8/1.8.0+302/libexec/openjdk.jdk/Contents/Home/jre/lib/ext/sunec.jar:/usr/local/Cellar/openjdk@8/1.8.0+302/libexec/openjdk.jdk/Contents/Home/jre/lib/ext/sunjce_provider.jar:/usr/local/Cellar/openjdk@8/1.8.0+302/libexec/openjdk.jdk/Contents/Home/jre/lib/ext/sunpkcs11.jar:/usr/local/Cellar/openjdk@8/1.8.0+302/libexec/openjdk.jdk/Contents/Home/jre/lib/ext/zipfs.jar:/usr/local/Cellar/openjdk@8/1.8.0+302/libexec/openjdk.jdk/Contents/Home/jre/lib/jce.jar:/usr/local/Cellar/openjdk@8/1.8.0+302/libexec/openjdk.jdk/Contents/Home/jre/lib/jfr.jar:/usr/local/Cellar/openjdk@8/1.8.0+302/libexec/openjdk.jdk/Contents/Home/jre/lib/jsse.jar:/usr/local/Cellar/openjdk@8/1.8.0+302/libexec/openjdk.jdk/Contents/Home/jre/lib/management-agent.jar:/usr/local/Cellar/openjdk@8/1.8.0+302/libexec/openjdk.jdk/Contents/Home/jre/lib/resources.jar:/usr/local/Cellar/openjdk@8/1.8.0+302/libexec/openjdk.jdk/Contents/Home/jre/lib/rt.jar:/usr/local/Cellar/openjdk@8/1.8.0+302/libexec/openjdk.jdk/Contents/Home/lib/dt.jar:/usr/local/Cellar/openjdk@8/1.8.0+302/libexec/openjdk.jdk/Contents/Home/lib/jconsole.jar:/usr/local/Cellar/openjdk@8/1.8.0+302/libexec/openjdk.jdk/Contents/Home/lib/sa-jdi.jar:/usr/local/Cellar/openjdk@8/1.8.0+302/libexec/openjdk.jdk/Contents/Home/lib/tools.jar:/Users/clover/code/sources/gulimall/gulimall-gateway/target/classes:/Users/clover/code/sources/gulimall/gulimall-c
Launcher Type: SUN_STANDARD

Environment Variables:
JAVA_HOME=/usr/local/Cellar/openjdk@8/1.8.0+302/libexec/openjdk.jdk/Contents/Home
PATH=/Users/clover/.nvm/versions/node/v14.18.1/bin:/Users/clover/fvm/default/bin:/usr/local/opt/tomcat@9/bin:/usr/local/opt/openjdk@8/bin:/usr/local/bin:/usr/bin:/bin:/usr/sbin:/sbin:/usr/local/share/dotnet:~/.dotnet/tools:/Library/Apple/usr/bin:/Library/Frameworks/Mono.framework/Versions/Current/Commands
SHELL=/bin/zsh

Signal Handlers:
SIGSEGV: [libjvm.dylib+0x58b0af], sa_mask[0]=11111111011111110111111111111111, sa_flags=SA_ONSTACK|SA_RESTART|SA_SIGINFO
SIGBUS: [libjvm.dylib+0x58b0af], sa_mask[0]=11111111011111110111111111111111, sa_flags=SA_RESTART|SA_SIGINFO
SIGFPE: [libjvm.dylib+0x48679b], sa_mask[0]=11111111011111110111111111111111, sa_flags=SA_RESTART|SA_SIGINFO
SIGPIPE: [libjvm.dylib+0x48679b], sa_mask[0]=11111111011111110111111111111111, sa_flags=SA_RESTART|SA_SIGINFO
SIGXFSZ: [libjvm.dylib+0x48679b], sa_mask[0]=11111111011111110111111111111111, sa_flags=SA_RESTART|SA_SIGINFO
SIGILL: [libjvm.dylib+0x48679b], sa_mask[0]=11111111011111110111111111111111, sa_flags=SA_RESTART|SA_SIGINFO
SIGUSR1: SIG_DFL, sa_mask[0]=00000000000000000000000000000000, sa_flags=none
SIGUSR2: [libjvm.dylib+0x487071], sa_mask[0]=00100000000000000000000000000000, sa_flags=SA_RESTART|SA_SIGINFO
SIGHUP: [libjvm.dylib+0x485261], sa_mask[0]=11111111011111110111111111111111, sa_flags=SA_RESTART|SA_SIGINFO
SIGINT: [libjvm.dylib+0x485261], sa_mask[0]=11111111011111110111111111111111, sa_flags=SA_RESTART|SA_SIGINFO
SIGTERM: [libjvm.dylib+0x485261], sa_mask[0]=11111111011111110111111111111111, sa_flags=SA_RESTART|SA_SIGINFO
SIGQUIT: [libjvm.dylib+0x485261], sa_mask[0]=11111111011111110111111111111111, sa_flags=SA_RESTART|SA_SIGINFO


---------------  S Y S T E M  ---------------

OS:Bsduname:Darwin 21.1.0 Darwin Kernel Version 21.1.0: Wed Oct 13 17:33:23 PDT 2021; root:xnu-8019.41.5~1/RELEASE_X86_64 x86_64
rlimit: STACK 8192k, CORE 0k, NPROC 2784, NOFILE 10240, AS infinity
load average:2.89 2.66 2.09

CPU:total 12 (initial active 12) (6 cores per cpu, 2 threads per core) family 6 model 158 stepping 10, cmov, cx8, fxsr, mmx, sse, sse2, sse3, ssse3, sse4.1, sse4.2, popcnt, avx, avx2, aes, clmul, erms, 3dnowpref, lzcnt, ht, tsc, tscinvbit, bmi1, bmi2, adx

Memory: 4k page, physical 16777216k(932496k free)

/proc/meminfo:


vm_info: OpenJDK 64-Bit Server VM (25.302-b00) for bsd-amd64 JRE (1.8.0_302-bre_2021_08_14_22_07-b00), built on Aug 14 2021 22:12:43 by "brew" with gcc Apple LLVM 12.0.0 (clang-1200.0.32.29)

time: Sun Nov 21 16:56:36 2021
timezone: CST
elapsed time: 15.978565 seconds (0d 0h 0m 15s)

