#
# A fatal error has been detected by the Java Runtime Environment:
#
#  SIGSEGV (0xb) at pc=0x0000000105902a67, pid=2880, tid=0x000000000000700b
#
# JRE version: OpenJDK Runtime Environment (8.0_302) (build 1.8.0_302-bre_2021_08_14_22_07-b00)
# Java VM: OpenJDK 64-Bit Server VM (25.302-b00 mixed mode bsd-amd64 compressed oops)
# Problematic frame:
# V  [libjvm.dylib+0x565a67]
#
# Failed to write core dump. Core dumps have been disabled. To enable core dumping, try "ulimit -c unlimited" before starting Java again
#
# If you would like to submit a bug report, please visit:
#   https://github.com/Homebrew/homebrew-core/issues
#

---------------  T H R E A D  ---------------

Current thread (0x00007f9eaeb3f800):  JavaThread "reactor-http-nio-2" daemon [_thread_in_vm, id=28683, stack(0x00007000073e6000,0x00007000074e6000)]

siginfo: si_signo: 11 (SIGSEGV), si_code: 1 (SEGV_MAPERR), si_addr: 0x0000000000000000

Registers:
RAX=0x0000000105a9d220, RBX=0x00007f9eaeb3f800, RCX=0x00007f9eb7075004, RDX=0x0000000000000000
RSP=0x00007000074e3550, RBP=0x00007000074e3580, RSI=0x00007000074e3640, RDI=0x00007f9eaeb3fa50
R8 =0x000000000000002f, R9 =0x0000000000000006, R10=0x00000001078493db, R11=0x0000000105882877
R12=0x0000000000000000, R13=0x000000011e8aee68, R14=0x000000000000002f, R15=0x00007f9eb7075004
RIP=0x0000000105902a67, EFLAGS=0x0000000000010246, ERR=0x0000000000000004
  TRAPNO=0x000000000000000e

Top of Stack: (sp=0x00007000074e3550)
0x00007000074e3550:   00007f9eaeb3f800 00007f9eaeb3f800
0x00007000074e3560:   000000011e8aee68 0000000000000000
0x00007000074e3570:   00007000074e3640 00007f9eaeb3f800
0x00007000074e3580:   00007000074e3600 0000000107849407
0x00007000074e3590:   000000011e8aee68 00007000074e3640
0x00007000074e35a0:   00007000074e3600 0000000107849159
0x00007000074e35b0:   0000000121cc9c00 0000000107849122
0x00007000074e35c0:   00007000074e35c0 000000011e8aee68
0x00007000074e35d0:   00007000074e3640 000000011e8deb10
0x00007000074e35e0:   0000000000000000 000000011e8aee68
0x00007000074e35f0:   0000000000000000 00007000074e3620
0x00007000074e3600:   00007000074e3688 0000000107838ffd
0x00007000074e3610:   0000000000000000 0000000107842a58
0x00007000074e3620:   000000000000002f 00007f9eb7075004
0x00007000074e3630:   00007000074e3688 0000000000000000
0x00007000074e3640:   00000006c002d7c0 00007000074e3648
0x00007000074e3650:   0000000121cc9bce 00007000074e36b0
0x00007000074e3660:   0000000121ccc3c0 0000000000000000
0x00007000074e3670:   0000000121cc9c00 00007000074e3620
0x00007000074e3680:   00007000074e3698 00007000074e36f8
0x00007000074e3690:   0000000107838ffd 000000000000002f
0x00007000074e36a0:   00007f9eb7075004 0000000107844507
0x00007000074e36b0:   0000000000000000 00007000074e36b8
0x00007000074e36c0:   0000000121cb6d2b 00007000074e3720
0x00007000074e36d0:   0000000121cbab48 0000000000000000
0x00007000074e36e0:   0000000121cb6d60 00007000074e3698
0x00007000074e36f0:   00007000074e3708 00007000074e3768
0x00007000074e3700:   0000000107838ffd 000000000000002f
0x00007000074e3710:   00007f9eb7075004 0000000000000000
0x00007000074e3720:   0000000000000000 00007000074e3728
0x00007000074e3730:   00000001225e02d9 00007000074e37e8
0x00007000074e3740:   00000001225e2858 0000000000000000 

Instructions: (pc=0x0000000105902a67)
0x0000000105902a47:   00 30 74 08 48 89 df e8 4d 96 fe ff c7 83 c8 02
0x0000000105902a57:   00 00 06 00 00 00 48 89 5d d8 41 f6 c4 01 75 06
0x0000000105902a67:   49 8b 04 24 eb 08 4c 89 e7 e8 e1 22 dd ff 46 88
0x0000000105902a77:   34 38 48 8d 7d d8 e8 1e ae d9 ff 48 8d 7d d0 e8 

Register to memory mapping:

RAX=0x0000000105a9d220: _ZN20SafepointSynchronize6_stateE+0 in /usr/local/Cellar/openjdk@8/1.8.0+302/libexec/openjdk.jdk/Contents/Home/jre/lib/server/libjvm.dylib at 0x000000010539d000
RBX=0x00007f9eaeb3f800 is a thread
RCX=0x00007f9eb7075004 is an unknown value
RDX=0x0000000000000000 is an unknown value
RSP=0x00007000074e3550 is pointing into the stack for thread: 0x00007f9eaeb3f800
RBP=0x00007000074e3580 is pointing into the stack for thread: 0x00007f9eaeb3f800
RSI=0x00007000074e3640 is pointing into the stack for thread: 0x00007f9eaeb3f800
RDI=0x00007f9eaeb3fa50 is an unknown value
R8 =0x000000000000002f is an unknown value
R9 =0x0000000000000006 is an unknown value
R10=0x00000001078493db is at code_begin+859 in an Interpreter codelet
method entry point (kind = native)  [0x0000000107849080, 0x0000000107849a00]  2432 bytes
R11=0x0000000105882877: throw_unsatisfied_link_error+0 in /usr/local/Cellar/openjdk@8/1.8.0+302/libexec/openjdk.jdk/Contents/Home/jre/lib/server/libjvm.dylib at 0x000000010539d000
R12=0x0000000000000000 is an unknown value
R13={method} {0x000000011e8aee68} 'putByte' '(Ljava/lang/Object;JB)V' in 'sun/misc/Unsafe'
R14=0x000000000000002f is an unknown value
R15=0x00007f9eb7075004 is an unknown value


Stack: [0x00007000073e6000,0x00007000074e6000],  sp=0x00007000074e3550,  free space=1013k
Native frames: (J=compiled Java code, j=interpreted, Vv=VM code, C=native code)
V  [libjvm.dylib+0x565a67]
j  sun.misc.Unsafe.putByte(Ljava/lang/Object;JB)V+0
j  io.netty.util.internal.PlatformDependent0.putByte(Ljava/lang/Object;JB)V+6
j  io.netty.util.internal.PlatformDependent.putByte(Ljava/lang/Object;JB)V+3
j  io.netty.buffer.ByteBufUtil.unsafeWriteUtf8([BJILjava/lang/CharSequence;II)I+73
j  io.netty.buffer.ByteBufUtil.writeUtf8(Lio/netty/buffer/AbstractByteBuf;IILjava/lang/CharSequence;II)I+79
j  io.netty.buffer.ByteBufUtil.writeUtf8(Lio/netty/buffer/AbstractByteBuf;IILjava/lang/CharSequence;I)I+7
j  io.netty.buffer.AbstractByteBuf.setCharSequence0(ILjava/lang/CharSequence;Ljava/nio/charset/Charset;Z)I+55
j  io.netty.buffer.AbstractByteBuf.writeCharSequence(Ljava/lang/CharSequence;Ljava/nio/charset/Charset;)I+8
j  io.netty.handler.codec.http.HttpRequestEncoder.encodeInitialLine(Lio/netty/buffer/ByteBuf;Lio/netty/handler/codec/http/HttpRequest;)V+144
j  io.netty.handler.codec.http.HttpRequestEncoder.encodeInitialLine(Lio/netty/buffer/ByteBuf;Lio/netty/handler/codec/http/HttpMessage;)V+6
j  io.netty.handler.codec.http.HttpObjectEncoder.encode(Lio/netty/channel/ChannelHandlerContext;Ljava/lang/Object;Ljava/util/List;)V+88
j  io.netty.handler.codec.http.HttpClientCodec$Encoder.encode(Lio/netty/channel/ChannelHandlerContext;Ljava/lang/Object;Ljava/util/List;)V+52
j  io.netty.handler.codec.MessageToMessageEncoder.write(Lio/netty/channel/ChannelHandlerContext;Ljava/lang/Object;Lio/netty/channel/ChannelPromise;)V+25
j  io.netty.channel.CombinedChannelDuplexHandler.write(Lio/netty/channel/ChannelHandlerContext;Ljava/lang/Object;Lio/netty/channel/ChannelPromise;)V+45
j  io.netty.channel.AbstractChannelHandlerContext.invokeWrite0(Ljava/lang/Object;Lio/netty/channel/ChannelPromise;)V+10
j  io.netty.channel.AbstractChannelHandlerContext.invokeWriteAndFlush(Ljava/lang/Object;Lio/netty/channel/ChannelPromise;)V+10
j  io.netty.channel.AbstractChannelHandlerContext.write(Ljava/lang/Object;ZLio/netty/channel/ChannelPromise;)V+90
j  io.netty.channel.AbstractChannelHandlerContext.writeAndFlush(Ljava/lang/Object;Lio/netty/channel/ChannelPromise;)Lio/netty/channel/ChannelFuture;+4
j  io.netty.channel.AbstractChannelHandlerContext.writeAndFlush(Ljava/lang/Object;)Lio/netty/channel/ChannelFuture;+6
j  io.netty.channel.DefaultChannelPipeline.writeAndFlush(Ljava/lang/Object;)Lio/netty/channel/ChannelFuture;+5
j  io.netty.channel.AbstractChannel.writeAndFlush(Ljava/lang/Object;)Lio/netty/channel/ChannelFuture;+5
j  reactor.netty.http.client.HttpClientOperations.lambda$send$0(Lio/netty/buffer/ByteBufAllocator;Ljava/util/List;)Lreactor/core/publisher/Mono;+33
j  reactor.netty.http.client.HttpClientOperations$$Lambda$793.apply(Ljava/lang/Object;)Ljava/lang/Object;+12
j  reactor.core.publisher.MonoFlatMap$FlatMapMain.onNext(Ljava/lang/Object;)V+31
j  reactor.core.publisher.FluxContextWrite$ContextWriteSubscriber.onNext(Ljava/lang/Object;)V+5
j  reactor.core.publisher.Operators$MonoSubscriber.complete(Ljava/lang/Object;)V+101
j  reactor.core.publisher.MonoCollectList$MonoCollectListSubscriber.onComplete()V+43
j  reactor.core.publisher.FluxMap$MapSubscriber.onComplete()V+17
j  reactor.core.publisher.FluxMap$MapSubscriber.onComplete()V+17
j  reactor.core.publisher.FluxPeek$PeekSubscriber.onComplete()V+63
j  reactor.core.publisher.FluxMap$MapSubscriber.onComplete()V+17
j  reactor.core.publisher.Operators.complete(Lorg/reactivestreams/Subscriber;)V+10
j  reactor.netty.channel.FluxReceive.startReceiver(Lreactor/core/CoreSubscriber;)V+88
j  reactor.netty.channel.FluxReceive.subscribe(Lreactor/core/CoreSubscriber;)V+14
j  reactor.core.publisher.InternalFluxOperator.subscribe(Lreactor/core/CoreSubscriber;)V+33
j  reactor.netty.ByteBufFlux.subscribe(Lreactor/core/CoreSubscriber;)V+5
j  reactor.core.publisher.InternalFluxOperator.subscribe(Lreactor/core/CoreSubscriber;)V+33
j  reactor.netty.ByteBufFlux.subscribe(Lreactor/core/CoreSubscriber;)V+5
j  reactor.core.publisher.Mono.subscribe(Lorg/reactivestreams/Subscriber;)V+71
j  reactor.netty.NettyOutbound.subscribe(Lorg/reactivestreams/Subscriber;)V+7
j  reactor.core.publisher.MonoSource.subscribe(Lreactor/core/CoreSubscriber;)V+5
j  reactor.core.publisher.MonoDefer.subscribe(Lreactor/core/CoreSubscriber;)V+39
j  reactor.netty.http.client.HttpClientConnect$HttpIOHandlerObserver.onStateChange(Lreactor/netty/Connection;Lreactor/netty/ConnectionObserver$State;)V+98
j  reactor.netty.ReactorNetty$CompositeConnectionObserver.onStateChange(Lreactor/netty/Connection;Lreactor/netty/ConnectionObserver$State;)V+29
j  reactor.netty.resources.DefaultPooledConnectionProvider$DisposableAcquire.onStateChange(Lreactor/netty/Connection;Lreactor/netty/ConnectionObserver$State;)V+23
j  reactor.netty.resources.DefaultPooledConnectionProvider$PooledConnection.onStateChange(Lreactor/netty/Connection;Lreactor/netty/ConnectionObserver$State;)V+217
j  reactor.netty.channel.ChannelOperationsHandler.channelActive(Lio/netty/channel/ChannelHandlerContext;)V+70
j  io.netty.channel.AbstractChannelHandlerContext.invokeChannelActive()V+15
j  io.netty.channel.AbstractChannelHandlerContext.invokeChannelActive(Lio/netty/channel/AbstractChannelHandlerContext;)V+15
j  io.netty.channel.AbstractChannelHandlerContext.fireChannelActive()Lio/netty/channel/ChannelHandlerContext;+6
j  io.netty.channel.CombinedChannelDuplexHandler$DelegatingChannelHandlerContext.fireChannelActive()Lio/netty/channel/ChannelHandlerContext;+4
j  io.netty.channel.ChannelInboundHandlerAdapter.channelActive(Lio/netty/channel/ChannelHandlerContext;)V+1
j  io.netty.channel.CombinedChannelDuplexHandler.channelActive(Lio/netty/channel/ChannelHandlerContext;)V+43
j  io.netty.channel.AbstractChannelHandlerContext.invokeChannelActive()V+15
j  io.netty.channel.AbstractChannelHandlerContext.invokeChannelActive(Lio/netty/channel/AbstractChannelHandlerContext;)V+15
j  io.netty.channel.AbstractChannelHandlerContext.fireChannelActive()Lio/netty/channel/ChannelHandlerContext;+6
j  reactor.netty.tcp.SslProvider$SslReadHandler.userEventTriggered(Lio/netty/channel/ChannelHandlerContext;Ljava/lang/Object;)V+71
j  io.netty.channel.AbstractChannelHandlerContext.invokeUserEventTriggered(Ljava/lang/Object;)V+16
j  io.netty.channel.AbstractChannelHandlerContext.invokeUserEventTriggered(Lio/netty/channel/AbstractChannelHandlerContext;Ljava/lang/Object;)V+23
j  io.netty.channel.AbstractChannelHandlerContext.fireUserEventTriggered(Ljava/lang/Object;)Lio/netty/channel/ChannelHandlerContext;+8
j  io.netty.handler.ssl.SslHandler.setHandshakeSuccess()Z+114
j  io.netty.handler.ssl.SslHandler.unwrap(Lio/netty/channel/ChannelHandlerContext;Lio/netty/buffer/ByteBuf;I)I+111
j  io.netty.handler.ssl.SslHandler.decodeJdkCompatible(Lio/netty/channel/ChannelHandlerContext;Lio/netty/buffer/ByteBuf;)V+135
j  io.netty.handler.ssl.SslHandler.decode(Lio/netty/channel/ChannelHandlerContext;Lio/netty/buffer/ByteBuf;Ljava/util/List;)V+21
j  io.netty.handler.codec.ByteToMessageDecoder.decodeRemovalReentryProtection(Lio/netty/channel/ChannelHandlerContext;Lio/netty/buffer/ByteBuf;Ljava/util/List;)V+9
j  io.netty.handler.codec.ByteToMessageDecoder.callDecode(Lio/netty/channel/ChannelHandlerContext;Lio/netty/buffer/ByteBuf;Ljava/util/List;)V+55
j  io.netty.handler.codec.ByteToMessageDecoder.channelRead(Lio/netty/channel/ChannelHandlerContext;Ljava/lang/Object;)V+74
j  io.netty.channel.AbstractChannelHandlerContext.invokeChannelRead(Ljava/lang/Object;)V+16
j  io.netty.channel.AbstractChannelHandlerContext.invokeChannelRead(Lio/netty/channel/AbstractChannelHandlerContext;Ljava/lang/Object;)V+31
j  io.netty.channel.AbstractChannelHandlerContext.fireChannelRead(Ljava/lang/Object;)Lio/netty/channel/ChannelHandlerContext;+7
j  io.netty.channel.DefaultChannelPipeline$HeadContext.channelRead(Lio/netty/channel/ChannelHandlerContext;Ljava/lang/Object;)V+2
j  io.netty.channel.AbstractChannelHandlerContext.invokeChannelRead(Ljava/lang/Object;)V+16
j  io.netty.channel.AbstractChannelHandlerContext.invokeChannelRead(Lio/netty/channel/AbstractChannelHandlerContext;Ljava/lang/Object;)V+31
j  io.netty.channel.DefaultChannelPipeline.fireChannelRead(Ljava/lang/Object;)Lio/netty/channel/ChannelPipeline;+5
j  io.netty.channel.nio.AbstractNioByteChannel$NioByteUnsafe.read()V+159
j  io.netty.channel.nio.NioEventLoop.processSelectedKey(Ljava/nio/channels/SelectionKey;Lio/netty/channel/nio/AbstractNioChannel;)V+113
j  io.netty.channel.nio.NioEventLoop.processSelectedKeysOptimized()V+51
j  io.netty.channel.nio.NioEventLoop.processSelectedKeys()V+8
j  io.netty.channel.nio.NioEventLoop.run()V+263
j  io.netty.util.concurrent.SingleThreadEventExecutor$4.run()V+44
j  io.netty.util.internal.ThreadExecutorMap$2.run()V+11
j  io.netty.util.concurrent.FastThreadLocalRunnable.run()V+4
j  java.lang.Thread.run()V+11
v  ~StubRoutines::call_stub
V  [libjvm.dylib+0x2cc083]
V  [libjvm.dylib+0x2caef6]
V  [libjvm.dylib+0x2cb0d7]
V  [libjvm.dylib+0x346f29]
V  [libjvm.dylib+0x54d9d8]
V  [libjvm.dylib+0x54d89d]
V  [libjvm.dylib+0x48431b]
C  [libsystem_pthread.dylib+0x6514]  _pthread_start+0x7d
C  [libsystem_pthread.dylib+0x202f]  thread_start+0xf
C  0x0000000000000000

Java frames: (J=compiled Java code, j=interpreted, Vv=VM code)
j  sun.misc.Unsafe.putByte(Ljava/lang/Object;JB)V+0
j  io.netty.util.internal.PlatformDependent0.putByte(Ljava/lang/Object;JB)V+6
j  io.netty.util.internal.PlatformDependent.putByte(Ljava/lang/Object;JB)V+3
j  io.netty.buffer.ByteBufUtil.unsafeWriteUtf8([BJILjava/lang/CharSequence;II)I+73
j  io.netty.buffer.ByteBufUtil.writeUtf8(Lio/netty/buffer/AbstractByteBuf;IILjava/lang/CharSequence;II)I+79
j  io.netty.buffer.ByteBufUtil.writeUtf8(Lio/netty/buffer/AbstractByteBuf;IILjava/lang/CharSequence;I)I+7
j  io.netty.buffer.AbstractByteBuf.setCharSequence0(ILjava/lang/CharSequence;Ljava/nio/charset/Charset;Z)I+55
j  io.netty.buffer.AbstractByteBuf.writeCharSequence(Ljava/lang/CharSequence;Ljava/nio/charset/Charset;)I+8
j  io.netty.handler.codec.http.HttpRequestEncoder.encodeInitialLine(Lio/netty/buffer/ByteBuf;Lio/netty/handler/codec/http/HttpRequest;)V+144
j  io.netty.handler.codec.http.HttpRequestEncoder.encodeInitialLine(Lio/netty/buffer/ByteBuf;Lio/netty/handler/codec/http/HttpMessage;)V+6
j  io.netty.handler.codec.http.HttpObjectEncoder.encode(Lio/netty/channel/ChannelHandlerContext;Ljava/lang/Object;Ljava/util/List;)V+88
j  io.netty.handler.codec.http.HttpClientCodec$Encoder.encode(Lio/netty/channel/ChannelHandlerContext;Ljava/lang/Object;Ljava/util/List;)V+52
j  io.netty.handler.codec.MessageToMessageEncoder.write(Lio/netty/channel/ChannelHandlerContext;Ljava/lang/Object;Lio/netty/channel/ChannelPromise;)V+25
j  io.netty.channel.CombinedChannelDuplexHandler.write(Lio/netty/channel/ChannelHandlerContext;Ljava/lang/Object;Lio/netty/channel/ChannelPromise;)V+45
j  io.netty.channel.AbstractChannelHandlerContext.invokeWrite0(Ljava/lang/Object;Lio/netty/channel/ChannelPromise;)V+10
j  io.netty.channel.AbstractChannelHandlerContext.invokeWriteAndFlush(Ljava/lang/Object;Lio/netty/channel/ChannelPromise;)V+10
j  io.netty.channel.AbstractChannelHandlerContext.write(Ljava/lang/Object;ZLio/netty/channel/ChannelPromise;)V+90
j  io.netty.channel.AbstractChannelHandlerContext.writeAndFlush(Ljava/lang/Object;Lio/netty/channel/ChannelPromise;)Lio/netty/channel/ChannelFuture;+4
j  io.netty.channel.AbstractChannelHandlerContext.writeAndFlush(Ljava/lang/Object;)Lio/netty/channel/ChannelFuture;+6
j  io.netty.channel.DefaultChannelPipeline.writeAndFlush(Ljava/lang/Object;)Lio/netty/channel/ChannelFuture;+5
j  io.netty.channel.AbstractChannel.writeAndFlush(Ljava/lang/Object;)Lio/netty/channel/ChannelFuture;+5
j  reactor.netty.http.client.HttpClientOperations.lambda$send$0(Lio/netty/buffer/ByteBufAllocator;Ljava/util/List;)Lreactor/core/publisher/Mono;+33
j  reactor.netty.http.client.HttpClientOperations$$Lambda$793.apply(Ljava/lang/Object;)Ljava/lang/Object;+12
j  reactor.core.publisher.MonoFlatMap$FlatMapMain.onNext(Ljava/lang/Object;)V+31
j  reactor.core.publisher.FluxContextWrite$ContextWriteSubscriber.onNext(Ljava/lang/Object;)V+5
j  reactor.core.publisher.Operators$MonoSubscriber.complete(Ljava/lang/Object;)V+101
j  reactor.core.publisher.MonoCollectList$MonoCollectListSubscriber.onComplete()V+43
j  reactor.core.publisher.FluxMap$MapSubscriber.onComplete()V+17
j  reactor.core.publisher.FluxMap$MapSubscriber.onComplete()V+17
j  reactor.core.publisher.FluxPeek$PeekSubscriber.onComplete()V+63
j  reactor.core.publisher.FluxMap$MapSubscriber.onComplete()V+17
j  reactor.core.publisher.Operators.complete(Lorg/reactivestreams/Subscriber;)V+10
j  reactor.netty.channel.FluxReceive.startReceiver(Lreactor/core/CoreSubscriber;)V+88
j  reactor.netty.channel.FluxReceive.subscribe(Lreactor/core/CoreSubscriber;)V+14
j  reactor.core.publisher.InternalFluxOperator.subscribe(Lreactor/core/CoreSubscriber;)V+33
j  reactor.netty.ByteBufFlux.subscribe(Lreactor/core/CoreSubscriber;)V+5
j  reactor.core.publisher.InternalFluxOperator.subscribe(Lreactor/core/CoreSubscriber;)V+33
j  reactor.netty.ByteBufFlux.subscribe(Lreactor/core/CoreSubscriber;)V+5
j  reactor.core.publisher.Mono.subscribe(Lorg/reactivestreams/Subscriber;)V+71
j  reactor.netty.NettyOutbound.subscribe(Lorg/reactivestreams/Subscriber;)V+7
j  reactor.core.publisher.MonoSource.subscribe(Lreactor/core/CoreSubscriber;)V+5
j  reactor.core.publisher.MonoDefer.subscribe(Lreactor/core/CoreSubscriber;)V+39
j  reactor.netty.http.client.HttpClientConnect$HttpIOHandlerObserver.onStateChange(Lreactor/netty/Connection;Lreactor/netty/ConnectionObserver$State;)V+98
j  reactor.netty.ReactorNetty$CompositeConnectionObserver.onStateChange(Lreactor/netty/Connection;Lreactor/netty/ConnectionObserver$State;)V+29
j  reactor.netty.resources.DefaultPooledConnectionProvider$DisposableAcquire.onStateChange(Lreactor/netty/Connection;Lreactor/netty/ConnectionObserver$State;)V+23
j  reactor.netty.resources.DefaultPooledConnectionProvider$PooledConnection.onStateChange(Lreactor/netty/Connection;Lreactor/netty/ConnectionObserver$State;)V+217
j  reactor.netty.channel.ChannelOperationsHandler.channelActive(Lio/netty/channel/ChannelHandlerContext;)V+70
j  io.netty.channel.AbstractChannelHandlerContext.invokeChannelActive()V+15
j  io.netty.channel.AbstractChannelHandlerContext.invokeChannelActive(Lio/netty/channel/AbstractChannelHandlerContext;)V+15
j  io.netty.channel.AbstractChannelHandlerContext.fireChannelActive()Lio/netty/channel/ChannelHandlerContext;+6
j  io.netty.channel.CombinedChannelDuplexHandler$DelegatingChannelHandlerContext.fireChannelActive()Lio/netty/channel/ChannelHandlerContext;+4
j  io.netty.channel.ChannelInboundHandlerAdapter.channelActive(Lio/netty/channel/ChannelHandlerContext;)V+1
j  io.netty.channel.CombinedChannelDuplexHandler.channelActive(Lio/netty/channel/ChannelHandlerContext;)V+43
j  io.netty.channel.AbstractChannelHandlerContext.invokeChannelActive()V+15
j  io.netty.channel.AbstractChannelHandlerContext.invokeChannelActive(Lio/netty/channel/AbstractChannelHandlerContext;)V+15
j  io.netty.channel.AbstractChannelHandlerContext.fireChannelActive()Lio/netty/channel/ChannelHandlerContext;+6
j  reactor.netty.tcp.SslProvider$SslReadHandler.userEventTriggered(Lio/netty/channel/ChannelHandlerContext;Ljava/lang/Object;)V+71
j  io.netty.channel.AbstractChannelHandlerContext.invokeUserEventTriggered(Ljava/lang/Object;)V+16
j  io.netty.channel.AbstractChannelHandlerContext.invokeUserEventTriggered(Lio/netty/channel/AbstractChannelHandlerContext;Ljava/lang/Object;)V+23
j  io.netty.channel.AbstractChannelHandlerContext.fireUserEventTriggered(Ljava/lang/Object;)Lio/netty/channel/ChannelHandlerContext;+8
j  io.netty.handler.ssl.SslHandler.setHandshakeSuccess()Z+114
j  io.netty.handler.ssl.SslHandler.unwrap(Lio/netty/channel/ChannelHandlerContext;Lio/netty/buffer/ByteBuf;I)I+111
j  io.netty.handler.ssl.SslHandler.decodeJdkCompatible(Lio/netty/channel/ChannelHandlerContext;Lio/netty/buffer/ByteBuf;)V+135
j  io.netty.handler.ssl.SslHandler.decode(Lio/netty/channel/ChannelHandlerContext;Lio/netty/buffer/ByteBuf;Ljava/util/List;)V+21
j  io.netty.handler.codec.ByteToMessageDecoder.decodeRemovalReentryProtection(Lio/netty/channel/ChannelHandlerContext;Lio/netty/buffer/ByteBuf;Ljava/util/List;)V+9
j  io.netty.handler.codec.ByteToMessageDecoder.callDecode(Lio/netty/channel/ChannelHandlerContext;Lio/netty/buffer/ByteBuf;Ljava/util/List;)V+55
j  io.netty.handler.codec.ByteToMessageDecoder.channelRead(Lio/netty/channel/ChannelHandlerContext;Ljava/lang/Object;)V+74
j  io.netty.channel.AbstractChannelHandlerContext.invokeChannelRead(Ljava/lang/Object;)V+16
j  io.netty.channel.AbstractChannelHandlerContext.invokeChannelRead(Lio/netty/channel/AbstractChannelHandlerContext;Ljava/lang/Object;)V+31
j  io.netty.channel.AbstractChannelHandlerContext.fireChannelRead(Ljava/lang/Object;)Lio/netty/channel/ChannelHandlerContext;+7
j  io.netty.channel.DefaultChannelPipeline$HeadContext.channelRead(Lio/netty/channel/ChannelHandlerContext;Ljava/lang/Object;)V+2
j  io.netty.channel.AbstractChannelHandlerContext.invokeChannelRead(Ljava/lang/Object;)V+16
j  io.netty.channel.AbstractChannelHandlerContext.invokeChannelRead(Lio/netty/channel/AbstractChannelHandlerContext;Ljava/lang/Object;)V+31
j  io.netty.channel.DefaultChannelPipeline.fireChannelRead(Ljava/lang/Object;)Lio/netty/channel/ChannelPipeline;+5
j  io.netty.channel.nio.AbstractNioByteChannel$NioByteUnsafe.read()V+159
j  io.netty.channel.nio.NioEventLoop.processSelectedKey(Ljava/nio/channels/SelectionKey;Lio/netty/channel/nio/AbstractNioChannel;)V+113
j  io.netty.channel.nio.NioEventLoop.processSelectedKeysOptimized()V+51
j  io.netty.channel.nio.NioEventLoop.processSelectedKeys()V+8
j  io.netty.channel.nio.NioEventLoop.run()V+263
j  io.netty.util.concurrent.SingleThreadEventExecutor$4.run()V+44
j  io.netty.util.internal.ThreadExecutorMap$2.run()V+11
j  io.netty.util.concurrent.FastThreadLocalRunnable.run()V+4
j  java.lang.Thread.run()V+11
v  ~StubRoutines::call_stub

---------------  P R O C E S S  ---------------

Java Threads: ( => current thread )
  0x00007f9eb01bc000 JavaThread "reactor-http-nio-12" daemon [_thread_in_native, id=32259, stack(0x0000700007e04000,0x0000700007f04000)]
  0x00007f9eaf2f7800 JavaThread "reactor-http-nio-11" daemon [_thread_in_native, id=33027, stack(0x0000700007d01000,0x0000700007e01000)]
  0x00007f9eaf2f7000 JavaThread "reactor-http-nio-10" daemon [_thread_in_native, id=31747, stack(0x0000700007bfe000,0x0000700007cfe000)]
  0x00007f9eaf2f6000 JavaThread "reactor-http-nio-9" daemon [_thread_in_native, id=31235, stack(0x0000700007afb000,0x0000700007bfb000)]
  0x00007f9eaf2f5000 JavaThread "reactor-http-nio-8" daemon [_thread_in_native, id=33795, stack(0x00007000079f8000,0x0000700007af8000)]
  0x00007f9eaf2f4000 JavaThread "reactor-http-nio-7" daemon [_thread_in_native, id=30723, stack(0x00007000078f5000,0x00007000079f5000)]
  0x00007f9eaf0f6800 JavaThread "reactor-http-nio-6" daemon [_thread_in_native, id=30467, stack(0x00007000077f2000,0x00007000078f2000)]
  0x00007f9eaf045800 JavaThread "reactor-http-nio-5" daemon [_thread_in_native, id=29955, stack(0x00007000076ef000,0x00007000077ef000)]
  0x00007f9eaf34e000 JavaThread "reactor-http-nio-4" daemon [_thread_in_native, id=29443, stack(0x00007000075ec000,0x00007000076ec000)]
  0x00007f9eb01bb800 JavaThread "reactor-http-nio-3" daemon [_thread_in_native, id=28931, stack(0x00007000074e9000,0x00007000075e9000)]
=>0x00007f9eaeb3f800 JavaThread "reactor-http-nio-2" daemon [_thread_in_vm, id=28683, stack(0x00007000073e6000,0x00007000074e6000)]
  0x00007f9eb43e1000 JavaThread "com.alibaba.nacos.naming.beat.sender" daemon [_thread_blocked, id=14603, stack(0x00007000072e3000,0x00007000073e3000)]
  0x00007f9eb0009000 JavaThread "com.alibaba.nacos.client.naming.updater" daemon [_thread_blocked, id=35083, stack(0x00007000070dd000,0x00007000071dd000)]
  0x00007f9eaf34c800 JavaThread "RMI TCP Connection(2)-127.0.0.1" daemon [_thread_in_native, id=28419, stack(0x00007000071e0000,0x00007000072e0000)]
  0x00007f9eb43e4800 JavaThread "com.alibaba.nacos.client.Worker.longPolling.fixed-127.0.0.1_8848-fdda7c25-1387-41bf-ad8b-061ca421234c" daemon [_thread_blocked, id=27651, stack(0x0000700006fda000,0x00007000070da000)]
  0x00007f9eaf34a000 JavaThread "com.alibaba.nacos.client.Worker.longPolling.fixed-127.0.0.1_8848-fdda7c25-1387-41bf-ad8b-061ca421234c" daemon [_thread_in_native, id=27395, stack(0x0000700006ed7000,0x0000700006fd7000)]
  0x00007f9eae915800 JavaThread "DestroyJavaVM" [_thread_blocked, id=10499, stack(0x000070000404a000,0x000070000414a000)]
  0x00007f9eb0296000 JavaThread "com.alibaba.nacos.naming.beat.sender" daemon [_thread_blocked, id=26883, stack(0x0000700006dd4000,0x0000700006ed4000)]
  0x00007f9eb0295000 JavaThread "server" [_thread_blocked, id=35843, stack(0x0000700006cd1000,0x0000700006dd1000)]
  0x00007f9eb029a000 JavaThread "reactor-http-nio-1" daemon [_thread_in_native, id=36099, stack(0x0000700006bce000,0x0000700006cce000)]
  0x00007f9eb0299000 JavaThread "Nacos-Watch-Task-Scheduler-1" [_thread_blocked, id=26115, stack(0x0000700006acb000,0x0000700006bcb000)]
  0x00007f9eae1d6000 JavaThread "com.alibaba.nacos.client.naming.updater" daemon [_thread_blocked, id=25859, stack(0x00007000069c8000,0x0000700006ac8000)]
  0x00007f9eb02a5800 JavaThread "nacos.publisher-com.alibaba.nacos.client.naming.event.InstancesChangeEvent" daemon [_thread_blocked, id=25603, stack(0x00007000068c5000,0x00007000069c5000)]
  0x00007f9eb02a4800 JavaThread "nacos.publisher-com.alibaba.nacos.common.notify.SlowEvent" daemon [_thread_blocked, id=37123, stack(0x00007000067c2000,0x00007000068c2000)]
  0x00007f9eb02da800 JavaThread "com.alibaba.nacos.naming.push.receiver" daemon [_thread_in_native, id=37379, stack(0x00007000066bf000,0x00007000067bf000)]
  0x00007f9eb02d9800 JavaThread "com.alibaba.nacos.naming.failover" daemon [_thread_blocked, id=37891, stack(0x00007000065bc000,0x00007000066bc000)]
  0x00007f9eaf346000 JavaThread "com.alibaba.nacos.client.naming.updater" daemon [_thread_blocked, id=24835, stack(0x00007000064b9000,0x00007000065b9000)]
  0x00007f9eae914800 JavaThread "com.alibaba.nacos.client.naming.updater" daemon [_thread_blocked, id=38407, stack(0x00007000063b6000,0x00007000064b6000)]
  0x00007f9eb4232000 JavaThread "spring.cloud.inetutils" daemon [_thread_blocked, id=38659, stack(0x00007000062b3000,0x00007000063b3000)]
  0x00007f9eaea9a000 JavaThread "boundedElastic-evictor-1" daemon [_thread_blocked, id=41747, stack(0x0000700005da4000,0x0000700005ea4000)]
  0x00007f9eb124d000 JavaThread "Keep-Alive-Timer" daemon [_thread_blocked, id=40455, stack(0x0000700005a9b000,0x0000700005b9b000)]
  0x00007f9eb0377000 JavaThread "logback-5" daemon [_thread_blocked, id=42251, stack(0x0000700005998000,0x0000700005a98000)]
  0x00007f9eae047800 JavaThread "logback-4" daemon [_thread_blocked, id=23051, stack(0x0000700005895000,0x0000700005995000)]
  0x00007f9eb41b7800 JavaThread "com.alibaba.nacos.client.Worker.fixed-127.0.0.1_8848-fdda7c25-1387-41bf-ad8b-061ca421234c" daemon [_thread_blocked, id=38915, stack(0x00007000061b0000,0x00007000062b0000)]
  0x00007f9eb41b4800 JavaThread "com.alibaba.nacos.client.config.security.updater" daemon [_thread_blocked, id=39171, stack(0x00007000060ad000,0x00007000061ad000)]
  0x00007f9eb41b3800 JavaThread "com.alibaba.nacos.client.identify.watcher.0" daemon [_thread_blocked, id=39687, stack(0x0000700005faa000,0x00007000060aa000)]
  0x00007f9eae88d000 JavaThread "RMI Scheduler(0)" daemon [_thread_blocked, id=40195, stack(0x0000700005ea7000,0x0000700005fa7000)]
  0x00007f9eaf13c000 JavaThread "RMI TCP Connection(1)-127.0.0.1" daemon [_thread_in_native, id=23811, stack(0x0000700005ca1000,0x0000700005da1000)]
  0x00007f9eb4153000 JavaThread "Attach Listener" daemon [_thread_blocked, id=41475, stack(0x0000700005b9e000,0x0000700005c9e000)]
  0x00007f9eae95e000 JavaThread "RMI TCP Accept-0" daemon [_thread_in_native, id=42499, stack(0x000070000568f000,0x000070000578f000)]
  0x00007f9eaf05d800 JavaThread "Service Thread" daemon [_thread_blocked, id=42755, stack(0x000070000558c000,0x000070000568c000)]
  0x00007f9eaf042800 JavaThread "C1 CompilerThread3" daemon [_thread_blocked, id=43267, stack(0x0000700005489000,0x0000700005589000)]
  0x00007f9eb02e7800 JavaThread "C2 CompilerThread2" daemon [_thread_blocked, id=16131, stack(0x0000700005386000,0x0000700005486000)]
  0x00007f9eb02e6800 JavaThread "C2 CompilerThread1" daemon [_thread_blocked, id=15875, stack(0x0000700005283000,0x0000700005383000)]
  0x00007f9eb02e5800 JavaThread "C2 CompilerThread0" daemon [_thread_blocked, id=16899, stack(0x0000700005180000,0x0000700005280000)]
  0x00007f9eb02e1800 JavaThread "Monitor Ctrl-Break" daemon [_thread_in_native, id=17155, stack(0x000070000507d000,0x000070000517d000)]
  0x00007f9eb0025800 JavaThread "Signal Dispatcher" daemon [_thread_blocked, id=17411, stack(0x0000700004f7a000,0x000070000507a000)]
  0x00007f9eb400c800 JavaThread "Finalizer" daemon [_thread_blocked, id=18691, stack(0x0000700004d71000,0x0000700004e71000)]
  0x00007f9eb000a000 JavaThread "Reference Handler" daemon [_thread_blocked, id=12803, stack(0x0000700004c6e000,0x0000700004d6e000)]

Other Threads:
  0x00007f9eb1025000 VMThread [stack: 0x0000700004b6b000,0x0000700004c6b000] [id=18947]
  0x00007f9eaf02c000 WatcherThread [stack: 0x0000700005792000,0x0000700005892000] [id=22531]

VM state:not at safepoint (normal execution)

VM Mutex/Monitor currently owned by a thread: None

heap address: 0x00000006c0000000, size: 4096 MB, Compressed Oops mode: Zero based, Oop shift amount: 3
Narrow klass base: 0x0000000000000000, Narrow klass shift: 3
Compressed class space size: 1073741824 Address: 0x00000007c0000000

Heap:
 PSYoungGen      total 333824K, used 38665K [0x000000076ab00000, 0x0000000781500000, 0x00000007c0000000)
  eden space 320512K, 7% used [0x000000076ab00000,0x000000076c3c7808,0x000000077e400000)
  from space 13312K, 99% used [0x0000000780800000,0x00000007814fada0,0x0000000781500000)
  to   space 15872K, 0% used [0x000000077f600000,0x000000077f600000,0x0000000780580000)
 ParOldGen       total 138752K, used 16711K [0x00000006c0000000, 0x00000006c8780000, 0x000000076ab00000)
  object space 138752K, 12% used [0x00000006c0000000,0x00000006c1051c70,0x00000006c8780000)
 Metaspace       used 48082K, capacity 50909K, committed 51160K, reserved 1093632K
  class space    used 6609K, capacity 7132K, committed 7168K, reserved 1048576K

Card table byte_map: [0x0000000105d3d000,0x000000010653e000] byte_map_base: 0x000000010273d000

Marking Bits: (ParMarkBitMap*) 0x0000000105a9ccc8
 Begin Bits: [0x0000000116831000, 0x000000011a831000)
 End Bits:   [0x000000011a831000, 0x000000011e831000)

Polling page: 0x0000000104a37000

CodeCache: size=245760Kb used=8558Kb max_used=8558Kb free=237201Kb
 bounds [0x0000000107831000, 0x0000000108091000, 0x0000000116831000]
 total_blobs=4925 nmethods=4328 adapters=510
 compilation: enabled

Compilation events (10 events):
Event: 10.103 Thread 0x00007f9eaf042800 4326       1       io.netty.channel.nio.AbstractNioChannel::eventLoop (5 bytes)
Event: 10.103 Thread 0x00007f9eaf042800 nmethod 4326 0x000000010808ac50 code [0x000000010808adc0, 0x000000010808afa8]
Event: 10.286 Thread 0x00007f9eaf042800 4327       1       io.netty.util.internal.InternalThreadLocalMap::get (23 bytes)
Event: 10.287 Thread 0x00007f9eaf042800 nmethod 4327 0x000000010808b0d0 code [0x000000010808b280, 0x000000010808b948]
Event: 10.287 Thread 0x00007f9eaf042800 4328       1       io.netty.util.internal.InternalThreadLocalMap::fastGet (24 bytes)
Event: 10.287 Thread 0x00007f9eaf042800 nmethod 4328 0x000000010808bf10 code [0x000000010808c080, 0x000000010808c370]
Event: 11.000 Thread 0x00007f9eaf042800 4329       1       java.nio.channels.spi.AbstractInterruptibleChannel::isOpen (5 bytes)
Event: 11.000 Thread 0x00007f9eaf042800 nmethod 4329 0x000000010808c550 code [0x000000010808c6a0, 0x000000010808c7b0]
Event: 11.004 Thread 0x00007f9eaf042800 4330       1       sun.security.provider.DigestBase::engineGetDigestLength (5 bytes)
Event: 11.004 Thread 0x00007f9eaf042800 nmethod 4330 0x000000010808c810 code [0x000000010808c960, 0x000000010808ca70]

GC Heap History (10 events):
Event: 1.439 GC heap before
{Heap before GC invocations=6 (full 1):
 PSYoungGen      total 141824K, used 131072K [0x000000076ab00000, 0x0000000774000000, 0x00000007c0000000)
  eden space 131072K, 100% used [0x000000076ab00000,0x0000000772b00000,0x0000000772b00000)
  from space 10752K, 0% used [0x0000000773580000,0x0000000773580000,0x0000000774000000)
  to   space 10752K, 0% used [0x0000000772b00000,0x0000000772b00000,0x0000000773580000)
 ParOldGen       total 93184K, used 6530K [0x00000006c0000000, 0x00000006c5b00000, 0x000000076ab00000)
  object space 93184K, 7% used [0x00000006c0000000,0x00000006c0660940,0x00000006c5b00000)
 Metaspace       used 26891K, capacity 28180K, committed 28288K, reserved 1073152K
  class space    used 3661K, capacity 3948K, committed 3968K, reserved 1048576K
Event: 1.445 GC heap after
Heap after GC invocations=6 (full 1):
 PSYoungGen      total 141824K, used 10333K [0x000000076ab00000, 0x0000000779280000, 0x00000007c0000000)
  eden space 131072K, 0% used [0x000000076ab00000,0x000000076ab00000,0x0000000772b00000)
  from space 10752K, 96% used [0x0000000772b00000,0x0000000773517418,0x0000000773580000)
  to   space 10752K, 0% used [0x0000000778800000,0x0000000778800000,0x0000000779280000)
 ParOldGen       total 93184K, used 6538K [0x00000006c0000000, 0x00000006c5b00000, 0x000000076ab00000)
  object space 93184K, 7% used [0x00000006c0000000,0x00000006c0662940,0x00000006c5b00000)
 Metaspace       used 26891K, capacity 28180K, committed 28288K, reserved 1073152K
  class space    used 3661K, capacity 3948K, committed 3968K, reserved 1048576K
}
Event: 1.881 GC heap before
{Heap before GC invocations=7 (full 1):
 PSYoungGen      total 141824K, used 141405K [0x000000076ab00000, 0x0000000779280000, 0x00000007c0000000)
  eden space 131072K, 100% used [0x000000076ab00000,0x0000000772b00000,0x0000000772b00000)
  from space 10752K, 96% used [0x0000000772b00000,0x0000000773517418,0x0000000773580000)
  to   space 10752K, 0% used [0x0000000778800000,0x0000000778800000,0x0000000779280000)
 ParOldGen       total 93184K, used 6538K [0x00000006c0000000, 0x00000006c5b00000, 0x000000076ab00000)
  object space 93184K, 7% used [0x00000006c0000000,0x00000006c0662940,0x00000006c5b00000)
 Metaspace       used 32247K, capacity 33958K, committed 34304K, reserved 1079296K
  class space    used 4447K, capacity 4767K, committed 4864K, reserved 1048576K
Event: 1.888 GC heap after
Heap after GC invocations=7 (full 1):
 PSYoungGen      total 222208K, used 10724K [0x000000076ab00000, 0x0000000779380000, 0x00000007c0000000)
  eden space 211456K, 0% used [0x000000076ab00000,0x000000076ab00000,0x0000000777980000)
  from space 10752K, 99% used [0x0000000778800000,0x00000007792790b0,0x0000000779280000)
  to   space 13312K, 0% used [0x0000000777980000,0x0000000777980000,0x0000000778680000)
 ParOldGen       total 93184K, used 8679K [0x00000006c0000000, 0x00000006c5b00000, 0x000000076ab00000)
  object space 93184K, 9% used [0x00000006c0000000,0x00000006c0879e98,0x00000006c5b00000)
 Metaspace       used 32247K, capacity 33958K, committed 34304K, reserved 1079296K
  class space    used 4447K, capacity 4767K, committed 4864K, reserved 1048576K
}
Event: 2.000 GC heap before
{Heap before GC invocations=8 (full 1):
 PSYoungGen      total 222208K, used 35720K [0x000000076ab00000, 0x0000000779380000, 0x00000007c0000000)
  eden space 211456K, 11% used [0x000000076ab00000,0x000000076c369268,0x0000000777980000)
  from space 10752K, 99% used [0x0000000778800000,0x00000007792790b0,0x0000000779280000)
  to   space 13312K, 0% used [0x0000000777980000,0x0000000777980000,0x0000000778680000)
 ParOldGen       total 93184K, used 8679K [0x00000006c0000000, 0x00000006c5b00000, 0x000000076ab00000)
  object space 93184K, 9% used [0x00000006c0000000,0x00000006c0879e98,0x00000006c5b00000)
 Metaspace       used 33438K, capacity 35241K, committed 35416K, reserved 1079296K
  class space    used 4608K, capacity 4992K, committed 4992K, reserved 1048576K
Event: 2.004 GC heap after
Heap after GC invocations=8 (full 1):
 PSYoungGen      total 224768K, used 9265K [0x000000076ab00000, 0x0000000781500000, 0x00000007c0000000)
  eden space 211456K, 0% used [0x000000076ab00000,0x000000076ab00000,0x0000000777980000)
  from space 13312K, 69% used [0x0000000777980000,0x000000077828c4f8,0x0000000778680000)
  to   space 13312K, 0% used [0x0000000780800000,0x0000000780800000,0x0000000781500000)
 ParOldGen       total 93184K, used 8687K [0x00000006c0000000, 0x00000006c5b00000, 0x000000076ab00000)
  object space 93184K, 9% used [0x00000006c0000000,0x00000006c087be98,0x00000006c5b00000)
 Metaspace       used 33438K, capacity 35241K, committed 35416K, reserved 1079296K
  class space    used 4608K, capacity 4992K, committed 4992K, reserved 1048576K
}
Event: 2.004 GC heap before
{Heap before GC invocations=9 (full 2):
 PSYoungGen      total 224768K, used 9265K [0x000000076ab00000, 0x0000000781500000, 0x00000007c0000000)
  eden space 211456K, 0% used [0x000000076ab00000,0x000000076ab00000,0x0000000777980000)
  from space 13312K, 69% used [0x0000000777980000,0x000000077828c4f8,0x0000000778680000)
  to   space 13312K, 0% used [0x0000000780800000,0x0000000780800000,0x0000000781500000)
 ParOldGen       total 93184K, used 8687K [0x00000006c0000000, 0x00000006c5b00000, 0x000000076ab00000)
  object space 93184K, 9% used [0x00000006c0000000,0x00000006c087be98,0x00000006c5b00000)
 Metaspace       used 33438K, capacity 35241K, committed 35416K, reserved 1079296K
  class space    used 4608K, capacity 4992K, committed 4992K, reserved 1048576K
Event: 2.031 GC heap after
Heap after GC invocations=9 (full 2):
 PSYoungGen      total 224768K, used 0K [0x000000076ab00000, 0x0000000781500000, 0x00000007c0000000)
  eden space 211456K, 0% used [0x000000076ab00000,0x000000076ab00000,0x0000000777980000)
  from space 13312K, 0% used [0x0000000777980000,0x0000000777980000,0x0000000778680000)
  to   space 13312K, 0% used [0x0000000780800000,0x0000000780800000,0x0000000781500000)
 ParOldGen       total 138752K, used 14557K [0x00000006c0000000, 0x00000006c8780000, 0x000000076ab00000)
  object space 138752K, 10% used [0x00000006c0000000,0x00000006c0e37620,0x00000006c8780000)
 Metaspace       used 33438K, capacity 35241K, committed 35416K, reserved 1079296K
  class space    used 4608K, capacity 4992K, committed 4992K, reserved 1048576K
}
Event: 9.018 GC heap before
{Heap before GC invocations=10 (full 2):
 PSYoungGen      total 224768K, used 206823K [0x000000076ab00000, 0x0000000781500000, 0x00000007c0000000)
  eden space 211456K, 97% used [0x000000076ab00000,0x00000007774f9f60,0x0000000777980000)
  from space 13312K, 0% used [0x0000000777980000,0x0000000777980000,0x0000000778680000)
  to   space 13312K, 0% used [0x0000000780800000,0x0000000780800000,0x0000000781500000)
 ParOldGen       total 138752K, used 14557K [0x00000006c0000000, 0x00000006c8780000, 0x000000076ab00000)
  object space 138752K, 10% used [0x00000006c0000000,0x00000006c0e37620,0x00000006c8780000)
 Metaspace       used 46721K, capacity 49463K, committed 49752K, reserved 1091584K
  class space    used 6435K, capacity 6957K, committed 7040K, reserved 1048576K
Event: 9.029 GC heap after
Heap after GC invocations=10 (full 2):
 PSYoungGen      total 333824K, used 13291K [0x000000076ab00000, 0x0000000781500000, 0x00000007c0000000)
  eden space 320512K, 0% used [0x000000076ab00000,0x000000076ab00000,0x000000077e400000)
  from space 13312K, 99% used [0x0000000780800000,0x00000007814fada0,0x0000000781500000)
  to   space 15872K, 0% used [0x000000077f600000,0x000000077f600000,0x0000000780580000)
 ParOldGen       total 138752K, used 16711K [0x00000006c0000000, 0x00000006c8780000, 0x000000076ab00000)
  object space 138752K, 12% used [0x00000006c0000000,0x00000006c1051c70,0x00000006c8780000)
 Metaspace       used 46721K, capacity 49463K, committed 49752K, reserved 1091584K
  class space    used 6435K, capacity 6957K, committed 7040K, reserved 1048576K
}

Deoptimization events (0 events):
No events

Classes redefined (0 events):
No events

Internal exceptions (10 events):
Event: 8.086 Thread 0x00007f9eb01bb800 Exception <a 'java/lang/ArrayIndexOutOfBoundsException'> (0x00000007738f65e0) thrown at [/private/tmp/openjdkA8-20210814-5038-e41be5/jdk8u302-ga/hotspot/src/share/vm/runtime/sharedRuntime.cpp, line 609]
Event: 8.086 Thread 0x00007f9eaeb3f800 Exception <a 'java/lang/ArrayIndexOutOfBoundsException'> (0x00000007735ae318) thrown at [/private/tmp/openjdkA8-20210814-5038-e41be5/jdk8u302-ga/hotspot/src/share/vm/runtime/sharedRuntime.cpp, line 609]
Event: 8.160 Thread 0x00007f9eaeb3f800 Exception <a 'java/lang/NoSuchMethodError': java.lang.Object.lambda$getRequiredAttribute$0(Ljava/lang/String;)Ljava/lang/String;> (0x00000007745dcb98) thrown at [/private/tmp/openjdkA8-20210814-5038-e41be5/jdk8u302-ga/hotspot/src/share/vm/interpreter/link
Event: 8.298 Thread 0x00007f9eaeb3f800 Exception <a 'java/lang/ArrayIndexOutOfBoundsException'> (0x0000000776308c88) thrown at [/private/tmp/openjdkA8-20210814-5038-e41be5/jdk8u302-ga/hotspot/src/share/vm/runtime/sharedRuntime.cpp, line 609]
Event: 8.298 Thread 0x00007f9eaeb3f800 Exception <a 'java/lang/ArrayIndexOutOfBoundsException'> (0x000000077630a348) thrown at [/private/tmp/openjdkA8-20210814-5038-e41be5/jdk8u302-ga/hotspot/src/share/vm/runtime/sharedRuntime.cpp, line 609]
Event: 8.300 Thread 0x00007f9eaeb3f800 Exception <a 'java/lang/ArrayIndexOutOfBoundsException'> (0x00000007763ad5d0) thrown at [/private/tmp/openjdkA8-20210814-5038-e41be5/jdk8u302-ga/hotspot/src/share/vm/runtime/sharedRuntime.cpp, line 609]
Event: 8.301 Thread 0x00007f9eaeb3f800 Exception <a 'java/lang/ArrayIndexOutOfBoundsException'> (0x00000007763cd3d0) thrown at [/private/tmp/openjdkA8-20210814-5038-e41be5/jdk8u302-ga/hotspot/src/share/vm/runtime/sharedRuntime.cpp, line 609]
Event: 8.302 Thread 0x00007f9eaeb3f800 Exception <a 'java/lang/ArrayIndexOutOfBoundsException'> (0x0000000776404860) thrown at [/private/tmp/openjdkA8-20210814-5038-e41be5/jdk8u302-ga/hotspot/src/share/vm/runtime/sharedRuntime.cpp, line 609]
Event: 8.302 Thread 0x00007f9eaeb3f800 Exception <a 'java/lang/ArrayIndexOutOfBoundsException'> (0x0000000776405f50) thrown at [/private/tmp/openjdkA8-20210814-5038-e41be5/jdk8u302-ga/hotspot/src/share/vm/runtime/sharedRuntime.cpp, line 609]
Event: 8.307 Thread 0x00007f9eaeb3f800 Exception <a 'java/lang/reflect/InvocationTargetException'> (0x000000077650d988) thrown at [/private/tmp/openjdkA8-20210814-5038-e41be5/jdk8u302-ga/hotspot/src/share/vm/runtime/reflection.cpp, line 1092]

Events (10 events):
Event: 11.011 loading class reactor/core/publisher/FluxSourceMono
Event: 11.011 loading class reactor/core/publisher/FluxSourceMono done
Event: 11.012 loading class reactor/core/publisher/FluxSourceMonoFuseable
Event: 11.012 loading class reactor/core/publisher/FluxSourceMonoFuseable done
Event: 11.012 loading class reactor/core/publisher/MonoSource
Event: 11.012 loading class reactor/core/publisher/MonoSource done
Event: 11.013 loading class reactor/util/context/Context1
Event: 11.013 loading class reactor/util/context/Context1 done
Event: 11.013 loading class io/netty/handler/codec/http/DefaultFullHttpRequest
Event: 11.013 loading class io/netty/handler/codec/http/DefaultFullHttpRequest done


Dynamic libraries:
0x00007ff8259e8000 	/System/Library/Frameworks/Cocoa.framework/Versions/A/Cocoa
0x00007ff811826000 	/System/Library/Frameworks/AppKit.framework/Versions/C/AppKit
0x00007ff814d13000 	/System/Library/Frameworks/CoreData.framework/Versions/A/CoreData
0x00007ff80fc41000 	/System/Library/Frameworks/Foundation.framework/Versions/C/Foundation
0x00007ff819b88000 	/usr/lib/libSystem.B.dylib
0x00007ff8126b3000 	/System/Library/PrivateFrameworks/UIFoundation.framework/Versions/A/UIFoundation
0x00007ff81f9c0000 	/System/Library/PrivateFrameworks/RemoteViewServices.framework/Versions/A/RemoteViewServices
0x00007ff817d34000 	/System/Library/PrivateFrameworks/XCTTargetBootstrap.framework/Versions/A/XCTTargetBootstrap
0x00007ff81b997000 	/System/Library/PrivateFrameworks/InternationalSupport.framework/Versions/A/InternationalSupport
0x00007ff81ba21000 	/System/Library/PrivateFrameworks/UserActivity.framework/Versions/A/UserActivity
0x00007ff81ad77000 	/usr/lib/libspindump.dylib
0x00007ff812941000 	/System/Library/Frameworks/UniformTypeIdentifiers.framework/Versions/A/UniformTypeIdentifiers
0x00007ff816473000 	/usr/lib/libapp_launch_measurement.dylib
0x00007ff8156dd000 	/System/Library/PrivateFrameworks/CoreAnalytics.framework/Versions/A/CoreAnalytics
0x00007ff816476000 	/System/Library/PrivateFrameworks/CoreAutoLayout.framework/Versions/A/CoreAutoLayout
0x00007ff817695000 	/System/Library/Frameworks/Metal.framework/Versions/A/Metal
0x00007ff8183aa000 	/usr/lib/liblangid.dylib
0x00007ff817d38000 	/System/Library/PrivateFrameworks/CoreSVG.framework/Versions/A/CoreSVG
0x00007ff813d03000 	/System/Library/PrivateFrameworks/SkyLight.framework/Versions/A/SkyLight
0x00007ff814094000 	/System/Library/Frameworks/CoreGraphics.framework/Versions/A/CoreGraphics
0x00007ff82002b000 	/System/Library/Frameworks/Accelerate.framework/Versions/A/Accelerate
0x00007ff81a7f2000 	/System/Library/PrivateFrameworks/IconServices.framework/Versions/A/IconServices
0x00007ff81767a000 	/System/Library/Frameworks/IOSurface.framework/Versions/A/IOSurface
0x00007ff81570b000 	/usr/lib/libDiagnosticMessagesClient.dylib
0x00007ff819aa8000 	/usr/lib/libz.1.dylib
0x00007ff82368a000 	/System/Library/Frameworks/ApplicationServices.framework/Versions/A/ApplicationServices
0x00007ff817d20000 	/System/Library/PrivateFrameworks/DFRFoundation.framework/Versions/A/DFRFoundation
0x00007ff811117000 	/usr/lib/libicucore.A.dylib
0x00007ff81c6b9000 	/System/Library/Frameworks/AudioToolbox.framework/Versions/A/AudioToolbox
0x00007ff81b9a3000 	/System/Library/PrivateFrameworks/DataDetectorsCore.framework/Versions/A/DataDetectorsCore
0x00007ff9171e9000 	/System/Library/PrivateFrameworks/TextInput.framework/Versions/A/TextInput
0x00007ff813c86000 	/usr/lib/libMobileGestalt.dylib
0x00007ff817a28000 	/System/Library/Frameworks/Carbon.framework/Versions/A/Frameworks/HIToolbox.framework/Versions/A/HIToolbox
0x00007ff815ea1000 	/System/Library/Frameworks/QuartzCore.framework/Versions/A/QuartzCore
0x00007ff810db8000 	/System/Library/Frameworks/Security.framework/Versions/A/Security
0x00007ff81f9f8000 	/System/Library/Frameworks/Carbon.framework/Versions/A/Frameworks/SpeechRecognition.framework/Versions/A/SpeechRecognition
0x00007ff8161d3000 	/System/Library/PrivateFrameworks/CoreUI.framework/Versions/A/CoreUI
0x00007ff810692000 	/System/Library/Frameworks/CoreAudio.framework/Versions/A/CoreAudio
0x00007ff8157f9000 	/System/Library/Frameworks/DiskArbitration.framework/Versions/A/DiskArbitration
0x00007ff81b15e000 	/System/Library/PrivateFrameworks/MultitouchSupport.framework/Versions/A/MultitouchSupport
0x00007ff813c85000 	/usr/lib/libenergytrace.dylib
0x00007ff811712000 	/System/Library/Frameworks/IOKit.framework/Versions/A/IOKit
0x00007ff81fde2000 	/System/Library/Frameworks/CoreServices.framework/Versions/A/CoreServices
0x00007ff81640d000 	/System/Library/PrivateFrameworks/PerformanceAnalysis.framework/Versions/A/PerformanceAnalysis
0x00007ffa267aa000 	/System/Library/Frameworks/OpenGL.framework/Versions/A/OpenGL
0x00007ff8190e0000 	/System/Library/PrivateFrameworks/MobileKeyBag.framework/Versions/A/MobileKeyBag
0x00007ff80ec02000 	/usr/lib/libobjc.A.dylib
0x00007ff814760000 	/System/Library/Frameworks/ColorSync.framework/Versions/A/ColorSync
0x00007ff80edbb000 	/System/Library/Frameworks/CoreFoundation.framework/Versions/A/CoreFoundation
0x00007ff817fb1000 	/System/Library/Frameworks/CoreImage.framework/Versions/A/CoreImage
0x00007ff8104a8000 	/System/Library/Frameworks/CoreText.framework/Versions/A/CoreText
0x00007ff817d67000 	/System/Library/Frameworks/ImageIO.framework/Versions/A/ImageIO
0x00007ff819b8e000 	/System/Library/PrivateFrameworks/SoftLinking.framework/Versions/A/SoftLinking
0x00007ff8164be000 	/usr/lib/libxml2.2.dylib
0x00007ff80ecc8000 	/usr/lib/libc++.1.dylib
0x00007ff819e11000 	/usr/lib/libcompression.dylib
0x00007ff81b8cd000 	/System/Library/PrivateFrameworks/TextureIO.framework/Versions/A/TextureIO
0x00007ff81a504000 	/usr/lib/libate.dylib
0x00007ff819b83000 	/usr/lib/system/libcache.dylib
0x00007ff819b3f000 	/usr/lib/system/libcommonCrypto.dylib
0x00007ff819b68000 	/usr/lib/system/libcompiler_rt.dylib
0x00007ff819b5e000 	/usr/lib/system/libcopyfile.dylib
0x00007ff80eafc000 	/usr/lib/system/libcorecrypto.dylib
0x00007ff80ebbb000 	/usr/lib/system/libdispatch.dylib
0x00007ff80ed7a000 	/usr/lib/system/libdyld.dylib
0x00007ff819b7a000 	/usr/lib/system/libkeymgr.dylib
0x00007ff819b1d000 	/usr/lib/system/libmacho.dylib
0x00007ff8191b4000 	/usr/lib/system/libquarantine.dylib
0x00007ff819b78000 	/usr/lib/system/libremovefile.dylib
0x00007ff813cd2000 	/usr/lib/system/libsystem_asl.dylib
0x00007ff80eaaa000 	/usr/lib/system/libsystem_blocks.dylib
0x00007ff80ec3f000 	/usr/lib/system/libsystem_c.dylib
0x00007ff819b70000 	/usr/lib/system/libsystem_collections.dylib
0x00007ff81839b000 	/usr/lib/system/libsystem_configuration.dylib
0x00007ff81765d000 	/usr/lib/system/libsystem_containermanager.dylib
0x00007ff81985c000 	/usr/lib/system/libsystem_coreservices.dylib
0x00007ff8113a0000 	/usr/lib/system/libsystem_darwin.dylib
0x00007ff819b7b000 	/usr/lib/system/libsystem_dnssd.dylib
0x00007ff80ec3c000 	/usr/lib/system/libsystem_featureflags.dylib
0x00007ff80ed90000 	/usr/lib/system/libsystem_info.dylib
0x00007ff819abb000 	/usr/lib/system/libsystem_m.dylib
0x00007ff80eb8f000 	/usr/lib/system/libsystem_malloc.dylib
0x00007ff813c6f000 	/usr/lib/system/libsystem_networkextension.dylib
0x00007ff8117c8000 	/usr/lib/system/libsystem_notify.dylib
0x00007ff81fcb9000 	/usr/lib/system/libsystem_product_info_filter.dylib
0x00007ff81839f000 	/usr/lib/system/libsystem_sandbox.dylib
0x00007ff819b75000 	/usr/lib/system/libsystem_secinit.dylib
0x00007ff80ed37000 	/usr/lib/system/libsystem_kernel.dylib
0x00007ff80ed86000 	/usr/lib/system/libsystem_platform.dylib
0x00007ff80ed6e000 	/usr/lib/system/libsystem_pthread.dylib
0x00007ff815523000 	/usr/lib/system/libsystem_symptoms.dylib
0x00007ff80eae3000 	/usr/lib/system/libsystem_trace.dylib
0x00007ff819b4b000 	/usr/lib/system/libunwind.dylib
0x00007ff80eaac000 	/usr/lib/system/libxpc.dylib
0x00007ff80ed21000 	/usr/lib/libc++abi.dylib
0x00007ff819b56000 	/usr/lib/liboah.dylib
0x00007ff81a2e2000 	/usr/lib/liblzma.5.dylib
0x00007ff80f952000 	/System/Library/Frameworks/SystemConfiguration.framework/Versions/A/SystemConfiguration
0x00007ff819b8a000 	/usr/lib/libfakelink.dylib
0x00007ff8137d9000 	/System/Library/Frameworks/CFNetwork.framework/Versions/A/CFNetwork
0x00007ff819cc9000 	/usr/lib/libarchive.2.dylib
0x00007ff8183a6000 	/System/Library/PrivateFrameworks/AppleSystemInfo.framework/Versions/A/AppleSystemInfo
0x00007ff8191da000 	/usr/lib/libbsm.0.dylib
0x00007ff812e10000 	/usr/lib/libnetwork.dylib
0x00007ff819b23000 	/usr/lib/system/libkxld.dylib
0x00007ff818e09000 	/System/Library/PrivateFrameworks/IOMobileFramebuffer.framework/Versions/A/IOMobileFramebuffer
0x00007ffb24293000 	/usr/lib/libCoreEntitlements.dylib
0x00007ff81983e000 	/System/Library/PrivateFrameworks/AppleFSCompression.framework/Versions/A/AppleFSCompression
0x00007ff8191c3000 	/usr/lib/libcoretls.dylib
0x00007ff81a2fc000 	/usr/lib/libcoretls_cfhelpers.dylib
0x00007ff819e0c000 	/usr/lib/libpam.2.dylib
0x00007ff815145000 	/usr/lib/libsqlite3.dylib
0x00007ff81a36b000 	/usr/lib/libxar.1.dylib
0x00007ff81984e000 	/usr/lib/libbz2.1.0.dylib
0x00007ff819b8f000 	/usr/lib/libpcap.A.dylib
0x00007ff81551a000 	/usr/lib/libdns_services.dylib
0x00007ff819ddb000 	/usr/lib/libapple_nghttp2.dylib
0x00007ff819bc6000 	/usr/lib/libiconv.2.dylib
0x00007ff819b1c000 	/usr/lib/libcharset.1.dylib
0x00007ff816441000 	/System/Library/Frameworks/CoreServices.framework/Versions/A/Frameworks/FSEvents.framework/Versions/A/FSEvents
0x00007ff8113aa000 	/System/Library/Frameworks/CoreServices.framework/Versions/A/Frameworks/CarbonCore.framework/Versions/A/CarbonCore
0x00007ff81575e000 	/System/Library/Frameworks/CoreServices.framework/Versions/A/Frameworks/Metadata.framework/Versions/A/Metadata
0x00007ff819861000 	/System/Library/Frameworks/CoreServices.framework/Versions/A/Frameworks/OSServices.framework/Versions/A/OSServices
0x00007ff819d4f000 	/System/Library/Frameworks/CoreServices.framework/Versions/A/Frameworks/SearchKit.framework/Versions/A/SearchKit
0x00007ff8154ac000 	/System/Library/Frameworks/CoreServices.framework/Versions/A/Frameworks/AE.framework/Versions/A/AE
0x00007ff80f2be000 	/System/Library/Frameworks/CoreServices.framework/Versions/A/Frameworks/LaunchServices.framework/Versions/A/LaunchServices
0x00007ff81a293000 	/System/Library/Frameworks/CoreServices.framework/Versions/A/Frameworks/DictionaryServices.framework/Versions/A/DictionaryServices
0x00007ff81644e000 	/System/Library/Frameworks/CoreServices.framework/Versions/A/Frameworks/SharedFileList.framework/Versions/A/SharedFileList
0x00007ff8191b7000 	/usr/lib/libCheckFix.dylib
0x00007ff813ce9000 	/System/Library/PrivateFrameworks/TCC.framework/Versions/A/TCC
0x00007ff8183ac000 	/System/Library/PrivateFrameworks/CoreNLP.framework/Versions/A/CoreNLP
0x00007ff81570e000 	/System/Library/PrivateFrameworks/MetadataUtilities.framework/Versions/A/MetadataUtilities
0x00007ff80fa02000 	/usr/lib/libmecabra.dylib
0x00007ff8191ea000 	/usr/lib/libmecab.dylib
0x00007ff80f9cd000 	/usr/lib/libCRFSuite.dylib
0x00007ff819247000 	/usr/lib/libgermantok.dylib
0x00007ff819db6000 	/usr/lib/libThaiTokenizer.dylib
0x00007ff815800000 	/System/Library/Frameworks/Accelerate.framework/Versions/A/Frameworks/vImage.framework/Versions/A/vImage
0x00007ff81fdb9000 	/System/Library/Frameworks/Accelerate.framework/Versions/A/Frameworks/vecLib.framework/Versions/A/vecLib
0x00007ff81a3ac000 	/System/Library/Frameworks/Accelerate.framework/Versions/A/Frameworks/vecLib.framework/Versions/A/libvMisc.dylib
0x00007ff818c27000 	/System/Library/Frameworks/Accelerate.framework/Versions/A/Frameworks/vecLib.framework/Versions/A/libvDSP.dylib
0x00007ff80f636000 	/System/Library/Frameworks/Accelerate.framework/Versions/A/Frameworks/vecLib.framework/Versions/A/libBLAS.dylib
0x00007ff819eed000 	/System/Library/Frameworks/Accelerate.framework/Versions/A/Frameworks/vecLib.framework/Versions/A/libLAPACK.dylib
0x00007ff81924a000 	/System/Library/Frameworks/Accelerate.framework/Versions/A/Frameworks/vecLib.framework/Versions/A/libLinearAlgebra.dylib
0x00007ff819df4000 	/System/Library/Frameworks/Accelerate.framework/Versions/A/Frameworks/vecLib.framework/Versions/A/libSparseBLAS.dylib
0x00007ff819ee7000 	/System/Library/Frameworks/Accelerate.framework/Versions/A/Frameworks/vecLib.framework/Versions/A/libQuadrature.dylib
0x00007ff818496000 	/System/Library/Frameworks/Accelerate.framework/Versions/A/Frameworks/vecLib.framework/Versions/A/libBNNS.dylib
0x00007ff80f8e3000 	/System/Library/Frameworks/Accelerate.framework/Versions/A/Frameworks/vecLib.framework/Versions/A/libSparse.dylib
0x00007ff81848f000 	/System/Library/PrivateFrameworks/LinguisticData.framework/Versions/A/LinguisticData
0x00007ff80f898000 	/System/Library/PrivateFrameworks/Lexicon.framework/Versions/A/Lexicon
0x00007ff81a3a5000 	/usr/lib/libChineseTokenizer.dylib
0x00007ff80fffc000 	/System/Library/PrivateFrameworks/LanguageModeling.framework/Versions/A/LanguageModeling
0x00007ff819db8000 	/System/Library/PrivateFrameworks/AppleSauce.framework/Versions/A/AppleSauce
0x00007ff818df7000 	/System/Library/PrivateFrameworks/CoreEmoji.framework/Versions/A/CoreEmoji
0x00007ff819cb8000 	/usr/lib/libcmph.dylib
0x00007ff816425000 	/System/Library/Frameworks/OpenDirectory.framework/Versions/A/Frameworks/CFOpenDirectory.framework/Versions/A/CFOpenDirectory
0x00007ff816419000 	/System/Library/Frameworks/OpenDirectory.framework/Versions/A/OpenDirectory
0x00007ff81a2fe000 	/System/Library/PrivateFrameworks/APFS.framework/Versions/A/APFS
0x00007ff819118000 	/System/Library/Frameworks/SecurityFoundation.framework/Versions/A/SecurityFoundation
0x00007ff81a379000 	/usr/lib/libutil.dylib
0x00007ff8116d5000 	/System/Library/PrivateFrameworks/CoreServicesStore.framework/Versions/A/CoreServicesStore
0x00007ff81a37d000 	/usr/lib/libxslt.1.dylib
0x00007ff8191a5000 	/System/Library/PrivateFrameworks/BackgroundTaskManagement.framework/Versions/A/BackgroundTaskManagement
0x00007ff81b7ed000 	/System/Library/Frameworks/ImageIO.framework/Versions/A/Resources/libRadiance.dylib
0x00007ff81b7f6000 	/System/Library/Frameworks/ImageIO.framework/Versions/A/Resources/libJPEG.dylib
0x00007ff81b746000 	/System/Library/Frameworks/ImageIO.framework/Versions/A/Resources/libPng.dylib
0x00007ff81b767000 	/System/Library/Frameworks/ImageIO.framework/Versions/A/Resources/libTIFF.dylib
0x00007ff81b856000 	/System/Library/Frameworks/ImageIO.framework/Versions/A/Resources/libGIF.dylib
0x00007ff81b077000 	/System/Library/Frameworks/ImageIO.framework/Versions/A/Resources/libJP2.dylib
0x00007ff81a7b9000 	/usr/lib/libexpat.1.dylib
0x00007ff81b02c000 	/System/Library/PrivateFrameworks/AppleJPEG.framework/Versions/A/AppleJPEG
0x00007ff8178ef000 	/System/Library/PrivateFrameworks/FontServices.framework/libFontParser.dylib
0x00007ff815456000 	/System/Library/PrivateFrameworks/RunningBoardServices.framework/Versions/A/RunningBoardServices
0x00007ff825f59000 	/System/Library/PrivateFrameworks/IOSurfaceAccelerator.framework/Versions/A/IOSurfaceAccelerator
0x00007ff81b15a000 	/System/Library/PrivateFrameworks/WatchdogClient.framework/Versions/A/WatchdogClient
0x00007ff8100eb000 	/System/Library/Frameworks/CoreDisplay.framework/Versions/A/CoreDisplay
0x00007ff8177ef000 	/System/Library/Frameworks/CoreMedia.framework/Versions/A/CoreMedia
0x00007ff81768c000 	/System/Library/PrivateFrameworks/IOAccelerator.framework/Versions/A/IOAccelerator
0x00007ff8165a1000 	/System/Library/Frameworks/CoreVideo.framework/Versions/A/CoreVideo
0x00007ff819e0a000 	/System/Library/Frameworks/MetalPerformanceShaders.framework/Versions/A/MetalPerformanceShaders
0x00007ff81b195000 	/System/Library/Frameworks/VideoToolbox.framework/Versions/A/VideoToolbox
0x00007ff81539e000 	/System/Library/PrivateFrameworks/BaseBoard.framework/Versions/A/BaseBoard
0x00007ff81512b000 	/System/Library/PrivateFrameworks/ProtocolBuffer.framework/Versions/A/ProtocolBuffer
0x00007ff81b7e6000 	/System/Library/PrivateFrameworks/GPUWrangler.framework/Versions/A/GPUWrangler
0x00007ff81b7c9000 	/System/Library/PrivateFrameworks/IOPresentment.framework/Versions/A/IOPresentment
0x00007ff81b7f0000 	/System/Library/PrivateFrameworks/DSExternalDisplay.framework/Versions/A/DSExternalDisplay
0x00007ffa2679e000 	/System/Library/Frameworks/OpenGL.framework/Versions/A/Libraries/libCoreFSCache.dylib
0x00007ffb12892000 	/System/Library/PrivateFrameworks/GPUCompiler.framework/Versions/31001/Libraries/libGPUCompilerUtils.dylib
0x00007ff81b85b000 	/System/Library/PrivateFrameworks/CMCaptureCore.framework/Versions/A/CMCaptureCore
0x00007ff81ad65000 	/System/Library/PrivateFrameworks/AppServerSupport.framework/Versions/A/AppServerSupport
0x00007ff81cf36000 	/System/Library/PrivateFrameworks/perfdata.framework/Versions/A/perfdata
0x00007ff810217000 	/System/Library/PrivateFrameworks/AudioToolboxCore.framework/Versions/A/AudioToolboxCore
0x00007ff8177cc000 	/System/Library/PrivateFrameworks/caulk.framework/Versions/A/caulk
0x00007ff81c863000 	/usr/lib/libAudioStatistics.dylib
0x00007ff913aa8000 	/System/Library/PrivateFrameworks/SystemPolicy.framework/Versions/A/SystemPolicy
0x00007ff81caaf000 	/usr/lib/libSMC.dylib
0x00007ff82589b000 	/System/Library/Frameworks/CoreMIDI.framework/Versions/A/CoreMIDI
0x00007ff81b716000 	/usr/lib/libAudioToolboxUtility.dylib
0x00007ff90ff30000 	/System/Library/PrivateFrameworks/OSAServicesClient.framework/Versions/A/OSAServicesClient
0x00007ff81cf43000 	/usr/lib/libperfcheck.dylib
0x00007ff914534000 	/usr/lib/libmis.dylib
0x00007ffa267fa000 	/System/Library/Frameworks/OpenGL.framework/Versions/A/Libraries/libGLU.dylib
0x00007ffa267bd000 	/System/Library/Frameworks/OpenGL.framework/Versions/A/Libraries/libGFXShared.dylib
0x00007ffa269cb000 	/System/Library/Frameworks/OpenGL.framework/Versions/A/Libraries/libGL.dylib
0x00007ffa267c6000 	/System/Library/Frameworks/OpenGL.framework/Versions/A/Libraries/libGLImage.dylib
0x00007ffa267ba000 	/System/Library/Frameworks/OpenGL.framework/Versions/A/Libraries/libCVMSPluginSupport.dylib
0x00007ffa267a5000 	/System/Library/Frameworks/OpenGL.framework/Versions/A/Libraries/libCoreVMClient.dylib
0x00007ff81832a000 	/System/Library/Frameworks/MetalPerformanceShaders.framework/Versions/A/Frameworks/MPSCore.framework/Versions/A/MPSCore
0x00007ff8197a9000 	/System/Library/Frameworks/MetalPerformanceShaders.framework/Versions/A/Frameworks/MPSImage.framework/Versions/A/MPSImage
0x00007ff819260000 	/System/Library/Frameworks/MetalPerformanceShaders.framework/Versions/A/Frameworks/MPSNeuralNetwork.framework/Versions/A/MPSNeuralNetwork
0x00007ff8196d5000 	/System/Library/Frameworks/MetalPerformanceShaders.framework/Versions/A/Frameworks/MPSMatrix.framework/Versions/A/MPSMatrix
0x00007ff819491000 	/System/Library/Frameworks/MetalPerformanceShaders.framework/Versions/A/Frameworks/MPSRayIntersector.framework/Versions/A/MPSRayIntersector
0x00007ff81970e000 	/System/Library/Frameworks/MetalPerformanceShaders.framework/Versions/A/Frameworks/MPSNDArray.framework/Versions/A/MPSNDArray
0x00007ffa2b3a3000 	/System/Library/Frameworks/MetalPerformanceShaders.framework/Versions/A/Frameworks/MPSFunctions.framework/Versions/A/MPSFunctions
0x00007ff80f519000 	/System/Library/PrivateFrameworks/MetalTools.framework/Versions/A/MetalTools
0x00007ff8183a4000 	/System/Library/PrivateFrameworks/AggregateDictionary.framework/Versions/A/AggregateDictionary
0x00007ff81a59b000 	/usr/lib/libIOReport.dylib
0x00007ffa27dda000 	/System/Library/Frameworks/OpenCL.framework/Versions/A/OpenCL
0x00007ff81a8ff000 	/System/Library/PrivateFrameworks/FaceCore.framework/Versions/A/FaceCore
0x00007ff81a8f0000 	/System/Library/PrivateFrameworks/GraphVisualizer.framework/Versions/A/GraphVisualizer
0x00007ffb1279d000 	/System/Library/PrivateFrameworks/FontServices.framework/Versions/A/FontServices
0x00007ff81ad1c000 	/System/Library/PrivateFrameworks/OTSVG.framework/Versions/A/OTSVG
0x00007ff816189000 	/System/Library/Frameworks/ApplicationServices.framework/Versions/A/Frameworks/ATS.framework/Versions/A/Resources/libFontRegistry.dylib
0x00007ff81ad6d000 	/System/Library/PrivateFrameworks/FontServices.framework/libhvf.dylib
0x00007ffb1279e000 	/System/Library/PrivateFrameworks/FontServices.framework/libXTFontStaticRegistryData.dylib
0x00007ff81a769000 	/System/Library/PrivateFrameworks/AppleVA.framework/Versions/A/AppleVA
0x00007ff81c883000 	/System/Library/Frameworks/ApplicationServices.framework/Versions/A/Frameworks/ATS.framework/Versions/A/ATS
0x00007ff81485c000 	/System/Library/Frameworks/ApplicationServices.framework/Versions/A/Frameworks/HIServices.framework/Versions/A/HIServices
0x00007ff81b865000 	/System/Library/Frameworks/ApplicationServices.framework/Versions/A/Frameworks/PrintCore.framework/Versions/A/PrintCore
0x00007ff81cc02000 	/System/Library/Frameworks/ApplicationServices.framework/Versions/A/Frameworks/QD.framework/Versions/A/QD
0x00007ff81cbfa000 	/System/Library/Frameworks/ApplicationServices.framework/Versions/A/Frameworks/ColorSyncLegacy.framework/Versions/A/ColorSyncLegacy
0x00007ff81c873000 	/System/Library/Frameworks/ApplicationServices.framework/Versions/A/Frameworks/SpeechSynthesis.framework/Versions/A/SpeechSynthesis
0x00007ff81b826000 	/System/Library/Frameworks/ApplicationServices.framework/Versions/A/Frameworks/ATSUI.framework/Versions/A/ATSUI
0x00007ff81cb8f000 	/usr/lib/libcups.2.dylib
0x00007ff81cf52000 	/System/Library/Frameworks/Kerberos.framework/Versions/A/Kerberos
0x00007ff81cf61000 	/System/Library/Frameworks/GSS.framework/Versions/A/GSS
0x00007ff81c8ef000 	/usr/lib/libresolv.9.dylib
0x00007ff81ad7c000 	/System/Library/PrivateFrameworks/Heimdal.framework/Versions/A/Heimdal
0x00007ff823a05000 	/System/Library/Frameworks/Kerberos.framework/Versions/A/Libraries/libHeimdalProxy.dylib
0x00007ff81552b000 	/System/Library/Frameworks/Network.framework/Versions/A/Network
0x00007ff81a7d3000 	/usr/lib/libheimdal-asn1.dylib
0x00007ff81cfac000 	/System/Library/PrivateFrameworks/CommonAuth.framework/Versions/A/CommonAuth
0x00007ff81c7f4000 	/System/Library/PrivateFrameworks/AudioSession.framework/Versions/A/AudioSession
0x00007ff81a863000 	/System/Library/PrivateFrameworks/MediaExperience.framework/Versions/A/MediaExperience
0x00007ff81c688000 	/System/Library/PrivateFrameworks/AudioSession.framework/libSessionUtility.dylib
0x00007ff81cc0e000 	/System/Library/PrivateFrameworks/AudioResourceArbitration.framework/Versions/A/AudioResourceArbitration
0x00007ff81a7dc000 	/System/Library/PrivateFrameworks/IconFoundation.framework/Versions/A/IconFoundation
0x00007ff81f9e8000 	/System/Library/PrivateFrameworks/SpeechRecognitionCore.framework/Versions/A/SpeechRecognitionCore
0x00007ffa17c71000 	/System/Library/CoreServices/Encodings/libSimplifiedChineseConverter.dylib
0x000000010539d000 	/usr/local/Cellar/openjdk@8/1.8.0+302/libexec/openjdk.jdk/Contents/Home/jre/lib/server/libjvm.dylib
0x0000000104a49000 	/usr/local/Cellar/openjdk@8/1.8.0+302/libexec/openjdk.jdk/Contents/Home/jre/lib/libverify.dylib
0x0000000104a8b000 	/usr/local/Cellar/openjdk@8/1.8.0+302/libexec/openjdk.jdk/Contents/Home/jre/lib/libjava.dylib
0x0000000104abb000 	/usr/local/Cellar/openjdk@8/1.8.0+302/libexec/openjdk.jdk/Contents/Home/jre/lib/libinstrument.dylib
0x0000000104a6b000 	/usr/local/Cellar/openjdk@8/1.8.0+302/libexec/openjdk.jdk/Contents/Home/jre/lib/libzip.dylib
0x00000001074eb000 	/usr/local/Cellar/openjdk@8/1.8.0+302/libexec/openjdk.jdk/Contents/Home/jre/lib/libnio.dylib
0x000000010751d000 	/usr/local/Cellar/openjdk@8/1.8.0+302/libexec/openjdk.jdk/Contents/Home/jre/lib/libnet.dylib
0x0000000107503000 	/usr/local/Cellar/openjdk@8/1.8.0+302/libexec/openjdk.jdk/Contents/Home/jre/lib/libmanagement.dylib
0x000000012289c000 	/usr/local/Cellar/openjdk@8/1.8.0+302/libexec/openjdk.jdk/Contents/Home/jre/lib/libsunec.dylib
0x0000000122876000 	/private/var/folders/yl/sjkxyn7j2gzcvwb_tl6dl2x40000gn/T/libnetty_resolver_dns_native_macos_x86_644755755221006918144.dylib

VM Arguments:
jvm_args: -XX:TieredStopAtLevel=1 -Xverify:none -Dspring.output.ansi.enabled=always -javaagent:/Applications/IntelliJ IDEA.app/Contents/lib/idea_rt.jar=49898:/Applications/IntelliJ IDEA.app/Contents/bin -Dcom.sun.management.jmxremote -Dspring.jmx.enabled=true -Dspring.liveBeansView.mbeanDomain -Dspring.application.admin.enabled=true -Dfile.encoding=UTF-8 
java_command: top.ctong.gulimall.gateway.GulimallGatewayApplication
java_class_path (initial): /usr/local/Cellar/openjdk@8/1.8.0+302/libexec/openjdk.jdk/Contents/Home/jre/lib/charsets.jar:/usr/local/Cellar/openjdk@8/1.8.0+302/libexec/openjdk.jdk/Contents/Home/jre/lib/ext/cldrdata.jar:/usr/local/Cellar/openjdk@8/1.8.0+302/libexec/openjdk.jdk/Contents/Home/jre/lib/ext/dnsns.jar:/usr/local/Cellar/openjdk@8/1.8.0+302/libexec/openjdk.jdk/Contents/Home/jre/lib/ext/jaccess.jar:/usr/local/Cellar/openjdk@8/1.8.0+302/libexec/openjdk.jdk/Contents/Home/jre/lib/ext/localedata.jar:/usr/local/Cellar/openjdk@8/1.8.0+302/libexec/openjdk.jdk/Contents/Home/jre/lib/ext/nashorn.jar:/usr/local/Cellar/openjdk@8/1.8.0+302/libexec/openjdk.jdk/Contents/Home/jre/lib/ext/sunec.jar:/usr/local/Cellar/openjdk@8/1.8.0+302/libexec/openjdk.jdk/Contents/Home/jre/lib/ext/sunjce_provider.jar:/usr/local/Cellar/openjdk@8/1.8.0+302/libexec/openjdk.jdk/Contents/Home/jre/lib/ext/sunpkcs11.jar:/usr/local/Cellar/openjdk@8/1.8.0+302/libexec/openjdk.jdk/Contents/Home/jre/lib/ext/zipfs.jar:/usr/local/Cellar/openjdk@8/1.8.0+302/libexec/openjdk.jdk/Contents/Home/jre/lib/jce.jar:/usr/local/Cellar/openjdk@8/1.8.0+302/libexec/openjdk.jdk/Contents/Home/jre/lib/jfr.jar:/usr/local/Cellar/openjdk@8/1.8.0+302/libexec/openjdk.jdk/Contents/Home/jre/lib/jsse.jar:/usr/local/Cellar/openjdk@8/1.8.0+302/libexec/openjdk.jdk/Contents/Home/jre/lib/management-agent.jar:/usr/local/Cellar/openjdk@8/1.8.0+302/libexec/openjdk.jdk/Contents/Home/jre/lib/resources.jar:/usr/local/Cellar/openjdk@8/1.8.0+302/libexec/openjdk.jdk/Contents/Home/jre/lib/rt.jar:/usr/local/Cellar/openjdk@8/1.8.0+302/libexec/openjdk.jdk/Contents/Home/lib/dt.jar:/usr/local/Cellar/openjdk@8/1.8.0+302/libexec/openjdk.jdk/Contents/Home/lib/jconsole.jar:/usr/local/Cellar/openjdk@8/1.8.0+302/libexec/openjdk.jdk/Contents/Home/lib/sa-jdi.jar:/usr/local/Cellar/openjdk@8/1.8.0+302/libexec/openjdk.jdk/Contents/Home/lib/tools.jar:/Users/clover/code/sources/gulimall/gulimall-gateway/target/classes:/Users/clover/code/sources/gulimall/gulimall-c
Launcher Type: SUN_STANDARD

Environment Variables:
JAVA_HOME=/usr/local/Cellar/openjdk@8/1.8.0+302/libexec/openjdk.jdk/Contents/Home
PATH=/Users/clover/.nvm/versions/node/v14.18.1/bin:/Users/clover/fvm/default/bin:/usr/local/opt/tomcat@9/bin:/usr/local/opt/openjdk@8/bin:/usr/local/bin:/usr/bin:/bin:/usr/sbin:/sbin:/usr/local/share/dotnet:~/.dotnet/tools:/Library/Apple/usr/bin:/Library/Frameworks/Mono.framework/Versions/Current/Commands
SHELL=/bin/zsh

Signal Handlers:
SIGSEGV: [libjvm.dylib+0x58b0af], sa_mask[0]=11111111011111110111111111111111, sa_flags=SA_ONSTACK|SA_RESTART|SA_SIGINFO
SIGBUS: [libjvm.dylib+0x58b0af], sa_mask[0]=11111111011111110111111111111111, sa_flags=SA_RESTART|SA_SIGINFO
SIGFPE: [libjvm.dylib+0x48679b], sa_mask[0]=11111111011111110111111111111111, sa_flags=SA_RESTART|SA_SIGINFO
SIGPIPE: [libjvm.dylib+0x48679b], sa_mask[0]=11111111011111110111111111111111, sa_flags=SA_RESTART|SA_SIGINFO
SIGXFSZ: [libjvm.dylib+0x48679b], sa_mask[0]=11111111011111110111111111111111, sa_flags=SA_RESTART|SA_SIGINFO
SIGILL: [libjvm.dylib+0x48679b], sa_mask[0]=11111111011111110111111111111111, sa_flags=SA_RESTART|SA_SIGINFO
SIGUSR1: SIG_DFL, sa_mask[0]=00000000000000000000000000000000, sa_flags=none
SIGUSR2: [libjvm.dylib+0x487071], sa_mask[0]=00100000000000000000000000000000, sa_flags=SA_RESTART|SA_SIGINFO
SIGHUP: [libjvm.dylib+0x485261], sa_mask[0]=11111111011111110111111111111111, sa_flags=SA_RESTART|SA_SIGINFO
SIGINT: [libjvm.dylib+0x485261], sa_mask[0]=11111111011111110111111111111111, sa_flags=SA_RESTART|SA_SIGINFO
SIGTERM: [libjvm.dylib+0x485261], sa_mask[0]=11111111011111110111111111111111, sa_flags=SA_RESTART|SA_SIGINFO
SIGQUIT: [libjvm.dylib+0x485261], sa_mask[0]=11111111011111110111111111111111, sa_flags=SA_RESTART|SA_SIGINFO


---------------  S Y S T E M  ---------------

OS:Bsduname:Darwin 21.1.0 Darwin Kernel Version 21.1.0: Wed Oct 13 17:33:23 PDT 2021; root:xnu-8019.41.5~1/RELEASE_X86_64 x86_64
rlimit: STACK 8192k, CORE 0k, NPROC 2784, NOFILE 10240, AS infinity
load average:2.86 2.68 2.11

CPU:total 12 (initial active 12) (6 cores per cpu, 2 threads per core) family 6 model 158 stepping 10, cmov, cx8, fxsr, mmx, sse, sse2, sse3, ssse3, sse4.1, sse4.2, popcnt, avx, avx2, aes, clmul, erms, 3dnowpref, lzcnt, ht, tsc, tscinvbit, bmi1, bmi2, adx

Memory: 4k page, physical 16777216k(955204k free)

/proc/meminfo:


vm_info: OpenJDK 64-Bit Server VM (25.302-b00) for bsd-amd64 JRE (1.8.0_302-bre_2021_08_14_22_07-b00), built on Aug 14 2021 22:12:43 by "brew" with gcc Apple LLVM 12.0.0 (clang-1200.0.32.29)

time: Sun Nov 21 16:56:54 2021
timezone: CST
elapsed time: 11.025966 seconds (0d 0h 0m 11s)

