#
# A fatal error has been detected by the Java Runtime Environment:
#
#  SIGSEGV (0xb) at pc=0x00000001054eea67, pid=72537, tid=0x000000000000440b
#
# JRE version: OpenJDK Runtime Environment (8.0_302) (build 1.8.0_302-bre_2021_08_14_22_07-b00)
# Java VM: OpenJDK 64-Bit Server VM (25.302-b00 mixed mode bsd-amd64 compressed oops)
# Problematic frame:
# V  [libjvm.dylib+0x565a67]
#
# Failed to write core dump. Core dumps have been disabled. To enable core dumping, try "ulimit -c unlimited" before starting Java again
#
# If you would like to submit a bug report, please visit:
#   https://github.com/Homebrew/homebrew-core/issues
#

---------------  T H R E A D  ---------------

Current thread (0x00007f8c1684c800):  JavaThread "reactor-http-nio-2" daemon [_thread_in_vm, id=17419, stack(0x0000700008865000,0x0000700008965000)]

siginfo: si_signo: 11 (SIGSEGV), si_code: 1 (SEGV_MAPERR), si_addr: 0x0000000000000000

Registers:
RAX=0x0000000105689220, RBX=0x00007f8c1684c800, RCX=0x00007f8c1e049000, RDX=0x0000000000000000
RSP=0x0000700008960ad0, RBP=0x0000700008960b00, RSI=0x0000700008960bb8, RDI=0x00007f8c1684ca50
R8 =0x000000000000003c, R9 =0x0000000000000006, R10=0x00000001124253db, R11=0x000000010546e877
R12=0x0000000000000000, R13=0x000000010eefde68, R14=0x000000000000003c, R15=0x00007f8c1e049000
RIP=0x00000001054eea67, EFLAGS=0x0000000000010246, ERR=0x0000000000000004
  TRAPNO=0x000000000000000e

Top of Stack: (sp=0x0000700008960ad0)
0x0000700008960ad0:   00007f8c1684c800 00007f8c1684c800
0x0000700008960ae0:   000000010eefde68 0000000000000000
0x0000700008960af0:   0000700008960bb8 00007f8c1684c800
0x0000700008960b00:   0000700008960b78 0000000112425407
0x0000700008960b10:   000000010eefde68 0000700008960bb8
0x0000700008960b20:   0000700008960b78 0000000112425167
0x0000700008960b30:   0000000112425122 0000700008960b38
0x0000700008960b40:   000000010eefde68 0000700008960bb8
0x0000700008960b50:   000000010ef2db10 0000000000000000
0x0000700008960b60:   000000010eefde68 0000000000000000
0x0000700008960b70:   0000700008960b98 0000700008960c00
0x0000700008960b80:   0000000112414ffd 0000000000000000
0x0000700008960b90:   000000011241ea58 000000000000003c
0x0000700008960ba0:   00007f8c1e049000 00000001124204f9
0x0000700008960bb0:   0000000000000000 00000006c00004a0
0x0000700008960bc0:   0000700008960bc0 0000000121a64a8e
0x0000700008960bd0:   0000700008960c28 000000012150c3b0
0x0000700008960be0:   0000000000000000 0000000121a64ac0
0x0000700008960bf0:   0000700008960b98 0000700008960c10
0x0000700008960c00:   0000700008960c70 0000000112414ffd
0x0000700008960c10:   000000000000003c 00007f8c1e049000
0x0000700008960c20:   0000000000000000 0000000000000000
0x0000700008960c30:   0000700008960c30 0000000121a512a3
0x0000700008960c40:   0000700008960c98 0000000121a550f8
0x0000700008960c50:   0000000000000000 0000000121a512d8
0x0000700008960c60:   0000700008960c10 0000700008960c80
0x0000700008960c70:   0000700008960ce0 0000000112414ffd
0x0000700008960c80:   000000000000003c 00007f8c1e049000
0x0000700008960c90:   0000000000000000 0000000000000000
0x0000700008960ca0:   0000700008960ca0 00000001223033c1
0x0000700008960cb0:   0000700008960d60 0000000122305940
0x0000700008960cc0:   0000000000000000 00000001223035e8 

Instructions: (pc=0x00000001054eea67)
0x00000001054eea47:   00 30 74 08 48 89 df e8 4d 96 fe ff c7 83 c8 02
0x00000001054eea57:   00 00 06 00 00 00 48 89 5d d8 41 f6 c4 01 75 06
0x00000001054eea67:   49 8b 04 24 eb 08 4c 89 e7 e8 e1 22 dd ff 46 88
0x00000001054eea77:   34 38 48 8d 7d d8 e8 1e ae d9 ff 48 8d 7d d0 e8 

Register to memory mapping:

RAX=0x0000000105689220: _ZN20SafepointSynchronize6_stateE+0 in /usr/local/Cellar/openjdk@8/1.8.0+302/libexec/openjdk.jdk/Contents/Home/jre/lib/server/libjvm.dylib at 0x0000000104f89000
RBX=0x00007f8c1684c800 is a thread
RCX=0x00007f8c1e049000 is an unknown value
RDX=0x0000000000000000 is an unknown value
RSP=0x0000700008960ad0 is pointing into the stack for thread: 0x00007f8c1684c800
RBP=0x0000700008960b00 is pointing into the stack for thread: 0x00007f8c1684c800
RSI=0x0000700008960bb8 is pointing into the stack for thread: 0x00007f8c1684c800
RDI=0x00007f8c1684ca50 is an unknown value
R8 =0x000000000000003c is an unknown value
R9 =0x0000000000000006 is an unknown value
R10=0x00000001124253db is at code_begin+859 in an Interpreter codelet
method entry point (kind = native)  [0x0000000112425080, 0x0000000112425a00]  2432 bytes
R11=0x000000010546e877: throw_unsatisfied_link_error+0 in /usr/local/Cellar/openjdk@8/1.8.0+302/libexec/openjdk.jdk/Contents/Home/jre/lib/server/libjvm.dylib at 0x0000000104f89000
R12=0x0000000000000000 is an unknown value
R13={method} {0x000000010eefde68} 'putByte' '(Ljava/lang/Object;JB)V' in 'sun/misc/Unsafe'
R14=0x000000000000003c is an unknown value
R15=0x00007f8c1e049000 is an unknown value


Stack: [0x0000700008865000,0x0000700008965000],  sp=0x0000700008960ad0,  free space=1006k
Native frames: (J=compiled Java code, j=interpreted, Vv=VM code, C=native code)
V  [libjvm.dylib+0x565a67]
j  sun.misc.Unsafe.putByte(Ljava/lang/Object;JB)V+0
j  io.netty.util.internal.PlatformDependent0.putByte(Ljava/lang/Object;JB)V+6
j  io.netty.util.internal.PlatformDependent.putByte(Ljava/lang/Object;JB)V+3
j  io.netty.buffer.ByteBufUtil.unsafeWriteUtf8([BJILjava/lang/CharSequence;II)I+73
j  io.netty.buffer.ByteBufUtil.writeUtf8(Lio/netty/buffer/AbstractByteBuf;IILjava/lang/CharSequence;II)I+79
j  io.netty.buffer.ByteBufUtil.reserveAndWriteUtf8Seq(Lio/netty/buffer/ByteBuf;Ljava/lang/CharSequence;III)I+47
j  io.netty.buffer.ByteBufUtil.writeUtf8(Lio/netty/buffer/ByteBuf;Ljava/lang/CharSequence;)I+15
j  org.springframework.core.io.buffer.NettyDataBuffer.write(Ljava/lang/CharSequence;Ljava/nio/charset/Charset;)Lorg/springframework/core/io/buffer/DataBuffer;+27
j  org.springframework.core.codec.CharSequenceEncoder.encodeValue(Ljava/lang/CharSequence;Lorg/springframework/core/io/buffer/DataBufferFactory;Lorg/springframework/core/ResolvableType;Lorg/springframework/util/MimeType;Ljava/util/Map;)Lorg/springframework/core/io/buffer/DataBuffer;+58
j  org.springframework.core.codec.CharSequenceEncoder.lambda$encode$0(Lorg/springframework/core/io/buffer/DataBufferFactory;Lorg/springframework/core/ResolvableType;Lorg/springframework/util/MimeType;Ljava/util/Map;Ljava/lang/CharSequence;)Lorg/springframework/core/io/buffer/DataBuffer;+8
j  org.springframework.core.codec.CharSequenceEncoder$$Lambda$755.apply(Ljava/lang/Object;)Ljava/lang/Object;+24
j  reactor.core.publisher.FluxMapFuseable$MapFuseableSubscriber.onNext(Ljava/lang/Object;)V+47
j  reactor.core.publisher.Operators$ScalarSubscription.request(J)V+29
j  reactor.core.publisher.FluxMapFuseable$MapFuseableSubscriber.request(J)V+5
j  reactor.core.publisher.MonoSingle$SingleSubscriber.doOnRequest(J)V+7
j  reactor.core.publisher.Operators$MonoInnerProducerBase.request(J)V+44
j  reactor.core.publisher.Operators$MultiSubscriptionSubscriber.set(Lorg/reactivestreams/Subscription;)V+92
j  reactor.core.publisher.Operators$MultiSubscriptionSubscriber.onSubscribe(Lorg/reactivestreams/Subscription;)V+2
j  reactor.core.publisher.MonoSingle$SingleSubscriber.onSubscribe(Lorg/reactivestreams/Subscription;)V+21
j  reactor.core.publisher.FluxMapFuseable$MapFuseableSubscriber.onSubscribe(Lorg/reactivestreams/Subscription;)V+24
j  reactor.core.publisher.FluxJust.subscribe(Lreactor/core/CoreSubscriber;)V+11
j  reactor.core.publisher.InternalMonoOperator.subscribe(Lreactor/core/CoreSubscriber;)V+33
j  reactor.core.publisher.MonoFlatMap$FlatMapMain.onNext(Ljava/lang/Object;)V+160
j  reactor.core.publisher.FluxPeekFuseable$PeekFuseableSubscriber.onNext(Ljava/lang/Object;)V+110
j  reactor.core.publisher.Operators$MonoSubscriber.complete(Ljava/lang/Object;)V+101
j  reactor.core.publisher.MonoFlatMap$FlatMapInner.onNext(Ljava/lang/Object;)V+29
j  reactor.core.publisher.MonoNext$NextSubscriber.onNext(Ljava/lang/Object;)V+35
j  reactor.core.publisher.FluxSwitchIfEmpty$SwitchIfEmptySubscriber.onNext(Ljava/lang/Object;)V+17
j  reactor.core.publisher.FluxMapFuseable$MapFuseableSubscriber.onNext(Ljava/lang/Object;)V+112
j  reactor.core.publisher.Operators$ScalarSubscription.request(J)V+29
j  reactor.core.publisher.FluxMapFuseable$MapFuseableSubscriber.request(J)V+5
j  reactor.core.publisher.Operators$MultiSubscriptionSubscriber.set(Lorg/reactivestreams/Subscription;)V+92
j  reactor.core.publisher.Operators$MultiSubscriptionSubscriber.onSubscribe(Lorg/reactivestreams/Subscription;)V+2
j  reactor.core.publisher.FluxMapFuseable$MapFuseableSubscriber.onSubscribe(Lorg/reactivestreams/Subscription;)V+24
j  reactor.core.publisher.MonoJust.subscribe(Lreactor/core/CoreSubscriber;)V+9
j  reactor.core.publisher.Mono.subscribe(Lorg/reactivestreams/Subscriber;)V+71
j  reactor.core.publisher.FluxSwitchIfEmpty$SwitchIfEmptySubscriber.onComplete()V+17
j  reactor.core.publisher.FluxFlatMap$FlatMapMain.checkTerminated(ZZLorg/reactivestreams/Subscriber;Ljava/lang/Object;)Z+210
j  reactor.core.publisher.FluxFlatMap$FlatMapMain.drainLoop()V+67
j  reactor.core.publisher.FluxFlatMap$FlatMapMain.drain(Ljava/lang/Object;)V+36
j  reactor.core.publisher.FluxFlatMap$FlatMapMain.onComplete()V+15
j  reactor.core.publisher.FluxArray$ArraySubscription.slowPath(J)V+133
j  reactor.core.publisher.FluxArray$ArraySubscription.request(J)V+37
j  reactor.core.publisher.FluxFlatMap$FlatMapMain.onSubscribe(Lorg/reactivestreams/Subscription;)V+34
j  reactor.core.publisher.FluxArray.subscribe(Lreactor/core/CoreSubscriber;[Ljava/lang/Object;)V+48
j  reactor.core.publisher.FluxArray.subscribe(Lreactor/core/CoreSubscriber;)V+5
j  reactor.core.publisher.MonoFromFluxOperator.subscribe(Lreactor/core/CoreSubscriber;)V+33
j  reactor.core.publisher.MonoFlatMap$FlatMapMain.onNext(Ljava/lang/Object;)V+160
j  reactor.core.publisher.FluxSwitchIfEmpty$SwitchIfEmptySubscriber.onNext(Ljava/lang/Object;)V+17
j  reactor.core.publisher.MonoNext$NextSubscriber.onNext(Ljava/lang/Object;)V+35
j  reactor.core.publisher.FluxConcatArray$ConcatArraySubscriber.onNext(Ljava/lang/Object;)V+15
j  reactor.core.publisher.Operators$ScalarSubscription.request(J)V+29
j  reactor.core.publisher.FluxConcatArray$ConcatArraySubscriber.request(J)V+16
j  reactor.core.publisher.MonoNext$NextSubscriber.request(J)V+19
j  reactor.core.publisher.Operators$MultiSubscriptionSubscriber.set(Lorg/reactivestreams/Subscription;)V+92
j  reactor.core.publisher.Operators$MultiSubscriptionSubscriber.onSubscribe(Lorg/reactivestreams/Subscription;)V+2
j  reactor.core.publisher.MonoNext$NextSubscriber.onSubscribe(Lorg/reactivestreams/Subscription;)V+21
j  reactor.core.publisher.FluxConcatArray$ConcatArraySubscriber.onSubscribe(Lorg/reactivestreams/Subscription;)V+37
j  reactor.core.publisher.MonoJust.subscribe(Lreactor/core/CoreSubscriber;)V+9
j  reactor.core.publisher.Mono.subscribe(Lorg/reactivestreams/Subscriber;)V+71
j  reactor.core.publisher.FluxConcatArray$ConcatArraySubscriber.onComplete()V+169
j  reactor.core.publisher.FluxConcatArray.subscribe(Lreactor/core/CoreSubscriber;)V+86
j  reactor.core.publisher.Mono.subscribe(Lorg/reactivestreams/Subscriber;)V+71
j  reactor.core.publisher.FluxOnErrorResume$ResumeSubscriber.onError(Ljava/lang/Throwable;)V+72
j  reactor.core.publisher.FluxOnErrorResume$ResumeSubscriber.onError(Ljava/lang/Throwable;)V+85
j  reactor.core.publisher.FluxOnAssembly$OnAssemblySubscriber.onError(Ljava/lang/Throwable;)V+9
j  reactor.core.publisher.Operators.error(Lorg/reactivestreams/Subscriber;Ljava/lang/Throwable;)V+11
j  reactor.core.publisher.MonoError.subscribe(Lreactor/core/CoreSubscriber;)V+5
j  reactor.core.publisher.Mono.subscribe(Lorg/reactivestreams/Subscriber;)V+71
j  reactor.core.publisher.FluxOnErrorResume$ResumeSubscriber.onError(Ljava/lang/Throwable;)V+72
j  reactor.core.publisher.FluxOnAssembly$OnAssemblySubscriber.onError(Ljava/lang/Throwable;)V+9
j  reactor.core.publisher.MonoFlatMap$FlatMapMain.onError(Ljava/lang/Throwable;)V+31
j  reactor.core.publisher.MonoFlatMap$FlatMapMain.secondError(Ljava/lang/Throwable;)V+5
j  reactor.core.publisher.MonoFlatMap$FlatMapInner.onError(Ljava/lang/Throwable;)V+29
j  reactor.core.publisher.MonoIgnoreThen$ThenIgnoreMain.onError(Ljava/lang/Throwable;)V+31
j  reactor.core.publisher.MonoFlatMap$FlatMapMain.onError(Ljava/lang/Throwable;)V+31
j  reactor.core.publisher.Operators$MultiSubscriptionSubscriber.onError(Ljava/lang/Throwable;)V+5
j  reactor.core.publisher.Operators.error(Lorg/reactivestreams/Subscriber;Ljava/lang/Throwable;)V+11
j  reactor.core.publisher.MonoError.subscribe(Lreactor/core/CoreSubscriber;)V+5
j  reactor.core.publisher.MonoDefer.subscribe(Lreactor/core/CoreSubscriber;)V+39
j  reactor.core.publisher.Mono.subscribe(Lorg/reactivestreams/Subscriber;)V+71
j  reactor.core.publisher.FluxSwitchIfEmpty$SwitchIfEmptySubscriber.onComplete()V+17
j  reactor.core.publisher.Operators.complete(Lorg/reactivestreams/Subscriber;)V+10
j  reactor.core.publisher.MonoEmpty.subscribe(Lreactor/core/CoreSubscriber;)V+1
j  reactor.core.publisher.Mono.subscribe(Lorg/reactivestreams/Subscriber;)V+71
j  reactor.core.publisher.MonoIgnoreThen$ThenIgnoreMain.subscribeNext()V+140
j  reactor.core.publisher.MonoIgnoreThen.subscribe(Lreactor/core/CoreSubscriber;)V+25
j  reactor.core.publisher.MonoFlatMap$FlatMapMain.onNext(Ljava/lang/Object;)V+160
j  reactor.core.publisher.FluxSwitchIfEmpty$SwitchIfEmptySubscriber.onNext(Ljava/lang/Object;)V+17
j  reactor.core.publisher.MonoNext$NextSubscriber.onNext(Ljava/lang/Object;)V+35
j  reactor.core.publisher.FluxConcatMap$ConcatMapImmediate.innerNext(Ljava/lang/Object;)V+24
j  reactor.core.publisher.FluxConcatMap$ConcatMapInner.onNext(Ljava/lang/Object;)V+15
j  reactor.core.publisher.FluxMapFuseable$MapFuseableSubscriber.onNext(Ljava/lang/Object;)V+112
j  reactor.core.publisher.Operators$ScalarSubscription.request(J)V+29
j  reactor.core.publisher.FluxMapFuseable$MapFuseableSubscriber.request(J)V+5
j  reactor.core.publisher.Operators$MultiSubscriptionSubscriber.set(Lorg/reactivestreams/Subscription;)V+92
j  reactor.core.publisher.Operators$MultiSubscriptionSubscriber.onSubscribe(Lorg/reactivestreams/Subscription;)V+2
j  reactor.core.publisher.FluxMapFuseable$MapFuseableSubscriber.onSubscribe(Lorg/reactivestreams/Subscription;)V+24
j  reactor.core.publisher.MonoJust.subscribe(Lreactor/core/CoreSubscriber;)V+9
...<more frames>...

Java frames: (J=compiled Java code, j=interpreted, Vv=VM code)
j  sun.misc.Unsafe.putByte(Ljava/lang/Object;JB)V+0
j  io.netty.util.internal.PlatformDependent0.putByte(Ljava/lang/Object;JB)V+6
j  io.netty.util.internal.PlatformDependent.putByte(Ljava/lang/Object;JB)V+3
j  io.netty.buffer.ByteBufUtil.unsafeWriteUtf8([BJILjava/lang/CharSequence;II)I+73
j  io.netty.buffer.ByteBufUtil.writeUtf8(Lio/netty/buffer/AbstractByteBuf;IILjava/lang/CharSequence;II)I+79
j  io.netty.buffer.ByteBufUtil.reserveAndWriteUtf8Seq(Lio/netty/buffer/ByteBuf;Ljava/lang/CharSequence;III)I+47
j  io.netty.buffer.ByteBufUtil.writeUtf8(Lio/netty/buffer/ByteBuf;Ljava/lang/CharSequence;)I+15
j  org.springframework.core.io.buffer.NettyDataBuffer.write(Ljava/lang/CharSequence;Ljava/nio/charset/Charset;)Lorg/springframework/core/io/buffer/DataBuffer;+27
j  org.springframework.core.codec.CharSequenceEncoder.encodeValue(Ljava/lang/CharSequence;Lorg/springframework/core/io/buffer/DataBufferFactory;Lorg/springframework/core/ResolvableType;Lorg/springframework/util/MimeType;Ljava/util/Map;)Lorg/springframework/core/io/buffer/DataBuffer;+58
j  org.springframework.core.codec.CharSequenceEncoder.lambda$encode$0(Lorg/springframework/core/io/buffer/DataBufferFactory;Lorg/springframework/core/ResolvableType;Lorg/springframework/util/MimeType;Ljava/util/Map;Ljava/lang/CharSequence;)Lorg/springframework/core/io/buffer/DataBuffer;+8
j  org.springframework.core.codec.CharSequenceEncoder$$Lambda$755.apply(Ljava/lang/Object;)Ljava/lang/Object;+24
j  reactor.core.publisher.FluxMapFuseable$MapFuseableSubscriber.onNext(Ljava/lang/Object;)V+47
j  reactor.core.publisher.Operators$ScalarSubscription.request(J)V+29
j  reactor.core.publisher.FluxMapFuseable$MapFuseableSubscriber.request(J)V+5
j  reactor.core.publisher.MonoSingle$SingleSubscriber.doOnRequest(J)V+7
j  reactor.core.publisher.Operators$MonoInnerProducerBase.request(J)V+44
j  reactor.core.publisher.Operators$MultiSubscriptionSubscriber.set(Lorg/reactivestreams/Subscription;)V+92
j  reactor.core.publisher.Operators$MultiSubscriptionSubscriber.onSubscribe(Lorg/reactivestreams/Subscription;)V+2
j  reactor.core.publisher.MonoSingle$SingleSubscriber.onSubscribe(Lorg/reactivestreams/Subscription;)V+21
j  reactor.core.publisher.FluxMapFuseable$MapFuseableSubscriber.onSubscribe(Lorg/reactivestreams/Subscription;)V+24
j  reactor.core.publisher.FluxJust.subscribe(Lreactor/core/CoreSubscriber;)V+11
j  reactor.core.publisher.InternalMonoOperator.subscribe(Lreactor/core/CoreSubscriber;)V+33
j  reactor.core.publisher.MonoFlatMap$FlatMapMain.onNext(Ljava/lang/Object;)V+160
j  reactor.core.publisher.FluxPeekFuseable$PeekFuseableSubscriber.onNext(Ljava/lang/Object;)V+110
j  reactor.core.publisher.Operators$MonoSubscriber.complete(Ljava/lang/Object;)V+101
j  reactor.core.publisher.MonoFlatMap$FlatMapInner.onNext(Ljava/lang/Object;)V+29
j  reactor.core.publisher.MonoNext$NextSubscriber.onNext(Ljava/lang/Object;)V+35
j  reactor.core.publisher.FluxSwitchIfEmpty$SwitchIfEmptySubscriber.onNext(Ljava/lang/Object;)V+17
j  reactor.core.publisher.FluxMapFuseable$MapFuseableSubscriber.onNext(Ljava/lang/Object;)V+112
j  reactor.core.publisher.Operators$ScalarSubscription.request(J)V+29
j  reactor.core.publisher.FluxMapFuseable$MapFuseableSubscriber.request(J)V+5
j  reactor.core.publisher.Operators$MultiSubscriptionSubscriber.set(Lorg/reactivestreams/Subscription;)V+92
j  reactor.core.publisher.Operators$MultiSubscriptionSubscriber.onSubscribe(Lorg/reactivestreams/Subscription;)V+2
j  reactor.core.publisher.FluxMapFuseable$MapFuseableSubscriber.onSubscribe(Lorg/reactivestreams/Subscription;)V+24
j  reactor.core.publisher.MonoJust.subscribe(Lreactor/core/CoreSubscriber;)V+9
j  reactor.core.publisher.Mono.subscribe(Lorg/reactivestreams/Subscriber;)V+71
j  reactor.core.publisher.FluxSwitchIfEmpty$SwitchIfEmptySubscriber.onComplete()V+17
j  reactor.core.publisher.FluxFlatMap$FlatMapMain.checkTerminated(ZZLorg/reactivestreams/Subscriber;Ljava/lang/Object;)Z+210
j  reactor.core.publisher.FluxFlatMap$FlatMapMain.drainLoop()V+67
j  reactor.core.publisher.FluxFlatMap$FlatMapMain.drain(Ljava/lang/Object;)V+36
j  reactor.core.publisher.FluxFlatMap$FlatMapMain.onComplete()V+15
j  reactor.core.publisher.FluxArray$ArraySubscription.slowPath(J)V+133
j  reactor.core.publisher.FluxArray$ArraySubscription.request(J)V+37
j  reactor.core.publisher.FluxFlatMap$FlatMapMain.onSubscribe(Lorg/reactivestreams/Subscription;)V+34
j  reactor.core.publisher.FluxArray.subscribe(Lreactor/core/CoreSubscriber;[Ljava/lang/Object;)V+48
j  reactor.core.publisher.FluxArray.subscribe(Lreactor/core/CoreSubscriber;)V+5
j  reactor.core.publisher.MonoFromFluxOperator.subscribe(Lreactor/core/CoreSubscriber;)V+33
j  reactor.core.publisher.MonoFlatMap$FlatMapMain.onNext(Ljava/lang/Object;)V+160
j  reactor.core.publisher.FluxSwitchIfEmpty$SwitchIfEmptySubscriber.onNext(Ljava/lang/Object;)V+17
j  reactor.core.publisher.MonoNext$NextSubscriber.onNext(Ljava/lang/Object;)V+35
j  reactor.core.publisher.FluxConcatArray$ConcatArraySubscriber.onNext(Ljava/lang/Object;)V+15
j  reactor.core.publisher.Operators$ScalarSubscription.request(J)V+29
j  reactor.core.publisher.FluxConcatArray$ConcatArraySubscriber.request(J)V+16
j  reactor.core.publisher.MonoNext$NextSubscriber.request(J)V+19
j  reactor.core.publisher.Operators$MultiSubscriptionSubscriber.set(Lorg/reactivestreams/Subscription;)V+92
j  reactor.core.publisher.Operators$MultiSubscriptionSubscriber.onSubscribe(Lorg/reactivestreams/Subscription;)V+2
j  reactor.core.publisher.MonoNext$NextSubscriber.onSubscribe(Lorg/reactivestreams/Subscription;)V+21
j  reactor.core.publisher.FluxConcatArray$ConcatArraySubscriber.onSubscribe(Lorg/reactivestreams/Subscription;)V+37
j  reactor.core.publisher.MonoJust.subscribe(Lreactor/core/CoreSubscriber;)V+9
j  reactor.core.publisher.Mono.subscribe(Lorg/reactivestreams/Subscriber;)V+71
j  reactor.core.publisher.FluxConcatArray$ConcatArraySubscriber.onComplete()V+169
j  reactor.core.publisher.FluxConcatArray.subscribe(Lreactor/core/CoreSubscriber;)V+86
j  reactor.core.publisher.Mono.subscribe(Lorg/reactivestreams/Subscriber;)V+71
j  reactor.core.publisher.FluxOnErrorResume$ResumeSubscriber.onError(Ljava/lang/Throwable;)V+72
j  reactor.core.publisher.FluxOnErrorResume$ResumeSubscriber.onError(Ljava/lang/Throwable;)V+85
j  reactor.core.publisher.FluxOnAssembly$OnAssemblySubscriber.onError(Ljava/lang/Throwable;)V+9
j  reactor.core.publisher.Operators.error(Lorg/reactivestreams/Subscriber;Ljava/lang/Throwable;)V+11
j  reactor.core.publisher.MonoError.subscribe(Lreactor/core/CoreSubscriber;)V+5
j  reactor.core.publisher.Mono.subscribe(Lorg/reactivestreams/Subscriber;)V+71
j  reactor.core.publisher.FluxOnErrorResume$ResumeSubscriber.onError(Ljava/lang/Throwable;)V+72
j  reactor.core.publisher.FluxOnAssembly$OnAssemblySubscriber.onError(Ljava/lang/Throwable;)V+9
j  reactor.core.publisher.MonoFlatMap$FlatMapMain.onError(Ljava/lang/Throwable;)V+31
j  reactor.core.publisher.MonoFlatMap$FlatMapMain.secondError(Ljava/lang/Throwable;)V+5
j  reactor.core.publisher.MonoFlatMap$FlatMapInner.onError(Ljava/lang/Throwable;)V+29
j  reactor.core.publisher.MonoIgnoreThen$ThenIgnoreMain.onError(Ljava/lang/Throwable;)V+31
j  reactor.core.publisher.MonoFlatMap$FlatMapMain.onError(Ljava/lang/Throwable;)V+31
j  reactor.core.publisher.Operators$MultiSubscriptionSubscriber.onError(Ljava/lang/Throwable;)V+5
j  reactor.core.publisher.Operators.error(Lorg/reactivestreams/Subscriber;Ljava/lang/Throwable;)V+11
j  reactor.core.publisher.MonoError.subscribe(Lreactor/core/CoreSubscriber;)V+5
j  reactor.core.publisher.MonoDefer.subscribe(Lreactor/core/CoreSubscriber;)V+39
j  reactor.core.publisher.Mono.subscribe(Lorg/reactivestreams/Subscriber;)V+71
j  reactor.core.publisher.FluxSwitchIfEmpty$SwitchIfEmptySubscriber.onComplete()V+17
j  reactor.core.publisher.Operators.complete(Lorg/reactivestreams/Subscriber;)V+10
j  reactor.core.publisher.MonoEmpty.subscribe(Lreactor/core/CoreSubscriber;)V+1
j  reactor.core.publisher.Mono.subscribe(Lorg/reactivestreams/Subscriber;)V+71
j  reactor.core.publisher.MonoIgnoreThen$ThenIgnoreMain.subscribeNext()V+140
j  reactor.core.publisher.MonoIgnoreThen.subscribe(Lreactor/core/CoreSubscriber;)V+25
j  reactor.core.publisher.MonoFlatMap$FlatMapMain.onNext(Ljava/lang/Object;)V+160
j  reactor.core.publisher.FluxSwitchIfEmpty$SwitchIfEmptySubscriber.onNext(Ljava/lang/Object;)V+17
j  reactor.core.publisher.MonoNext$NextSubscriber.onNext(Ljava/lang/Object;)V+35
j  reactor.core.publisher.FluxConcatMap$ConcatMapImmediate.innerNext(Ljava/lang/Object;)V+24
j  reactor.core.publisher.FluxConcatMap$ConcatMapInner.onNext(Ljava/lang/Object;)V+15
j  reactor.core.publisher.FluxMapFuseable$MapFuseableSubscriber.onNext(Ljava/lang/Object;)V+112
j  reactor.core.publisher.Operators$ScalarSubscription.request(J)V+29
j  reactor.core.publisher.FluxMapFuseable$MapFuseableSubscriber.request(J)V+5
j  reactor.core.publisher.Operators$MultiSubscriptionSubscriber.set(Lorg/reactivestreams/Subscription;)V+92
j  reactor.core.publisher.Operators$MultiSubscriptionSubscriber.onSubscribe(Lorg/reactivestreams/Subscription;)V+2
j  reactor.core.publisher.FluxMapFuseable$MapFuseableSubscriber.onSubscribe(Lorg/reactivestreams/Subscription;)V+24
j  reactor.core.publisher.MonoJust.subscribe(Lreactor/core/CoreSubscriber;)V+9
j  reactor.core.publisher.Mono.subscribe(Lorg/reactivestreams/Subscriber;)V+71
j  reactor.core.publisher.FluxConcatMap$ConcatMapImmediate.drain()V+435
j  reactor.core.publisher.FluxConcatMap$ConcatMapImmediate.onSubscribe(Lorg/reactivestreams/Subscription;)V+68
j  reactor.core.publisher.FluxIterable.subscribe(Lreactor/core/CoreSubscriber;Ljava/util/Iterator;ZLjava/lang/Runnable;)V+151
j  reactor.core.publisher.FluxIterable.subscribe(Lreactor/core/CoreSubscriber;)V+46
j  reactor.core.publisher.InternalMonoOperator.subscribe(Lreactor/core/CoreSubscriber;)V+33
j  reactor.core.publisher.MonoDefer.subscribe(Lreactor/core/CoreSubscriber;)V+39
j  reactor.core.publisher.InternalMonoOperator.subscribe(Lreactor/core/CoreSubscriber;)V+33
j  reactor.core.publisher.MonoDefer.subscribe(Lreactor/core/CoreSubscriber;)V+39
j  reactor.core.publisher.Mono.subscribe(Lorg/reactivestreams/Subscriber;)V+71
j  reactor.core.publisher.MonoIgnoreThen$ThenIgnoreMain.subscribeNext()V+140
j  reactor.core.publisher.MonoIgnoreThen.subscribe(Lreactor/core/CoreSubscriber;)V+25
j  reactor.core.publisher.InternalMonoOperator.subscribe(Lreactor/core/CoreSubscriber;)V+33
j  reactor.netty.http.server.HttpServer$HttpServerHandle.onStateChange(Lreactor/netty/Connection;Lreactor/netty/ConnectionObserver$State;)V+102
j  reactor.netty.ReactorNetty$CompositeConnectionObserver.onStateChange(Lreactor/netty/Connection;Lreactor/netty/ConnectionObserver$State;)V+29
j  reactor.netty.transport.ServerTransport$ChildObserver.onStateChange(Lreactor/netty/Connection;Lreactor/netty/ConnectionObserver$State;)V+42
j  reactor.netty.http.server.HttpServerOperations.onInboundNext(Lio/netty/channel/ChannelHandlerContext;Ljava/lang/Object;)V+15
j  reactor.netty.channel.ChannelOperationsHandler.channelRead(Lio/netty/channel/ChannelHandlerContext;Ljava/lang/Object;)V+36
j  io.netty.channel.AbstractChannelHandlerContext.invokeChannelRead(Ljava/lang/Object;)V+16
j  io.netty.channel.AbstractChannelHandlerContext.invokeChannelRead(Lio/netty/channel/AbstractChannelHandlerContext;Ljava/lang/Object;)V+31
j  io.netty.channel.AbstractChannelHandlerContext.fireChannelRead(Ljava/lang/Object;)Lio/netty/channel/ChannelHandlerContext;+7
j  reactor.netty.http.server.HttpTrafficHandler.channelRead(Lio/netty/channel/ChannelHandlerContext;Ljava/lang/Object;)V+512
j  io.netty.channel.AbstractChannelHandlerContext.invokeChannelRead(Ljava/lang/Object;)V+16
j  io.netty.channel.AbstractChannelHandlerContext.invokeChannelRead(Lio/netty/channel/AbstractChannelHandlerContext;Ljava/lang/Object;)V+31
j  io.netty.channel.AbstractChannelHandlerContext.fireChannelRead(Ljava/lang/Object;)Lio/netty/channel/ChannelHandlerContext;+7
j  io.netty.channel.CombinedChannelDuplexHandler$DelegatingChannelHandlerContext.fireChannelRead(Ljava/lang/Object;)Lio/netty/channel/ChannelHandlerContext;+5
j  io.netty.handler.codec.ByteToMessageDecoder.fireChannelRead(Lio/netty/channel/ChannelHandlerContext;Lio/netty/handler/codec/CodecOutputList;I)V+13
j  io.netty.handler.codec.ByteToMessageDecoder.channelRead(Lio/netty/channel/ChannelHandlerContext;Ljava/lang/Object;)V+165
j  io.netty.channel.CombinedChannelDuplexHandler.channelRead(Lio/netty/channel/ChannelHandlerContext;Ljava/lang/Object;)V+44
j  io.netty.channel.AbstractChannelHandlerContext.invokeChannelRead(Ljava/lang/Object;)V+16
j  io.netty.channel.AbstractChannelHandlerContext.invokeChannelRead(Lio/netty/channel/AbstractChannelHandlerContext;Ljava/lang/Object;)V+31
j  io.netty.channel.AbstractChannelHandlerContext.fireChannelRead(Ljava/lang/Object;)Lio/netty/channel/ChannelHandlerContext;+7
j  io.netty.channel.DefaultChannelPipeline$HeadContext.channelRead(Lio/netty/channel/ChannelHandlerContext;Ljava/lang/Object;)V+2
j  io.netty.channel.AbstractChannelHandlerContext.invokeChannelRead(Ljava/lang/Object;)V+16
j  io.netty.channel.AbstractChannelHandlerContext.invokeChannelRead(Lio/netty/channel/AbstractChannelHandlerContext;Ljava/lang/Object;)V+31
j  io.netty.channel.DefaultChannelPipeline.fireChannelRead(Ljava/lang/Object;)Lio/netty/channel/ChannelPipeline;+5
j  io.netty.channel.nio.AbstractNioByteChannel$NioByteUnsafe.read()V+159
j  io.netty.channel.nio.NioEventLoop.processSelectedKey(Ljava/nio/channels/SelectionKey;Lio/netty/channel/nio/AbstractNioChannel;)V+113
j  io.netty.channel.nio.NioEventLoop.processSelectedKeysOptimized()V+51
j  io.netty.channel.nio.NioEventLoop.processSelectedKeys()V+8
j  io.netty.channel.nio.NioEventLoop.run()V+263
j  io.netty.util.concurrent.SingleThreadEventExecutor$4.run()V+44
j  io.netty.util.internal.ThreadExecutorMap$2.run()V+11
j  io.netty.util.concurrent.FastThreadLocalRunnable.run()V+4
j  java.lang.Thread.run()V+11
v  ~StubRoutines::call_stub

---------------  P R O C E S S  ---------------

Java Threads: ( => current thread )
  0x00007f8c1b378000 JavaThread "reactor-http-nio-3" daemon [_thread_in_native, id=35595, stack(0x0000700008968000,0x0000700008a68000)]
=>0x00007f8c1684c800 JavaThread "reactor-http-nio-2" daemon [_thread_in_vm, id=17419, stack(0x0000700008865000,0x0000700008965000)]
  0x00007f8c17017800 JavaThread "com.alibaba.nacos.client.naming.updater" daemon [_thread_blocked, id=28939, stack(0x000070000865f000,0x000070000875f000)]
  0x00007f8c1695e000 JavaThread "RMI TCP Connection(2)-127.0.0.1" daemon [_thread_in_native, id=29443, stack(0x0000700008762000,0x0000700008862000)]
  0x00007f8c181d3000 JavaThread "com.alibaba.nacos.client.Worker.longPolling.fixed-127.0.0.1_8848-fdda7c25-1387-41bf-ad8b-061ca421234c" daemon [_thread_blocked, id=28419, stack(0x000070000855c000,0x000070000865c000)]
  0x00007f8c1684b800 JavaThread "com.alibaba.nacos.client.Worker.longPolling.fixed-127.0.0.1_8848-fdda7c25-1387-41bf-ad8b-061ca421234c" daemon [_thread_in_native, id=28163, stack(0x0000700008459000,0x0000700008559000)]
  0x00007f8c1b312800 JavaThread "DestroyJavaVM" [_thread_blocked, id=5635, stack(0x00007000055cc000,0x00007000056cc000)]
  0x00007f8c1684a800 JavaThread "com.alibaba.nacos.naming.beat.sender" daemon [_thread_blocked, id=36611, stack(0x0000700008356000,0x0000700008456000)]
  0x00007f8c17101800 JavaThread "server" [_thread_blocked, id=37123, stack(0x0000700008253000,0x0000700008353000)]
  0x00007f8c170bf000 JavaThread "reactor-http-nio-1" daemon [_thread_in_native, id=37635, stack(0x0000700008150000,0x0000700008250000)]
  0x00007f8c1b323000 JavaThread "Nacos-Watch-Task-Scheduler-1" [_thread_blocked, id=27655, stack(0x0000700007f4a000,0x000070000804a000)]
  0x00007f8c1b302800 JavaThread "com.alibaba.nacos.client.naming.updater" daemon [_thread_blocked, id=27907, stack(0x000070000804d000,0x000070000814d000)]
  0x00007f8c1683c000 JavaThread "nacos.publisher-com.alibaba.nacos.client.naming.event.InstancesChangeEvent" daemon [_thread_blocked, id=27395, stack(0x0000700007e47000,0x0000700007f47000)]
  0x00007f8c1694f800 JavaThread "nacos.publisher-com.alibaba.nacos.common.notify.SlowEvent" daemon [_thread_blocked, id=38659, stack(0x0000700007d44000,0x0000700007e44000)]
  0x00007f8c1683b000 JavaThread "com.alibaba.nacos.naming.push.receiver" daemon [_thread_in_native, id=39171, stack(0x0000700007c41000,0x0000700007d41000)]
  0x00007f8c1818a000 JavaThread "com.alibaba.nacos.naming.failover" daemon [_thread_blocked, id=39427, stack(0x0000700007b3e000,0x0000700007c3e000)]
  0x00007f8c15233000 JavaThread "com.alibaba.nacos.client.naming.updater" daemon [_thread_blocked, id=26371, stack(0x0000700007a3b000,0x0000700007b3b000)]
  0x00007f8c1b30d800 JavaThread "com.alibaba.nacos.client.naming.updater" daemon [_thread_blocked, id=26119, stack(0x0000700007938000,0x0000700007a38000)]
  0x00007f8c16069000 JavaThread "spring.cloud.inetutils" daemon [_thread_blocked, id=25603, stack(0x0000700007835000,0x0000700007935000)]
  0x00007f8c1815c000 JavaThread "boundedElastic-evictor-1" daemon [_thread_blocked, id=23571, stack(0x0000700007429000,0x0000700007529000)]
  0x00007f8c18125800 JavaThread "Keep-Alive-Timer" daemon [_thread_blocked, id=23303, stack(0x000070000701d000,0x000070000711d000)]
  0x00007f8c168e6800 JavaThread "logback-5" daemon [_thread_blocked, id=41995, stack(0x0000700006f1a000,0x000070000701a000)]
  0x00007f8c168f2800 JavaThread "logback-4" daemon [_thread_blocked, id=42251, stack(0x0000700006e17000,0x0000700006f17000)]
  0x00007f8c1711c000 JavaThread "com.alibaba.nacos.client.Worker.fixed-127.0.0.1_8848-fdda7c25-1387-41bf-ad8b-061ca421234c" daemon [_thread_blocked, id=25091, stack(0x0000700007732000,0x0000700007832000)]
  0x00007f8c17200800 JavaThread "com.alibaba.nacos.client.config.security.updater" daemon [_thread_blocked, id=39939, stack(0x000070000762f000,0x000070000772f000)]
  0x00007f8c1715b000 JavaThread "com.alibaba.nacos.client.identify.watcher.0" daemon [_thread_blocked, id=24579, stack(0x000070000752c000,0x000070000762c000)]
  0x00007f8c161f7800 JavaThread "RMI Scheduler(0)" daemon [_thread_blocked, id=40963, stack(0x0000700007326000,0x0000700007426000)]
  0x00007f8c151bc000 JavaThread "RMI TCP Connection(1)-127.0.0.1" daemon [_thread_in_native, id=41219, stack(0x0000700007223000,0x0000700007323000)]
  0x00007f8c180e1000 JavaThread "Attach Listener" daemon [_thread_blocked, id=41475, stack(0x0000700007120000,0x0000700007220000)]
  0x00007f8c18036800 JavaThread "RMI TCP Accept-0" daemon [_thread_in_native, id=22275, stack(0x0000700006c11000,0x0000700006d11000)]
  0x00007f8c1b3dc800 JavaThread "Service Thread" daemon [_thread_blocked, id=43011, stack(0x0000700006b0e000,0x0000700006c0e000)]
  0x00007f8c160ba000 JavaThread "C1 CompilerThread3" daemon [_thread_blocked, id=22019, stack(0x0000700006a0b000,0x0000700006b0b000)]
  0x00007f8c160b9000 JavaThread "C2 CompilerThread2" daemon [_thread_blocked, id=15107, stack(0x0000700006908000,0x0000700006a08000)]
  0x00007f8c15064000 JavaThread "C2 CompilerThread1" daemon [_thread_blocked, id=14851, stack(0x0000700006805000,0x0000700006905000)]
  0x00007f8c15063800 JavaThread "C2 CompilerThread0" daemon [_thread_blocked, id=15875, stack(0x0000700006702000,0x0000700006802000)]
  0x00007f8c160b6800 JavaThread "Monitor Ctrl-Break" daemon [_thread_in_native, id=14595, stack(0x00007000065ff000,0x00007000066ff000)]
  0x00007f8c18029000 JavaThread "Signal Dispatcher" daemon [_thread_blocked, id=16643, stack(0x00007000064fc000,0x00007000065fc000)]
  0x00007f8c1702e000 JavaThread "Finalizer" daemon [_thread_blocked, id=13315, stack(0x00007000062f3000,0x00007000063f3000)]
  0x00007f8c1b00e800 JavaThread "Reference Handler" daemon [_thread_blocked, id=18947, stack(0x00007000061f0000,0x00007000062f0000)]

Other Threads:
  0x00007f8c1501c800 VMThread [stack: 0x00007000060ed000,0x00007000061ed000] [id=12803]
  0x00007f8c18069800 WatcherThread [stack: 0x0000700006d14000,0x0000700006e14000] [id=42499]

VM state:not at safepoint (normal execution)

VM Mutex/Monitor currently owned by a thread: None

heap address: 0x00000006c0000000, size: 4096 MB, Compressed Oops mode: Zero based, Oop shift amount: 3
Narrow klass base: 0x0000000000000000, Narrow klass shift: 3
Compressed class space size: 1073741824 Address: 0x00000007c0000000

Heap:
 PSYoungGen      total 221696K, used 154551K [0x000000076ab00000, 0x0000000780800000, 0x00000007c0000000)
  eden space 208384K, 74% used [0x000000076ab00000,0x00000007741edde8,0x0000000777680000)
  from space 13312K, 0% used [0x0000000777680000,0x0000000777680000,0x0000000778380000)
  to   space 13312K, 0% used [0x000000077fb00000,0x000000077fb00000,0x0000000780800000)
 ParOldGen       total 140800K, used 14511K [0x00000006c0000000, 0x00000006c8980000, 0x000000076ab00000)
  object space 140800K, 10% used [0x00000006c0000000,0x00000006c0e2be68,0x00000006c8980000)
 Metaspace       used 42086K, capacity 44767K, committed 45056K, reserved 1087488K
  class space    used 5831K, capacity 6333K, committed 6400K, reserved 1048576K

Card table byte_map: [0x0000000105929000,0x000000010612a000] byte_map_base: 0x0000000102329000

Marking Bits: (ParMarkBitMap*) 0x0000000105688cc8
 Begin Bits: [0x0000000106680000, 0x000000010a680000)
 End Bits:   [0x000000010a680000, 0x000000010e680000)

Polling page: 0x0000000104623000

CodeCache: size=245760Kb used=7536Kb max_used=7536Kb free=238223Kb
 bounds [0x000000011240d000, 0x0000000112b6d000, 0x000000012140d000]
 total_blobs=4407 nmethods=3881 adapters=439
 compilation: enabled

Compilation events (10 events):
Event: 5.559 Thread 0x00007f8c160ba000 3876       1       java.lang.invoke.MethodHandles$Lookup::linkMethodHandleConstant (185 bytes)
Event: 5.559 Thread 0x00007f8c160ba000 nmethod 3876 0x0000000112b67350 code [0x0000000112b67580, 0x0000000112b67c78]
Event: 5.562 Thread 0x00007f8c160ba000 3877       1       java.lang.Character::valueOf (21 bytes)
Event: 5.562 Thread 0x00007f8c160ba000 nmethod 3877 0x0000000112b68110 code [0x0000000112b68280, 0x0000000112b68410]
Event: 5.562 Thread 0x00007f8c160ba000 3878       1       java.lang.Integer::parseInt (7 bytes)
Event: 5.562 Thread 0x00007f8c160ba000 nmethod 3878 0x0000000112b684d0 code [0x0000000112b68640, 0x0000000112b68748]
Event: 5.562 Thread 0x00007f8c160ba000 3880       1       java.util.concurrent.Executors$RunnableAdapter::call (14 bytes)
Event: 5.562 Thread 0x00007f8c160ba000 nmethod 3880 0x0000000112b687d0 code [0x0000000112b68940, 0x0000000112b68a88]
Event: 5.562 Thread 0x00007f8c160ba000 3879       1       java.lang.Character::<init> (10 bytes)
Event: 5.562 Thread 0x00007f8c160ba000 nmethod 3879 0x0000000112b68b10 code [0x0000000112b68c60, 0x0000000112b68d70]

GC Heap History (10 events):
Event: 1.167 GC heap before
{Heap before GC invocations=5 (full 1):
 PSYoungGen      total 141824K, used 6543K [0x000000076ab00000, 0x0000000774000000, 0x00000007c0000000)
  eden space 131072K, 0% used [0x000000076ab00000,0x000000076ab00000,0x0000000772b00000)
  from space 10752K, 60% used [0x0000000773580000,0x0000000773be3ef8,0x0000000774000000)
  to   space 10752K, 0% used [0x0000000772b00000,0x0000000772b00000,0x0000000773580000)
 ParOldGen       total 175104K, used 104K [0x00000006c0000000, 0x00000006cab00000, 0x000000076ab00000)
  object space 175104K, 0% used [0x00000006c0000000,0x00000006c001a010,0x00000006cab00000)
 Metaspace       used 20188K, capacity 21096K, committed 21248K, reserved 1067008K
  class space    used 2746K, capacity 2958K, committed 3072K, reserved 1048576K
Event: 1.192 GC heap after
Heap after GC invocations=5 (full 1):
 PSYoungGen      total 141824K, used 0K [0x000000076ab00000, 0x0000000774000000, 0x00000007c0000000)
  eden space 131072K, 0% used [0x000000076ab00000,0x000000076ab00000,0x0000000772b00000)
  from space 10752K, 0% used [0x0000000773580000,0x0000000773580000,0x0000000774000000)
  to   space 10752K, 0% used [0x0000000772b00000,0x0000000772b00000,0x0000000773580000)
 ParOldGen       total 94720K, used 6385K [0x00000006c0000000, 0x00000006c5c80000, 0x000000076ab00000)
  object space 94720K, 6% used [0x00000006c0000000,0x00000006c063c440,0x00000006c5c80000)
 Metaspace       used 20188K, capacity 21096K, committed 21248K, reserved 1067008K
  class space    used 2746K, capacity 2958K, committed 3072K, reserved 1048576K
}
Event: 1.692 GC heap before
{Heap before GC invocations=6 (full 1):
 PSYoungGen      total 141824K, used 131072K [0x000000076ab00000, 0x0000000774000000, 0x00000007c0000000)
  eden space 131072K, 100% used [0x000000076ab00000,0x0000000772b00000,0x0000000772b00000)
  from space 10752K, 0% used [0x0000000773580000,0x0000000773580000,0x0000000774000000)
  to   space 10752K, 0% used [0x0000000772b00000,0x0000000772b00000,0x0000000773580000)
 ParOldGen       total 94720K, used 6385K [0x00000006c0000000, 0x00000006c5c80000, 0x000000076ab00000)
  object space 94720K, 6% used [0x00000006c0000000,0x00000006c063c440,0x00000006c5c80000)
 Metaspace       used 26892K, capacity 28192K, committed 28288K, reserved 1073152K
  class space    used 3665K, capacity 3948K, committed 3968K, reserved 1048576K
Event: 1.700 GC heap after
Heap after GC invocations=6 (full 1):
 PSYoungGen      total 141824K, used 10373K [0x000000076ab00000, 0x0000000779080000, 0x00000007c0000000)
  eden space 131072K, 0% used [0x000000076ab00000,0x000000076ab00000,0x0000000772b00000)
  from space 10752K, 96% used [0x0000000772b00000,0x0000000773521500,0x0000000773580000)
  to   space 11264K, 0% used [0x0000000778580000,0x0000000778580000,0x0000000779080000)
 ParOldGen       total 94720K, used 6393K [0x00000006c0000000, 0x00000006c5c80000, 0x000000076ab00000)
  object space 94720K, 6% used [0x00000006c0000000,0x00000006c063e440,0x00000006c5c80000)
 Metaspace       used 26892K, capacity 28192K, committed 28288K, reserved 1073152K
  class space    used 3665K, capacity 3948K, committed 3968K, reserved 1048576K
}
Event: 2.223 GC heap before
{Heap before GC invocations=7 (full 1):
 PSYoungGen      total 141824K, used 141445K [0x000000076ab00000, 0x0000000779080000, 0x00000007c0000000)
  eden space 131072K, 100% used [0x000000076ab00000,0x0000000772b00000,0x0000000772b00000)
  from space 10752K, 96% used [0x0000000772b00000,0x0000000773521500,0x0000000773580000)
  to   space 11264K, 0% used [0x0000000778580000,0x0000000778580000,0x0000000779080000)
 ParOldGen       total 94720K, used 6393K [0x00000006c0000000, 0x00000006c5c80000, 0x000000076ab00000)
  object space 94720K, 6% used [0x00000006c0000000,0x00000006c063e440,0x00000006c5c80000)
 Metaspace       used 32268K, capacity 33974K, committed 34304K, reserved 1079296K
  class space    used 4450K, capacity 4767K, committed 4864K, reserved 1048576K
Event: 2.230 GC heap after
Heap after GC invocations=7 (full 1):
 PSYoungGen      total 219136K, used 11245K [0x000000076ab00000, 0x0000000779080000, 0x00000007c0000000)
  eden space 207872K, 0% used [0x000000076ab00000,0x000000076ab00000,0x0000000777600000)
  from space 11264K, 99% used [0x0000000778580000,0x000000077907b5e8,0x0000000779080000)
  to   space 13312K, 0% used [0x0000000777680000,0x0000000777680000,0x0000000778380000)
 ParOldGen       total 94720K, used 8022K [0x00000006c0000000, 0x00000006c5c80000, 0x000000076ab00000)
  object space 94720K, 8% used [0x00000006c0000000,0x00000006c07d5a78,0x00000006c5c80000)
 Metaspace       used 32268K, capacity 33974K, committed 34304K, reserved 1079296K
  class space    used 4450K, capacity 4767K, committed 4864K, reserved 1048576K
}
Event: 2.366 GC heap before
{Heap before GC invocations=8 (full 1):
 PSYoungGen      total 219136K, used 40544K [0x000000076ab00000, 0x0000000779080000, 0x00000007c0000000)
  eden space 207872K, 14% used [0x000000076ab00000,0x000000076c79cc50,0x0000000777600000)
  from space 11264K, 99% used [0x0000000778580000,0x000000077907b5e8,0x0000000779080000)
  to   space 13312K, 0% used [0x0000000777680000,0x0000000777680000,0x0000000778380000)
 ParOldGen       total 94720K, used 8022K [0x00000006c0000000, 0x00000006c5c80000, 0x000000076ab00000)
  object space 94720K, 8% used [0x00000006c0000000,0x00000006c07d5a78,0x00000006c5c80000)
 Metaspace       used 33495K, capacity 35297K, committed 35416K, reserved 1079296K
  class space    used 4623K, capacity 5001K, committed 5120K, reserved 1048576K
Event: 2.371 GC heap after
Heap after GC invocations=8 (full 1):
 PSYoungGen      total 221696K, used 9129K [0x000000076ab00000, 0x0000000780800000, 0x00000007c0000000)
  eden space 208384K, 0% used [0x000000076ab00000,0x000000076ab00000,0x0000000777680000)
  from space 13312K, 68% used [0x0000000777680000,0x0000000777f6a6e0,0x0000000778380000)
  to   space 13312K, 0% used [0x000000077fb00000,0x000000077fb00000,0x0000000780800000)
 ParOldGen       total 94720K, used 8030K [0x00000006c0000000, 0x00000006c5c80000, 0x000000076ab00000)
  object space 94720K, 8% used [0x00000006c0000000,0x00000006c07d7a78,0x00000006c5c80000)
 Metaspace       used 33495K, capacity 35297K, committed 35416K, reserved 1079296K
  class space    used 4623K, capacity 5001K, committed 5120K, reserved 1048576K
}
Event: 2.371 GC heap before
{Heap before GC invocations=9 (full 2):
 PSYoungGen      total 221696K, used 9129K [0x000000076ab00000, 0x0000000780800000, 0x00000007c0000000)
  eden space 208384K, 0% used [0x000000076ab00000,0x000000076ab00000,0x0000000777680000)
  from space 13312K, 68% used [0x0000000777680000,0x0000000777f6a6e0,0x0000000778380000)
  to   space 13312K, 0% used [0x000000077fb00000,0x000000077fb00000,0x0000000780800000)
 ParOldGen       total 94720K, used 8030K [0x00000006c0000000, 0x00000006c5c80000, 0x000000076ab00000)
  object space 94720K, 8% used [0x00000006c0000000,0x00000006c07d7a78,0x00000006c5c80000)
 Metaspace       used 33495K, capacity 35297K, committed 35416K, reserved 1079296K
  class space    used 4623K, capacity 5001K, committed 5120K, reserved 1048576K
Event: 2.398 GC heap after
Heap after GC invocations=9 (full 2):
 PSYoungGen      total 221696K, used 0K [0x000000076ab00000, 0x0000000780800000, 0x00000007c0000000)
  eden space 208384K, 0% used [0x000000076ab00000,0x000000076ab00000,0x0000000777680000)
  from space 13312K, 0% used [0x0000000777680000,0x0000000777680000,0x0000000778380000)
  to   space 13312K, 0% used [0x000000077fb00000,0x000000077fb00000,0x0000000780800000)
 ParOldGen       total 140800K, used 14511K [0x00000006c0000000, 0x00000006c8980000, 0x000000076ab00000)
  object space 140800K, 10% used [0x00000006c0000000,0x00000006c0e2be68,0x00000006c8980000)
 Metaspace       used 33495K, capacity 35297K, committed 35416K, reserved 1079296K
  class space    used 4623K, capacity 5001K, committed 5120K, reserved 1048576K
}

Deoptimization events (0 events):
No events

Classes redefined (0 events):
No events

Internal exceptions (10 events):
Event: 2.896 Thread 0x00007f8c17017800 Exception <a 'java/lang/ArrayIndexOutOfBoundsException'> (0x00000007718da6e8) thrown at [/private/tmp/openjdkA8-20210814-5038-e41be5/jdk8u302-ga/hotspot/src/share/vm/runtime/sharedRuntime.cpp, line 609]
Event: 3.279 Thread 0x00007f8c1683b000 Exception <a 'java/lang/ArrayIndexOutOfBoundsException'> (0x000000076f6b3748) thrown at [/private/tmp/openjdkA8-20210814-5038-e41be5/jdk8u302-ga/hotspot/src/share/vm/runtime/sharedRuntime.cpp, line 609]
Event: 3.279 Thread 0x00007f8c1683b000 Exception <a 'java/lang/ArrayIndexOutOfBoundsException'> (0x000000076f6b4b08) thrown at [/private/tmp/openjdkA8-20210814-5038-e41be5/jdk8u302-ga/hotspot/src/share/vm/runtime/sharedRuntime.cpp, line 609]
Event: 3.282 Thread 0x00007f8c1683b000 Exception <a 'java/lang/ArrayIndexOutOfBoundsException'> (0x000000076f726fe0) thrown at [/private/tmp/openjdkA8-20210814-5038-e41be5/jdk8u302-ga/hotspot/src/share/vm/runtime/sharedRuntime.cpp, line 609]
Event: 5.469 Thread 0x00007f8c1b378000 Exception <a 'java/lang/ArrayIndexOutOfBoundsException'> (0x0000000772cd4498) thrown at [/private/tmp/openjdkA8-20210814-5038-e41be5/jdk8u302-ga/hotspot/src/share/vm/runtime/sharedRuntime.cpp, line 609]
Event: 5.469 Thread 0x00007f8c1684c800 Exception <a 'java/lang/ArrayIndexOutOfBoundsException'> (0x0000000772adb9d8) thrown at [/private/tmp/openjdkA8-20210814-5038-e41be5/jdk8u302-ga/hotspot/src/share/vm/runtime/sharedRuntime.cpp, line 609]
Event: 5.469 Thread 0x00007f8c1b378000 Exception <a 'java/lang/ArrayIndexOutOfBoundsException'> (0x0000000772cd5ac0) thrown at [/private/tmp/openjdkA8-20210814-5038-e41be5/jdk8u302-ga/hotspot/src/share/vm/runtime/sharedRuntime.cpp, line 609]
Event: 5.469 Thread 0x00007f8c1684c800 Exception <a 'java/lang/ArrayIndexOutOfBoundsException'> (0x0000000772add000) thrown at [/private/tmp/openjdkA8-20210814-5038-e41be5/jdk8u302-ga/hotspot/src/share/vm/runtime/sharedRuntime.cpp, line 609]
Event: 5.545 Thread 0x00007f8c1684c800 Exception <a 'java/lang/NoSuchMethodError': java.lang.Object.lambda$getRequiredAttribute$0(Ljava/lang/String;)Ljava/lang/String;> (0x000000077395ad08) thrown at [/private/tmp/openjdkA8-20210814-5038-e41be5/jdk8u302-ga/hotspot/src/share/vm/interpreter/link
Event: 5.548 Thread 0x00007f8c1684c800 Exception <a 'java/lang/NoSuchMethodError': java.lang.Object.from(Ljava/lang/Object;)Lreactor/core/Scannable;> (0x00000007739e8010) thrown at [/private/tmp/openjdkA8-20210814-5038-e41be5/jdk8u302-ga/hotspot/src/share/vm/interpreter/linkResolver.cpp, line 

Events (10 events):
Event: 5.581 loading class reactor/core/publisher/FluxContextWrite$ContextWriteSubscriber
Event: 5.581 loading class reactor/core/publisher/FluxContextWrite$ContextWriteSubscriber done
Event: 5.582 loading class reactor/core/publisher/MonoSingle$SingleSubscriber
Event: 5.582 loading class reactor/core/publisher/MonoSingle$SingleSubscriber done
Event: 5.582 loading class reactor/core/publisher/Operators$MonoInnerProducerBase
Event: 5.582 loading class reactor/core/publisher/Operators$MonoInnerProducerBase done
Event: 5.583 loading class org/springframework/core/io/buffer/NettyDataBuffer
Event: 5.583 loading class org/springframework/core/io/buffer/NettyDataBuffer done
Event: 5.584 loading class io/netty/buffer/WrappedCompositeByteBuf
Event: 5.584 loading class io/netty/buffer/WrappedCompositeByteBuf done


Dynamic libraries:
0x00007ff823d2f000 	/System/Library/Frameworks/Cocoa.framework/Versions/A/Cocoa
0x00007ff80fb6d000 	/System/Library/Frameworks/AppKit.framework/Versions/C/AppKit
0x00007ff81305a000 	/System/Library/Frameworks/CoreData.framework/Versions/A/CoreData
0x00007ff80df88000 	/System/Library/Frameworks/Foundation.framework/Versions/C/Foundation
0x00007ff817ecf000 	/usr/lib/libSystem.B.dylib
0x00007ff8109fa000 	/System/Library/PrivateFrameworks/UIFoundation.framework/Versions/A/UIFoundation
0x00007ff81dd07000 	/System/Library/PrivateFrameworks/RemoteViewServices.framework/Versions/A/RemoteViewServices
0x00007ff81607b000 	/System/Library/PrivateFrameworks/XCTTargetBootstrap.framework/Versions/A/XCTTargetBootstrap
0x00007ff819cde000 	/System/Library/PrivateFrameworks/InternationalSupport.framework/Versions/A/InternationalSupport
0x00007ff819d68000 	/System/Library/PrivateFrameworks/UserActivity.framework/Versions/A/UserActivity
0x00007ff8190be000 	/usr/lib/libspindump.dylib
0x00007ff810c88000 	/System/Library/Frameworks/UniformTypeIdentifiers.framework/Versions/A/UniformTypeIdentifiers
0x00007ff8147ba000 	/usr/lib/libapp_launch_measurement.dylib
0x00007ff813a24000 	/System/Library/PrivateFrameworks/CoreAnalytics.framework/Versions/A/CoreAnalytics
0x00007ff8147bd000 	/System/Library/PrivateFrameworks/CoreAutoLayout.framework/Versions/A/CoreAutoLayout
0x00007ff8159dc000 	/System/Library/Frameworks/Metal.framework/Versions/A/Metal
0x00007ff8166f1000 	/usr/lib/liblangid.dylib
0x00007ff81607f000 	/System/Library/PrivateFrameworks/CoreSVG.framework/Versions/A/CoreSVG
0x00007ff81204a000 	/System/Library/PrivateFrameworks/SkyLight.framework/Versions/A/SkyLight
0x00007ff8123db000 	/System/Library/Frameworks/CoreGraphics.framework/Versions/A/CoreGraphics
0x00007ff81e372000 	/System/Library/Frameworks/Accelerate.framework/Versions/A/Accelerate
0x00007ff818b39000 	/System/Library/PrivateFrameworks/IconServices.framework/Versions/A/IconServices
0x00007ff8159c1000 	/System/Library/Frameworks/IOSurface.framework/Versions/A/IOSurface
0x00007ff813a52000 	/usr/lib/libDiagnosticMessagesClient.dylib
0x00007ff817def000 	/usr/lib/libz.1.dylib
0x00007ff8219d1000 	/System/Library/Frameworks/ApplicationServices.framework/Versions/A/ApplicationServices
0x00007ff816067000 	/System/Library/PrivateFrameworks/DFRFoundation.framework/Versions/A/DFRFoundation
0x00007ff80f45e000 	/usr/lib/libicucore.A.dylib
0x00007ff81aa00000 	/System/Library/Frameworks/AudioToolbox.framework/Versions/A/AudioToolbox
0x00007ff819cea000 	/System/Library/PrivateFrameworks/DataDetectorsCore.framework/Versions/A/DataDetectorsCore
0x00007ff915530000 	/System/Library/PrivateFrameworks/TextInput.framework/Versions/A/TextInput
0x00007ff811fcd000 	/usr/lib/libMobileGestalt.dylib
0x00007ff815d6f000 	/System/Library/Frameworks/Carbon.framework/Versions/A/Frameworks/HIToolbox.framework/Versions/A/HIToolbox
0x00007ff8141e8000 	/System/Library/Frameworks/QuartzCore.framework/Versions/A/QuartzCore
0x00007ff80f0ff000 	/System/Library/Frameworks/Security.framework/Versions/A/Security
0x00007ff81dd3f000 	/System/Library/Frameworks/Carbon.framework/Versions/A/Frameworks/SpeechRecognition.framework/Versions/A/SpeechRecognition
0x00007ff81451a000 	/System/Library/PrivateFrameworks/CoreUI.framework/Versions/A/CoreUI
0x00007ff80e9d9000 	/System/Library/Frameworks/CoreAudio.framework/Versions/A/CoreAudio
0x00007ff813b40000 	/System/Library/Frameworks/DiskArbitration.framework/Versions/A/DiskArbitration
0x00007ff8194a5000 	/System/Library/PrivateFrameworks/MultitouchSupport.framework/Versions/A/MultitouchSupport
0x00007ff811fcc000 	/usr/lib/libenergytrace.dylib
0x00007ff80fa59000 	/System/Library/Frameworks/IOKit.framework/Versions/A/IOKit
0x00007ff81e129000 	/System/Library/Frameworks/CoreServices.framework/Versions/A/CoreServices
0x00007ff814754000 	/System/Library/PrivateFrameworks/PerformanceAnalysis.framework/Versions/A/PerformanceAnalysis
0x00007ffa24af1000 	/System/Library/Frameworks/OpenGL.framework/Versions/A/OpenGL
0x00007ff817427000 	/System/Library/PrivateFrameworks/MobileKeyBag.framework/Versions/A/MobileKeyBag
0x00007ff80cf49000 	/usr/lib/libobjc.A.dylib
0x00007ff812aa7000 	/System/Library/Frameworks/ColorSync.framework/Versions/A/ColorSync
0x00007ff80d102000 	/System/Library/Frameworks/CoreFoundation.framework/Versions/A/CoreFoundation
0x00007ff8162f8000 	/System/Library/Frameworks/CoreImage.framework/Versions/A/CoreImage
0x00007ff80e7ef000 	/System/Library/Frameworks/CoreText.framework/Versions/A/CoreText
0x00007ff8160ae000 	/System/Library/Frameworks/ImageIO.framework/Versions/A/ImageIO
0x00007ff817ed5000 	/System/Library/PrivateFrameworks/SoftLinking.framework/Versions/A/SoftLinking
0x00007ff814805000 	/usr/lib/libxml2.2.dylib
0x00007ff80d00f000 	/usr/lib/libc++.1.dylib
0x00007ff818158000 	/usr/lib/libcompression.dylib
0x00007ff819c14000 	/System/Library/PrivateFrameworks/TextureIO.framework/Versions/A/TextureIO
0x00007ff81884b000 	/usr/lib/libate.dylib
0x00007ff817eca000 	/usr/lib/system/libcache.dylib
0x00007ff817e86000 	/usr/lib/system/libcommonCrypto.dylib
0x00007ff817eaf000 	/usr/lib/system/libcompiler_rt.dylib
0x00007ff817ea5000 	/usr/lib/system/libcopyfile.dylib
0x00007ff80ce43000 	/usr/lib/system/libcorecrypto.dylib
0x00007ff80cf02000 	/usr/lib/system/libdispatch.dylib
0x00007ff80d0c1000 	/usr/lib/system/libdyld.dylib
0x00007ff817ec1000 	/usr/lib/system/libkeymgr.dylib
0x00007ff817e64000 	/usr/lib/system/libmacho.dylib
0x00007ff8174fb000 	/usr/lib/system/libquarantine.dylib
0x00007ff817ebf000 	/usr/lib/system/libremovefile.dylib
0x00007ff812019000 	/usr/lib/system/libsystem_asl.dylib
0x00007ff80cdf1000 	/usr/lib/system/libsystem_blocks.dylib
0x00007ff80cf86000 	/usr/lib/system/libsystem_c.dylib
0x00007ff817eb7000 	/usr/lib/system/libsystem_collections.dylib
0x00007ff8166e2000 	/usr/lib/system/libsystem_configuration.dylib
0x00007ff8159a4000 	/usr/lib/system/libsystem_containermanager.dylib
0x00007ff817ba3000 	/usr/lib/system/libsystem_coreservices.dylib
0x00007ff80f6e7000 	/usr/lib/system/libsystem_darwin.dylib
0x00007ff817ec2000 	/usr/lib/system/libsystem_dnssd.dylib
0x00007ff80cf83000 	/usr/lib/system/libsystem_featureflags.dylib
0x00007ff80d0d7000 	/usr/lib/system/libsystem_info.dylib
0x00007ff817e02000 	/usr/lib/system/libsystem_m.dylib
0x00007ff80ced6000 	/usr/lib/system/libsystem_malloc.dylib
0x00007ff811fb6000 	/usr/lib/system/libsystem_networkextension.dylib
0x00007ff80fb0f000 	/usr/lib/system/libsystem_notify.dylib
0x00007ff81e000000 	/usr/lib/system/libsystem_product_info_filter.dylib
0x00007ff8166e6000 	/usr/lib/system/libsystem_sandbox.dylib
0x00007ff817ebc000 	/usr/lib/system/libsystem_secinit.dylib
0x00007ff80d07e000 	/usr/lib/system/libsystem_kernel.dylib
0x00007ff80d0cd000 	/usr/lib/system/libsystem_platform.dylib
0x00007ff80d0b5000 	/usr/lib/system/libsystem_pthread.dylib
0x00007ff81386a000 	/usr/lib/system/libsystem_symptoms.dylib
0x00007ff80ce2a000 	/usr/lib/system/libsystem_trace.dylib
0x00007ff817e92000 	/usr/lib/system/libunwind.dylib
0x00007ff80cdf3000 	/usr/lib/system/libxpc.dylib
0x00007ff80d068000 	/usr/lib/libc++abi.dylib
0x00007ff817e9d000 	/usr/lib/liboah.dylib
0x00007ff818629000 	/usr/lib/liblzma.5.dylib
0x00007ff80dc99000 	/System/Library/Frameworks/SystemConfiguration.framework/Versions/A/SystemConfiguration
0x00007ff817ed1000 	/usr/lib/libfakelink.dylib
0x00007ff811b20000 	/System/Library/Frameworks/CFNetwork.framework/Versions/A/CFNetwork
0x00007ff818010000 	/usr/lib/libarchive.2.dylib
0x00007ff8166ed000 	/System/Library/PrivateFrameworks/AppleSystemInfo.framework/Versions/A/AppleSystemInfo
0x00007ff817521000 	/usr/lib/libbsm.0.dylib
0x00007ff811157000 	/usr/lib/libnetwork.dylib
0x00007ff817e6a000 	/usr/lib/system/libkxld.dylib
0x00007ff817150000 	/System/Library/PrivateFrameworks/IOMobileFramebuffer.framework/Versions/A/IOMobileFramebuffer
0x00007ffb225da000 	/usr/lib/libCoreEntitlements.dylib
0x00007ff817b85000 	/System/Library/PrivateFrameworks/AppleFSCompression.framework/Versions/A/AppleFSCompression
0x00007ff81750a000 	/usr/lib/libcoretls.dylib
0x00007ff818643000 	/usr/lib/libcoretls_cfhelpers.dylib
0x00007ff818153000 	/usr/lib/libpam.2.dylib
0x00007ff81348c000 	/usr/lib/libsqlite3.dylib
0x00007ff8186b2000 	/usr/lib/libxar.1.dylib
0x00007ff817b95000 	/usr/lib/libbz2.1.0.dylib
0x00007ff817ed6000 	/usr/lib/libpcap.A.dylib
0x00007ff813861000 	/usr/lib/libdns_services.dylib
0x00007ff818122000 	/usr/lib/libapple_nghttp2.dylib
0x00007ff817f0d000 	/usr/lib/libiconv.2.dylib
0x00007ff817e63000 	/usr/lib/libcharset.1.dylib
0x00007ff814788000 	/System/Library/Frameworks/CoreServices.framework/Versions/A/Frameworks/FSEvents.framework/Versions/A/FSEvents
0x00007ff80f6f1000 	/System/Library/Frameworks/CoreServices.framework/Versions/A/Frameworks/CarbonCore.framework/Versions/A/CarbonCore
0x00007ff813aa5000 	/System/Library/Frameworks/CoreServices.framework/Versions/A/Frameworks/Metadata.framework/Versions/A/Metadata
0x00007ff817ba8000 	/System/Library/Frameworks/CoreServices.framework/Versions/A/Frameworks/OSServices.framework/Versions/A/OSServices
0x00007ff818096000 	/System/Library/Frameworks/CoreServices.framework/Versions/A/Frameworks/SearchKit.framework/Versions/A/SearchKit
0x00007ff8137f3000 	/System/Library/Frameworks/CoreServices.framework/Versions/A/Frameworks/AE.framework/Versions/A/AE
0x00007ff80d605000 	/System/Library/Frameworks/CoreServices.framework/Versions/A/Frameworks/LaunchServices.framework/Versions/A/LaunchServices
0x00007ff8185da000 	/System/Library/Frameworks/CoreServices.framework/Versions/A/Frameworks/DictionaryServices.framework/Versions/A/DictionaryServices
0x00007ff814795000 	/System/Library/Frameworks/CoreServices.framework/Versions/A/Frameworks/SharedFileList.framework/Versions/A/SharedFileList
0x00007ff8174fe000 	/usr/lib/libCheckFix.dylib
0x00007ff812030000 	/System/Library/PrivateFrameworks/TCC.framework/Versions/A/TCC
0x00007ff8166f3000 	/System/Library/PrivateFrameworks/CoreNLP.framework/Versions/A/CoreNLP
0x00007ff813a55000 	/System/Library/PrivateFrameworks/MetadataUtilities.framework/Versions/A/MetadataUtilities
0x00007ff80dd49000 	/usr/lib/libmecabra.dylib
0x00007ff817531000 	/usr/lib/libmecab.dylib
0x00007ff80dd14000 	/usr/lib/libCRFSuite.dylib
0x00007ff81758e000 	/usr/lib/libgermantok.dylib
0x00007ff8180fd000 	/usr/lib/libThaiTokenizer.dylib
0x00007ff813b47000 	/System/Library/Frameworks/Accelerate.framework/Versions/A/Frameworks/vImage.framework/Versions/A/vImage
0x00007ff81e100000 	/System/Library/Frameworks/Accelerate.framework/Versions/A/Frameworks/vecLib.framework/Versions/A/vecLib
0x00007ff8186f3000 	/System/Library/Frameworks/Accelerate.framework/Versions/A/Frameworks/vecLib.framework/Versions/A/libvMisc.dylib
0x00007ff816f6e000 	/System/Library/Frameworks/Accelerate.framework/Versions/A/Frameworks/vecLib.framework/Versions/A/libvDSP.dylib
0x00007ff80d97d000 	/System/Library/Frameworks/Accelerate.framework/Versions/A/Frameworks/vecLib.framework/Versions/A/libBLAS.dylib
0x00007ff818234000 	/System/Library/Frameworks/Accelerate.framework/Versions/A/Frameworks/vecLib.framework/Versions/A/libLAPACK.dylib
0x00007ff817591000 	/System/Library/Frameworks/Accelerate.framework/Versions/A/Frameworks/vecLib.framework/Versions/A/libLinearAlgebra.dylib
0x00007ff81813b000 	/System/Library/Frameworks/Accelerate.framework/Versions/A/Frameworks/vecLib.framework/Versions/A/libSparseBLAS.dylib
0x00007ff81822e000 	/System/Library/Frameworks/Accelerate.framework/Versions/A/Frameworks/vecLib.framework/Versions/A/libQuadrature.dylib
0x00007ff8167dd000 	/System/Library/Frameworks/Accelerate.framework/Versions/A/Frameworks/vecLib.framework/Versions/A/libBNNS.dylib
0x00007ff80dc2a000 	/System/Library/Frameworks/Accelerate.framework/Versions/A/Frameworks/vecLib.framework/Versions/A/libSparse.dylib
0x00007ff8167d6000 	/System/Library/PrivateFrameworks/LinguisticData.framework/Versions/A/LinguisticData
0x00007ff80dbdf000 	/System/Library/PrivateFrameworks/Lexicon.framework/Versions/A/Lexicon
0x00007ff8186ec000 	/usr/lib/libChineseTokenizer.dylib
0x00007ff80e343000 	/System/Library/PrivateFrameworks/LanguageModeling.framework/Versions/A/LanguageModeling
0x00007ff8180ff000 	/System/Library/PrivateFrameworks/AppleSauce.framework/Versions/A/AppleSauce
0x00007ff81713e000 	/System/Library/PrivateFrameworks/CoreEmoji.framework/Versions/A/CoreEmoji
0x00007ff817fff000 	/usr/lib/libcmph.dylib
0x00007ff81476c000 	/System/Library/Frameworks/OpenDirectory.framework/Versions/A/Frameworks/CFOpenDirectory.framework/Versions/A/CFOpenDirectory
0x00007ff814760000 	/System/Library/Frameworks/OpenDirectory.framework/Versions/A/OpenDirectory
0x00007ff818645000 	/System/Library/PrivateFrameworks/APFS.framework/Versions/A/APFS
0x00007ff81745f000 	/System/Library/Frameworks/SecurityFoundation.framework/Versions/A/SecurityFoundation
0x00007ff8186c0000 	/usr/lib/libutil.dylib
0x00007ff80fa1c000 	/System/Library/PrivateFrameworks/CoreServicesStore.framework/Versions/A/CoreServicesStore
0x00007ff8186c4000 	/usr/lib/libxslt.1.dylib
0x00007ff8174ec000 	/System/Library/PrivateFrameworks/BackgroundTaskManagement.framework/Versions/A/BackgroundTaskManagement
0x00007ff819b34000 	/System/Library/Frameworks/ImageIO.framework/Versions/A/Resources/libRadiance.dylib
0x00007ff819b3d000 	/System/Library/Frameworks/ImageIO.framework/Versions/A/Resources/libJPEG.dylib
0x00007ff819a8d000 	/System/Library/Frameworks/ImageIO.framework/Versions/A/Resources/libPng.dylib
0x00007ff819aae000 	/System/Library/Frameworks/ImageIO.framework/Versions/A/Resources/libTIFF.dylib
0x00007ff819b9d000 	/System/Library/Frameworks/ImageIO.framework/Versions/A/Resources/libGIF.dylib
0x00007ff8193be000 	/System/Library/Frameworks/ImageIO.framework/Versions/A/Resources/libJP2.dylib
0x00007ff818b00000 	/usr/lib/libexpat.1.dylib
0x00007ff819373000 	/System/Library/PrivateFrameworks/AppleJPEG.framework/Versions/A/AppleJPEG
0x00007ff815c36000 	/System/Library/PrivateFrameworks/FontServices.framework/libFontParser.dylib
0x00007ff81379d000 	/System/Library/PrivateFrameworks/RunningBoardServices.framework/Versions/A/RunningBoardServices
0x00007ff8242a0000 	/System/Library/PrivateFrameworks/IOSurfaceAccelerator.framework/Versions/A/IOSurfaceAccelerator
0x00007ff8194a1000 	/System/Library/PrivateFrameworks/WatchdogClient.framework/Versions/A/WatchdogClient
0x00007ff80e432000 	/System/Library/Frameworks/CoreDisplay.framework/Versions/A/CoreDisplay
0x00007ff815b36000 	/System/Library/Frameworks/CoreMedia.framework/Versions/A/CoreMedia
0x00007ff8159d3000 	/System/Library/PrivateFrameworks/IOAccelerator.framework/Versions/A/IOAccelerator
0x00007ff8148e8000 	/System/Library/Frameworks/CoreVideo.framework/Versions/A/CoreVideo
0x00007ff818151000 	/System/Library/Frameworks/MetalPerformanceShaders.framework/Versions/A/MetalPerformanceShaders
0x00007ff8194dc000 	/System/Library/Frameworks/VideoToolbox.framework/Versions/A/VideoToolbox
0x00007ff8136e5000 	/System/Library/PrivateFrameworks/BaseBoard.framework/Versions/A/BaseBoard
0x00007ff813472000 	/System/Library/PrivateFrameworks/ProtocolBuffer.framework/Versions/A/ProtocolBuffer
0x00007ff819b2d000 	/System/Library/PrivateFrameworks/GPUWrangler.framework/Versions/A/GPUWrangler
0x00007ff819b10000 	/System/Library/PrivateFrameworks/IOPresentment.framework/Versions/A/IOPresentment
0x00007ff819b37000 	/System/Library/PrivateFrameworks/DSExternalDisplay.framework/Versions/A/DSExternalDisplay
0x00007ffa24ae5000 	/System/Library/Frameworks/OpenGL.framework/Versions/A/Libraries/libCoreFSCache.dylib
0x00007ffb10bd9000 	/System/Library/PrivateFrameworks/GPUCompiler.framework/Versions/31001/Libraries/libGPUCompilerUtils.dylib
0x00007ff819ba2000 	/System/Library/PrivateFrameworks/CMCaptureCore.framework/Versions/A/CMCaptureCore
0x00007ff8190ac000 	/System/Library/PrivateFrameworks/AppServerSupport.framework/Versions/A/AppServerSupport
0x00007ff81b27d000 	/System/Library/PrivateFrameworks/perfdata.framework/Versions/A/perfdata
0x00007ff80e55e000 	/System/Library/PrivateFrameworks/AudioToolboxCore.framework/Versions/A/AudioToolboxCore
0x00007ff815b13000 	/System/Library/PrivateFrameworks/caulk.framework/Versions/A/caulk
0x00007ff81abaa000 	/usr/lib/libAudioStatistics.dylib
0x00007ff911def000 	/System/Library/PrivateFrameworks/SystemPolicy.framework/Versions/A/SystemPolicy
0x00007ff81adf6000 	/usr/lib/libSMC.dylib
0x00007ff823be2000 	/System/Library/Frameworks/CoreMIDI.framework/Versions/A/CoreMIDI
0x00007ff819a5d000 	/usr/lib/libAudioToolboxUtility.dylib
0x00007ff90e277000 	/System/Library/PrivateFrameworks/OSAServicesClient.framework/Versions/A/OSAServicesClient
0x00007ff81b28a000 	/usr/lib/libperfcheck.dylib
0x00007ff91287b000 	/usr/lib/libmis.dylib
0x00007ffa24b41000 	/System/Library/Frameworks/OpenGL.framework/Versions/A/Libraries/libGLU.dylib
0x00007ffa24b04000 	/System/Library/Frameworks/OpenGL.framework/Versions/A/Libraries/libGFXShared.dylib
0x00007ffa24d12000 	/System/Library/Frameworks/OpenGL.framework/Versions/A/Libraries/libGL.dylib
0x00007ffa24b0d000 	/System/Library/Frameworks/OpenGL.framework/Versions/A/Libraries/libGLImage.dylib
0x00007ffa24b01000 	/System/Library/Frameworks/OpenGL.framework/Versions/A/Libraries/libCVMSPluginSupport.dylib
0x00007ffa24aec000 	/System/Library/Frameworks/OpenGL.framework/Versions/A/Libraries/libCoreVMClient.dylib
0x00007ff816671000 	/System/Library/Frameworks/MetalPerformanceShaders.framework/Versions/A/Frameworks/MPSCore.framework/Versions/A/MPSCore
0x00007ff817af0000 	/System/Library/Frameworks/MetalPerformanceShaders.framework/Versions/A/Frameworks/MPSImage.framework/Versions/A/MPSImage
0x00007ff8175a7000 	/System/Library/Frameworks/MetalPerformanceShaders.framework/Versions/A/Frameworks/MPSNeuralNetwork.framework/Versions/A/MPSNeuralNetwork
0x00007ff817a1c000 	/System/Library/Frameworks/MetalPerformanceShaders.framework/Versions/A/Frameworks/MPSMatrix.framework/Versions/A/MPSMatrix
0x00007ff8177d8000 	/System/Library/Frameworks/MetalPerformanceShaders.framework/Versions/A/Frameworks/MPSRayIntersector.framework/Versions/A/MPSRayIntersector
0x00007ff817a55000 	/System/Library/Frameworks/MetalPerformanceShaders.framework/Versions/A/Frameworks/MPSNDArray.framework/Versions/A/MPSNDArray
0x00007ffa296ea000 	/System/Library/Frameworks/MetalPerformanceShaders.framework/Versions/A/Frameworks/MPSFunctions.framework/Versions/A/MPSFunctions
0x00007ff80d860000 	/System/Library/PrivateFrameworks/MetalTools.framework/Versions/A/MetalTools
0x00007ff8166eb000 	/System/Library/PrivateFrameworks/AggregateDictionary.framework/Versions/A/AggregateDictionary
0x00007ff8188e2000 	/usr/lib/libIOReport.dylib
0x00007ffa26121000 	/System/Library/Frameworks/OpenCL.framework/Versions/A/OpenCL
0x00007ff818c46000 	/System/Library/PrivateFrameworks/FaceCore.framework/Versions/A/FaceCore
0x00007ff818c37000 	/System/Library/PrivateFrameworks/GraphVisualizer.framework/Versions/A/GraphVisualizer
0x00007ffb10ae4000 	/System/Library/PrivateFrameworks/FontServices.framework/Versions/A/FontServices
0x00007ff819063000 	/System/Library/PrivateFrameworks/OTSVG.framework/Versions/A/OTSVG
0x00007ff8144d0000 	/System/Library/Frameworks/ApplicationServices.framework/Versions/A/Frameworks/ATS.framework/Versions/A/Resources/libFontRegistry.dylib
0x00007ff8190b4000 	/System/Library/PrivateFrameworks/FontServices.framework/libhvf.dylib
0x00007ffb10ae5000 	/System/Library/PrivateFrameworks/FontServices.framework/libXTFontStaticRegistryData.dylib
0x00007ff818ab0000 	/System/Library/PrivateFrameworks/AppleVA.framework/Versions/A/AppleVA
0x00007ff81abca000 	/System/Library/Frameworks/ApplicationServices.framework/Versions/A/Frameworks/ATS.framework/Versions/A/ATS
0x00007ff812ba3000 	/System/Library/Frameworks/ApplicationServices.framework/Versions/A/Frameworks/HIServices.framework/Versions/A/HIServices
0x00007ff819bac000 	/System/Library/Frameworks/ApplicationServices.framework/Versions/A/Frameworks/PrintCore.framework/Versions/A/PrintCore
0x00007ff81af49000 	/System/Library/Frameworks/ApplicationServices.framework/Versions/A/Frameworks/QD.framework/Versions/A/QD
0x00007ff81af41000 	/System/Library/Frameworks/ApplicationServices.framework/Versions/A/Frameworks/ColorSyncLegacy.framework/Versions/A/ColorSyncLegacy
0x00007ff81abba000 	/System/Library/Frameworks/ApplicationServices.framework/Versions/A/Frameworks/SpeechSynthesis.framework/Versions/A/SpeechSynthesis
0x00007ff819b6d000 	/System/Library/Frameworks/ApplicationServices.framework/Versions/A/Frameworks/ATSUI.framework/Versions/A/ATSUI
0x00007ff81aed6000 	/usr/lib/libcups.2.dylib
0x00007ff81b299000 	/System/Library/Frameworks/Kerberos.framework/Versions/A/Kerberos
0x00007ff81b2a8000 	/System/Library/Frameworks/GSS.framework/Versions/A/GSS
0x00007ff81ac36000 	/usr/lib/libresolv.9.dylib
0x00007ff8190c3000 	/System/Library/PrivateFrameworks/Heimdal.framework/Versions/A/Heimdal
0x00007ff821d4c000 	/System/Library/Frameworks/Kerberos.framework/Versions/A/Libraries/libHeimdalProxy.dylib
0x00007ff813872000 	/System/Library/Frameworks/Network.framework/Versions/A/Network
0x00007ff818b1a000 	/usr/lib/libheimdal-asn1.dylib
0x00007ff81b2f3000 	/System/Library/PrivateFrameworks/CommonAuth.framework/Versions/A/CommonAuth
0x00007ff81ab3b000 	/System/Library/PrivateFrameworks/AudioSession.framework/Versions/A/AudioSession
0x00007ff818baa000 	/System/Library/PrivateFrameworks/MediaExperience.framework/Versions/A/MediaExperience
0x00007ff81a9cf000 	/System/Library/PrivateFrameworks/AudioSession.framework/libSessionUtility.dylib
0x00007ff81af55000 	/System/Library/PrivateFrameworks/AudioResourceArbitration.framework/Versions/A/AudioResourceArbitration
0x00007ff818b23000 	/System/Library/PrivateFrameworks/IconFoundation.framework/Versions/A/IconFoundation
0x00007ff81dd2f000 	/System/Library/PrivateFrameworks/SpeechRecognitionCore.framework/Versions/A/SpeechRecognitionCore
0x00007ffa15fb8000 	/System/Library/CoreServices/Encodings/libSimplifiedChineseConverter.dylib
0x0000000104f89000 	/usr/local/Cellar/openjdk@8/1.8.0+302/libexec/openjdk.jdk/Contents/Home/jre/lib/server/libjvm.dylib
0x0000000104635000 	/usr/local/Cellar/openjdk@8/1.8.0+302/libexec/openjdk.jdk/Contents/Home/jre/lib/libverify.dylib
0x0000000104677000 	/usr/local/Cellar/openjdk@8/1.8.0+302/libexec/openjdk.jdk/Contents/Home/jre/lib/libjava.dylib
0x00000001046a7000 	/usr/local/Cellar/openjdk@8/1.8.0+302/libexec/openjdk.jdk/Contents/Home/jre/lib/libinstrument.dylib
0x0000000104657000 	/usr/local/Cellar/openjdk@8/1.8.0+302/libexec/openjdk.jdk/Contents/Home/jre/lib/libzip.dylib
0x000000011151c000 	/usr/local/Cellar/openjdk@8/1.8.0+302/libexec/openjdk.jdk/Contents/Home/jre/lib/libnio.dylib
0x000000011154e000 	/usr/local/Cellar/openjdk@8/1.8.0+302/libexec/openjdk.jdk/Contents/Home/jre/lib/libnet.dylib
0x0000000111534000 	/usr/local/Cellar/openjdk@8/1.8.0+302/libexec/openjdk.jdk/Contents/Home/jre/lib/libmanagement.dylib

VM Arguments:
jvm_args: -XX:TieredStopAtLevel=1 -Xverify:none -Dspring.output.ansi.enabled=always -javaagent:/Applications/IntelliJ IDEA.app/Contents/lib/idea_rt.jar=52018:/Applications/IntelliJ IDEA.app/Contents/bin -Dcom.sun.management.jmxremote -Dspring.jmx.enabled=true -Dspring.liveBeansView.mbeanDomain -Dspring.application.admin.enabled=true -Dfile.encoding=UTF-8 
java_command: top.ctong.gulimall.gateway.GulimallGatewayApplication
java_class_path (initial): /usr/local/Cellar/openjdk@8/1.8.0+302/libexec/openjdk.jdk/Contents/Home/jre/lib/charsets.jar:/usr/local/Cellar/openjdk@8/1.8.0+302/libexec/openjdk.jdk/Contents/Home/jre/lib/ext/cldrdata.jar:/usr/local/Cellar/openjdk@8/1.8.0+302/libexec/openjdk.jdk/Contents/Home/jre/lib/ext/dnsns.jar:/usr/local/Cellar/openjdk@8/1.8.0+302/libexec/openjdk.jdk/Contents/Home/jre/lib/ext/jaccess.jar:/usr/local/Cellar/openjdk@8/1.8.0+302/libexec/openjdk.jdk/Contents/Home/jre/lib/ext/localedata.jar:/usr/local/Cellar/openjdk@8/1.8.0+302/libexec/openjdk.jdk/Contents/Home/jre/lib/ext/nashorn.jar:/usr/local/Cellar/openjdk@8/1.8.0+302/libexec/openjdk.jdk/Contents/Home/jre/lib/ext/sunec.jar:/usr/local/Cellar/openjdk@8/1.8.0+302/libexec/openjdk.jdk/Contents/Home/jre/lib/ext/sunjce_provider.jar:/usr/local/Cellar/openjdk@8/1.8.0+302/libexec/openjdk.jdk/Contents/Home/jre/lib/ext/sunpkcs11.jar:/usr/local/Cellar/openjdk@8/1.8.0+302/libexec/openjdk.jdk/Contents/Home/jre/lib/ext/zipfs.jar:/usr/local/Cellar/openjdk@8/1.8.0+302/libexec/openjdk.jdk/Contents/Home/jre/lib/jce.jar:/usr/local/Cellar/openjdk@8/1.8.0+302/libexec/openjdk.jdk/Contents/Home/jre/lib/jfr.jar:/usr/local/Cellar/openjdk@8/1.8.0+302/libexec/openjdk.jdk/Contents/Home/jre/lib/jsse.jar:/usr/local/Cellar/openjdk@8/1.8.0+302/libexec/openjdk.jdk/Contents/Home/jre/lib/management-agent.jar:/usr/local/Cellar/openjdk@8/1.8.0+302/libexec/openjdk.jdk/Contents/Home/jre/lib/resources.jar:/usr/local/Cellar/openjdk@8/1.8.0+302/libexec/openjdk.jdk/Contents/Home/jre/lib/rt.jar:/usr/local/Cellar/openjdk@8/1.8.0+302/libexec/openjdk.jdk/Contents/Home/lib/dt.jar:/usr/local/Cellar/openjdk@8/1.8.0+302/libexec/openjdk.jdk/Contents/Home/lib/jconsole.jar:/usr/local/Cellar/openjdk@8/1.8.0+302/libexec/openjdk.jdk/Contents/Home/lib/sa-jdi.jar:/usr/local/Cellar/openjdk@8/1.8.0+302/libexec/openjdk.jdk/Contents/Home/lib/tools.jar:/Users/clover/code/sources/gulimall/gulimall-gateway/target/classes:/Users/clover/code/sources/gulimall/gulimall-c
Launcher Type: SUN_STANDARD

Environment Variables:
JAVA_HOME=/usr/local/Cellar/openjdk@8/1.8.0+302/libexec/openjdk.jdk/Contents/Home
PATH=/Users/clover/.nvm/versions/node/v14.18.1/bin:/Users/clover/fvm/default/bin:/usr/local/opt/tomcat@9/bin:/usr/local/opt/openjdk@8/bin:/usr/local/bin:/usr/bin:/bin:/usr/sbin:/sbin:/usr/local/share/dotnet:~/.dotnet/tools:/Library/Apple/usr/bin:/Library/Frameworks/Mono.framework/Versions/Current/Commands
SHELL=/bin/zsh

Signal Handlers:
SIGSEGV: [libjvm.dylib+0x58b0af], sa_mask[0]=11111111011111110111111111111111, sa_flags=SA_ONSTACK|SA_RESTART|SA_SIGINFO
SIGBUS: [libjvm.dylib+0x58b0af], sa_mask[0]=11111111011111110111111111111111, sa_flags=SA_RESTART|SA_SIGINFO
SIGFPE: [libjvm.dylib+0x48679b], sa_mask[0]=11111111011111110111111111111111, sa_flags=SA_RESTART|SA_SIGINFO
SIGPIPE: [libjvm.dylib+0x48679b], sa_mask[0]=11111111011111110111111111111111, sa_flags=SA_RESTART|SA_SIGINFO
SIGXFSZ: [libjvm.dylib+0x48679b], sa_mask[0]=11111111011111110111111111111111, sa_flags=SA_RESTART|SA_SIGINFO
SIGILL: [libjvm.dylib+0x48679b], sa_mask[0]=11111111011111110111111111111111, sa_flags=SA_RESTART|SA_SIGINFO
SIGUSR1: SIG_DFL, sa_mask[0]=00000000000000000000000000000000, sa_flags=none
SIGUSR2: [libjvm.dylib+0x487071], sa_mask[0]=00100000000000000000000000000000, sa_flags=SA_RESTART|SA_SIGINFO
SIGHUP: [libjvm.dylib+0x485261], sa_mask[0]=11111111011111110111111111111111, sa_flags=SA_RESTART|SA_SIGINFO
SIGINT: [libjvm.dylib+0x485261], sa_mask[0]=11111111011111110111111111111111, sa_flags=SA_RESTART|SA_SIGINFO
SIGTERM: [libjvm.dylib+0x485261], sa_mask[0]=11111111011111110111111111111111, sa_flags=SA_RESTART|SA_SIGINFO
SIGQUIT: [libjvm.dylib+0x485261], sa_mask[0]=11111111011111110111111111111111, sa_flags=SA_RESTART|SA_SIGINFO


---------------  S Y S T E M  ---------------

OS:Bsduname:Darwin 21.1.0 Darwin Kernel Version 21.1.0: Wed Oct 13 17:33:23 PDT 2021; root:xnu-8019.41.5~1/RELEASE_X86_64 x86_64
rlimit: STACK 8192k, CORE 0k, NPROC 2784, NOFILE 10240, AS infinity
load average:2.37 2.99 2.98

CPU:total 12 (initial active 12) (6 cores per cpu, 2 threads per core) family 6 model 158 stepping 10, cmov, cx8, fxsr, mmx, sse, sse2, sse3, ssse3, sse4.1, sse4.2, popcnt, avx, avx2, aes, clmul, erms, 3dnowpref, lzcnt, ht, tsc, tscinvbit, bmi1, bmi2, adx

Memory: 4k page, physical 16777216k(84164k free)

/proc/meminfo:


vm_info: OpenJDK 64-Bit Server VM (25.302-b00) for bsd-amd64 JRE (1.8.0_302-bre_2021_08_14_22_07-b00), built on Aug 14 2021 22:12:43 by "brew" with gcc Apple LLVM 12.0.0 (clang-1200.0.32.29)

time: Sun Nov 21 16:10:36 2021
timezone: CST
elapsed time: 5.595792 seconds (0d 0h 0m 5s)

