#
# A fatal error has been detected by the Java Runtime Environment:
#
#  SIGSEGV (0xb) at pc=0x0000000103b25a67, pid=4294, tid=0x000000000000750f
#
# JRE version: OpenJDK Runtime Environment (8.0_302) (build 1.8.0_302-bre_2021_08_14_22_07-b00)
# Java VM: OpenJDK 64-Bit Server VM (25.302-b00 mixed mode bsd-amd64 compressed oops)
# Problematic frame:
# V  [libjvm.dylib+0x565a67]
#
# Failed to write core dump. Core dumps have been disabled. To enable core dumping, try "ulimit -c unlimited" before starting Java again
#
# If you would like to submit a bug report, please visit:
#   https://github.com/Homebrew/homebrew-core/issues
#

---------------  T H R E A D  ---------------

Current thread (0x00007fcd0513c800):  JavaThread "reactor-http-nio-2" daemon [_thread_in_vm, id=29967, stack(0x000070000cd09000,0x000070000ce09000)]

siginfo: si_signo: 11 (SIGSEGV), si_code: 1 (SEGV_MAPERR), si_addr: 0x0000000000000000

Registers:
RAX=0x0000000103cc0220, RBX=0x00007fcd0513c800, RCX=0x00007fcd0e04f000, RDX=0x0000000000000000
RSP=0x000070000ce04300, RBP=0x000070000ce04330, RSI=0x000070000ce043e8, RDI=0x00007fcd0513ca50
R8 =0x000000000000003c, R9 =0x0000000000000006, R10=0x000000010b7773db, R11=0x0000000103aa5877
R12=0x0000000000000000, R13=0x0000000105534e68, R14=0x000000000000003c, R15=0x00007fcd0e04f000
RIP=0x0000000103b25a67, EFLAGS=0x0000000000010246, ERR=0x0000000000000004
  TRAPNO=0x000000000000000e

Top of Stack: (sp=0x000070000ce04300)
0x000070000ce04300:   00007fcd0513c800 00007fcd0513c800
0x000070000ce04310:   0000000105534e68 0000000000000000
0x000070000ce04320:   000070000ce043e8 00007fcd0513c800
0x000070000ce04330:   000070000ce043a8 000000010b777407
0x000070000ce04340:   0000000105534e68 000070000ce043e8
0x000070000ce04350:   000070000ce043a8 000000010b777167
0x000070000ce04360:   000000010b777122 000070000ce04368
0x000070000ce04370:   0000000105534e68 000070000ce043e8
0x000070000ce04380:   0000000105564b10 0000000000000000
0x000070000ce04390:   0000000105534e68 0000000000000000
0x000070000ce043a0:   000070000ce043c8 000070000ce04430
0x000070000ce043b0:   000000010b766ffd 0000000000000000
0x000070000ce043c0:   000000010b770a58 000000000000003c
0x000070000ce043d0:   00007fcd0e04f000 000000010b7724f9
0x000070000ce043e0:   0000000000000000 00000006c002cef0
0x000070000ce043f0:   000070000ce043f0 0000000108e2557e
0x000070000ce04400:   000070000ce04458 0000000108e26ec0
0x000070000ce04410:   0000000000000000 0000000108e255b0
0x000070000ce04420:   000070000ce043c8 000070000ce04440
0x000070000ce04430:   000070000ce044a0 000000010b766ffd
0x000070000ce04440:   000000000000003c 00007fcd0e04f000
0x000070000ce04450:   0000000000000000 0000000000000000
0x000070000ce04460:   000070000ce04460 0000000108e11cc3
0x000070000ce04470:   000070000ce044c8 0000000108e15b30
0x000070000ce04480:   0000000000000000 0000000108e11cf8
0x000070000ce04490:   000070000ce04440 000070000ce044b0
0x000070000ce044a0:   000070000ce04510 000000010b766ffd
0x000070000ce044b0:   000000000000003c 00007fcd0e04f000
0x000070000ce044c0:   0000000000000000 0000000000000000
0x000070000ce044d0:   000070000ce044d0 000000010972f639
0x000070000ce044e0:   000070000ce04590 0000000109731bb8
0x000070000ce044f0:   0000000000000000 000000010972f860 

Instructions: (pc=0x0000000103b25a67)
0x0000000103b25a47:   00 30 74 08 48 89 df e8 4d 96 fe ff c7 83 c8 02
0x0000000103b25a57:   00 00 06 00 00 00 48 89 5d d8 41 f6 c4 01 75 06
0x0000000103b25a67:   49 8b 04 24 eb 08 4c 89 e7 e8 e1 22 dd ff 46 88
0x0000000103b25a77:   34 38 48 8d 7d d8 e8 1e ae d9 ff 48 8d 7d d0 e8 

Register to memory mapping:

RAX=0x0000000103cc0220: _ZN20SafepointSynchronize6_stateE+0 in /usr/local/Cellar/openjdk@8/1.8.0+302/libexec/openjdk.jdk/Contents/Home/jre/lib/server/libjvm.dylib at 0x00000001035c0000
RBX=0x00007fcd0513c800 is a thread
RCX=0x00007fcd0e04f000 is an unknown value
RDX=0x0000000000000000 is an unknown value
RSP=0x000070000ce04300 is pointing into the stack for thread: 0x00007fcd0513c800
RBP=0x000070000ce04330 is pointing into the stack for thread: 0x00007fcd0513c800
RSI=0x000070000ce043e8 is pointing into the stack for thread: 0x00007fcd0513c800
RDI=0x00007fcd0513ca50 is an unknown value
R8 =0x000000000000003c is an unknown value
R9 =0x0000000000000006 is an unknown value
R10=0x000000010b7773db is at code_begin+859 in an Interpreter codelet
method entry point (kind = native)  [0x000000010b777080, 0x000000010b777a00]  2432 bytes
R11=0x0000000103aa5877: throw_unsatisfied_link_error+0 in /usr/local/Cellar/openjdk@8/1.8.0+302/libexec/openjdk.jdk/Contents/Home/jre/lib/server/libjvm.dylib at 0x00000001035c0000
R12=0x0000000000000000 is an unknown value
R13={method} {0x0000000105534e68} 'putByte' '(Ljava/lang/Object;JB)V' in 'sun/misc/Unsafe'
R14=0x000000000000003c is an unknown value
R15=0x00007fcd0e04f000 is an unknown value


Stack: [0x000070000cd09000,0x000070000ce09000],  sp=0x000070000ce04300,  free space=1004k
Native frames: (J=compiled Java code, j=interpreted, Vv=VM code, C=native code)
V  [libjvm.dylib+0x565a67]
j  sun.misc.Unsafe.putByte(Ljava/lang/Object;JB)V+0
j  io.netty.util.internal.PlatformDependent0.putByte(Ljava/lang/Object;JB)V+6
j  io.netty.util.internal.PlatformDependent.putByte(Ljava/lang/Object;JB)V+3
j  io.netty.buffer.ByteBufUtil.unsafeWriteUtf8([BJILjava/lang/CharSequence;II)I+73
j  io.netty.buffer.ByteBufUtil.writeUtf8(Lio/netty/buffer/AbstractByteBuf;IILjava/lang/CharSequence;II)I+79
j  io.netty.buffer.ByteBufUtil.reserveAndWriteUtf8Seq(Lio/netty/buffer/ByteBuf;Ljava/lang/CharSequence;III)I+47
j  io.netty.buffer.ByteBufUtil.writeUtf8(Lio/netty/buffer/ByteBuf;Ljava/lang/CharSequence;)I+15
j  org.springframework.core.io.buffer.NettyDataBuffer.write(Ljava/lang/CharSequence;Ljava/nio/charset/Charset;)Lorg/springframework/core/io/buffer/DataBuffer;+27
j  org.springframework.core.codec.CharSequenceEncoder.encodeValue(Ljava/lang/CharSequence;Lorg/springframework/core/io/buffer/DataBufferFactory;Lorg/springframework/core/ResolvableType;Lorg/springframework/util/MimeType;Ljava/util/Map;)Lorg/springframework/core/io/buffer/DataBuffer;+58
j  org.springframework.core.codec.CharSequenceEncoder.lambda$encode$0(Lorg/springframework/core/io/buffer/DataBufferFactory;Lorg/springframework/core/ResolvableType;Lorg/springframework/util/MimeType;Ljava/util/Map;Ljava/lang/CharSequence;)Lorg/springframework/core/io/buffer/DataBuffer;+8
j  org.springframework.core.codec.CharSequenceEncoder$$Lambda$814.apply(Ljava/lang/Object;)Ljava/lang/Object;+24
j  reactor.core.publisher.FluxMapFuseable$MapFuseableSubscriber.onNext(Ljava/lang/Object;)V+47
j  reactor.core.publisher.Operators$ScalarSubscription.request(J)V+29
j  reactor.core.publisher.FluxMapFuseable$MapFuseableSubscriber.request(J)V+5
j  reactor.core.publisher.MonoSingle$SingleSubscriber.doOnRequest(J)V+7
j  reactor.core.publisher.Operators$MonoInnerProducerBase.request(J)V+44
j  reactor.core.publisher.Operators$MultiSubscriptionSubscriber.set(Lorg/reactivestreams/Subscription;)V+92
j  reactor.core.publisher.Operators$MultiSubscriptionSubscriber.onSubscribe(Lorg/reactivestreams/Subscription;)V+2
j  reactor.core.publisher.MonoSingle$SingleSubscriber.onSubscribe(Lorg/reactivestreams/Subscription;)V+21
j  reactor.core.publisher.FluxMapFuseable$MapFuseableSubscriber.onSubscribe(Lorg/reactivestreams/Subscription;)V+24
j  reactor.core.publisher.FluxJust.subscribe(Lreactor/core/CoreSubscriber;)V+11
j  reactor.core.publisher.InternalMonoOperator.subscribe(Lreactor/core/CoreSubscriber;)V+33
j  reactor.core.publisher.MonoFlatMap$FlatMapMain.onNext(Ljava/lang/Object;)V+160
j  reactor.core.publisher.FluxPeekFuseable$PeekFuseableSubscriber.onNext(Ljava/lang/Object;)V+110
j  reactor.core.publisher.Operators$MonoSubscriber.complete(Ljava/lang/Object;)V+101
j  reactor.core.publisher.MonoFlatMap$FlatMapInner.onNext(Ljava/lang/Object;)V+29
j  reactor.core.publisher.MonoNext$NextSubscriber.onNext(Ljava/lang/Object;)V+35
j  reactor.core.publisher.FluxSwitchIfEmpty$SwitchIfEmptySubscriber.onNext(Ljava/lang/Object;)V+17
j  reactor.core.publisher.FluxMapFuseable$MapFuseableSubscriber.onNext(Ljava/lang/Object;)V+112
j  reactor.core.publisher.Operators$ScalarSubscription.request(J)V+29
j  reactor.core.publisher.FluxMapFuseable$MapFuseableSubscriber.request(J)V+5
j  reactor.core.publisher.Operators$MultiSubscriptionSubscriber.set(Lorg/reactivestreams/Subscription;)V+92
j  reactor.core.publisher.Operators$MultiSubscriptionSubscriber.onSubscribe(Lorg/reactivestreams/Subscription;)V+2
j  reactor.core.publisher.FluxMapFuseable$MapFuseableSubscriber.onSubscribe(Lorg/reactivestreams/Subscription;)V+24
j  reactor.core.publisher.MonoJust.subscribe(Lreactor/core/CoreSubscriber;)V+9
j  reactor.core.publisher.Mono.subscribe(Lorg/reactivestreams/Subscriber;)V+71
j  reactor.core.publisher.FluxSwitchIfEmpty$SwitchIfEmptySubscriber.onComplete()V+17
j  reactor.core.publisher.FluxFlatMap$FlatMapMain.checkTerminated(ZZLorg/reactivestreams/Subscriber;Ljava/lang/Object;)Z+210
j  reactor.core.publisher.FluxFlatMap$FlatMapMain.drainLoop()V+67
j  reactor.core.publisher.FluxFlatMap$FlatMapMain.drain(Ljava/lang/Object;)V+36
j  reactor.core.publisher.FluxFlatMap$FlatMapMain.onComplete()V+15
j  reactor.core.publisher.FluxArray$ArraySubscription.slowPath(J)V+133
j  reactor.core.publisher.FluxArray$ArraySubscription.request(J)V+37
j  reactor.core.publisher.FluxFlatMap$FlatMapMain.onSubscribe(Lorg/reactivestreams/Subscription;)V+34
j  reactor.core.publisher.FluxArray.subscribe(Lreactor/core/CoreSubscriber;[Ljava/lang/Object;)V+48
j  reactor.core.publisher.FluxArray.subscribe(Lreactor/core/CoreSubscriber;)V+5
j  reactor.core.publisher.MonoFromFluxOperator.subscribe(Lreactor/core/CoreSubscriber;)V+33
j  reactor.core.publisher.MonoFlatMap$FlatMapMain.onNext(Ljava/lang/Object;)V+160
j  reactor.core.publisher.FluxSwitchIfEmpty$SwitchIfEmptySubscriber.onNext(Ljava/lang/Object;)V+17
j  reactor.core.publisher.MonoNext$NextSubscriber.onNext(Ljava/lang/Object;)V+35
j  reactor.core.publisher.FluxConcatArray$ConcatArraySubscriber.onNext(Ljava/lang/Object;)V+15
j  reactor.core.publisher.Operators$ScalarSubscription.request(J)V+29
j  reactor.core.publisher.FluxConcatArray$ConcatArraySubscriber.request(J)V+16
j  reactor.core.publisher.MonoNext$NextSubscriber.request(J)V+19
j  reactor.core.publisher.Operators$MultiSubscriptionSubscriber.set(Lorg/reactivestreams/Subscription;)V+92
j  reactor.core.publisher.Operators$MultiSubscriptionSubscriber.onSubscribe(Lorg/reactivestreams/Subscription;)V+2
j  reactor.core.publisher.MonoNext$NextSubscriber.onSubscribe(Lorg/reactivestreams/Subscription;)V+21
j  reactor.core.publisher.FluxConcatArray$ConcatArraySubscriber.onSubscribe(Lorg/reactivestreams/Subscription;)V+37
j  reactor.core.publisher.MonoJust.subscribe(Lreactor/core/CoreSubscriber;)V+9
j  reactor.core.publisher.Mono.subscribe(Lorg/reactivestreams/Subscriber;)V+71
j  reactor.core.publisher.FluxConcatArray$ConcatArraySubscriber.onComplete()V+169
j  reactor.core.publisher.FluxConcatArray.subscribe(Lreactor/core/CoreSubscriber;)V+86
j  reactor.core.publisher.Mono.subscribe(Lorg/reactivestreams/Subscriber;)V+71
j  reactor.core.publisher.FluxOnErrorResume$ResumeSubscriber.onError(Ljava/lang/Throwable;)V+72
j  reactor.core.publisher.FluxOnErrorResume$ResumeSubscriber.onError(Ljava/lang/Throwable;)V+85
j  reactor.core.publisher.FluxOnAssembly$OnAssemblySubscriber.onError(Ljava/lang/Throwable;)V+9
j  reactor.core.publisher.Operators.error(Lorg/reactivestreams/Subscriber;Ljava/lang/Throwable;)V+11
j  reactor.core.publisher.MonoError.subscribe(Lreactor/core/CoreSubscriber;)V+5
j  reactor.core.publisher.Mono.subscribe(Lorg/reactivestreams/Subscriber;)V+71
j  reactor.core.publisher.FluxOnErrorResume$ResumeSubscriber.onError(Ljava/lang/Throwable;)V+72
j  reactor.core.publisher.FluxOnAssembly$OnAssemblySubscriber.onError(Ljava/lang/Throwable;)V+9
j  reactor.core.publisher.MonoFlatMap$FlatMapMain.onError(Ljava/lang/Throwable;)V+31
j  reactor.core.publisher.MonoFlatMap$FlatMapMain.secondError(Ljava/lang/Throwable;)V+5
j  reactor.core.publisher.MonoFlatMap$FlatMapInner.onError(Ljava/lang/Throwable;)V+29
j  reactor.core.publisher.MonoIgnoreThen$ThenIgnoreMain.onError(Ljava/lang/Throwable;)V+31
j  reactor.core.publisher.FluxDoFinally$DoFinallySubscriber.onError(Ljava/lang/Throwable;)V+5
j  reactor.core.publisher.FluxPeek$PeekSubscriber.onError(Ljava/lang/Throwable;)V+72
j  reactor.core.publisher.MonoIgnoreThen$ThenIgnoreMain.onError(Ljava/lang/Throwable;)V+31
j  reactor.core.publisher.MonoPeekTerminal$MonoTerminalPeekSubscriber.onError(Ljava/lang/Throwable;)V+77
j  reactor.core.publisher.MonoIgnoreThen$ThenIgnoreMain.onError(Ljava/lang/Throwable;)V+31
j  reactor.core.publisher.MonoFlatMapMany$FlatMapManyMain.onError(Ljava/lang/Throwable;)V+26
j  reactor.core.publisher.SerializedSubscriber.onError(Ljava/lang/Throwable;)V+76
j  reactor.core.publisher.FluxRetryWhen$RetryWhenMainSubscriber.whenError(Ljava/lang/Throwable;)V+9
j  reactor.core.publisher.FluxRetryWhen$RetryWhenOtherSubscriber.onError(Ljava/lang/Throwable;)V+5
j  reactor.core.publisher.FluxConcatMap$ConcatMapImmediate.drain()V+298
j  reactor.core.publisher.FluxConcatMap$ConcatMapImmediate.onNext(Ljava/lang/Object;)V+61
j  reactor.core.publisher.EmitterProcessor.drain()V+380
j  reactor.core.publisher.EmitterProcessor.tryEmitNext(Ljava/lang/Object;)Lreactor/core/publisher/Sinks$EmitResult;+118
j  reactor.core.publisher.SinkManySerialized.tryEmitNext(Ljava/lang/Object;)Lreactor/core/publisher/Sinks$EmitResult;+28
j  reactor.core.publisher.InternalManySink.emitNext(Ljava/lang/Object;Lreactor/core/publisher/Sinks$EmitFailureHandler;)V+2
j  reactor.core.publisher.FluxRetryWhen$RetryWhenMainSubscriber.onError(Ljava/lang/Throwable;)V+54
j  reactor.core.publisher.MonoCreate$DefaultMonoSink.error(Ljava/lang/Throwable;)V+39
j  reactor.netty.http.client.HttpClientConnect$MonoHttpConnect$ClientTransportSubscriber.onError(Ljava/lang/Throwable;)V+5
j  reactor.core.publisher.MonoCreate$DefaultMonoSink.error(Ljava/lang/Throwable;)V+39
j  reactor.netty.resources.DefaultPooledConnectionProvider$DisposableAcquire.onError(Ljava/lang/Throwable;)V+5
j  reactor.netty.internal.shaded.reactor.pool.AbstractPool$Borrower.fail(Ljava/lang/Throwable;)V+16
j  reactor.netty.internal.shaded.reactor.pool.SimpleDequePool.lambda$drainLoop$9(JLreactor/netty/internal/shaded/reactor/pool/AbstractPool$Borrower;Lreactor/core/publisher/Signal;)V+151
j  reactor.netty.internal.shaded.reactor.pool.SimpleDequePool$$Lambda$766.accept(Ljava/lang/Object;)V+16
j  reactor.core.publisher.FluxDoOnEach$DoOnEachSubscriber.onError(Ljava/lang/Throwable;)V+52
...<more frames>...

Java frames: (J=compiled Java code, j=interpreted, Vv=VM code)
j  sun.misc.Unsafe.putByte(Ljava/lang/Object;JB)V+0
j  io.netty.util.internal.PlatformDependent0.putByte(Ljava/lang/Object;JB)V+6
j  io.netty.util.internal.PlatformDependent.putByte(Ljava/lang/Object;JB)V+3
j  io.netty.buffer.ByteBufUtil.unsafeWriteUtf8([BJILjava/lang/CharSequence;II)I+73
j  io.netty.buffer.ByteBufUtil.writeUtf8(Lio/netty/buffer/AbstractByteBuf;IILjava/lang/CharSequence;II)I+79
j  io.netty.buffer.ByteBufUtil.reserveAndWriteUtf8Seq(Lio/netty/buffer/ByteBuf;Ljava/lang/CharSequence;III)I+47
j  io.netty.buffer.ByteBufUtil.writeUtf8(Lio/netty/buffer/ByteBuf;Ljava/lang/CharSequence;)I+15
j  org.springframework.core.io.buffer.NettyDataBuffer.write(Ljava/lang/CharSequence;Ljava/nio/charset/Charset;)Lorg/springframework/core/io/buffer/DataBuffer;+27
j  org.springframework.core.codec.CharSequenceEncoder.encodeValue(Ljava/lang/CharSequence;Lorg/springframework/core/io/buffer/DataBufferFactory;Lorg/springframework/core/ResolvableType;Lorg/springframework/util/MimeType;Ljava/util/Map;)Lorg/springframework/core/io/buffer/DataBuffer;+58
j  org.springframework.core.codec.CharSequenceEncoder.lambda$encode$0(Lorg/springframework/core/io/buffer/DataBufferFactory;Lorg/springframework/core/ResolvableType;Lorg/springframework/util/MimeType;Ljava/util/Map;Ljava/lang/CharSequence;)Lorg/springframework/core/io/buffer/DataBuffer;+8
j  org.springframework.core.codec.CharSequenceEncoder$$Lambda$814.apply(Ljava/lang/Object;)Ljava/lang/Object;+24
j  reactor.core.publisher.FluxMapFuseable$MapFuseableSubscriber.onNext(Ljava/lang/Object;)V+47
j  reactor.core.publisher.Operators$ScalarSubscription.request(J)V+29
j  reactor.core.publisher.FluxMapFuseable$MapFuseableSubscriber.request(J)V+5
j  reactor.core.publisher.MonoSingle$SingleSubscriber.doOnRequest(J)V+7
j  reactor.core.publisher.Operators$MonoInnerProducerBase.request(J)V+44
j  reactor.core.publisher.Operators$MultiSubscriptionSubscriber.set(Lorg/reactivestreams/Subscription;)V+92
j  reactor.core.publisher.Operators$MultiSubscriptionSubscriber.onSubscribe(Lorg/reactivestreams/Subscription;)V+2
j  reactor.core.publisher.MonoSingle$SingleSubscriber.onSubscribe(Lorg/reactivestreams/Subscription;)V+21
j  reactor.core.publisher.FluxMapFuseable$MapFuseableSubscriber.onSubscribe(Lorg/reactivestreams/Subscription;)V+24
j  reactor.core.publisher.FluxJust.subscribe(Lreactor/core/CoreSubscriber;)V+11
j  reactor.core.publisher.InternalMonoOperator.subscribe(Lreactor/core/CoreSubscriber;)V+33
j  reactor.core.publisher.MonoFlatMap$FlatMapMain.onNext(Ljava/lang/Object;)V+160
j  reactor.core.publisher.FluxPeekFuseable$PeekFuseableSubscriber.onNext(Ljava/lang/Object;)V+110
j  reactor.core.publisher.Operators$MonoSubscriber.complete(Ljava/lang/Object;)V+101
j  reactor.core.publisher.MonoFlatMap$FlatMapInner.onNext(Ljava/lang/Object;)V+29
j  reactor.core.publisher.MonoNext$NextSubscriber.onNext(Ljava/lang/Object;)V+35
j  reactor.core.publisher.FluxSwitchIfEmpty$SwitchIfEmptySubscriber.onNext(Ljava/lang/Object;)V+17
j  reactor.core.publisher.FluxMapFuseable$MapFuseableSubscriber.onNext(Ljava/lang/Object;)V+112
j  reactor.core.publisher.Operators$ScalarSubscription.request(J)V+29
j  reactor.core.publisher.FluxMapFuseable$MapFuseableSubscriber.request(J)V+5
j  reactor.core.publisher.Operators$MultiSubscriptionSubscriber.set(Lorg/reactivestreams/Subscription;)V+92
j  reactor.core.publisher.Operators$MultiSubscriptionSubscriber.onSubscribe(Lorg/reactivestreams/Subscription;)V+2
j  reactor.core.publisher.FluxMapFuseable$MapFuseableSubscriber.onSubscribe(Lorg/reactivestreams/Subscription;)V+24
j  reactor.core.publisher.MonoJust.subscribe(Lreactor/core/CoreSubscriber;)V+9
j  reactor.core.publisher.Mono.subscribe(Lorg/reactivestreams/Subscriber;)V+71
j  reactor.core.publisher.FluxSwitchIfEmpty$SwitchIfEmptySubscriber.onComplete()V+17
j  reactor.core.publisher.FluxFlatMap$FlatMapMain.checkTerminated(ZZLorg/reactivestreams/Subscriber;Ljava/lang/Object;)Z+210
j  reactor.core.publisher.FluxFlatMap$FlatMapMain.drainLoop()V+67
j  reactor.core.publisher.FluxFlatMap$FlatMapMain.drain(Ljava/lang/Object;)V+36
j  reactor.core.publisher.FluxFlatMap$FlatMapMain.onComplete()V+15
j  reactor.core.publisher.FluxArray$ArraySubscription.slowPath(J)V+133
j  reactor.core.publisher.FluxArray$ArraySubscription.request(J)V+37
j  reactor.core.publisher.FluxFlatMap$FlatMapMain.onSubscribe(Lorg/reactivestreams/Subscription;)V+34
j  reactor.core.publisher.FluxArray.subscribe(Lreactor/core/CoreSubscriber;[Ljava/lang/Object;)V+48
j  reactor.core.publisher.FluxArray.subscribe(Lreactor/core/CoreSubscriber;)V+5
j  reactor.core.publisher.MonoFromFluxOperator.subscribe(Lreactor/core/CoreSubscriber;)V+33
j  reactor.core.publisher.MonoFlatMap$FlatMapMain.onNext(Ljava/lang/Object;)V+160
j  reactor.core.publisher.FluxSwitchIfEmpty$SwitchIfEmptySubscriber.onNext(Ljava/lang/Object;)V+17
j  reactor.core.publisher.MonoNext$NextSubscriber.onNext(Ljava/lang/Object;)V+35
j  reactor.core.publisher.FluxConcatArray$ConcatArraySubscriber.onNext(Ljava/lang/Object;)V+15
j  reactor.core.publisher.Operators$ScalarSubscription.request(J)V+29
j  reactor.core.publisher.FluxConcatArray$ConcatArraySubscriber.request(J)V+16
j  reactor.core.publisher.MonoNext$NextSubscriber.request(J)V+19
j  reactor.core.publisher.Operators$MultiSubscriptionSubscriber.set(Lorg/reactivestreams/Subscription;)V+92
j  reactor.core.publisher.Operators$MultiSubscriptionSubscriber.onSubscribe(Lorg/reactivestreams/Subscription;)V+2
j  reactor.core.publisher.MonoNext$NextSubscriber.onSubscribe(Lorg/reactivestreams/Subscription;)V+21
j  reactor.core.publisher.FluxConcatArray$ConcatArraySubscriber.onSubscribe(Lorg/reactivestreams/Subscription;)V+37
j  reactor.core.publisher.MonoJust.subscribe(Lreactor/core/CoreSubscriber;)V+9
j  reactor.core.publisher.Mono.subscribe(Lorg/reactivestreams/Subscriber;)V+71
j  reactor.core.publisher.FluxConcatArray$ConcatArraySubscriber.onComplete()V+169
j  reactor.core.publisher.FluxConcatArray.subscribe(Lreactor/core/CoreSubscriber;)V+86
j  reactor.core.publisher.Mono.subscribe(Lorg/reactivestreams/Subscriber;)V+71
j  reactor.core.publisher.FluxOnErrorResume$ResumeSubscriber.onError(Ljava/lang/Throwable;)V+72
j  reactor.core.publisher.FluxOnErrorResume$ResumeSubscriber.onError(Ljava/lang/Throwable;)V+85
j  reactor.core.publisher.FluxOnAssembly$OnAssemblySubscriber.onError(Ljava/lang/Throwable;)V+9
j  reactor.core.publisher.Operators.error(Lorg/reactivestreams/Subscriber;Ljava/lang/Throwable;)V+11
j  reactor.core.publisher.MonoError.subscribe(Lreactor/core/CoreSubscriber;)V+5
j  reactor.core.publisher.Mono.subscribe(Lorg/reactivestreams/Subscriber;)V+71
j  reactor.core.publisher.FluxOnErrorResume$ResumeSubscriber.onError(Ljava/lang/Throwable;)V+72
j  reactor.core.publisher.FluxOnAssembly$OnAssemblySubscriber.onError(Ljava/lang/Throwable;)V+9
j  reactor.core.publisher.MonoFlatMap$FlatMapMain.onError(Ljava/lang/Throwable;)V+31
j  reactor.core.publisher.MonoFlatMap$FlatMapMain.secondError(Ljava/lang/Throwable;)V+5
j  reactor.core.publisher.MonoFlatMap$FlatMapInner.onError(Ljava/lang/Throwable;)V+29
j  reactor.core.publisher.MonoIgnoreThen$ThenIgnoreMain.onError(Ljava/lang/Throwable;)V+31
j  reactor.core.publisher.FluxDoFinally$DoFinallySubscriber.onError(Ljava/lang/Throwable;)V+5
j  reactor.core.publisher.FluxPeek$PeekSubscriber.onError(Ljava/lang/Throwable;)V+72
j  reactor.core.publisher.MonoIgnoreThen$ThenIgnoreMain.onError(Ljava/lang/Throwable;)V+31
j  reactor.core.publisher.MonoPeekTerminal$MonoTerminalPeekSubscriber.onError(Ljava/lang/Throwable;)V+77
j  reactor.core.publisher.MonoIgnoreThen$ThenIgnoreMain.onError(Ljava/lang/Throwable;)V+31
j  reactor.core.publisher.MonoFlatMapMany$FlatMapManyMain.onError(Ljava/lang/Throwable;)V+26
j  reactor.core.publisher.SerializedSubscriber.onError(Ljava/lang/Throwable;)V+76
j  reactor.core.publisher.FluxRetryWhen$RetryWhenMainSubscriber.whenError(Ljava/lang/Throwable;)V+9
j  reactor.core.publisher.FluxRetryWhen$RetryWhenOtherSubscriber.onError(Ljava/lang/Throwable;)V+5
j  reactor.core.publisher.FluxConcatMap$ConcatMapImmediate.drain()V+298
j  reactor.core.publisher.FluxConcatMap$ConcatMapImmediate.onNext(Ljava/lang/Object;)V+61
j  reactor.core.publisher.EmitterProcessor.drain()V+380
j  reactor.core.publisher.EmitterProcessor.tryEmitNext(Ljava/lang/Object;)Lreactor/core/publisher/Sinks$EmitResult;+118
j  reactor.core.publisher.SinkManySerialized.tryEmitNext(Ljava/lang/Object;)Lreactor/core/publisher/Sinks$EmitResult;+28
j  reactor.core.publisher.InternalManySink.emitNext(Ljava/lang/Object;Lreactor/core/publisher/Sinks$EmitFailureHandler;)V+2
j  reactor.core.publisher.FluxRetryWhen$RetryWhenMainSubscriber.onError(Ljava/lang/Throwable;)V+54
j  reactor.core.publisher.MonoCreate$DefaultMonoSink.error(Ljava/lang/Throwable;)V+39
j  reactor.netty.http.client.HttpClientConnect$MonoHttpConnect$ClientTransportSubscriber.onError(Ljava/lang/Throwable;)V+5
j  reactor.core.publisher.MonoCreate$DefaultMonoSink.error(Ljava/lang/Throwable;)V+39
j  reactor.netty.resources.DefaultPooledConnectionProvider$DisposableAcquire.onError(Ljava/lang/Throwable;)V+5
j  reactor.netty.internal.shaded.reactor.pool.AbstractPool$Borrower.fail(Ljava/lang/Throwable;)V+16
j  reactor.netty.internal.shaded.reactor.pool.SimpleDequePool.lambda$drainLoop$9(JLreactor/netty/internal/shaded/reactor/pool/AbstractPool$Borrower;Lreactor/core/publisher/Signal;)V+151
j  reactor.netty.internal.shaded.reactor.pool.SimpleDequePool$$Lambda$766.accept(Ljava/lang/Object;)V+16
j  reactor.core.publisher.FluxDoOnEach$DoOnEachSubscriber.onError(Ljava/lang/Throwable;)V+52
j  reactor.core.publisher.MonoCreate$DefaultMonoSink.error(Ljava/lang/Throwable;)V+39
j  reactor.netty.resources.DefaultPooledConnectionProvider$PooledConnectionAllocator$PooledConnectionInitializer.onError(Ljava/lang/Throwable;)V+5
j  reactor.core.publisher.MonoFlatMap$FlatMapMain.secondError(Ljava/lang/Throwable;)V+5
j  reactor.core.publisher.MonoFlatMap$FlatMapInner.onError(Ljava/lang/Throwable;)V+29
j  reactor.core.publisher.FluxOnErrorResume$ResumeSubscriber.onError(Ljava/lang/Throwable;)V+85
j  reactor.core.publisher.Operators.error(Lorg/reactivestreams/Subscriber;Ljava/lang/Throwable;)V+11
j  reactor.core.publisher.MonoError.subscribe(Lreactor/core/CoreSubscriber;)V+5
j  reactor.core.publisher.Mono.subscribe(Lorg/reactivestreams/Subscriber;)V+71
j  reactor.core.publisher.FluxOnErrorResume$ResumeSubscriber.onError(Ljava/lang/Throwable;)V+72
j  reactor.netty.transport.TransportConnector$MonoChannelPromise.tryFailure(Ljava/lang/Throwable;)Z+24
j  reactor.netty.transport.TransportConnector.lambda$doResolveAndConnect$11(Lio/netty/channel/Channel;Lreactor/netty/transport/TransportConnector$MonoChannelPromise;Ljava/util/function/Supplier;Lio/netty/util/concurrent/Future;)V+23
j  reactor.netty.transport.TransportConnector$$Lambda$773.operationComplete(Lio/netty/util/concurrent/Future;)V+13
j  io.netty.util.concurrent.DefaultPromise.notifyListener0(Lio/netty/util/concurrent/Future;Lio/netty/util/concurrent/GenericFutureListener;)V+2
j  io.netty.util.concurrent.DefaultPromise.notifyListenersNow()V+69
j  io.netty.util.concurrent.DefaultPromise.notifyListeners()V+38
j  io.netty.util.concurrent.DefaultPromise.setValue0(Ljava/lang/Object;)Z+34
j  io.netty.util.concurrent.DefaultPromise.setFailure0(Ljava/lang/Throwable;)Z+18
j  io.netty.util.concurrent.DefaultPromise.setFailure(Ljava/lang/Throwable;)Lio/netty/util/concurrent/Promise;+2
j  io.netty.resolver.InetSocketAddressResolver$2.operationComplete(Lio/netty/util/concurrent/Future;)V+113
j  io.netty.util.concurrent.DefaultPromise.notifyListener0(Lio/netty/util/concurrent/Future;Lio/netty/util/concurrent/GenericFutureListener;)V+2
j  io.netty.util.concurrent.DefaultPromise.notifyListeners0(Lio/netty/util/concurrent/DefaultFutureListeners;)V+24
j  io.netty.util.concurrent.DefaultPromise.notifyListenersNow()V+58
j  io.netty.util.concurrent.DefaultPromise.notifyListeners()V+38
j  io.netty.util.concurrent.DefaultPromise.setValue0(Ljava/lang/Object;)Z+34
j  io.netty.util.concurrent.DefaultPromise.setFailure0(Ljava/lang/Throwable;)Z+18
j  io.netty.util.concurrent.DefaultPromise.tryFailure(Ljava/lang/Throwable;)Z+2
j  io.netty.resolver.dns.DnsResolveContext.finishResolve(Lio/netty/util/concurrent/Promise;Ljava/lang/Throwable;)V+278
j  io.netty.resolver.dns.DnsResolveContext.tryToFinishResolve(Lio/netty/resolver/dns/DnsServerAddressStream;ILio/netty/handler/codec/dns/DnsQuestion;Lio/netty/resolver/dns/DnsQueryLifecycleObserver;Lio/netty/util/concurrent/Promise;Ljava/lang/Throwable;)V+186
j  io.netty.resolver.dns.DnsResolveContext.query(Lio/netty/resolver/dns/DnsServerAddressStream;ILio/netty/handler/codec/dns/DnsQuestion;Lio/netty/resolver/dns/DnsQueryLifecycleObserver;ZLio/netty/util/concurrent/Promise;Ljava/lang/Throwable;)V+56
j  io.netty.resolver.dns.DnsResolveContext.tryToFinishResolve(Lio/netty/resolver/dns/DnsServerAddressStream;ILio/netty/handler/codec/dns/DnsQuestion;Lio/netty/resolver/dns/DnsQueryLifecycleObserver;Lio/netty/util/concurrent/Promise;Ljava/lang/Throwable;)V+72
j  io.netty.resolver.dns.DnsResolveContext.access$700(Lio/netty/resolver/dns/DnsResolveContext;Lio/netty/resolver/dns/DnsServerAddressStream;ILio/netty/handler/codec/dns/DnsQuestion;Lio/netty/resolver/dns/DnsQueryLifecycleObserver;Lio/netty/util/concurrent/Promise;Ljava/lang/Throwable;)V+10
j  io.netty.resolver.dns.DnsResolveContext$2.operationComplete(Lio/netty/util/concurrent/Future;)V+195
j  io.netty.util.concurrent.DefaultPromise.notifyListener0(Lio/netty/util/concurrent/Future;Lio/netty/util/concurrent/GenericFutureListener;)V+2
j  io.netty.util.concurrent.DefaultPromise.notifyListeners0(Lio/netty/util/concurrent/DefaultFutureListeners;)V+24
j  io.netty.util.concurrent.DefaultPromise.notifyListenersNow()V+58
j  io.netty.util.concurrent.DefaultPromise.notifyListeners()V+38
j  io.netty.util.concurrent.DefaultPromise.setValue0(Ljava/lang/Object;)Z+34
j  io.netty.util.concurrent.DefaultPromise.setSuccess0(Ljava/lang/Object;)Z+12
j  io.netty.util.concurrent.DefaultPromise.trySuccess(Ljava/lang/Object;)Z+2
j  io.netty.resolver.dns.DnsQueryContext.trySuccess(Lio/netty/channel/AddressedEnvelope;)Z+5
j  io.netty.resolver.dns.DnsQueryContext.finish(Lio/netty/channel/AddressedEnvelope;)V+72
j  io.netty.resolver.dns.DnsNameResolver$DnsResponseHandler.channelRead(Lio/netty/channel/ChannelHandlerContext;Ljava/lang/Object;)V+136
j  io.netty.channel.AbstractChannelHandlerContext.invokeChannelRead(Ljava/lang/Object;)V+16
j  io.netty.channel.AbstractChannelHandlerContext.invokeChannelRead(Lio/netty/channel/AbstractChannelHandlerContext;Ljava/lang/Object;)V+31
j  io.netty.channel.AbstractChannelHandlerContext.fireChannelRead(Ljava/lang/Object;)Lio/netty/channel/ChannelHandlerContext;+7
j  io.netty.handler.codec.MessageToMessageDecoder.channelRead(Lio/netty/channel/ChannelHandlerContext;Ljava/lang/Object;)V+75
j  io.netty.channel.AbstractChannelHandlerContext.invokeChannelRead(Ljava/lang/Object;)V+16
j  io.netty.channel.AbstractChannelHandlerContext.invokeChannelRead(Lio/netty/channel/AbstractChannelHandlerContext;Ljava/lang/Object;)V+31
j  io.netty.channel.AbstractChannelHandlerContext.fireChannelRead(Ljava/lang/Object;)Lio/netty/channel/ChannelHandlerContext;+7
j  io.netty.channel.DefaultChannelPipeline$HeadContext.channelRead(Lio/netty/channel/ChannelHandlerContext;Ljava/lang/Object;)V+2
j  io.netty.channel.AbstractChannelHandlerContext.invokeChannelRead(Ljava/lang/Object;)V+16
j  io.netty.channel.AbstractChannelHandlerContext.invokeChannelRead(Lio/netty/channel/AbstractChannelHandlerContext;Ljava/lang/Object;)V+31
j  io.netty.channel.DefaultChannelPipeline.fireChannelRead(Ljava/lang/Object;)Lio/netty/channel/ChannelPipeline;+5
j  io.netty.channel.nio.AbstractNioMessageChannel$NioMessageUnsafe.read()V+170
j  io.netty.channel.nio.NioEventLoop.processSelectedKey(Ljava/nio/channels/SelectionKey;Lio/netty/channel/nio/AbstractNioChannel;)V+113
j  io.netty.channel.nio.NioEventLoop.processSelectedKeysOptimized()V+51
j  io.netty.channel.nio.NioEventLoop.processSelectedKeys()V+8
j  io.netty.channel.nio.NioEventLoop.run()V+263
j  io.netty.util.concurrent.SingleThreadEventExecutor$4.run()V+44
j  io.netty.util.internal.ThreadExecutorMap$2.run()V+11
j  io.netty.util.concurrent.FastThreadLocalRunnable.run()V+4
j  java.lang.Thread.run()V+11
v  ~StubRoutines::call_stub

---------------  P R O C E S S  ---------------

Java Threads: ( => current thread )
  0x00007fcd0a102000 JavaThread "com.alibaba.nacos.client.naming.updater" daemon [_thread_blocked, id=86279, stack(0x000070000dc36000,0x000070000dd36000)]
  0x00007fcd0795d000 JavaThread "com.alibaba.nacos.naming.beat.sender" daemon [_thread_blocked, id=86535, stack(0x000070000db33000,0x000070000dc33000)]
  0x00007fcd06ae9800 JavaThread "com.alibaba.nacos.naming.beat.sender" daemon [_thread_blocked, id=86787, stack(0x000070000da30000,0x000070000db30000)]
  0x00007fcd06825800 JavaThread "com.alibaba.nacos.client.naming.updater" daemon [_thread_blocked, id=43795, stack(0x000070000d92d000,0x000070000da2d000)]
  0x00007fcd05295800 JavaThread "com.alibaba.nacos.naming.beat.sender" daemon [_thread_blocked, id=33043, stack(0x000070000d82a000,0x000070000d92a000)]
  0x00007fcd06ac8800 JavaThread "reactor-http-nio-12" daemon [_thread_in_native, id=33283, stack(0x000070000d727000,0x000070000d827000)]
  0x00007fcd06ac7800 JavaThread "reactor-http-nio-11" daemon [_thread_in_native, id=33539, stack(0x000070000d624000,0x000070000d724000)]
  0x00007fcd06ac4800 JavaThread "reactor-http-nio-10" daemon [_thread_in_native, id=32259, stack(0x000070000d521000,0x000070000d621000)]
  0x00007fcd0b214000 JavaThread "reactor-http-nio-9" daemon [_thread_in_native, id=34307, stack(0x000070000d41e000,0x000070000d51e000)]
  0x00007fcd0b213000 JavaThread "reactor-http-nio-8" daemon [_thread_in_native, id=32003, stack(0x000070000d31b000,0x000070000d41b000)]
  0x00007fcd0b2c8000 JavaThread "reactor-http-nio-7" daemon [_thread_in_native, id=31747, stack(0x000070000d218000,0x000070000d318000)]
  0x00007fcd0a101000 JavaThread "reactor-http-nio-6" daemon [_thread_in_native, id=35075, stack(0x000070000d115000,0x000070000d215000)]
  0x00007fcd0a17c800 JavaThread "reactor-http-nio-5" daemon [_thread_in_native, id=35587, stack(0x000070000d012000,0x000070000d112000)]
  0x00007fcd0b092000 JavaThread "reactor-http-nio-4" daemon [_thread_in_native, id=35843, stack(0x000070000cf0f000,0x000070000d00f000)]
  0x00007fcd0513d000 JavaThread "reactor-http-nio-3" daemon [_thread_in_native, id=30979, stack(0x000070000ce0c000,0x000070000cf0c000)]
=>0x00007fcd0513c800 JavaThread "reactor-http-nio-2" daemon [_thread_in_vm, id=29967, stack(0x000070000cd09000,0x000070000ce09000)]
  0x00007fcd0b030000 JavaThread "com.alibaba.nacos.naming.beat.sender" daemon [_thread_blocked, id=13839, stack(0x000070000cc06000,0x000070000cd06000)]
  0x00007fcd0547a000 JavaThread "com.alibaba.nacos.client.naming.updater" daemon [_thread_blocked, id=36615, stack(0x000070000ca00000,0x000070000cb00000)]
  0x00007fcd0b033000 JavaThread "RMI TCP Connection(2)-127.0.0.1" daemon [_thread_in_native, id=30211, stack(0x000070000cb03000,0x000070000cc03000)]
  0x00007fcd0b029800 JavaThread "com.alibaba.nacos.client.Worker.longPolling.fixed-127.0.0.1_8848-fdda7c25-1387-41bf-ad8b-061ca421234c" daemon [_thread_blocked, id=29187, stack(0x000070000c8fd000,0x000070000c9fd000)]
  0x00007fcd050bb000 JavaThread "com.alibaba.nacos.client.Worker.longPolling.fixed-127.0.0.1_8848-fdda7c25-1387-41bf-ad8b-061ca421234c" daemon [_thread_in_native, id=36867, stack(0x000070000c7fa000,0x000070000c8fa000)]
  0x00007fcd06809000 JavaThread "DestroyJavaVM" [_thread_blocked, id=10243, stack(0x000070000996d000,0x0000700009a6d000)]
  0x00007fcd0a110000 JavaThread "com.alibaba.nacos.naming.beat.sender" daemon [_thread_blocked, id=37123, stack(0x000070000c6f7000,0x000070000c7f7000)]
  0x00007fcd0791e800 JavaThread "server" [_thread_blocked, id=37635, stack(0x000070000c5f4000,0x000070000c6f4000)]
  0x00007fcd06044800 JavaThread "reactor-http-nio-1" daemon [_thread_in_native, id=37895, stack(0x000070000c4f1000,0x000070000c5f1000)]
  0x00007fcd0602b000 JavaThread "Nacos-Watch-Task-Scheduler-1" [_thread_blocked, id=27907, stack(0x000070000c3ee000,0x000070000c4ee000)]
  0x00007fcd0602a000 JavaThread "com.alibaba.nacos.client.naming.updater" daemon [_thread_blocked, id=27395, stack(0x000070000c2eb000,0x000070000c3eb000)]
  0x00007fcd0b0c6000 JavaThread "nacos.publisher-com.alibaba.nacos.client.naming.event.InstancesChangeEvent" daemon [_thread_blocked, id=26883, stack(0x000070000c1e8000,0x000070000c2e8000)]
  0x00007fcd0b128800 JavaThread "nacos.publisher-com.alibaba.nacos.common.notify.SlowEvent" daemon [_thread_blocked, id=38403, stack(0x000070000c0e5000,0x000070000c1e5000)]
  0x00007fcd0b128000 JavaThread "com.alibaba.nacos.naming.push.receiver" daemon [_thread_in_native, id=26627, stack(0x000070000bfe2000,0x000070000c0e2000)]
  0x00007fcd0b16e000 JavaThread "com.alibaba.nacos.naming.failover" daemon [_thread_blocked, id=39171, stack(0x000070000bedf000,0x000070000bfdf000)]
  0x00007fcd0791b800 JavaThread "com.alibaba.nacos.client.naming.updater" daemon [_thread_blocked, id=39683, stack(0x000070000bddc000,0x000070000bedc000)]
  0x00007fcd07900000 JavaThread "com.alibaba.nacos.client.naming.updater" daemon [_thread_blocked, id=26375, stack(0x000070000bcd9000,0x000070000bdd9000)]
  0x00007fcd06a00000 JavaThread "spring.cloud.inetutils" daemon [_thread_blocked, id=25859, stack(0x000070000bbd6000,0x000070000bcd6000)]
  0x00007fcd0b42f000 JavaThread "boundedElastic-evictor-1" daemon [_thread_blocked, id=23827, stack(0x000070000b7ca000,0x000070000b8ca000)]
  0x00007fcd060c0000 JavaThread "Keep-Alive-Timer" daemon [_thread_blocked, id=42247, stack(0x000070000b3be000,0x000070000b4be000)]
  0x00007fcd07b1b000 JavaThread "logback-5" daemon [_thread_blocked, id=23563, stack(0x000070000b2bb000,0x000070000b3bb000)]
  0x00007fcd06959000 JavaThread "logback-4" daemon [_thread_blocked, id=23307, stack(0x000070000b1b8000,0x000070000b2b8000)]
  0x00007fcd07ad0000 JavaThread "com.alibaba.nacos.client.Worker.fixed-127.0.0.1_8848-fdda7c25-1387-41bf-ad8b-061ca421234c" daemon [_thread_blocked, id=40451, stack(0x000070000bad3000,0x000070000bbd3000)]
  0x00007fcd07b08000 JavaThread "com.alibaba.nacos.client.config.security.updater" daemon [_thread_blocked, id=40963, stack(0x000070000b9d0000,0x000070000bad0000)]
  0x00007fcd07af1800 JavaThread "com.alibaba.nacos.client.identify.watcher.0" daemon [_thread_blocked, id=25603, stack(0x000070000b8cd000,0x000070000b9cd000)]
  0x00007fcd051cc000 JavaThread "RMI Scheduler(0)" daemon [_thread_blocked, id=25091, stack(0x000070000b6c7000,0x000070000b7c7000)]
  0x00007fcd0b38d000 JavaThread "RMI TCP Connection(1)-127.0.0.1" daemon [_thread_in_native, id=41987, stack(0x000070000b5c4000,0x000070000b6c4000)]
  0x00007fcd0b3b6000 JavaThread "Attach Listener" daemon [_thread_blocked, id=24323, stack(0x000070000b4c1000,0x000070000b5c1000)]
  0x00007fcd060ea800 JavaThread "RMI TCP Accept-0" daemon [_thread_in_native, id=43011, stack(0x000070000afb2000,0x000070000b0b2000)]
  0x00007fcd0b25b000 JavaThread "Service Thread" daemon [_thread_blocked, id=22275, stack(0x000070000aeaf000,0x000070000afaf000)]
  0x00007fcd0701d000 JavaThread "C1 CompilerThread3" daemon [_thread_blocked, id=43267, stack(0x000070000adac000,0x000070000aeac000)]
  0x00007fcd0b808800 JavaThread "C2 CompilerThread2" daemon [_thread_blocked, id=16387, stack(0x000070000aca9000,0x000070000ada9000)]
  0x00007fcd060d0000 JavaThread "C2 CompilerThread1" daemon [_thread_blocked, id=15875, stack(0x000070000aba6000,0x000070000aca6000)]
  0x00007fcd068b8800 JavaThread "C2 CompilerThread0" daemon [_thread_blocked, id=16899, stack(0x000070000aaa3000,0x000070000aba3000)]
  0x00007fcd060ce000 JavaThread "Monitor Ctrl-Break" daemon [_thread_in_native, id=15619, stack(0x000070000a9a0000,0x000070000aaa0000)]
  0x00007fcd06018800 JavaThread "Signal Dispatcher" daemon [_thread_blocked, id=17411, stack(0x000070000a89d000,0x000070000a99d000)]
  0x00007fcd0780c000 JavaThread "Finalizer" daemon [_thread_blocked, id=12803, stack(0x000070000a694000,0x000070000a794000)]
  0x00007fcd0a008800 JavaThread "Reference Handler" daemon [_thread_blocked, id=18435, stack(0x000070000a591000,0x000070000a691000)]

Other Threads:
  0x00007fcd05064800 VMThread [stack: 0x000070000a48e000,0x000070000a58e000] [id=18691]
  0x00007fcd07aa0800 WatcherThread [stack: 0x000070000b0b5000,0x000070000b1b5000] [id=23043]

VM state:not at safepoint (normal execution)

VM Mutex/Monitor currently owned by a thread: None

heap address: 0x00000006c0000000, size: 4096 MB, Compressed Oops mode: Zero based, Oop shift amount: 3
Narrow klass base: 0x0000000000000000, Narrow klass shift: 3
Compressed class space size: 1073741824 Address: 0x00000007c0000000

Heap:
 PSYoungGen      total 342528K, used 20668K [0x000000076ab00000, 0x0000000781e80000, 0x00000007c0000000)
  eden space 329216K, 2% used [0x000000076ab00000,0x000000076b2372d0,0x000000077ec80000)
  from space 13312K, 99% used [0x0000000781180000,0x0000000781e78118,0x0000000781e80000)
  to   space 15872K, 0% used [0x000000077ff80000,0x000000077ff80000,0x0000000780f00000)
 ParOldGen       total 134656K, used 16814K [0x00000006c0000000, 0x00000006c8380000, 0x000000076ab00000)
  object space 134656K, 12% used [0x00000006c0000000,0x00000006c106bba0,0x00000006c8380000)
 Metaspace       used 46463K, capacity 49318K, committed 49536K, reserved 1091584K
  class space    used 6398K, capacity 6960K, committed 7040K, reserved 1048576K

Card table byte_map: [0x0000000103f60000,0x0000000104761000] byte_map_base: 0x0000000100960000

Marking Bits: (ParMarkBitMap*) 0x0000000103cbfcc8
 Begin Bits: [0x000000011a75f000, 0x000000011e75f000)
 End Bits:   [0x000000011e75f000, 0x000000012275f000)

Polling page: 0x0000000102c5a000

CodeCache: size=245760Kb used=8379Kb max_used=8379Kb free=237380Kb
 bounds [0x000000010b75f000, 0x000000010bf8f000, 0x000000011a75f000]
 total_blobs=4841 nmethods=4277 adapters=477
 compilation: enabled

Compilation events (10 events):
Event: 25.128 Thread 0x00007fcd0701d000 4274       1       java.util.concurrent.ConcurrentHashMap::remove (8 bytes)
Event: 25.128 Thread 0x00007fcd0701d000 nmethod 4274 0x000000010bf8c550 code [0x000000010bf8c6c0, 0x000000010bf8c808]
Event: 25.128 Thread 0x00007fcd0701d000 4275       1       java.lang.invoke.LambdaFormEditor$Transform::equals (32 bytes)
Event: 25.128 Thread 0x00007fcd0701d000 nmethod 4275 0x000000010bf8c890 code [0x000000010bf8ca00, 0x000000010bf8cb68]
Event: 25.139 Thread 0x00007fcd0701d000 4277       1       java.util.Calendar::get (10 bytes)
Event: 25.139 Thread 0x00007fcd0701d000 nmethod 4277 0x000000010bf8cf90 code [0x000000010bf8d100, 0x000000010bf8d268]
Event: 25.140 Thread 0x00007fcd0701d000 4278       1       java.lang.StackTraceElement::getClassName (5 bytes)
Event: 25.140 Thread 0x00007fcd0701d000 nmethod 4278 0x000000010bf8d390 code [0x000000010bf8d4e0, 0x000000010bf8d5f0]
Event: 25.146 Thread 0x00007fcd0701d000 4279   !   1       java.util.concurrent.ConcurrentHashMap::initTable (115 bytes)
Event: 25.147 Thread 0x00007fcd0701d000 nmethod 4279 0x000000010bf8d650 code [0x000000010bf8d7c0, 0x000000010bf8daa8]

GC Heap History (10 events):
Event: 1.539 GC heap before
{Heap before GC invocations=6 (full 1):
 PSYoungGen      total 141824K, used 131072K [0x000000076ab00000, 0x0000000774000000, 0x00000007c0000000)
  eden space 131072K, 100% used [0x000000076ab00000,0x0000000772b00000,0x0000000772b00000)
  from space 10752K, 0% used [0x0000000773580000,0x0000000773580000,0x0000000774000000)
  to   space 10752K, 0% used [0x0000000772b00000,0x0000000772b00000,0x0000000773580000)
 ParOldGen       total 91136K, used 6516K [0x00000006c0000000, 0x00000006c5900000, 0x000000076ab00000)
  object space 91136K, 7% used [0x00000006c0000000,0x00000006c065d230,0x00000006c5900000)
 Metaspace       used 26925K, capacity 28194K, committed 28288K, reserved 1073152K
  class space    used 3675K, capacity 3949K, committed 3968K, reserved 1048576K
Event: 1.545 GC heap after
Heap after GC invocations=6 (full 1):
 PSYoungGen      total 141824K, used 10430K [0x000000076ab00000, 0x0000000779780000, 0x00000007c0000000)
  eden space 131072K, 0% used [0x000000076ab00000,0x000000076ab00000,0x0000000772b00000)
  from space 10752K, 97% used [0x0000000772b00000,0x000000077352faf8,0x0000000773580000)
  to   space 11264K, 0% used [0x0000000778c80000,0x0000000778c80000,0x0000000779780000)
 ParOldGen       total 91136K, used 6524K [0x00000006c0000000, 0x00000006c5900000, 0x000000076ab00000)
  object space 91136K, 7% used [0x00000006c0000000,0x00000006c065f230,0x00000006c5900000)
 Metaspace       used 26925K, capacity 28194K, committed 28288K, reserved 1073152K
  class space    used 3675K, capacity 3949K, committed 3968K, reserved 1048576K
}
Event: 2.016 GC heap before
{Heap before GC invocations=7 (full 1):
 PSYoungGen      total 141824K, used 141502K [0x000000076ab00000, 0x0000000779780000, 0x00000007c0000000)
  eden space 131072K, 100% used [0x000000076ab00000,0x0000000772b00000,0x0000000772b00000)
  from space 10752K, 97% used [0x0000000772b00000,0x000000077352faf8,0x0000000773580000)
  to   space 11264K, 0% used [0x0000000778c80000,0x0000000778c80000,0x0000000779780000)
 ParOldGen       total 91136K, used 6524K [0x00000006c0000000, 0x00000006c5900000, 0x000000076ab00000)
  object space 91136K, 7% used [0x00000006c0000000,0x00000006c065f230,0x00000006c5900000)
 Metaspace       used 32358K, capacity 34076K, committed 34304K, reserved 1079296K
  class space    used 4471K, capacity 4800K, committed 4864K, reserved 1048576K
Event: 2.024 GC heap after
Heap after GC invocations=7 (full 1):
 PSYoungGen      total 226304K, used 11238K [0x000000076ab00000, 0x0000000779780000, 0x00000007c0000000)
  eden space 215040K, 0% used [0x000000076ab00000,0x000000076ab00000,0x0000000777d00000)
  from space 11264K, 99% used [0x0000000778c80000,0x00000007797799f0,0x0000000779780000)
  to   space 13312K, 0% used [0x0000000777d80000,0x0000000777d80000,0x0000000778a80000)
 ParOldGen       total 91136K, used 8233K [0x00000006c0000000, 0x00000006c5900000, 0x000000076ab00000)
  object space 91136K, 9% used [0x00000006c0000000,0x00000006c080a460,0x00000006c5900000)
 Metaspace       used 32358K, capacity 34076K, committed 34304K, reserved 1079296K
  class space    used 4471K, capacity 4800K, committed 4864K, reserved 1048576K
}
Event: 2.157 GC heap before
{Heap before GC invocations=8 (full 1):
 PSYoungGen      total 226304K, used 41657K [0x000000076ab00000, 0x0000000779780000, 0x00000007c0000000)
  eden space 215040K, 14% used [0x000000076ab00000,0x000000076c8b4cc8,0x0000000777d00000)
  from space 11264K, 99% used [0x0000000778c80000,0x00000007797799f0,0x0000000779780000)
  to   space 13312K, 0% used [0x0000000777d80000,0x0000000777d80000,0x0000000778a80000)
 ParOldGen       total 91136K, used 8233K [0x00000006c0000000, 0x00000006c5900000, 0x000000076ab00000)
  object space 91136K, 9% used [0x00000006c0000000,0x00000006c080a460,0x00000006c5900000)
 Metaspace       used 33581K, capacity 35374K, committed 35496K, reserved 1079296K
  class space    used 4629K, capacity 5007K, committed 5120K, reserved 1048576K
Event: 2.162 GC heap after
Heap after GC invocations=8 (full 1):
 PSYoungGen      total 228864K, used 9334K [0x000000076ab00000, 0x0000000781e80000, 0x00000007c0000000)
  eden space 215552K, 0% used [0x000000076ab00000,0x000000076ab00000,0x0000000777d80000)
  from space 13312K, 70% used [0x0000000777d80000,0x000000077869da28,0x0000000778a80000)
  to   space 13312K, 0% used [0x0000000781180000,0x0000000781180000,0x0000000781e80000)
 ParOldGen       total 91136K, used 8241K [0x00000006c0000000, 0x00000006c5900000, 0x000000076ab00000)
  object space 91136K, 9% used [0x00000006c0000000,0x00000006c080c460,0x00000006c5900000)
 Metaspace       used 33581K, capacity 35374K, committed 35496K, reserved 1079296K
  class space    used 4629K, capacity 5007K, committed 5120K, reserved 1048576K
}
Event: 2.162 GC heap before
{Heap before GC invocations=9 (full 2):
 PSYoungGen      total 228864K, used 9334K [0x000000076ab00000, 0x0000000781e80000, 0x00000007c0000000)
  eden space 215552K, 0% used [0x000000076ab00000,0x000000076ab00000,0x0000000777d80000)
  from space 13312K, 70% used [0x0000000777d80000,0x000000077869da28,0x0000000778a80000)
  to   space 13312K, 0% used [0x0000000781180000,0x0000000781180000,0x0000000781e80000)
 ParOldGen       total 91136K, used 8241K [0x00000006c0000000, 0x00000006c5900000, 0x000000076ab00000)
  object space 91136K, 9% used [0x00000006c0000000,0x00000006c080c460,0x00000006c5900000)
 Metaspace       used 33581K, capacity 35374K, committed 35496K, reserved 1079296K
  class space    used 4629K, capacity 5007K, committed 5120K, reserved 1048576K
Event: 2.191 GC heap after
Heap after GC invocations=9 (full 2):
 PSYoungGen      total 228864K, used 0K [0x000000076ab00000, 0x0000000781e80000, 0x00000007c0000000)
  eden space 215552K, 0% used [0x000000076ab00000,0x000000076ab00000,0x0000000777d80000)
  from space 13312K, 0% used [0x0000000777d80000,0x0000000777d80000,0x0000000778a80000)
  to   space 13312K, 0% used [0x0000000781180000,0x0000000781180000,0x0000000781e80000)
 ParOldGen       total 134656K, used 14582K [0x00000006c0000000, 0x00000006c8380000, 0x000000076ab00000)
  object space 134656K, 10% used [0x00000006c0000000,0x00000006c0e3db18,0x00000006c8380000)
 Metaspace       used 33581K, capacity 35374K, committed 35496K, reserved 1079296K
  class space    used 4629K, capacity 5007K, committed 5120K, reserved 1048576K
}
Event: 25.110 GC heap before
{Heap before GC invocations=10 (full 2):
 PSYoungGen      total 228864K, used 215552K [0x000000076ab00000, 0x0000000781e80000, 0x00000007c0000000)
  eden space 215552K, 100% used [0x000000076ab00000,0x0000000777d80000,0x0000000777d80000)
  from space 13312K, 0% used [0x0000000777d80000,0x0000000777d80000,0x0000000778a80000)
  to   space 13312K, 0% used [0x0000000781180000,0x0000000781180000,0x0000000781e80000)
 ParOldGen       total 134656K, used 14582K [0x00000006c0000000, 0x00000006c8380000, 0x000000076ab00000)
  object space 134656K, 10% used [0x00000006c0000000,0x00000006c0e3db18,0x00000006c8380000)
 Metaspace       used 46205K, capacity 49010K, committed 49152K, reserved 1091584K
  class space    used 6357K, capacity 6900K, committed 6912K, reserved 1048576K
Event: 25.121 GC heap after
Heap after GC invocations=10 (full 2):
 PSYoungGen      total 342528K, used 13280K [0x000000076ab00000, 0x0000000781e80000, 0x00000007c0000000)
  eden space 329216K, 0% used [0x000000076ab00000,0x000000076ab00000,0x000000077ec80000)
  from space 13312K, 99% used [0x0000000781180000,0x0000000781e78118,0x0000000781e80000)
  to   space 15872K, 0% used [0x000000077ff80000,0x000000077ff80000,0x0000000780f00000)
 ParOldGen       total 134656K, used 16814K [0x00000006c0000000, 0x00000006c8380000, 0x000000076ab00000)
  object space 134656K, 12% used [0x00000006c0000000,0x00000006c106bba0,0x00000006c8380000)
 Metaspace       used 46205K, capacity 49010K, committed 49152K, reserved 1091584K
  class space    used 6357K, capacity 6900K, committed 6912K, reserved 1048576K
}

Deoptimization events (0 events):
No events

Classes redefined (0 events):
No events

Internal exceptions (10 events):
Event: 9.686 Thread 0x00007fcd0513c800 Exception <a 'java/lang/ArrayIndexOutOfBoundsException'> (0x000000077639aa50) thrown at [/private/tmp/openjdkA8-20210814-5038-e41be5/jdk8u302-ga/hotspot/src/share/vm/runtime/sharedRuntime.cpp, line 609]
Event: 9.686 Thread 0x00007fcd0513c800 Exception <a 'java/lang/ArrayIndexOutOfBoundsException'> (0x000000077639c140) thrown at [/private/tmp/openjdkA8-20210814-5038-e41be5/jdk8u302-ga/hotspot/src/share/vm/runtime/sharedRuntime.cpp, line 609]
Event: 9.691 Thread 0x00007fcd0513c800 Exception <a 'java/lang/reflect/InvocationTargetException'> (0x00000007764a3d48) thrown at [/private/tmp/openjdkA8-20210814-5038-e41be5/jdk8u302-ga/hotspot/src/share/vm/runtime/reflection.cpp, line 1092]
Event: 11.226 Thread 0x00007fcd07af1800 Exception <a 'java/io/FileNotFoundException'> (0x00000007771f9688) thrown at [/private/tmp/openjdkA8-20210814-5038-e41be5/jdk8u302-ga/hotspot/src/share/vm/prims/jni.cpp, line 711]
Event: 11.226 Thread 0x00007fcd07af1800 Exception <a 'java/io/FileNotFoundException'> (0x00000007771f9d08) thrown at [/private/tmp/openjdkA8-20210814-5038-e41be5/jdk8u302-ga/hotspot/src/share/vm/prims/jni.cpp, line 711]
Event: 14.820 Thread 0x00007fcd0513c800 Exception <a 'java/net/ConnectException'> (0x00000007771ceed0) thrown at [/private/tmp/openjdkA8-20210814-5038-e41be5/jdk8u302-ga/hotspot/src/share/vm/prims/jni.cpp, line 711]
Event: 21.246 Thread 0x00007fcd07af1800 Exception <a 'java/io/FileNotFoundException'> (0x0000000777201410) thrown at [/private/tmp/openjdkA8-20210814-5038-e41be5/jdk8u302-ga/hotspot/src/share/vm/prims/jni.cpp, line 711]
Event: 21.246 Thread 0x00007fcd07af1800 Exception <a 'java/io/FileNotFoundException'> (0x0000000777201a90) thrown at [/private/tmp/openjdkA8-20210814-5038-e41be5/jdk8u302-ga/hotspot/src/share/vm/prims/jni.cpp, line 711]
Event: 25.092 Thread 0x00007fcd0513c800 Exception <a 'java/lang/NoSuchMethodError': java.lang.Object.lambda$static$0(Lreactor/core/publisher/SignalType;Lreactor/core/publisher/Sinks$EmitResult;)Z> (0x00000007776fdcc8) thrown at [/private/tmp/openjdkA8-20210814-5038-e41be5/jdk8u302-ga/hotspot/sr
Event: 25.097 Thread 0x00007fcd0513c800 Exception <a 'java/lang/NoSuchMethodError': java.lang.Object.from(Ljava/lang/Object;)Lreactor/core/Scannable;> (0x0000000777b093e8) thrown at [/private/tmp/openjdkA8-20210814-5038-e41be5/jdk8u302-ga/hotspot/src/share/vm/interpreter/linkResolver.cpp, line 

Events (10 events):
Event: 25.145 loading class org/springframework/core/ResolvableType
Event: 25.145 loading class org/springframework/core/ResolvableType done
Event: 25.145 loading class reactor/util/context/Context1
Event: 25.145 loading class reactor/util/context/Context1 done
Event: 25.145 loading class reactor/core/publisher/MonoSingle$SingleSubscriber
Event: 25.145 loading class reactor/core/publisher/MonoSingle$SingleSubscriber done
Event: 25.146 loading class reactor/core/publisher/Operators$MonoInnerProducerBase
Event: 25.146 loading class reactor/core/publisher/Operators$MonoInnerProducerBase done
Event: 25.146 loading class org/springframework/core/io/buffer/NettyDataBuffer
Event: 25.146 loading class org/springframework/core/io/buffer/NettyDataBuffer done


Dynamic libraries:
0x00007ff8259e8000 	/System/Library/Frameworks/Cocoa.framework/Versions/A/Cocoa
0x00007ff811826000 	/System/Library/Frameworks/AppKit.framework/Versions/C/AppKit
0x00007ff814d13000 	/System/Library/Frameworks/CoreData.framework/Versions/A/CoreData
0x00007ff80fc41000 	/System/Library/Frameworks/Foundation.framework/Versions/C/Foundation
0x00007ff819b88000 	/usr/lib/libSystem.B.dylib
0x00007ff8126b3000 	/System/Library/PrivateFrameworks/UIFoundation.framework/Versions/A/UIFoundation
0x00007ff81f9c0000 	/System/Library/PrivateFrameworks/RemoteViewServices.framework/Versions/A/RemoteViewServices
0x00007ff817d34000 	/System/Library/PrivateFrameworks/XCTTargetBootstrap.framework/Versions/A/XCTTargetBootstrap
0x00007ff81b997000 	/System/Library/PrivateFrameworks/InternationalSupport.framework/Versions/A/InternationalSupport
0x00007ff81ba21000 	/System/Library/PrivateFrameworks/UserActivity.framework/Versions/A/UserActivity
0x00007ff81ad77000 	/usr/lib/libspindump.dylib
0x00007ff812941000 	/System/Library/Frameworks/UniformTypeIdentifiers.framework/Versions/A/UniformTypeIdentifiers
0x00007ff816473000 	/usr/lib/libapp_launch_measurement.dylib
0x00007ff8156dd000 	/System/Library/PrivateFrameworks/CoreAnalytics.framework/Versions/A/CoreAnalytics
0x00007ff816476000 	/System/Library/PrivateFrameworks/CoreAutoLayout.framework/Versions/A/CoreAutoLayout
0x00007ff817695000 	/System/Library/Frameworks/Metal.framework/Versions/A/Metal
0x00007ff8183aa000 	/usr/lib/liblangid.dylib
0x00007ff817d38000 	/System/Library/PrivateFrameworks/CoreSVG.framework/Versions/A/CoreSVG
0x00007ff813d03000 	/System/Library/PrivateFrameworks/SkyLight.framework/Versions/A/SkyLight
0x00007ff814094000 	/System/Library/Frameworks/CoreGraphics.framework/Versions/A/CoreGraphics
0x00007ff82002b000 	/System/Library/Frameworks/Accelerate.framework/Versions/A/Accelerate
0x00007ff81a7f2000 	/System/Library/PrivateFrameworks/IconServices.framework/Versions/A/IconServices
0x00007ff81767a000 	/System/Library/Frameworks/IOSurface.framework/Versions/A/IOSurface
0x00007ff81570b000 	/usr/lib/libDiagnosticMessagesClient.dylib
0x00007ff819aa8000 	/usr/lib/libz.1.dylib
0x00007ff82368a000 	/System/Library/Frameworks/ApplicationServices.framework/Versions/A/ApplicationServices
0x00007ff817d20000 	/System/Library/PrivateFrameworks/DFRFoundation.framework/Versions/A/DFRFoundation
0x00007ff811117000 	/usr/lib/libicucore.A.dylib
0x00007ff81c6b9000 	/System/Library/Frameworks/AudioToolbox.framework/Versions/A/AudioToolbox
0x00007ff81b9a3000 	/System/Library/PrivateFrameworks/DataDetectorsCore.framework/Versions/A/DataDetectorsCore
0x00007ff9171e9000 	/System/Library/PrivateFrameworks/TextInput.framework/Versions/A/TextInput
0x00007ff813c86000 	/usr/lib/libMobileGestalt.dylib
0x00007ff817a28000 	/System/Library/Frameworks/Carbon.framework/Versions/A/Frameworks/HIToolbox.framework/Versions/A/HIToolbox
0x00007ff815ea1000 	/System/Library/Frameworks/QuartzCore.framework/Versions/A/QuartzCore
0x00007ff810db8000 	/System/Library/Frameworks/Security.framework/Versions/A/Security
0x00007ff81f9f8000 	/System/Library/Frameworks/Carbon.framework/Versions/A/Frameworks/SpeechRecognition.framework/Versions/A/SpeechRecognition
0x00007ff8161d3000 	/System/Library/PrivateFrameworks/CoreUI.framework/Versions/A/CoreUI
0x00007ff810692000 	/System/Library/Frameworks/CoreAudio.framework/Versions/A/CoreAudio
0x00007ff8157f9000 	/System/Library/Frameworks/DiskArbitration.framework/Versions/A/DiskArbitration
0x00007ff81b15e000 	/System/Library/PrivateFrameworks/MultitouchSupport.framework/Versions/A/MultitouchSupport
0x00007ff813c85000 	/usr/lib/libenergytrace.dylib
0x00007ff811712000 	/System/Library/Frameworks/IOKit.framework/Versions/A/IOKit
0x00007ff81fde2000 	/System/Library/Frameworks/CoreServices.framework/Versions/A/CoreServices
0x00007ff81640d000 	/System/Library/PrivateFrameworks/PerformanceAnalysis.framework/Versions/A/PerformanceAnalysis
0x00007ffa267aa000 	/System/Library/Frameworks/OpenGL.framework/Versions/A/OpenGL
0x00007ff8190e0000 	/System/Library/PrivateFrameworks/MobileKeyBag.framework/Versions/A/MobileKeyBag
0x00007ff80ec02000 	/usr/lib/libobjc.A.dylib
0x00007ff814760000 	/System/Library/Frameworks/ColorSync.framework/Versions/A/ColorSync
0x00007ff80edbb000 	/System/Library/Frameworks/CoreFoundation.framework/Versions/A/CoreFoundation
0x00007ff817fb1000 	/System/Library/Frameworks/CoreImage.framework/Versions/A/CoreImage
0x00007ff8104a8000 	/System/Library/Frameworks/CoreText.framework/Versions/A/CoreText
0x00007ff817d67000 	/System/Library/Frameworks/ImageIO.framework/Versions/A/ImageIO
0x00007ff819b8e000 	/System/Library/PrivateFrameworks/SoftLinking.framework/Versions/A/SoftLinking
0x00007ff8164be000 	/usr/lib/libxml2.2.dylib
0x00007ff80ecc8000 	/usr/lib/libc++.1.dylib
0x00007ff819e11000 	/usr/lib/libcompression.dylib
0x00007ff81b8cd000 	/System/Library/PrivateFrameworks/TextureIO.framework/Versions/A/TextureIO
0x00007ff81a504000 	/usr/lib/libate.dylib
0x00007ff819b83000 	/usr/lib/system/libcache.dylib
0x00007ff819b3f000 	/usr/lib/system/libcommonCrypto.dylib
0x00007ff819b68000 	/usr/lib/system/libcompiler_rt.dylib
0x00007ff819b5e000 	/usr/lib/system/libcopyfile.dylib
0x00007ff80eafc000 	/usr/lib/system/libcorecrypto.dylib
0x00007ff80ebbb000 	/usr/lib/system/libdispatch.dylib
0x00007ff80ed7a000 	/usr/lib/system/libdyld.dylib
0x00007ff819b7a000 	/usr/lib/system/libkeymgr.dylib
0x00007ff819b1d000 	/usr/lib/system/libmacho.dylib
0x00007ff8191b4000 	/usr/lib/system/libquarantine.dylib
0x00007ff819b78000 	/usr/lib/system/libremovefile.dylib
0x00007ff813cd2000 	/usr/lib/system/libsystem_asl.dylib
0x00007ff80eaaa000 	/usr/lib/system/libsystem_blocks.dylib
0x00007ff80ec3f000 	/usr/lib/system/libsystem_c.dylib
0x00007ff819b70000 	/usr/lib/system/libsystem_collections.dylib
0x00007ff81839b000 	/usr/lib/system/libsystem_configuration.dylib
0x00007ff81765d000 	/usr/lib/system/libsystem_containermanager.dylib
0x00007ff81985c000 	/usr/lib/system/libsystem_coreservices.dylib
0x00007ff8113a0000 	/usr/lib/system/libsystem_darwin.dylib
0x00007ff819b7b000 	/usr/lib/system/libsystem_dnssd.dylib
0x00007ff80ec3c000 	/usr/lib/system/libsystem_featureflags.dylib
0x00007ff80ed90000 	/usr/lib/system/libsystem_info.dylib
0x00007ff819abb000 	/usr/lib/system/libsystem_m.dylib
0x00007ff80eb8f000 	/usr/lib/system/libsystem_malloc.dylib
0x00007ff813c6f000 	/usr/lib/system/libsystem_networkextension.dylib
0x00007ff8117c8000 	/usr/lib/system/libsystem_notify.dylib
0x00007ff81fcb9000 	/usr/lib/system/libsystem_product_info_filter.dylib
0x00007ff81839f000 	/usr/lib/system/libsystem_sandbox.dylib
0x00007ff819b75000 	/usr/lib/system/libsystem_secinit.dylib
0x00007ff80ed37000 	/usr/lib/system/libsystem_kernel.dylib
0x00007ff80ed86000 	/usr/lib/system/libsystem_platform.dylib
0x00007ff80ed6e000 	/usr/lib/system/libsystem_pthread.dylib
0x00007ff815523000 	/usr/lib/system/libsystem_symptoms.dylib
0x00007ff80eae3000 	/usr/lib/system/libsystem_trace.dylib
0x00007ff819b4b000 	/usr/lib/system/libunwind.dylib
0x00007ff80eaac000 	/usr/lib/system/libxpc.dylib
0x00007ff80ed21000 	/usr/lib/libc++abi.dylib
0x00007ff819b56000 	/usr/lib/liboah.dylib
0x00007ff81a2e2000 	/usr/lib/liblzma.5.dylib
0x00007ff80f952000 	/System/Library/Frameworks/SystemConfiguration.framework/Versions/A/SystemConfiguration
0x00007ff819b8a000 	/usr/lib/libfakelink.dylib
0x00007ff8137d9000 	/System/Library/Frameworks/CFNetwork.framework/Versions/A/CFNetwork
0x00007ff819cc9000 	/usr/lib/libarchive.2.dylib
0x00007ff8183a6000 	/System/Library/PrivateFrameworks/AppleSystemInfo.framework/Versions/A/AppleSystemInfo
0x00007ff8191da000 	/usr/lib/libbsm.0.dylib
0x00007ff812e10000 	/usr/lib/libnetwork.dylib
0x00007ff819b23000 	/usr/lib/system/libkxld.dylib
0x00007ff818e09000 	/System/Library/PrivateFrameworks/IOMobileFramebuffer.framework/Versions/A/IOMobileFramebuffer
0x00007ffb24293000 	/usr/lib/libCoreEntitlements.dylib
0x00007ff81983e000 	/System/Library/PrivateFrameworks/AppleFSCompression.framework/Versions/A/AppleFSCompression
0x00007ff8191c3000 	/usr/lib/libcoretls.dylib
0x00007ff81a2fc000 	/usr/lib/libcoretls_cfhelpers.dylib
0x00007ff819e0c000 	/usr/lib/libpam.2.dylib
0x00007ff815145000 	/usr/lib/libsqlite3.dylib
0x00007ff81a36b000 	/usr/lib/libxar.1.dylib
0x00007ff81984e000 	/usr/lib/libbz2.1.0.dylib
0x00007ff819b8f000 	/usr/lib/libpcap.A.dylib
0x00007ff81551a000 	/usr/lib/libdns_services.dylib
0x00007ff819ddb000 	/usr/lib/libapple_nghttp2.dylib
0x00007ff819bc6000 	/usr/lib/libiconv.2.dylib
0x00007ff819b1c000 	/usr/lib/libcharset.1.dylib
0x00007ff816441000 	/System/Library/Frameworks/CoreServices.framework/Versions/A/Frameworks/FSEvents.framework/Versions/A/FSEvents
0x00007ff8113aa000 	/System/Library/Frameworks/CoreServices.framework/Versions/A/Frameworks/CarbonCore.framework/Versions/A/CarbonCore
0x00007ff81575e000 	/System/Library/Frameworks/CoreServices.framework/Versions/A/Frameworks/Metadata.framework/Versions/A/Metadata
0x00007ff819861000 	/System/Library/Frameworks/CoreServices.framework/Versions/A/Frameworks/OSServices.framework/Versions/A/OSServices
0x00007ff819d4f000 	/System/Library/Frameworks/CoreServices.framework/Versions/A/Frameworks/SearchKit.framework/Versions/A/SearchKit
0x00007ff8154ac000 	/System/Library/Frameworks/CoreServices.framework/Versions/A/Frameworks/AE.framework/Versions/A/AE
0x00007ff80f2be000 	/System/Library/Frameworks/CoreServices.framework/Versions/A/Frameworks/LaunchServices.framework/Versions/A/LaunchServices
0x00007ff81a293000 	/System/Library/Frameworks/CoreServices.framework/Versions/A/Frameworks/DictionaryServices.framework/Versions/A/DictionaryServices
0x00007ff81644e000 	/System/Library/Frameworks/CoreServices.framework/Versions/A/Frameworks/SharedFileList.framework/Versions/A/SharedFileList
0x00007ff8191b7000 	/usr/lib/libCheckFix.dylib
0x00007ff813ce9000 	/System/Library/PrivateFrameworks/TCC.framework/Versions/A/TCC
0x00007ff8183ac000 	/System/Library/PrivateFrameworks/CoreNLP.framework/Versions/A/CoreNLP
0x00007ff81570e000 	/System/Library/PrivateFrameworks/MetadataUtilities.framework/Versions/A/MetadataUtilities
0x00007ff80fa02000 	/usr/lib/libmecabra.dylib
0x00007ff8191ea000 	/usr/lib/libmecab.dylib
0x00007ff80f9cd000 	/usr/lib/libCRFSuite.dylib
0x00007ff819247000 	/usr/lib/libgermantok.dylib
0x00007ff819db6000 	/usr/lib/libThaiTokenizer.dylib
0x00007ff815800000 	/System/Library/Frameworks/Accelerate.framework/Versions/A/Frameworks/vImage.framework/Versions/A/vImage
0x00007ff81fdb9000 	/System/Library/Frameworks/Accelerate.framework/Versions/A/Frameworks/vecLib.framework/Versions/A/vecLib
0x00007ff81a3ac000 	/System/Library/Frameworks/Accelerate.framework/Versions/A/Frameworks/vecLib.framework/Versions/A/libvMisc.dylib
0x00007ff818c27000 	/System/Library/Frameworks/Accelerate.framework/Versions/A/Frameworks/vecLib.framework/Versions/A/libvDSP.dylib
0x00007ff80f636000 	/System/Library/Frameworks/Accelerate.framework/Versions/A/Frameworks/vecLib.framework/Versions/A/libBLAS.dylib
0x00007ff819eed000 	/System/Library/Frameworks/Accelerate.framework/Versions/A/Frameworks/vecLib.framework/Versions/A/libLAPACK.dylib
0x00007ff81924a000 	/System/Library/Frameworks/Accelerate.framework/Versions/A/Frameworks/vecLib.framework/Versions/A/libLinearAlgebra.dylib
0x00007ff819df4000 	/System/Library/Frameworks/Accelerate.framework/Versions/A/Frameworks/vecLib.framework/Versions/A/libSparseBLAS.dylib
0x00007ff819ee7000 	/System/Library/Frameworks/Accelerate.framework/Versions/A/Frameworks/vecLib.framework/Versions/A/libQuadrature.dylib
0x00007ff818496000 	/System/Library/Frameworks/Accelerate.framework/Versions/A/Frameworks/vecLib.framework/Versions/A/libBNNS.dylib
0x00007ff80f8e3000 	/System/Library/Frameworks/Accelerate.framework/Versions/A/Frameworks/vecLib.framework/Versions/A/libSparse.dylib
0x00007ff81848f000 	/System/Library/PrivateFrameworks/LinguisticData.framework/Versions/A/LinguisticData
0x00007ff80f898000 	/System/Library/PrivateFrameworks/Lexicon.framework/Versions/A/Lexicon
0x00007ff81a3a5000 	/usr/lib/libChineseTokenizer.dylib
0x00007ff80fffc000 	/System/Library/PrivateFrameworks/LanguageModeling.framework/Versions/A/LanguageModeling
0x00007ff819db8000 	/System/Library/PrivateFrameworks/AppleSauce.framework/Versions/A/AppleSauce
0x00007ff818df7000 	/System/Library/PrivateFrameworks/CoreEmoji.framework/Versions/A/CoreEmoji
0x00007ff819cb8000 	/usr/lib/libcmph.dylib
0x00007ff816425000 	/System/Library/Frameworks/OpenDirectory.framework/Versions/A/Frameworks/CFOpenDirectory.framework/Versions/A/CFOpenDirectory
0x00007ff816419000 	/System/Library/Frameworks/OpenDirectory.framework/Versions/A/OpenDirectory
0x00007ff81a2fe000 	/System/Library/PrivateFrameworks/APFS.framework/Versions/A/APFS
0x00007ff819118000 	/System/Library/Frameworks/SecurityFoundation.framework/Versions/A/SecurityFoundation
0x00007ff81a379000 	/usr/lib/libutil.dylib
0x00007ff8116d5000 	/System/Library/PrivateFrameworks/CoreServicesStore.framework/Versions/A/CoreServicesStore
0x00007ff81a37d000 	/usr/lib/libxslt.1.dylib
0x00007ff8191a5000 	/System/Library/PrivateFrameworks/BackgroundTaskManagement.framework/Versions/A/BackgroundTaskManagement
0x00007ff81b7ed000 	/System/Library/Frameworks/ImageIO.framework/Versions/A/Resources/libRadiance.dylib
0x00007ff81b7f6000 	/System/Library/Frameworks/ImageIO.framework/Versions/A/Resources/libJPEG.dylib
0x00007ff81b746000 	/System/Library/Frameworks/ImageIO.framework/Versions/A/Resources/libPng.dylib
0x00007ff81b767000 	/System/Library/Frameworks/ImageIO.framework/Versions/A/Resources/libTIFF.dylib
0x00007ff81b856000 	/System/Library/Frameworks/ImageIO.framework/Versions/A/Resources/libGIF.dylib
0x00007ff81b077000 	/System/Library/Frameworks/ImageIO.framework/Versions/A/Resources/libJP2.dylib
0x00007ff81a7b9000 	/usr/lib/libexpat.1.dylib
0x00007ff81b02c000 	/System/Library/PrivateFrameworks/AppleJPEG.framework/Versions/A/AppleJPEG
0x00007ff8178ef000 	/System/Library/PrivateFrameworks/FontServices.framework/libFontParser.dylib
0x00007ff815456000 	/System/Library/PrivateFrameworks/RunningBoardServices.framework/Versions/A/RunningBoardServices
0x00007ff825f59000 	/System/Library/PrivateFrameworks/IOSurfaceAccelerator.framework/Versions/A/IOSurfaceAccelerator
0x00007ff81b15a000 	/System/Library/PrivateFrameworks/WatchdogClient.framework/Versions/A/WatchdogClient
0x00007ff8100eb000 	/System/Library/Frameworks/CoreDisplay.framework/Versions/A/CoreDisplay
0x00007ff8177ef000 	/System/Library/Frameworks/CoreMedia.framework/Versions/A/CoreMedia
0x00007ff81768c000 	/System/Library/PrivateFrameworks/IOAccelerator.framework/Versions/A/IOAccelerator
0x00007ff8165a1000 	/System/Library/Frameworks/CoreVideo.framework/Versions/A/CoreVideo
0x00007ff819e0a000 	/System/Library/Frameworks/MetalPerformanceShaders.framework/Versions/A/MetalPerformanceShaders
0x00007ff81b195000 	/System/Library/Frameworks/VideoToolbox.framework/Versions/A/VideoToolbox
0x00007ff81539e000 	/System/Library/PrivateFrameworks/BaseBoard.framework/Versions/A/BaseBoard
0x00007ff81512b000 	/System/Library/PrivateFrameworks/ProtocolBuffer.framework/Versions/A/ProtocolBuffer
0x00007ff81b7e6000 	/System/Library/PrivateFrameworks/GPUWrangler.framework/Versions/A/GPUWrangler
0x00007ff81b7c9000 	/System/Library/PrivateFrameworks/IOPresentment.framework/Versions/A/IOPresentment
0x00007ff81b7f0000 	/System/Library/PrivateFrameworks/DSExternalDisplay.framework/Versions/A/DSExternalDisplay
0x00007ffa2679e000 	/System/Library/Frameworks/OpenGL.framework/Versions/A/Libraries/libCoreFSCache.dylib
0x00007ffb12892000 	/System/Library/PrivateFrameworks/GPUCompiler.framework/Versions/31001/Libraries/libGPUCompilerUtils.dylib
0x00007ff81b85b000 	/System/Library/PrivateFrameworks/CMCaptureCore.framework/Versions/A/CMCaptureCore
0x00007ff81ad65000 	/System/Library/PrivateFrameworks/AppServerSupport.framework/Versions/A/AppServerSupport
0x00007ff81cf36000 	/System/Library/PrivateFrameworks/perfdata.framework/Versions/A/perfdata
0x00007ff810217000 	/System/Library/PrivateFrameworks/AudioToolboxCore.framework/Versions/A/AudioToolboxCore
0x00007ff8177cc000 	/System/Library/PrivateFrameworks/caulk.framework/Versions/A/caulk
0x00007ff81c863000 	/usr/lib/libAudioStatistics.dylib
0x00007ff913aa8000 	/System/Library/PrivateFrameworks/SystemPolicy.framework/Versions/A/SystemPolicy
0x00007ff81caaf000 	/usr/lib/libSMC.dylib
0x00007ff82589b000 	/System/Library/Frameworks/CoreMIDI.framework/Versions/A/CoreMIDI
0x00007ff81b716000 	/usr/lib/libAudioToolboxUtility.dylib
0x00007ff90ff30000 	/System/Library/PrivateFrameworks/OSAServicesClient.framework/Versions/A/OSAServicesClient
0x00007ff81cf43000 	/usr/lib/libperfcheck.dylib
0x00007ff914534000 	/usr/lib/libmis.dylib
0x00007ffa267fa000 	/System/Library/Frameworks/OpenGL.framework/Versions/A/Libraries/libGLU.dylib
0x00007ffa267bd000 	/System/Library/Frameworks/OpenGL.framework/Versions/A/Libraries/libGFXShared.dylib
0x00007ffa269cb000 	/System/Library/Frameworks/OpenGL.framework/Versions/A/Libraries/libGL.dylib
0x00007ffa267c6000 	/System/Library/Frameworks/OpenGL.framework/Versions/A/Libraries/libGLImage.dylib
0x00007ffa267ba000 	/System/Library/Frameworks/OpenGL.framework/Versions/A/Libraries/libCVMSPluginSupport.dylib
0x00007ffa267a5000 	/System/Library/Frameworks/OpenGL.framework/Versions/A/Libraries/libCoreVMClient.dylib
0x00007ff81832a000 	/System/Library/Frameworks/MetalPerformanceShaders.framework/Versions/A/Frameworks/MPSCore.framework/Versions/A/MPSCore
0x00007ff8197a9000 	/System/Library/Frameworks/MetalPerformanceShaders.framework/Versions/A/Frameworks/MPSImage.framework/Versions/A/MPSImage
0x00007ff819260000 	/System/Library/Frameworks/MetalPerformanceShaders.framework/Versions/A/Frameworks/MPSNeuralNetwork.framework/Versions/A/MPSNeuralNetwork
0x00007ff8196d5000 	/System/Library/Frameworks/MetalPerformanceShaders.framework/Versions/A/Frameworks/MPSMatrix.framework/Versions/A/MPSMatrix
0x00007ff819491000 	/System/Library/Frameworks/MetalPerformanceShaders.framework/Versions/A/Frameworks/MPSRayIntersector.framework/Versions/A/MPSRayIntersector
0x00007ff81970e000 	/System/Library/Frameworks/MetalPerformanceShaders.framework/Versions/A/Frameworks/MPSNDArray.framework/Versions/A/MPSNDArray
0x00007ffa2b3a3000 	/System/Library/Frameworks/MetalPerformanceShaders.framework/Versions/A/Frameworks/MPSFunctions.framework/Versions/A/MPSFunctions
0x00007ff80f519000 	/System/Library/PrivateFrameworks/MetalTools.framework/Versions/A/MetalTools
0x00007ff8183a4000 	/System/Library/PrivateFrameworks/AggregateDictionary.framework/Versions/A/AggregateDictionary
0x00007ff81a59b000 	/usr/lib/libIOReport.dylib
0x00007ffa27dda000 	/System/Library/Frameworks/OpenCL.framework/Versions/A/OpenCL
0x00007ff81a8ff000 	/System/Library/PrivateFrameworks/FaceCore.framework/Versions/A/FaceCore
0x00007ff81a8f0000 	/System/Library/PrivateFrameworks/GraphVisualizer.framework/Versions/A/GraphVisualizer
0x00007ffb1279d000 	/System/Library/PrivateFrameworks/FontServices.framework/Versions/A/FontServices
0x00007ff81ad1c000 	/System/Library/PrivateFrameworks/OTSVG.framework/Versions/A/OTSVG
0x00007ff816189000 	/System/Library/Frameworks/ApplicationServices.framework/Versions/A/Frameworks/ATS.framework/Versions/A/Resources/libFontRegistry.dylib
0x00007ff81ad6d000 	/System/Library/PrivateFrameworks/FontServices.framework/libhvf.dylib
0x00007ffb1279e000 	/System/Library/PrivateFrameworks/FontServices.framework/libXTFontStaticRegistryData.dylib
0x00007ff81a769000 	/System/Library/PrivateFrameworks/AppleVA.framework/Versions/A/AppleVA
0x00007ff81c883000 	/System/Library/Frameworks/ApplicationServices.framework/Versions/A/Frameworks/ATS.framework/Versions/A/ATS
0x00007ff81485c000 	/System/Library/Frameworks/ApplicationServices.framework/Versions/A/Frameworks/HIServices.framework/Versions/A/HIServices
0x00007ff81b865000 	/System/Library/Frameworks/ApplicationServices.framework/Versions/A/Frameworks/PrintCore.framework/Versions/A/PrintCore
0x00007ff81cc02000 	/System/Library/Frameworks/ApplicationServices.framework/Versions/A/Frameworks/QD.framework/Versions/A/QD
0x00007ff81cbfa000 	/System/Library/Frameworks/ApplicationServices.framework/Versions/A/Frameworks/ColorSyncLegacy.framework/Versions/A/ColorSyncLegacy
0x00007ff81c873000 	/System/Library/Frameworks/ApplicationServices.framework/Versions/A/Frameworks/SpeechSynthesis.framework/Versions/A/SpeechSynthesis
0x00007ff81b826000 	/System/Library/Frameworks/ApplicationServices.framework/Versions/A/Frameworks/ATSUI.framework/Versions/A/ATSUI
0x00007ff81cb8f000 	/usr/lib/libcups.2.dylib
0x00007ff81cf52000 	/System/Library/Frameworks/Kerberos.framework/Versions/A/Kerberos
0x00007ff81cf61000 	/System/Library/Frameworks/GSS.framework/Versions/A/GSS
0x00007ff81c8ef000 	/usr/lib/libresolv.9.dylib
0x00007ff81ad7c000 	/System/Library/PrivateFrameworks/Heimdal.framework/Versions/A/Heimdal
0x00007ff823a05000 	/System/Library/Frameworks/Kerberos.framework/Versions/A/Libraries/libHeimdalProxy.dylib
0x00007ff81552b000 	/System/Library/Frameworks/Network.framework/Versions/A/Network
0x00007ff81a7d3000 	/usr/lib/libheimdal-asn1.dylib
0x00007ff81cfac000 	/System/Library/PrivateFrameworks/CommonAuth.framework/Versions/A/CommonAuth
0x00007ff81c7f4000 	/System/Library/PrivateFrameworks/AudioSession.framework/Versions/A/AudioSession
0x00007ff81a863000 	/System/Library/PrivateFrameworks/MediaExperience.framework/Versions/A/MediaExperience
0x00007ff81c688000 	/System/Library/PrivateFrameworks/AudioSession.framework/libSessionUtility.dylib
0x00007ff81cc0e000 	/System/Library/PrivateFrameworks/AudioResourceArbitration.framework/Versions/A/AudioResourceArbitration
0x00007ff81a7dc000 	/System/Library/PrivateFrameworks/IconFoundation.framework/Versions/A/IconFoundation
0x00007ff81f9e8000 	/System/Library/PrivateFrameworks/SpeechRecognitionCore.framework/Versions/A/SpeechRecognitionCore
0x00007ffa17c71000 	/System/Library/CoreServices/Encodings/libSimplifiedChineseConverter.dylib
0x00000001035c0000 	/usr/local/Cellar/openjdk@8/1.8.0+302/libexec/openjdk.jdk/Contents/Home/jre/lib/server/libjvm.dylib
0x0000000102c6c000 	/usr/local/Cellar/openjdk@8/1.8.0+302/libexec/openjdk.jdk/Contents/Home/jre/lib/libverify.dylib
0x0000000102cae000 	/usr/local/Cellar/openjdk@8/1.8.0+302/libexec/openjdk.jdk/Contents/Home/jre/lib/libjava.dylib
0x0000000102cde000 	/usr/local/Cellar/openjdk@8/1.8.0+302/libexec/openjdk.jdk/Contents/Home/jre/lib/libinstrument.dylib
0x0000000102c8e000 	/usr/local/Cellar/openjdk@8/1.8.0+302/libexec/openjdk.jdk/Contents/Home/jre/lib/libzip.dylib
0x0000000107b53000 	/usr/local/Cellar/openjdk@8/1.8.0+302/libexec/openjdk.jdk/Contents/Home/jre/lib/libnio.dylib
0x0000000107b85000 	/usr/local/Cellar/openjdk@8/1.8.0+302/libexec/openjdk.jdk/Contents/Home/jre/lib/libnet.dylib
0x0000000107b6b000 	/usr/local/Cellar/openjdk@8/1.8.0+302/libexec/openjdk.jdk/Contents/Home/jre/lib/libmanagement.dylib
0x00000001099f4000 	/usr/local/Cellar/openjdk@8/1.8.0+302/libexec/openjdk.jdk/Contents/Home/jre/lib/libsunec.dylib
0x0000000109c1c000 	/private/var/folders/yl/sjkxyn7j2gzcvwb_tl6dl2x40000gn/T/libnetty_resolver_dns_native_macos_x86_642304308936644573583.dylib

VM Arguments:
jvm_args: -XX:TieredStopAtLevel=1 -Xverify:none -Dspring.output.ansi.enabled=always -javaagent:/Applications/IntelliJ IDEA.app/Contents/lib/idea_rt.jar=50751:/Applications/IntelliJ IDEA.app/Contents/bin -Dcom.sun.management.jmxremote -Dspring.jmx.enabled=true -Dspring.liveBeansView.mbeanDomain -Dspring.application.admin.enabled=true -Dfile.encoding=UTF-8 
java_command: top.ctong.gulimall.gateway.GulimallGatewayApplication
java_class_path (initial): /usr/local/Cellar/openjdk@8/1.8.0+302/libexec/openjdk.jdk/Contents/Home/jre/lib/charsets.jar:/usr/local/Cellar/openjdk@8/1.8.0+302/libexec/openjdk.jdk/Contents/Home/jre/lib/ext/cldrdata.jar:/usr/local/Cellar/openjdk@8/1.8.0+302/libexec/openjdk.jdk/Contents/Home/jre/lib/ext/dnsns.jar:/usr/local/Cellar/openjdk@8/1.8.0+302/libexec/openjdk.jdk/Contents/Home/jre/lib/ext/jaccess.jar:/usr/local/Cellar/openjdk@8/1.8.0+302/libexec/openjdk.jdk/Contents/Home/jre/lib/ext/localedata.jar:/usr/local/Cellar/openjdk@8/1.8.0+302/libexec/openjdk.jdk/Contents/Home/jre/lib/ext/nashorn.jar:/usr/local/Cellar/openjdk@8/1.8.0+302/libexec/openjdk.jdk/Contents/Home/jre/lib/ext/sunec.jar:/usr/local/Cellar/openjdk@8/1.8.0+302/libexec/openjdk.jdk/Contents/Home/jre/lib/ext/sunjce_provider.jar:/usr/local/Cellar/openjdk@8/1.8.0+302/libexec/openjdk.jdk/Contents/Home/jre/lib/ext/sunpkcs11.jar:/usr/local/Cellar/openjdk@8/1.8.0+302/libexec/openjdk.jdk/Contents/Home/jre/lib/ext/zipfs.jar:/usr/local/Cellar/openjdk@8/1.8.0+302/libexec/openjdk.jdk/Contents/Home/jre/lib/jce.jar:/usr/local/Cellar/openjdk@8/1.8.0+302/libexec/openjdk.jdk/Contents/Home/jre/lib/jfr.jar:/usr/local/Cellar/openjdk@8/1.8.0+302/libexec/openjdk.jdk/Contents/Home/jre/lib/jsse.jar:/usr/local/Cellar/openjdk@8/1.8.0+302/libexec/openjdk.jdk/Contents/Home/jre/lib/management-agent.jar:/usr/local/Cellar/openjdk@8/1.8.0+302/libexec/openjdk.jdk/Contents/Home/jre/lib/resources.jar:/usr/local/Cellar/openjdk@8/1.8.0+302/libexec/openjdk.jdk/Contents/Home/jre/lib/rt.jar:/usr/local/Cellar/openjdk@8/1.8.0+302/libexec/openjdk.jdk/Contents/Home/lib/dt.jar:/usr/local/Cellar/openjdk@8/1.8.0+302/libexec/openjdk.jdk/Contents/Home/lib/jconsole.jar:/usr/local/Cellar/openjdk@8/1.8.0+302/libexec/openjdk.jdk/Contents/Home/lib/sa-jdi.jar:/usr/local/Cellar/openjdk@8/1.8.0+302/libexec/openjdk.jdk/Contents/Home/lib/tools.jar:/Users/clover/code/sources/gulimall/gulimall-gateway/target/classes:/Users/clover/code/sources/gulimall/gulimall-c
Launcher Type: SUN_STANDARD

Environment Variables:
JAVA_HOME=/usr/local/Cellar/openjdk@8/1.8.0+302/libexec/openjdk.jdk/Contents/Home
PATH=/Users/clover/.nvm/versions/node/v14.18.1/bin:/Users/clover/fvm/default/bin:/usr/local/opt/tomcat@9/bin:/usr/local/opt/openjdk@8/bin:/usr/local/bin:/usr/bin:/bin:/usr/sbin:/sbin:/usr/local/share/dotnet:~/.dotnet/tools:/Library/Apple/usr/bin:/Library/Frameworks/Mono.framework/Versions/Current/Commands
SHELL=/bin/zsh

Signal Handlers:
SIGSEGV: [libjvm.dylib+0x58b0af], sa_mask[0]=11111111011111110111111111111111, sa_flags=SA_ONSTACK|SA_RESTART|SA_SIGINFO
SIGBUS: [libjvm.dylib+0x58b0af], sa_mask[0]=11111111011111110111111111111111, sa_flags=SA_RESTART|SA_SIGINFO
SIGFPE: [libjvm.dylib+0x48679b], sa_mask[0]=11111111011111110111111111111111, sa_flags=SA_RESTART|SA_SIGINFO
SIGPIPE: [libjvm.dylib+0x48679b], sa_mask[0]=11111111011111110111111111111111, sa_flags=SA_RESTART|SA_SIGINFO
SIGXFSZ: [libjvm.dylib+0x48679b], sa_mask[0]=11111111011111110111111111111111, sa_flags=SA_RESTART|SA_SIGINFO
SIGILL: [libjvm.dylib+0x48679b], sa_mask[0]=11111111011111110111111111111111, sa_flags=SA_RESTART|SA_SIGINFO
SIGUSR1: SIG_DFL, sa_mask[0]=00000000000000000000000000000000, sa_flags=none
SIGUSR2: [libjvm.dylib+0x487071], sa_mask[0]=00100000000000000000000000000000, sa_flags=SA_RESTART|SA_SIGINFO
SIGHUP: [libjvm.dylib+0x485261], sa_mask[0]=11111111011111110111111111111111, sa_flags=SA_RESTART|SA_SIGINFO
SIGINT: [libjvm.dylib+0x485261], sa_mask[0]=11111111011111110111111111111111, sa_flags=SA_RESTART|SA_SIGINFO
SIGTERM: [libjvm.dylib+0x485261], sa_mask[0]=11111111011111110111111111111111, sa_flags=SA_RESTART|SA_SIGINFO
SIGQUIT: [libjvm.dylib+0x485261], sa_mask[0]=11111111011111110111111111111111, sa_flags=SA_RESTART|SA_SIGINFO


---------------  S Y S T E M  ---------------

OS:Bsduname:Darwin 21.1.0 Darwin Kernel Version 21.1.0: Wed Oct 13 17:33:23 PDT 2021; root:xnu-8019.41.5~1/RELEASE_X86_64 x86_64
rlimit: STACK 8192k, CORE 0k, NPROC 2784, NOFILE 10240, AS infinity
load average:2.40 2.59 2.49

CPU:total 12 (initial active 12) (6 cores per cpu, 2 threads per core) family 6 model 158 stepping 10, cmov, cx8, fxsr, mmx, sse, sse2, sse3, ssse3, sse4.1, sse4.2, popcnt, avx, avx2, aes, clmul, erms, 3dnowpref, lzcnt, ht, tsc, tscinvbit, bmi1, bmi2, adx

Memory: 4k page, physical 16777216k(19352k free)

/proc/meminfo:


vm_info: OpenJDK 64-Bit Server VM (25.302-b00) for bsd-amd64 JRE (1.8.0_302-bre_2021_08_14_22_07-b00), built on Aug 14 2021 22:12:43 by "brew" with gcc Apple LLVM 12.0.0 (clang-1200.0.32.29)

time: Sun Nov 21 18:58:42 2021
timezone: CST
elapsed time: 25.157873 seconds (0d 0h 0m 25s)

