#
# A fatal error has been detected by the Java Runtime Environment:
#
#  SIGSEGV (0xb) at pc=0x000000010b7eda67, pid=2427, tid=0x0000000000003a0b
#
# JRE version: OpenJDK Runtime Environment (8.0_302) (build 1.8.0_302-bre_2021_08_14_22_07-b00)
# Java VM: OpenJDK 64-Bit Server VM (25.302-b00 mixed mode bsd-amd64 compressed oops)
# Problematic frame:
# V  [libjvm.dylib+0x565a67]
#
# Failed to write core dump. Core dumps have been disabled. To enable core dumping, try "ulimit -c unlimited" before starting Java again
#
# If you would like to submit a bug report, please visit:
#   https://github.com/Homebrew/homebrew-core/issues
#

---------------  T H R E A D  ---------------

Current thread (0x00007fb65a827800):  JavaThread "reactor-http-nio-2" daemon [_thread_in_vm, id=14859, stack(0x000070000b8a9000,0x000070000b9a9000)]

siginfo: si_signo: 11 (SIGSEGV), si_code: 1 (SEGV_MAPERR), si_addr: 0x0000000000000000

Registers:
RAX=0x000000010b988220, RBX=0x00007fb65a827800, RCX=0x00007fb661838000, RDX=0x0000000000000000
RSP=0x000070000b9a4ad0, RBP=0x000070000b9a4b00, RSI=0x000070000b9a4bb8, RDI=0x00007fb65a827a50
R8 =0x000000000000003c, R9 =0x0000000000000006, R10=0x00000001175273db, R11=0x000000010b76d877
R12=0x0000000000000000, R13=0x00000001151fce68, R14=0x000000000000003c, R15=0x00007fb661838000
RIP=0x000000010b7eda67, EFLAGS=0x0000000000010246, ERR=0x0000000000000004
  TRAPNO=0x000000000000000e

Top of Stack: (sp=0x000070000b9a4ad0)
0x000070000b9a4ad0:   00007fb65a827800 00007fb65a827800
0x000070000b9a4ae0:   00000001151fce68 0000000000000000
0x000070000b9a4af0:   000070000b9a4bb8 00007fb65a827800
0x000070000b9a4b00:   000070000b9a4b78 0000000117527407
0x000070000b9a4b10:   00000001151fce68 000070000b9a4bb8
0x000070000b9a4b20:   000070000b9a4b78 0000000117527167
0x000070000b9a4b30:   0000000117527122 000070000b9a4b38
0x000070000b9a4b40:   00000001151fce68 000070000b9a4bb8
0x000070000b9a4b50:   000000011522cb10 0000000000000000
0x000070000b9a4b60:   00000001151fce68 0000000000000000
0x000070000b9a4b70:   000070000b9a4b98 000070000b9a4c00
0x000070000b9a4b80:   0000000117516ffd 0000000000000000
0x000070000b9a4b90:   0000000117520a58 000000000000003c
0x000070000b9a4ba0:   00007fb661838000 00000001175224f9
0x000070000b9a4bb0:   0000000000000000 00000006c0000498
0x000070000b9a4bc0:   000070000b9a4bc0 0000000116ea464e
0x000070000b9a4bd0:   000070000b9a4c28 0000000116cd7b88
0x000070000b9a4be0:   0000000000000000 0000000116ea4680
0x000070000b9a4bf0:   000070000b9a4b98 000070000b9a4c10
0x000070000b9a4c00:   000070000b9a4c70 0000000117516ffd
0x000070000b9a4c10:   000000000000003c 00007fb661838000
0x000070000b9a4c20:   0000000000000000 0000000000000000
0x000070000b9a4c30:   000070000b9a4c30 0000000116e909e3
0x000070000b9a4c40:   000070000b9a4c98 0000000116e94868
0x000070000b9a4c50:   0000000000000000 0000000116e90a18
0x000070000b9a4c60:   000070000b9a4c10 000070000b9a4c80
0x000070000b9a4c70:   000070000b9a4ce0 0000000117516ffd
0x000070000b9a4c80:   000000000000003c 00007fb661838000
0x000070000b9a4c90:   0000000000000000 0000000000000000
0x000070000b9a4ca0:   000070000b9a4ca0 0000000128448ed9
0x000070000b9a4cb0:   000070000b9a4d60 000000012844b458
0x000070000b9a4cc0:   0000000000000000 0000000128449100 

Instructions: (pc=0x000000010b7eda67)
0x000000010b7eda47:   00 30 74 08 48 89 df e8 4d 96 fe ff c7 83 c8 02
0x000000010b7eda57:   00 00 06 00 00 00 48 89 5d d8 41 f6 c4 01 75 06
0x000000010b7eda67:   49 8b 04 24 eb 08 4c 89 e7 e8 e1 22 dd ff 46 88
0x000000010b7eda77:   34 38 48 8d 7d d8 e8 1e ae d9 ff 48 8d 7d d0 e8 

Register to memory mapping:

RAX=0x000000010b988220: _ZN20SafepointSynchronize6_stateE+0 in /usr/local/Cellar/openjdk@8/1.8.0+302/libexec/openjdk.jdk/Contents/Home/jre/lib/server/libjvm.dylib at 0x000000010b288000
RBX=0x00007fb65a827800 is a thread
RCX=0x00007fb661838000 is an unknown value
RDX=0x0000000000000000 is an unknown value
RSP=0x000070000b9a4ad0 is pointing into the stack for thread: 0x00007fb65a827800
RBP=0x000070000b9a4b00 is pointing into the stack for thread: 0x00007fb65a827800
RSI=0x000070000b9a4bb8 is pointing into the stack for thread: 0x00007fb65a827800
RDI=0x00007fb65a827a50 is an unknown value
R8 =0x000000000000003c is an unknown value
R9 =0x0000000000000006 is an unknown value
R10=0x00000001175273db is at code_begin+859 in an Interpreter codelet
method entry point (kind = native)  [0x0000000117527080, 0x0000000117527a00]  2432 bytes
R11=0x000000010b76d877: throw_unsatisfied_link_error+0 in /usr/local/Cellar/openjdk@8/1.8.0+302/libexec/openjdk.jdk/Contents/Home/jre/lib/server/libjvm.dylib at 0x000000010b288000
R12=0x0000000000000000 is an unknown value
R13={method} {0x00000001151fce68} 'putByte' '(Ljava/lang/Object;JB)V' in 'sun/misc/Unsafe'
R14=0x000000000000003c is an unknown value
R15=0x00007fb661838000 is an unknown value


Stack: [0x000070000b8a9000,0x000070000b9a9000],  sp=0x000070000b9a4ad0,  free space=1006k
Native frames: (J=compiled Java code, j=interpreted, Vv=VM code, C=native code)
V  [libjvm.dylib+0x565a67]
j  sun.misc.Unsafe.putByte(Ljava/lang/Object;JB)V+0
j  io.netty.util.internal.PlatformDependent0.putByte(Ljava/lang/Object;JB)V+6
j  io.netty.util.internal.PlatformDependent.putByte(Ljava/lang/Object;JB)V+3
j  io.netty.buffer.ByteBufUtil.unsafeWriteUtf8([BJILjava/lang/CharSequence;II)I+73
j  io.netty.buffer.ByteBufUtil.writeUtf8(Lio/netty/buffer/AbstractByteBuf;IILjava/lang/CharSequence;II)I+79
j  io.netty.buffer.ByteBufUtil.reserveAndWriteUtf8Seq(Lio/netty/buffer/ByteBuf;Ljava/lang/CharSequence;III)I+47
j  io.netty.buffer.ByteBufUtil.writeUtf8(Lio/netty/buffer/ByteBuf;Ljava/lang/CharSequence;)I+15
j  org.springframework.core.io.buffer.NettyDataBuffer.write(Ljava/lang/CharSequence;Ljava/nio/charset/Charset;)Lorg/springframework/core/io/buffer/DataBuffer;+27
j  org.springframework.core.codec.CharSequenceEncoder.encodeValue(Ljava/lang/CharSequence;Lorg/springframework/core/io/buffer/DataBufferFactory;Lorg/springframework/core/ResolvableType;Lorg/springframework/util/MimeType;Ljava/util/Map;)Lorg/springframework/core/io/buffer/DataBuffer;+58
j  org.springframework.core.codec.CharSequenceEncoder.lambda$encode$0(Lorg/springframework/core/io/buffer/DataBufferFactory;Lorg/springframework/core/ResolvableType;Lorg/springframework/util/MimeType;Ljava/util/Map;Ljava/lang/CharSequence;)Lorg/springframework/core/io/buffer/DataBuffer;+8
j  org.springframework.core.codec.CharSequenceEncoder$$Lambda$755.apply(Ljava/lang/Object;)Ljava/lang/Object;+24
j  reactor.core.publisher.FluxMapFuseable$MapFuseableSubscriber.onNext(Ljava/lang/Object;)V+47
j  reactor.core.publisher.Operators$ScalarSubscription.request(J)V+29
j  reactor.core.publisher.FluxMapFuseable$MapFuseableSubscriber.request(J)V+5
j  reactor.core.publisher.MonoSingle$SingleSubscriber.doOnRequest(J)V+7
j  reactor.core.publisher.Operators$MonoInnerProducerBase.request(J)V+44
j  reactor.core.publisher.Operators$MultiSubscriptionSubscriber.set(Lorg/reactivestreams/Subscription;)V+92
j  reactor.core.publisher.Operators$MultiSubscriptionSubscriber.onSubscribe(Lorg/reactivestreams/Subscription;)V+2
j  reactor.core.publisher.MonoSingle$SingleSubscriber.onSubscribe(Lorg/reactivestreams/Subscription;)V+21
j  reactor.core.publisher.FluxMapFuseable$MapFuseableSubscriber.onSubscribe(Lorg/reactivestreams/Subscription;)V+24
j  reactor.core.publisher.FluxJust.subscribe(Lreactor/core/CoreSubscriber;)V+11
j  reactor.core.publisher.InternalMonoOperator.subscribe(Lreactor/core/CoreSubscriber;)V+33
j  reactor.core.publisher.MonoFlatMap$FlatMapMain.onNext(Ljava/lang/Object;)V+160
j  reactor.core.publisher.FluxPeekFuseable$PeekFuseableSubscriber.onNext(Ljava/lang/Object;)V+110
j  reactor.core.publisher.Operators$MonoSubscriber.complete(Ljava/lang/Object;)V+101
j  reactor.core.publisher.MonoFlatMap$FlatMapInner.onNext(Ljava/lang/Object;)V+29
j  reactor.core.publisher.MonoNext$NextSubscriber.onNext(Ljava/lang/Object;)V+35
j  reactor.core.publisher.FluxSwitchIfEmpty$SwitchIfEmptySubscriber.onNext(Ljava/lang/Object;)V+17
j  reactor.core.publisher.FluxMapFuseable$MapFuseableSubscriber.onNext(Ljava/lang/Object;)V+112
j  reactor.core.publisher.Operators$ScalarSubscription.request(J)V+29
j  reactor.core.publisher.FluxMapFuseable$MapFuseableSubscriber.request(J)V+5
j  reactor.core.publisher.Operators$MultiSubscriptionSubscriber.set(Lorg/reactivestreams/Subscription;)V+92
j  reactor.core.publisher.Operators$MultiSubscriptionSubscriber.onSubscribe(Lorg/reactivestreams/Subscription;)V+2
j  reactor.core.publisher.FluxMapFuseable$MapFuseableSubscriber.onSubscribe(Lorg/reactivestreams/Subscription;)V+24
j  reactor.core.publisher.MonoJust.subscribe(Lreactor/core/CoreSubscriber;)V+9
j  reactor.core.publisher.Mono.subscribe(Lorg/reactivestreams/Subscriber;)V+71
j  reactor.core.publisher.FluxSwitchIfEmpty$SwitchIfEmptySubscriber.onComplete()V+17
j  reactor.core.publisher.FluxFlatMap$FlatMapMain.checkTerminated(ZZLorg/reactivestreams/Subscriber;Ljava/lang/Object;)Z+210
j  reactor.core.publisher.FluxFlatMap$FlatMapMain.drainLoop()V+67
j  reactor.core.publisher.FluxFlatMap$FlatMapMain.drain(Ljava/lang/Object;)V+36
j  reactor.core.publisher.FluxFlatMap$FlatMapMain.onComplete()V+15
j  reactor.core.publisher.FluxArray$ArraySubscription.slowPath(J)V+133
j  reactor.core.publisher.FluxArray$ArraySubscription.request(J)V+37
j  reactor.core.publisher.FluxFlatMap$FlatMapMain.onSubscribe(Lorg/reactivestreams/Subscription;)V+34
j  reactor.core.publisher.FluxArray.subscribe(Lreactor/core/CoreSubscriber;[Ljava/lang/Object;)V+48
j  reactor.core.publisher.FluxArray.subscribe(Lreactor/core/CoreSubscriber;)V+5
j  reactor.core.publisher.MonoFromFluxOperator.subscribe(Lreactor/core/CoreSubscriber;)V+33
j  reactor.core.publisher.MonoFlatMap$FlatMapMain.onNext(Ljava/lang/Object;)V+160
j  reactor.core.publisher.FluxSwitchIfEmpty$SwitchIfEmptySubscriber.onNext(Ljava/lang/Object;)V+17
j  reactor.core.publisher.MonoNext$NextSubscriber.onNext(Ljava/lang/Object;)V+35
j  reactor.core.publisher.FluxConcatArray$ConcatArraySubscriber.onNext(Ljava/lang/Object;)V+15
j  reactor.core.publisher.Operators$ScalarSubscription.request(J)V+29
j  reactor.core.publisher.FluxConcatArray$ConcatArraySubscriber.request(J)V+16
j  reactor.core.publisher.MonoNext$NextSubscriber.request(J)V+19
j  reactor.core.publisher.Operators$MultiSubscriptionSubscriber.set(Lorg/reactivestreams/Subscription;)V+92
j  reactor.core.publisher.Operators$MultiSubscriptionSubscriber.onSubscribe(Lorg/reactivestreams/Subscription;)V+2
j  reactor.core.publisher.MonoNext$NextSubscriber.onSubscribe(Lorg/reactivestreams/Subscription;)V+21
j  reactor.core.publisher.FluxConcatArray$ConcatArraySubscriber.onSubscribe(Lorg/reactivestreams/Subscription;)V+37
j  reactor.core.publisher.MonoJust.subscribe(Lreactor/core/CoreSubscriber;)V+9
j  reactor.core.publisher.Mono.subscribe(Lorg/reactivestreams/Subscriber;)V+71
j  reactor.core.publisher.FluxConcatArray$ConcatArraySubscriber.onComplete()V+169
j  reactor.core.publisher.FluxConcatArray.subscribe(Lreactor/core/CoreSubscriber;)V+86
j  reactor.core.publisher.Mono.subscribe(Lorg/reactivestreams/Subscriber;)V+71
j  reactor.core.publisher.FluxOnErrorResume$ResumeSubscriber.onError(Ljava/lang/Throwable;)V+72
j  reactor.core.publisher.FluxOnErrorResume$ResumeSubscriber.onError(Ljava/lang/Throwable;)V+85
j  reactor.core.publisher.FluxOnAssembly$OnAssemblySubscriber.onError(Ljava/lang/Throwable;)V+9
j  reactor.core.publisher.Operators.error(Lorg/reactivestreams/Subscriber;Ljava/lang/Throwable;)V+11
j  reactor.core.publisher.MonoError.subscribe(Lreactor/core/CoreSubscriber;)V+5
j  reactor.core.publisher.Mono.subscribe(Lorg/reactivestreams/Subscriber;)V+71
j  reactor.core.publisher.FluxOnErrorResume$ResumeSubscriber.onError(Ljava/lang/Throwable;)V+72
j  reactor.core.publisher.FluxOnAssembly$OnAssemblySubscriber.onError(Ljava/lang/Throwable;)V+9
j  reactor.core.publisher.MonoFlatMap$FlatMapMain.onError(Ljava/lang/Throwable;)V+31
j  reactor.core.publisher.MonoFlatMap$FlatMapMain.secondError(Ljava/lang/Throwable;)V+5
j  reactor.core.publisher.MonoFlatMap$FlatMapInner.onError(Ljava/lang/Throwable;)V+29
j  reactor.core.publisher.MonoIgnoreThen$ThenIgnoreMain.onError(Ljava/lang/Throwable;)V+31
j  reactor.core.publisher.MonoFlatMap$FlatMapMain.onError(Ljava/lang/Throwable;)V+31
j  reactor.core.publisher.Operators$MultiSubscriptionSubscriber.onError(Ljava/lang/Throwable;)V+5
j  reactor.core.publisher.Operators.error(Lorg/reactivestreams/Subscriber;Ljava/lang/Throwable;)V+11
j  reactor.core.publisher.MonoError.subscribe(Lreactor/core/CoreSubscriber;)V+5
j  reactor.core.publisher.MonoDefer.subscribe(Lreactor/core/CoreSubscriber;)V+39
j  reactor.core.publisher.Mono.subscribe(Lorg/reactivestreams/Subscriber;)V+71
j  reactor.core.publisher.FluxSwitchIfEmpty$SwitchIfEmptySubscriber.onComplete()V+17
j  reactor.core.publisher.Operators.complete(Lorg/reactivestreams/Subscriber;)V+10
j  reactor.core.publisher.MonoEmpty.subscribe(Lreactor/core/CoreSubscriber;)V+1
j  reactor.core.publisher.Mono.subscribe(Lorg/reactivestreams/Subscriber;)V+71
j  reactor.core.publisher.MonoIgnoreThen$ThenIgnoreMain.subscribeNext()V+140
j  reactor.core.publisher.MonoIgnoreThen.subscribe(Lreactor/core/CoreSubscriber;)V+25
j  reactor.core.publisher.MonoFlatMap$FlatMapMain.onNext(Ljava/lang/Object;)V+160
j  reactor.core.publisher.FluxSwitchIfEmpty$SwitchIfEmptySubscriber.onNext(Ljava/lang/Object;)V+17
j  reactor.core.publisher.MonoNext$NextSubscriber.onNext(Ljava/lang/Object;)V+35
j  reactor.core.publisher.FluxConcatMap$ConcatMapImmediate.innerNext(Ljava/lang/Object;)V+24
j  reactor.core.publisher.FluxConcatMap$ConcatMapInner.onNext(Ljava/lang/Object;)V+15
j  reactor.core.publisher.FluxMapFuseable$MapFuseableSubscriber.onNext(Ljava/lang/Object;)V+112
j  reactor.core.publisher.Operators$ScalarSubscription.request(J)V+29
j  reactor.core.publisher.FluxMapFuseable$MapFuseableSubscriber.request(J)V+5
j  reactor.core.publisher.Operators$MultiSubscriptionSubscriber.set(Lorg/reactivestreams/Subscription;)V+92
j  reactor.core.publisher.Operators$MultiSubscriptionSubscriber.onSubscribe(Lorg/reactivestreams/Subscription;)V+2
j  reactor.core.publisher.FluxMapFuseable$MapFuseableSubscriber.onSubscribe(Lorg/reactivestreams/Subscription;)V+24
j  reactor.core.publisher.MonoJust.subscribe(Lreactor/core/CoreSubscriber;)V+9
...<more frames>...

Java frames: (J=compiled Java code, j=interpreted, Vv=VM code)
j  sun.misc.Unsafe.putByte(Ljava/lang/Object;JB)V+0
j  io.netty.util.internal.PlatformDependent0.putByte(Ljava/lang/Object;JB)V+6
j  io.netty.util.internal.PlatformDependent.putByte(Ljava/lang/Object;JB)V+3
j  io.netty.buffer.ByteBufUtil.unsafeWriteUtf8([BJILjava/lang/CharSequence;II)I+73
j  io.netty.buffer.ByteBufUtil.writeUtf8(Lio/netty/buffer/AbstractByteBuf;IILjava/lang/CharSequence;II)I+79
j  io.netty.buffer.ByteBufUtil.reserveAndWriteUtf8Seq(Lio/netty/buffer/ByteBuf;Ljava/lang/CharSequence;III)I+47
j  io.netty.buffer.ByteBufUtil.writeUtf8(Lio/netty/buffer/ByteBuf;Ljava/lang/CharSequence;)I+15
j  org.springframework.core.io.buffer.NettyDataBuffer.write(Ljava/lang/CharSequence;Ljava/nio/charset/Charset;)Lorg/springframework/core/io/buffer/DataBuffer;+27
j  org.springframework.core.codec.CharSequenceEncoder.encodeValue(Ljava/lang/CharSequence;Lorg/springframework/core/io/buffer/DataBufferFactory;Lorg/springframework/core/ResolvableType;Lorg/springframework/util/MimeType;Ljava/util/Map;)Lorg/springframework/core/io/buffer/DataBuffer;+58
j  org.springframework.core.codec.CharSequenceEncoder.lambda$encode$0(Lorg/springframework/core/io/buffer/DataBufferFactory;Lorg/springframework/core/ResolvableType;Lorg/springframework/util/MimeType;Ljava/util/Map;Ljava/lang/CharSequence;)Lorg/springframework/core/io/buffer/DataBuffer;+8
j  org.springframework.core.codec.CharSequenceEncoder$$Lambda$755.apply(Ljava/lang/Object;)Ljava/lang/Object;+24
j  reactor.core.publisher.FluxMapFuseable$MapFuseableSubscriber.onNext(Ljava/lang/Object;)V+47
j  reactor.core.publisher.Operators$ScalarSubscription.request(J)V+29
j  reactor.core.publisher.FluxMapFuseable$MapFuseableSubscriber.request(J)V+5
j  reactor.core.publisher.MonoSingle$SingleSubscriber.doOnRequest(J)V+7
j  reactor.core.publisher.Operators$MonoInnerProducerBase.request(J)V+44
j  reactor.core.publisher.Operators$MultiSubscriptionSubscriber.set(Lorg/reactivestreams/Subscription;)V+92
j  reactor.core.publisher.Operators$MultiSubscriptionSubscriber.onSubscribe(Lorg/reactivestreams/Subscription;)V+2
j  reactor.core.publisher.MonoSingle$SingleSubscriber.onSubscribe(Lorg/reactivestreams/Subscription;)V+21
j  reactor.core.publisher.FluxMapFuseable$MapFuseableSubscriber.onSubscribe(Lorg/reactivestreams/Subscription;)V+24
j  reactor.core.publisher.FluxJust.subscribe(Lreactor/core/CoreSubscriber;)V+11
j  reactor.core.publisher.InternalMonoOperator.subscribe(Lreactor/core/CoreSubscriber;)V+33
j  reactor.core.publisher.MonoFlatMap$FlatMapMain.onNext(Ljava/lang/Object;)V+160
j  reactor.core.publisher.FluxPeekFuseable$PeekFuseableSubscriber.onNext(Ljava/lang/Object;)V+110
j  reactor.core.publisher.Operators$MonoSubscriber.complete(Ljava/lang/Object;)V+101
j  reactor.core.publisher.MonoFlatMap$FlatMapInner.onNext(Ljava/lang/Object;)V+29
j  reactor.core.publisher.MonoNext$NextSubscriber.onNext(Ljava/lang/Object;)V+35
j  reactor.core.publisher.FluxSwitchIfEmpty$SwitchIfEmptySubscriber.onNext(Ljava/lang/Object;)V+17
j  reactor.core.publisher.FluxMapFuseable$MapFuseableSubscriber.onNext(Ljava/lang/Object;)V+112
j  reactor.core.publisher.Operators$ScalarSubscription.request(J)V+29
j  reactor.core.publisher.FluxMapFuseable$MapFuseableSubscriber.request(J)V+5
j  reactor.core.publisher.Operators$MultiSubscriptionSubscriber.set(Lorg/reactivestreams/Subscription;)V+92
j  reactor.core.publisher.Operators$MultiSubscriptionSubscriber.onSubscribe(Lorg/reactivestreams/Subscription;)V+2
j  reactor.core.publisher.FluxMapFuseable$MapFuseableSubscriber.onSubscribe(Lorg/reactivestreams/Subscription;)V+24
j  reactor.core.publisher.MonoJust.subscribe(Lreactor/core/CoreSubscriber;)V+9
j  reactor.core.publisher.Mono.subscribe(Lorg/reactivestreams/Subscriber;)V+71
j  reactor.core.publisher.FluxSwitchIfEmpty$SwitchIfEmptySubscriber.onComplete()V+17
j  reactor.core.publisher.FluxFlatMap$FlatMapMain.checkTerminated(ZZLorg/reactivestreams/Subscriber;Ljava/lang/Object;)Z+210
j  reactor.core.publisher.FluxFlatMap$FlatMapMain.drainLoop()V+67
j  reactor.core.publisher.FluxFlatMap$FlatMapMain.drain(Ljava/lang/Object;)V+36
j  reactor.core.publisher.FluxFlatMap$FlatMapMain.onComplete()V+15
j  reactor.core.publisher.FluxArray$ArraySubscription.slowPath(J)V+133
j  reactor.core.publisher.FluxArray$ArraySubscription.request(J)V+37
j  reactor.core.publisher.FluxFlatMap$FlatMapMain.onSubscribe(Lorg/reactivestreams/Subscription;)V+34
j  reactor.core.publisher.FluxArray.subscribe(Lreactor/core/CoreSubscriber;[Ljava/lang/Object;)V+48
j  reactor.core.publisher.FluxArray.subscribe(Lreactor/core/CoreSubscriber;)V+5
j  reactor.core.publisher.MonoFromFluxOperator.subscribe(Lreactor/core/CoreSubscriber;)V+33
j  reactor.core.publisher.MonoFlatMap$FlatMapMain.onNext(Ljava/lang/Object;)V+160
j  reactor.core.publisher.FluxSwitchIfEmpty$SwitchIfEmptySubscriber.onNext(Ljava/lang/Object;)V+17
j  reactor.core.publisher.MonoNext$NextSubscriber.onNext(Ljava/lang/Object;)V+35
j  reactor.core.publisher.FluxConcatArray$ConcatArraySubscriber.onNext(Ljava/lang/Object;)V+15
j  reactor.core.publisher.Operators$ScalarSubscription.request(J)V+29
j  reactor.core.publisher.FluxConcatArray$ConcatArraySubscriber.request(J)V+16
j  reactor.core.publisher.MonoNext$NextSubscriber.request(J)V+19
j  reactor.core.publisher.Operators$MultiSubscriptionSubscriber.set(Lorg/reactivestreams/Subscription;)V+92
j  reactor.core.publisher.Operators$MultiSubscriptionSubscriber.onSubscribe(Lorg/reactivestreams/Subscription;)V+2
j  reactor.core.publisher.MonoNext$NextSubscriber.onSubscribe(Lorg/reactivestreams/Subscription;)V+21
j  reactor.core.publisher.FluxConcatArray$ConcatArraySubscriber.onSubscribe(Lorg/reactivestreams/Subscription;)V+37
j  reactor.core.publisher.MonoJust.subscribe(Lreactor/core/CoreSubscriber;)V+9
j  reactor.core.publisher.Mono.subscribe(Lorg/reactivestreams/Subscriber;)V+71
j  reactor.core.publisher.FluxConcatArray$ConcatArraySubscriber.onComplete()V+169
j  reactor.core.publisher.FluxConcatArray.subscribe(Lreactor/core/CoreSubscriber;)V+86
j  reactor.core.publisher.Mono.subscribe(Lorg/reactivestreams/Subscriber;)V+71
j  reactor.core.publisher.FluxOnErrorResume$ResumeSubscriber.onError(Ljava/lang/Throwable;)V+72
j  reactor.core.publisher.FluxOnErrorResume$ResumeSubscriber.onError(Ljava/lang/Throwable;)V+85
j  reactor.core.publisher.FluxOnAssembly$OnAssemblySubscriber.onError(Ljava/lang/Throwable;)V+9
j  reactor.core.publisher.Operators.error(Lorg/reactivestreams/Subscriber;Ljava/lang/Throwable;)V+11
j  reactor.core.publisher.MonoError.subscribe(Lreactor/core/CoreSubscriber;)V+5
j  reactor.core.publisher.Mono.subscribe(Lorg/reactivestreams/Subscriber;)V+71
j  reactor.core.publisher.FluxOnErrorResume$ResumeSubscriber.onError(Ljava/lang/Throwable;)V+72
j  reactor.core.publisher.FluxOnAssembly$OnAssemblySubscriber.onError(Ljava/lang/Throwable;)V+9
j  reactor.core.publisher.MonoFlatMap$FlatMapMain.onError(Ljava/lang/Throwable;)V+31
j  reactor.core.publisher.MonoFlatMap$FlatMapMain.secondError(Ljava/lang/Throwable;)V+5
j  reactor.core.publisher.MonoFlatMap$FlatMapInner.onError(Ljava/lang/Throwable;)V+29
j  reactor.core.publisher.MonoIgnoreThen$ThenIgnoreMain.onError(Ljava/lang/Throwable;)V+31
j  reactor.core.publisher.MonoFlatMap$FlatMapMain.onError(Ljava/lang/Throwable;)V+31
j  reactor.core.publisher.Operators$MultiSubscriptionSubscriber.onError(Ljava/lang/Throwable;)V+5
j  reactor.core.publisher.Operators.error(Lorg/reactivestreams/Subscriber;Ljava/lang/Throwable;)V+11
j  reactor.core.publisher.MonoError.subscribe(Lreactor/core/CoreSubscriber;)V+5
j  reactor.core.publisher.MonoDefer.subscribe(Lreactor/core/CoreSubscriber;)V+39
j  reactor.core.publisher.Mono.subscribe(Lorg/reactivestreams/Subscriber;)V+71
j  reactor.core.publisher.FluxSwitchIfEmpty$SwitchIfEmptySubscriber.onComplete()V+17
j  reactor.core.publisher.Operators.complete(Lorg/reactivestreams/Subscriber;)V+10
j  reactor.core.publisher.MonoEmpty.subscribe(Lreactor/core/CoreSubscriber;)V+1
j  reactor.core.publisher.Mono.subscribe(Lorg/reactivestreams/Subscriber;)V+71
j  reactor.core.publisher.MonoIgnoreThen$ThenIgnoreMain.subscribeNext()V+140
j  reactor.core.publisher.MonoIgnoreThen.subscribe(Lreactor/core/CoreSubscriber;)V+25
j  reactor.core.publisher.MonoFlatMap$FlatMapMain.onNext(Ljava/lang/Object;)V+160
j  reactor.core.publisher.FluxSwitchIfEmpty$SwitchIfEmptySubscriber.onNext(Ljava/lang/Object;)V+17
j  reactor.core.publisher.MonoNext$NextSubscriber.onNext(Ljava/lang/Object;)V+35
j  reactor.core.publisher.FluxConcatMap$ConcatMapImmediate.innerNext(Ljava/lang/Object;)V+24
j  reactor.core.publisher.FluxConcatMap$ConcatMapInner.onNext(Ljava/lang/Object;)V+15
j  reactor.core.publisher.FluxMapFuseable$MapFuseableSubscriber.onNext(Ljava/lang/Object;)V+112
j  reactor.core.publisher.Operators$ScalarSubscription.request(J)V+29
j  reactor.core.publisher.FluxMapFuseable$MapFuseableSubscriber.request(J)V+5
j  reactor.core.publisher.Operators$MultiSubscriptionSubscriber.set(Lorg/reactivestreams/Subscription;)V+92
j  reactor.core.publisher.Operators$MultiSubscriptionSubscriber.onSubscribe(Lorg/reactivestreams/Subscription;)V+2
j  reactor.core.publisher.FluxMapFuseable$MapFuseableSubscriber.onSubscribe(Lorg/reactivestreams/Subscription;)V+24
j  reactor.core.publisher.MonoJust.subscribe(Lreactor/core/CoreSubscriber;)V+9
j  reactor.core.publisher.Mono.subscribe(Lorg/reactivestreams/Subscriber;)V+71
j  reactor.core.publisher.FluxConcatMap$ConcatMapImmediate.drain()V+435
j  reactor.core.publisher.FluxConcatMap$ConcatMapImmediate.onSubscribe(Lorg/reactivestreams/Subscription;)V+68
j  reactor.core.publisher.FluxIterable.subscribe(Lreactor/core/CoreSubscriber;Ljava/util/Iterator;ZLjava/lang/Runnable;)V+151
j  reactor.core.publisher.FluxIterable.subscribe(Lreactor/core/CoreSubscriber;)V+46
j  reactor.core.publisher.InternalMonoOperator.subscribe(Lreactor/core/CoreSubscriber;)V+33
j  reactor.core.publisher.MonoDefer.subscribe(Lreactor/core/CoreSubscriber;)V+39
j  reactor.core.publisher.InternalMonoOperator.subscribe(Lreactor/core/CoreSubscriber;)V+33
j  reactor.core.publisher.MonoDefer.subscribe(Lreactor/core/CoreSubscriber;)V+39
j  reactor.core.publisher.Mono.subscribe(Lorg/reactivestreams/Subscriber;)V+71
j  reactor.core.publisher.MonoIgnoreThen$ThenIgnoreMain.subscribeNext()V+140
j  reactor.core.publisher.MonoIgnoreThen.subscribe(Lreactor/core/CoreSubscriber;)V+25
j  reactor.core.publisher.InternalMonoOperator.subscribe(Lreactor/core/CoreSubscriber;)V+33
j  reactor.netty.http.server.HttpServer$HttpServerHandle.onStateChange(Lreactor/netty/Connection;Lreactor/netty/ConnectionObserver$State;)V+102
j  reactor.netty.ReactorNetty$CompositeConnectionObserver.onStateChange(Lreactor/netty/Connection;Lreactor/netty/ConnectionObserver$State;)V+29
j  reactor.netty.transport.ServerTransport$ChildObserver.onStateChange(Lreactor/netty/Connection;Lreactor/netty/ConnectionObserver$State;)V+42
j  reactor.netty.http.server.HttpServerOperations.onInboundNext(Lio/netty/channel/ChannelHandlerContext;Ljava/lang/Object;)V+15
j  reactor.netty.channel.ChannelOperationsHandler.channelRead(Lio/netty/channel/ChannelHandlerContext;Ljava/lang/Object;)V+36
j  io.netty.channel.AbstractChannelHandlerContext.invokeChannelRead(Ljava/lang/Object;)V+16
j  io.netty.channel.AbstractChannelHandlerContext.invokeChannelRead(Lio/netty/channel/AbstractChannelHandlerContext;Ljava/lang/Object;)V+31
j  io.netty.channel.AbstractChannelHandlerContext.fireChannelRead(Ljava/lang/Object;)Lio/netty/channel/ChannelHandlerContext;+7
j  reactor.netty.http.server.HttpTrafficHandler.channelRead(Lio/netty/channel/ChannelHandlerContext;Ljava/lang/Object;)V+512
j  io.netty.channel.AbstractChannelHandlerContext.invokeChannelRead(Ljava/lang/Object;)V+16
j  io.netty.channel.AbstractChannelHandlerContext.invokeChannelRead(Lio/netty/channel/AbstractChannelHandlerContext;Ljava/lang/Object;)V+31
j  io.netty.channel.AbstractChannelHandlerContext.fireChannelRead(Ljava/lang/Object;)Lio/netty/channel/ChannelHandlerContext;+7
j  io.netty.channel.CombinedChannelDuplexHandler$DelegatingChannelHandlerContext.fireChannelRead(Ljava/lang/Object;)Lio/netty/channel/ChannelHandlerContext;+5
j  io.netty.handler.codec.ByteToMessageDecoder.fireChannelRead(Lio/netty/channel/ChannelHandlerContext;Lio/netty/handler/codec/CodecOutputList;I)V+13
j  io.netty.handler.codec.ByteToMessageDecoder.channelRead(Lio/netty/channel/ChannelHandlerContext;Ljava/lang/Object;)V+165
j  io.netty.channel.CombinedChannelDuplexHandler.channelRead(Lio/netty/channel/ChannelHandlerContext;Ljava/lang/Object;)V+44
j  io.netty.channel.AbstractChannelHandlerContext.invokeChannelRead(Ljava/lang/Object;)V+16
j  io.netty.channel.AbstractChannelHandlerContext.invokeChannelRead(Lio/netty/channel/AbstractChannelHandlerContext;Ljava/lang/Object;)V+31
j  io.netty.channel.AbstractChannelHandlerContext.fireChannelRead(Ljava/lang/Object;)Lio/netty/channel/ChannelHandlerContext;+7
j  io.netty.channel.DefaultChannelPipeline$HeadContext.channelRead(Lio/netty/channel/ChannelHandlerContext;Ljava/lang/Object;)V+2
j  io.netty.channel.AbstractChannelHandlerContext.invokeChannelRead(Ljava/lang/Object;)V+16
j  io.netty.channel.AbstractChannelHandlerContext.invokeChannelRead(Lio/netty/channel/AbstractChannelHandlerContext;Ljava/lang/Object;)V+31
j  io.netty.channel.DefaultChannelPipeline.fireChannelRead(Ljava/lang/Object;)Lio/netty/channel/ChannelPipeline;+5
j  io.netty.channel.nio.AbstractNioByteChannel$NioByteUnsafe.read()V+159
j  io.netty.channel.nio.NioEventLoop.processSelectedKey(Ljava/nio/channels/SelectionKey;Lio/netty/channel/nio/AbstractNioChannel;)V+113
j  io.netty.channel.nio.NioEventLoop.processSelectedKeysOptimized()V+51
j  io.netty.channel.nio.NioEventLoop.processSelectedKeys()V+8
j  io.netty.channel.nio.NioEventLoop.run()V+263
j  io.netty.util.concurrent.SingleThreadEventExecutor$4.run()V+44
j  io.netty.util.internal.ThreadExecutorMap$2.run()V+11
j  io.netty.util.concurrent.FastThreadLocalRunnable.run()V+4
j  java.lang.Thread.run()V+11
v  ~StubRoutines::call_stub

---------------  P R O C E S S  ---------------

Java Threads: ( => current thread )
  0x00007fb65a858800 JavaThread "reactor-http-nio-3" daemon [_thread_in_native, id=36107, stack(0x000070000b9ac000,0x000070000baac000)]
=>0x00007fb65a827800 JavaThread "reactor-http-nio-2" daemon [_thread_in_vm, id=14859, stack(0x000070000b8a9000,0x000070000b9a9000)]
  0x00007fb65b487800 JavaThread "com.alibaba.nacos.client.naming.updater" daemon [_thread_blocked, id=29451, stack(0x000070000b6a3000,0x000070000b7a3000)]
  0x00007fb65a852800 JavaThread "RMI TCP Connection(2)-127.0.0.1" daemon [_thread_in_native, id=29699, stack(0x000070000b7a6000,0x000070000b8a6000)]
  0x00007fb65a2b6800 JavaThread "com.alibaba.nacos.client.Worker.longPolling.fixed-127.0.0.1_8848-fdda7c25-1387-41bf-ad8b-061ca421234c" daemon [_thread_blocked, id=36611, stack(0x000070000b5a0000,0x000070000b6a0000)]
  0x00007fb65b4cb800 JavaThread "com.alibaba.nacos.client.Worker.longPolling.fixed-127.0.0.1_8848-fdda7c25-1387-41bf-ad8b-061ca421234c" daemon [_thread_in_native, id=28931, stack(0x000070000b49d000,0x000070000b59d000)]
  0x00007fb65a2b6000 JavaThread "DestroyJavaVM" [_thread_blocked, id=5635, stack(0x0000700008610000,0x0000700008710000)]
  0x00007fb658a93800 JavaThread "com.alibaba.nacos.naming.beat.sender" daemon [_thread_blocked, id=28675, stack(0x000070000b39a000,0x000070000b49a000)]
  0x00007fb65b4be800 JavaThread "server" [_thread_blocked, id=28419, stack(0x000070000b297000,0x000070000b397000)]
  0x00007fb6590e8000 JavaThread "reactor-http-nio-1" daemon [_thread_in_native, id=27907, stack(0x000070000b194000,0x000070000b294000)]
  0x00007fb65b47f000 JavaThread "Nacos-Watch-Task-Scheduler-1" [_thread_blocked, id=37891, stack(0x000070000b091000,0x000070000b191000)]
  0x00007fb65b35c800 JavaThread "com.alibaba.nacos.client.naming.updater" daemon [_thread_blocked, id=27395, stack(0x000070000af8e000,0x000070000b08e000)]
  0x00007fb65b457800 JavaThread "nacos.publisher-com.alibaba.nacos.client.naming.event.InstancesChangeEvent" daemon [_thread_blocked, id=38403, stack(0x000070000ae8b000,0x000070000af8b000)]
  0x00007fb65b4a8000 JavaThread "nacos.publisher-com.alibaba.nacos.common.notify.SlowEvent" daemon [_thread_blocked, id=38915, stack(0x000070000ad88000,0x000070000ae88000)]
  0x00007fb65a979800 JavaThread "com.alibaba.nacos.naming.push.receiver" daemon [_thread_in_native, id=26883, stack(0x000070000ac85000,0x000070000ad85000)]
  0x00007fb6590d1800 JavaThread "com.alibaba.nacos.naming.failover" daemon [_thread_blocked, id=26371, stack(0x000070000ab82000,0x000070000ac82000)]
  0x00007fb658a71800 JavaThread "com.alibaba.nacos.client.naming.updater" daemon [_thread_blocked, id=26115, stack(0x000070000aa7f000,0x000070000ab7f000)]
  0x00007fb65b43a800 JavaThread "com.alibaba.nacos.client.naming.updater" daemon [_thread_blocked, id=25611, stack(0x000070000a97c000,0x000070000aa7c000)]
  0x00007fb6591b7000 JavaThread "spring.cloud.inetutils" daemon [_thread_blocked, id=25347, stack(0x000070000a879000,0x000070000a979000)]
  0x00007fb65b2d3000 JavaThread "boundedElastic-evictor-1" daemon [_thread_blocked, id=41235, stack(0x000070000a267000,0x000070000a367000)]
  0x00007fb65b283000 JavaThread "Keep-Alive-Timer" daemon [_thread_blocked, id=41735, stack(0x000070000a164000,0x000070000a264000)]
  0x00007fb65b2c1000 JavaThread "logback-5" daemon [_thread_blocked, id=41995, stack(0x000070000a061000,0x000070000a161000)]
  0x00007fb65a3c3000 JavaThread "logback-4" daemon [_thread_blocked, id=23815, stack(0x0000700009f5e000,0x000070000a05e000)]
  0x00007fb65914c000 JavaThread "com.alibaba.nacos.client.Worker.fixed-127.0.0.1_8848-fdda7c25-1387-41bf-ad8b-061ca421234c" daemon [_thread_blocked, id=39939, stack(0x000070000a776000,0x000070000a876000)]
  0x00007fb659163000 JavaThread "com.alibaba.nacos.client.config.security.updater" daemon [_thread_blocked, id=24835, stack(0x000070000a673000,0x000070000a773000)]
  0x00007fb65918c800 JavaThread "com.alibaba.nacos.client.identify.watcher.0" daemon [_thread_blocked, id=24327, stack(0x000070000a570000,0x000070000a670000)]
  0x00007fb65b0cf000 JavaThread "RMI Scheduler(0)" daemon [_thread_blocked, id=40451, stack(0x000070000a46d000,0x000070000a56d000)]
  0x00007fb65b288800 JavaThread "RMI TCP Connection(1)-127.0.0.1" daemon [_thread_in_native, id=24067, stack(0x000070000a36a000,0x000070000a46a000)]
  0x00007fb65928b000 JavaThread "Attach Listener" daemon [_thread_blocked, id=22791, stack(0x0000700009e5b000,0x0000700009f5b000)]
  0x00007fb6591fa800 JavaThread "RMI TCP Accept-0" daemon [_thread_in_native, id=22275, stack(0x0000700009c55000,0x0000700009d55000)]
  0x00007fb65a894000 JavaThread "Service Thread" daemon [_thread_blocked, id=43011, stack(0x0000700009b52000,0x0000700009c52000)]
  0x00007fb65f808800 JavaThread "C1 CompilerThread3" daemon [_thread_blocked, id=22019, stack(0x0000700009a4f000,0x0000700009b4f000)]
  0x00007fb65f008800 JavaThread "C2 CompilerThread2" daemon [_thread_blocked, id=16131, stack(0x000070000994c000,0x0000700009a4c000)]
  0x00007fb65a2f9000 JavaThread "C2 CompilerThread1" daemon [_thread_blocked, id=15875, stack(0x0000700009849000,0x0000700009949000)]
  0x00007fb65a2f8000 JavaThread "C2 CompilerThread0" daemon [_thread_blocked, id=16899, stack(0x0000700009746000,0x0000700009846000)]
  0x00007fb65a2f3800 JavaThread "Monitor Ctrl-Break" daemon [_thread_in_native, id=17411, stack(0x0000700009643000,0x0000700009743000)]
  0x00007fb659059800 JavaThread "Signal Dispatcher" daemon [_thread_blocked, id=17667, stack(0x0000700009540000,0x0000700009640000)]
  0x00007fb658812000 JavaThread "Finalizer" daemon [_thread_blocked, id=14083, stack(0x0000700009337000,0x0000700009437000)]
  0x00007fb659058800 JavaThread "Reference Handler" daemon [_thread_blocked, id=13571, stack(0x0000700009234000,0x0000700009334000)]

Other Threads:
  0x00007fb659052000 VMThread [stack: 0x0000700009131000,0x0000700009231000] [id=13315]
  0x00007fb65a80e800 WatcherThread [stack: 0x0000700009d58000,0x0000700009e58000] [id=42243]

VM state:not at safepoint (normal execution)

VM Mutex/Monitor currently owned by a thread: None

heap address: 0x00000006c0000000, size: 4096 MB, Compressed Oops mode: Zero based, Oop shift amount: 3
Narrow klass base: 0x0000000000000000, Narrow klass shift: 3
Compressed class space size: 1073741824 Address: 0x00000007c0000000

Heap:
 PSYoungGen      total 227328K, used 159409K [0x000000076ab00000, 0x0000000782000000, 0x00000007c0000000)
  eden space 214016K, 74% used [0x000000076ab00000,0x00000007746ac4d0,0x0000000777c00000)
  from space 13312K, 0% used [0x0000000777c00000,0x0000000777c00000,0x0000000778900000)
  to   space 13312K, 0% used [0x0000000781300000,0x0000000781300000,0x0000000782000000)
 ParOldGen       total 134656K, used 14424K [0x00000006c0000000, 0x00000006c8380000, 0x000000076ab00000)
  object space 134656K, 10% used [0x00000006c0000000,0x00000006c0e162b8,0x00000006c8380000)
 Metaspace       used 42092K, capacity 44763K, committed 45056K, reserved 1087488K
  class space    used 5832K, capacity 6333K, committed 6400K, reserved 1048576K

Card table byte_map: [0x000000010bc28000,0x000000010c429000] byte_map_base: 0x0000000108628000

Marking Bits: (ParMarkBitMap*) 0x000000010b987cc8
 Begin Bits: [0x000000010c97f000, 0x000000011097f000)
 End Bits:   [0x000000011097f000, 0x000000011497f000)

Polling page: 0x000000010a922000

CodeCache: size=245760Kb used=7570Kb max_used=7570Kb free=238189Kb
 bounds [0x000000011750f000, 0x0000000117c7f000, 0x000000012650f000]
 total_blobs=4418 nmethods=3892 adapters=439
 compilation: enabled

Compilation events (10 events):
Event: 7.574 Thread 0x00007fb65f808800 3887       1       org.springframework.util.MimeType::getSubtype (5 bytes)
Event: 7.574 Thread 0x00007fb65f808800 nmethod 3887 0x0000000117c71a10 code [0x0000000117c71b60, 0x0000000117c71c70]
Event: 7.577 Thread 0x00007fb65f808800 3888       1       java.lang.invoke.MethodHandles$Lookup::linkMethodHandleConstant (185 bytes)
Event: 7.578 Thread 0x00007fb65f808800 nmethod 3888 0x0000000117c71ed0 code [0x0000000117c72100, 0x0000000117c727f8]
Event: 7.583 Thread 0x00007fb65f808800 3889       1       java.lang.Character::valueOf (21 bytes)
Event: 7.583 Thread 0x00007fb65f808800 nmethod 3889 0x0000000117c72c90 code [0x0000000117c72e00, 0x0000000117c72f90]
Event: 7.583 Thread 0x00007fb65f808800 3890       1       java.lang.Integer::parseInt (7 bytes)
Event: 7.583 Thread 0x00007fb65f808800 nmethod 3890 0x0000000117c73050 code [0x0000000117c731c0, 0x0000000117c732c8]
Event: 7.583 Thread 0x00007fb65f808800 3891       1       java.lang.Character::<init> (10 bytes)
Event: 7.583 Thread 0x00007fb65f808800 nmethod 3891 0x0000000117c73350 code [0x0000000117c734a0, 0x0000000117c735b0]

GC Heap History (10 events):
Event: 1.364 GC heap before
{Heap before GC invocations=5 (full 1):
 PSYoungGen      total 141824K, used 6786K [0x000000076ab00000, 0x0000000774000000, 0x00000007c0000000)
  eden space 131072K, 0% used [0x000000076ab00000,0x000000076ab00000,0x0000000772b00000)
  from space 10752K, 63% used [0x0000000773580000,0x0000000773c20b98,0x0000000774000000)
  to   space 10752K, 0% used [0x0000000772b00000,0x0000000772b00000,0x0000000773580000)
 ParOldGen       total 175104K, used 104K [0x00000006c0000000, 0x00000006cab00000, 0x000000076ab00000)
  object space 175104K, 0% used [0x00000006c0000000,0x00000006c001a010,0x00000006cab00000)
 Metaspace       used 20241K, capacity 21144K, committed 21248K, reserved 1067008K
  class space    used 2763K, capacity 2978K, committed 3072K, reserved 1048576K
Event: 1.386 GC heap after
Heap after GC invocations=5 (full 1):
 PSYoungGen      total 141824K, used 0K [0x000000076ab00000, 0x0000000774000000, 0x00000007c0000000)
  eden space 131072K, 0% used [0x000000076ab00000,0x000000076ab00000,0x0000000772b00000)
  from space 10752K, 0% used [0x0000000773580000,0x0000000773580000,0x0000000774000000)
  to   space 10752K, 0% used [0x0000000772b00000,0x0000000772b00000,0x0000000773580000)
 ParOldGen       total 92672K, used 6599K [0x00000006c0000000, 0x00000006c5a80000, 0x000000076ab00000)
  object space 92672K, 7% used [0x00000006c0000000,0x00000006c0671cf8,0x00000006c5a80000)
 Metaspace       used 20241K, capacity 21144K, committed 21248K, reserved 1067008K
  class space    used 2763K, capacity 2978K, committed 3072K, reserved 1048576K
}
Event: 1.881 GC heap before
{Heap before GC invocations=6 (full 1):
 PSYoungGen      total 141824K, used 131072K [0x000000076ab00000, 0x0000000774000000, 0x00000007c0000000)
  eden space 131072K, 100% used [0x000000076ab00000,0x0000000772b00000,0x0000000772b00000)
  from space 10752K, 0% used [0x0000000773580000,0x0000000773580000,0x0000000774000000)
  to   space 10752K, 0% used [0x0000000772b00000,0x0000000772b00000,0x0000000773580000)
 ParOldGen       total 92672K, used 6599K [0x00000006c0000000, 0x00000006c5a80000, 0x000000076ab00000)
  object space 92672K, 7% used [0x00000006c0000000,0x00000006c0671cf8,0x00000006c5a80000)
 Metaspace       used 26915K, capacity 28190K, committed 28288K, reserved 1073152K
  class space    used 3673K, capacity 3949K, committed 3968K, reserved 1048576K
Event: 1.888 GC heap after
Heap after GC invocations=6 (full 1):
 PSYoungGen      total 141824K, used 10505K [0x000000076ab00000, 0x0000000779600000, 0x00000007c0000000)
  eden space 131072K, 0% used [0x000000076ab00000,0x000000076ab00000,0x0000000772b00000)
  from space 10752K, 97% used [0x0000000772b00000,0x00000007735427a0,0x0000000773580000)
  to   space 11264K, 0% used [0x0000000778b00000,0x0000000778b00000,0x0000000779600000)
 ParOldGen       total 92672K, used 6607K [0x00000006c0000000, 0x00000006c5a80000, 0x000000076ab00000)
  object space 92672K, 7% used [0x00000006c0000000,0x00000006c0673cf8,0x00000006c5a80000)
 Metaspace       used 26915K, capacity 28190K, committed 28288K, reserved 1073152K
  class space    used 3673K, capacity 3949K, committed 3968K, reserved 1048576K
}
Event: 2.502 GC heap before
{Heap before GC invocations=7 (full 1):
 PSYoungGen      total 141824K, used 141577K [0x000000076ab00000, 0x0000000779600000, 0x00000007c0000000)
  eden space 131072K, 100% used [0x000000076ab00000,0x0000000772b00000,0x0000000772b00000)
  from space 10752K, 97% used [0x0000000772b00000,0x00000007735427a0,0x0000000773580000)
  to   space 11264K, 0% used [0x0000000778b00000,0x0000000778b00000,0x0000000779600000)
 ParOldGen       total 92672K, used 6607K [0x00000006c0000000, 0x00000006c5a80000, 0x000000076ab00000)
  object space 92672K, 7% used [0x00000006c0000000,0x00000006c0673cf8,0x00000006c5a80000)
 Metaspace       used 32350K, capacity 34068K, committed 34304K, reserved 1079296K
  class space    used 4469K, capacity 4800K, committed 4864K, reserved 1048576K
Event: 2.510 GC heap after
Heap after GC invocations=7 (full 1):
 PSYoungGen      total 224768K, used 11238K [0x000000076ab00000, 0x0000000779600000, 0x00000007c0000000)
  eden space 213504K, 0% used [0x000000076ab00000,0x000000076ab00000,0x0000000777b80000)
  from space 11264K, 99% used [0x0000000778b00000,0x00000007795f9af8,0x0000000779600000)
  to   space 13312K, 0% used [0x0000000777c00000,0x0000000777c00000,0x0000000778900000)
 ParOldGen       total 92672K, used 8217K [0x00000006c0000000, 0x00000006c5a80000, 0x000000076ab00000)
  object space 92672K, 8% used [0x00000006c0000000,0x00000006c0806768,0x00000006c5a80000)
 Metaspace       used 32350K, capacity 34068K, committed 34304K, reserved 1079296K
  class space    used 4469K, capacity 4800K, committed 4864K, reserved 1048576K
}
Event: 2.637 GC heap before
{Heap before GC invocations=8 (full 1):
 PSYoungGen      total 224768K, used 37129K [0x000000076ab00000, 0x0000000779600000, 0x00000007c0000000)
  eden space 213504K, 12% used [0x000000076ab00000,0x000000076c448c28,0x0000000777b80000)
  from space 11264K, 99% used [0x0000000778b00000,0x00000007795f9af8,0x0000000779600000)
  to   space 13312K, 0% used [0x0000000777c00000,0x0000000777c00000,0x0000000778900000)
 ParOldGen       total 92672K, used 8217K [0x00000006c0000000, 0x00000006c5a80000, 0x000000076ab00000)
  object space 92672K, 8% used [0x00000006c0000000,0x00000006c0806768,0x00000006c5a80000)
 Metaspace       used 33495K, capacity 35301K, committed 35416K, reserved 1079296K
  class space    used 4625K, capacity 5005K, committed 5120K, reserved 1048576K
Event: 2.643 GC heap after
Heap after GC invocations=8 (full 1):
 PSYoungGen      total 227328K, used 9005K [0x000000076ab00000, 0x0000000782000000, 0x00000007c0000000)
  eden space 214016K, 0% used [0x000000076ab00000,0x000000076ab00000,0x0000000777c00000)
  from space 13312K, 67% used [0x0000000777c00000,0x00000007784cb588,0x0000000778900000)
  to   space 13312K, 0% used [0x0000000781300000,0x0000000781300000,0x0000000782000000)
 ParOldGen       total 92672K, used 8225K [0x00000006c0000000, 0x00000006c5a80000, 0x000000076ab00000)
  object space 92672K, 8% used [0x00000006c0000000,0x00000006c0808768,0x00000006c5a80000)
 Metaspace       used 33495K, capacity 35301K, committed 35416K, reserved 1079296K
  class space    used 4625K, capacity 5005K, committed 5120K, reserved 1048576K
}
Event: 2.643 GC heap before
{Heap before GC invocations=9 (full 2):
 PSYoungGen      total 227328K, used 9005K [0x000000076ab00000, 0x0000000782000000, 0x00000007c0000000)
  eden space 214016K, 0% used [0x000000076ab00000,0x000000076ab00000,0x0000000777c00000)
  from space 13312K, 67% used [0x0000000777c00000,0x00000007784cb588,0x0000000778900000)
  to   space 13312K, 0% used [0x0000000781300000,0x0000000781300000,0x0000000782000000)
 ParOldGen       total 92672K, used 8225K [0x00000006c0000000, 0x00000006c5a80000, 0x000000076ab00000)
  object space 92672K, 8% used [0x00000006c0000000,0x00000006c0808768,0x00000006c5a80000)
 Metaspace       used 33495K, capacity 35301K, committed 35416K, reserved 1079296K
  class space    used 4625K, capacity 5005K, committed 5120K, reserved 1048576K
Event: 2.674 GC heap after
Heap after GC invocations=9 (full 2):
 PSYoungGen      total 227328K, used 0K [0x000000076ab00000, 0x0000000782000000, 0x00000007c0000000)
  eden space 214016K, 0% used [0x000000076ab00000,0x000000076ab00000,0x0000000777c00000)
  from space 13312K, 0% used [0x0000000777c00000,0x0000000777c00000,0x0000000778900000)
  to   space 13312K, 0% used [0x0000000781300000,0x0000000781300000,0x0000000782000000)
 ParOldGen       total 134656K, used 14424K [0x00000006c0000000, 0x00000006c8380000, 0x000000076ab00000)
  object space 134656K, 10% used [0x00000006c0000000,0x00000006c0e162b8,0x00000006c8380000)
 Metaspace       used 33495K, capacity 35301K, committed 35416K, reserved 1079296K
  class space    used 4625K, capacity 5005K, committed 5120K, reserved 1048576K
}

Deoptimization events (0 events):
No events

Classes redefined (0 events):
No events

Internal exceptions (10 events):
Event: 3.269 Thread 0x00007fb65b809000 Exception <a 'java/lang/ArrayIndexOutOfBoundsException'> (0x000000077191e820) thrown at [/private/tmp/openjdkA8-20210814-5038-e41be5/jdk8u302-ga/hotspot/src/share/vm/runtime/sharedRuntime.cpp, line 609]
Event: 3.623 Thread 0x00007fb65a979800 Exception <a 'java/lang/ArrayIndexOutOfBoundsException'> (0x000000076f622ef8) thrown at [/private/tmp/openjdkA8-20210814-5038-e41be5/jdk8u302-ga/hotspot/src/share/vm/runtime/sharedRuntime.cpp, line 609]
Event: 3.623 Thread 0x00007fb65a979800 Exception <a 'java/lang/ArrayIndexOutOfBoundsException'> (0x000000076f6242b8) thrown at [/private/tmp/openjdkA8-20210814-5038-e41be5/jdk8u302-ga/hotspot/src/share/vm/runtime/sharedRuntime.cpp, line 609]
Event: 3.626 Thread 0x00007fb65a979800 Exception <a 'java/lang/ArrayIndexOutOfBoundsException'> (0x000000076f696790) thrown at [/private/tmp/openjdkA8-20210814-5038-e41be5/jdk8u302-ga/hotspot/src/share/vm/runtime/sharedRuntime.cpp, line 609]
Event: 7.480 Thread 0x00007fb65a827800 Exception <a 'java/lang/ArrayIndexOutOfBoundsException'> (0x0000000773119c30) thrown at [/private/tmp/openjdkA8-20210814-5038-e41be5/jdk8u302-ga/hotspot/src/share/vm/runtime/sharedRuntime.cpp, line 609]
Event: 7.480 Thread 0x00007fb65a858800 Exception <a 'java/lang/ArrayIndexOutOfBoundsException'> (0x0000000772db1ca0) thrown at [/private/tmp/openjdkA8-20210814-5038-e41be5/jdk8u302-ga/hotspot/src/share/vm/runtime/sharedRuntime.cpp, line 609]
Event: 7.480 Thread 0x00007fb65a827800 Exception <a 'java/lang/ArrayIndexOutOfBoundsException'> (0x000000077311b258) thrown at [/private/tmp/openjdkA8-20210814-5038-e41be5/jdk8u302-ga/hotspot/src/share/vm/runtime/sharedRuntime.cpp, line 609]
Event: 7.480 Thread 0x00007fb65a858800 Exception <a 'java/lang/ArrayIndexOutOfBoundsException'> (0x0000000772db32c8) thrown at [/private/tmp/openjdkA8-20210814-5038-e41be5/jdk8u302-ga/hotspot/src/share/vm/runtime/sharedRuntime.cpp, line 609]
Event: 7.561 Thread 0x00007fb65a827800 Exception <a 'java/lang/NoSuchMethodError': java.lang.Object.lambda$getRequiredAttribute$0(Ljava/lang/String;)Ljava/lang/String;> (0x0000000773daec90) thrown at [/private/tmp/openjdkA8-20210814-5038-e41be5/jdk8u302-ga/hotspot/src/share/vm/interpreter/link
Event: 7.564 Thread 0x00007fb65a827800 Exception <a 'java/lang/NoSuchMethodError': java.lang.Object.from(Ljava/lang/Object;)Lreactor/core/Scannable;> (0x0000000773e3bf68) thrown at [/private/tmp/openjdkA8-20210814-5038-e41be5/jdk8u302-ga/hotspot/src/share/vm/interpreter/linkResolver.cpp, line 

Events (10 events):
Event: 7.608 loading class reactor/core/publisher/FluxContextWrite$ContextWriteSubscriber
Event: 7.608 loading class reactor/core/publisher/FluxContextWrite$ContextWriteSubscriber done
Event: 7.609 loading class reactor/core/publisher/MonoSingle$SingleSubscriber
Event: 7.609 loading class reactor/core/publisher/MonoSingle$SingleSubscriber done
Event: 7.609 loading class reactor/core/publisher/Operators$MonoInnerProducerBase
Event: 7.609 loading class reactor/core/publisher/Operators$MonoInnerProducerBase done
Event: 7.610 loading class org/springframework/core/io/buffer/NettyDataBuffer
Event: 7.610 loading class org/springframework/core/io/buffer/NettyDataBuffer done
Event: 7.612 loading class io/netty/buffer/WrappedCompositeByteBuf
Event: 7.612 loading class io/netty/buffer/WrappedCompositeByteBuf done


Dynamic libraries:
0x00007ff834f88000 	/System/Library/Frameworks/Cocoa.framework/Versions/A/Cocoa
0x00007ff820dc6000 	/System/Library/Frameworks/AppKit.framework/Versions/C/AppKit
0x00007ff8242b3000 	/System/Library/Frameworks/CoreData.framework/Versions/A/CoreData
0x00007ff81f1e1000 	/System/Library/Frameworks/Foundation.framework/Versions/C/Foundation
0x00007ff829128000 	/usr/lib/libSystem.B.dylib
0x00007ff821c53000 	/System/Library/PrivateFrameworks/UIFoundation.framework/Versions/A/UIFoundation
0x00007ff82ef60000 	/System/Library/PrivateFrameworks/RemoteViewServices.framework/Versions/A/RemoteViewServices
0x00007ff8272d4000 	/System/Library/PrivateFrameworks/XCTTargetBootstrap.framework/Versions/A/XCTTargetBootstrap
0x00007ff82af37000 	/System/Library/PrivateFrameworks/InternationalSupport.framework/Versions/A/InternationalSupport
0x00007ff82afc1000 	/System/Library/PrivateFrameworks/UserActivity.framework/Versions/A/UserActivity
0x00007ff82a317000 	/usr/lib/libspindump.dylib
0x00007ff821ee1000 	/System/Library/Frameworks/UniformTypeIdentifiers.framework/Versions/A/UniformTypeIdentifiers
0x00007ff825a13000 	/usr/lib/libapp_launch_measurement.dylib
0x00007ff824c7d000 	/System/Library/PrivateFrameworks/CoreAnalytics.framework/Versions/A/CoreAnalytics
0x00007ff825a16000 	/System/Library/PrivateFrameworks/CoreAutoLayout.framework/Versions/A/CoreAutoLayout
0x00007ff826c35000 	/System/Library/Frameworks/Metal.framework/Versions/A/Metal
0x00007ff82794a000 	/usr/lib/liblangid.dylib
0x00007ff8272d8000 	/System/Library/PrivateFrameworks/CoreSVG.framework/Versions/A/CoreSVG
0x00007ff8232a3000 	/System/Library/PrivateFrameworks/SkyLight.framework/Versions/A/SkyLight
0x00007ff823634000 	/System/Library/Frameworks/CoreGraphics.framework/Versions/A/CoreGraphics
0x00007ff82f5cb000 	/System/Library/Frameworks/Accelerate.framework/Versions/A/Accelerate
0x00007ff829d92000 	/System/Library/PrivateFrameworks/IconServices.framework/Versions/A/IconServices
0x00007ff826c1a000 	/System/Library/Frameworks/IOSurface.framework/Versions/A/IOSurface
0x00007ff824cab000 	/usr/lib/libDiagnosticMessagesClient.dylib
0x00007ff829048000 	/usr/lib/libz.1.dylib
0x00007ff832c2a000 	/System/Library/Frameworks/ApplicationServices.framework/Versions/A/ApplicationServices
0x00007ff8272c0000 	/System/Library/PrivateFrameworks/DFRFoundation.framework/Versions/A/DFRFoundation
0x00007ff8206b7000 	/usr/lib/libicucore.A.dylib
0x00007ff82bc59000 	/System/Library/Frameworks/AudioToolbox.framework/Versions/A/AudioToolbox
0x00007ff82af43000 	/System/Library/PrivateFrameworks/DataDetectorsCore.framework/Versions/A/DataDetectorsCore
0x00007ff926789000 	/System/Library/PrivateFrameworks/TextInput.framework/Versions/A/TextInput
0x00007ff823226000 	/usr/lib/libMobileGestalt.dylib
0x00007ff826fc8000 	/System/Library/Frameworks/Carbon.framework/Versions/A/Frameworks/HIToolbox.framework/Versions/A/HIToolbox
0x00007ff825441000 	/System/Library/Frameworks/QuartzCore.framework/Versions/A/QuartzCore
0x00007ff820358000 	/System/Library/Frameworks/Security.framework/Versions/A/Security
0x00007ff82ef98000 	/System/Library/Frameworks/Carbon.framework/Versions/A/Frameworks/SpeechRecognition.framework/Versions/A/SpeechRecognition
0x00007ff825773000 	/System/Library/PrivateFrameworks/CoreUI.framework/Versions/A/CoreUI
0x00007ff81fc32000 	/System/Library/Frameworks/CoreAudio.framework/Versions/A/CoreAudio
0x00007ff824d99000 	/System/Library/Frameworks/DiskArbitration.framework/Versions/A/DiskArbitration
0x00007ff82a6fe000 	/System/Library/PrivateFrameworks/MultitouchSupport.framework/Versions/A/MultitouchSupport
0x00007ff823225000 	/usr/lib/libenergytrace.dylib
0x00007ff820cb2000 	/System/Library/Frameworks/IOKit.framework/Versions/A/IOKit
0x00007ff82f382000 	/System/Library/Frameworks/CoreServices.framework/Versions/A/CoreServices
0x00007ff8259ad000 	/System/Library/PrivateFrameworks/PerformanceAnalysis.framework/Versions/A/PerformanceAnalysis
0x00007ffa35d4a000 	/System/Library/Frameworks/OpenGL.framework/Versions/A/OpenGL
0x00007ff828680000 	/System/Library/PrivateFrameworks/MobileKeyBag.framework/Versions/A/MobileKeyBag
0x00007ff81e1a2000 	/usr/lib/libobjc.A.dylib
0x00007ff823d00000 	/System/Library/Frameworks/ColorSync.framework/Versions/A/ColorSync
0x00007ff81e35b000 	/System/Library/Frameworks/CoreFoundation.framework/Versions/A/CoreFoundation
0x00007ff827551000 	/System/Library/Frameworks/CoreImage.framework/Versions/A/CoreImage
0x00007ff81fa48000 	/System/Library/Frameworks/CoreText.framework/Versions/A/CoreText
0x00007ff827307000 	/System/Library/Frameworks/ImageIO.framework/Versions/A/ImageIO
0x00007ff82912e000 	/System/Library/PrivateFrameworks/SoftLinking.framework/Versions/A/SoftLinking
0x00007ff825a5e000 	/usr/lib/libxml2.2.dylib
0x00007ff81e268000 	/usr/lib/libc++.1.dylib
0x00007ff8293b1000 	/usr/lib/libcompression.dylib
0x00007ff82ae6d000 	/System/Library/PrivateFrameworks/TextureIO.framework/Versions/A/TextureIO
0x00007ff829aa4000 	/usr/lib/libate.dylib
0x00007ff829123000 	/usr/lib/system/libcache.dylib
0x00007ff8290df000 	/usr/lib/system/libcommonCrypto.dylib
0x00007ff829108000 	/usr/lib/system/libcompiler_rt.dylib
0x00007ff8290fe000 	/usr/lib/system/libcopyfile.dylib
0x00007ff81e09c000 	/usr/lib/system/libcorecrypto.dylib
0x00007ff81e15b000 	/usr/lib/system/libdispatch.dylib
0x00007ff81e31a000 	/usr/lib/system/libdyld.dylib
0x00007ff82911a000 	/usr/lib/system/libkeymgr.dylib
0x00007ff8290bd000 	/usr/lib/system/libmacho.dylib
0x00007ff828754000 	/usr/lib/system/libquarantine.dylib
0x00007ff829118000 	/usr/lib/system/libremovefile.dylib
0x00007ff823272000 	/usr/lib/system/libsystem_asl.dylib
0x00007ff81e04a000 	/usr/lib/system/libsystem_blocks.dylib
0x00007ff81e1df000 	/usr/lib/system/libsystem_c.dylib
0x00007ff829110000 	/usr/lib/system/libsystem_collections.dylib
0x00007ff82793b000 	/usr/lib/system/libsystem_configuration.dylib
0x00007ff826bfd000 	/usr/lib/system/libsystem_containermanager.dylib
0x00007ff828dfc000 	/usr/lib/system/libsystem_coreservices.dylib
0x00007ff820940000 	/usr/lib/system/libsystem_darwin.dylib
0x00007ff82911b000 	/usr/lib/system/libsystem_dnssd.dylib
0x00007ff81e1dc000 	/usr/lib/system/libsystem_featureflags.dylib
0x00007ff81e330000 	/usr/lib/system/libsystem_info.dylib
0x00007ff82905b000 	/usr/lib/system/libsystem_m.dylib
0x00007ff81e12f000 	/usr/lib/system/libsystem_malloc.dylib
0x00007ff82320f000 	/usr/lib/system/libsystem_networkextension.dylib
0x00007ff820d68000 	/usr/lib/system/libsystem_notify.dylib
0x00007ff82f259000 	/usr/lib/system/libsystem_product_info_filter.dylib
0x00007ff82793f000 	/usr/lib/system/libsystem_sandbox.dylib
0x00007ff829115000 	/usr/lib/system/libsystem_secinit.dylib
0x00007ff81e2d7000 	/usr/lib/system/libsystem_kernel.dylib
0x00007ff81e326000 	/usr/lib/system/libsystem_platform.dylib
0x00007ff81e30e000 	/usr/lib/system/libsystem_pthread.dylib
0x00007ff824ac3000 	/usr/lib/system/libsystem_symptoms.dylib
0x00007ff81e083000 	/usr/lib/system/libsystem_trace.dylib
0x00007ff8290eb000 	/usr/lib/system/libunwind.dylib
0x00007ff81e04c000 	/usr/lib/system/libxpc.dylib
0x00007ff81e2c1000 	/usr/lib/libc++abi.dylib
0x00007ff8290f6000 	/usr/lib/liboah.dylib
0x00007ff829882000 	/usr/lib/liblzma.5.dylib
0x00007ff81eef2000 	/System/Library/Frameworks/SystemConfiguration.framework/Versions/A/SystemConfiguration
0x00007ff82912a000 	/usr/lib/libfakelink.dylib
0x00007ff822d79000 	/System/Library/Frameworks/CFNetwork.framework/Versions/A/CFNetwork
0x00007ff829269000 	/usr/lib/libarchive.2.dylib
0x00007ff827946000 	/System/Library/PrivateFrameworks/AppleSystemInfo.framework/Versions/A/AppleSystemInfo
0x00007ff82877a000 	/usr/lib/libbsm.0.dylib
0x00007ff8223b0000 	/usr/lib/libnetwork.dylib
0x00007ff8290c3000 	/usr/lib/system/libkxld.dylib
0x00007ff8283a9000 	/System/Library/PrivateFrameworks/IOMobileFramebuffer.framework/Versions/A/IOMobileFramebuffer
0x00007ffb33833000 	/usr/lib/libCoreEntitlements.dylib
0x00007ff828dde000 	/System/Library/PrivateFrameworks/AppleFSCompression.framework/Versions/A/AppleFSCompression
0x00007ff828763000 	/usr/lib/libcoretls.dylib
0x00007ff82989c000 	/usr/lib/libcoretls_cfhelpers.dylib
0x00007ff8293ac000 	/usr/lib/libpam.2.dylib
0x00007ff8246e5000 	/usr/lib/libsqlite3.dylib
0x00007ff82990b000 	/usr/lib/libxar.1.dylib
0x00007ff828dee000 	/usr/lib/libbz2.1.0.dylib
0x00007ff82912f000 	/usr/lib/libpcap.A.dylib
0x00007ff824aba000 	/usr/lib/libdns_services.dylib
0x00007ff82937b000 	/usr/lib/libapple_nghttp2.dylib
0x00007ff829166000 	/usr/lib/libiconv.2.dylib
0x00007ff8290bc000 	/usr/lib/libcharset.1.dylib
0x00007ff8259e1000 	/System/Library/Frameworks/CoreServices.framework/Versions/A/Frameworks/FSEvents.framework/Versions/A/FSEvents
0x00007ff82094a000 	/System/Library/Frameworks/CoreServices.framework/Versions/A/Frameworks/CarbonCore.framework/Versions/A/CarbonCore
0x00007ff824cfe000 	/System/Library/Frameworks/CoreServices.framework/Versions/A/Frameworks/Metadata.framework/Versions/A/Metadata
0x00007ff828e01000 	/System/Library/Frameworks/CoreServices.framework/Versions/A/Frameworks/OSServices.framework/Versions/A/OSServices
0x00007ff8292ef000 	/System/Library/Frameworks/CoreServices.framework/Versions/A/Frameworks/SearchKit.framework/Versions/A/SearchKit
0x00007ff824a4c000 	/System/Library/Frameworks/CoreServices.framework/Versions/A/Frameworks/AE.framework/Versions/A/AE
0x00007ff81e85e000 	/System/Library/Frameworks/CoreServices.framework/Versions/A/Frameworks/LaunchServices.framework/Versions/A/LaunchServices
0x00007ff829833000 	/System/Library/Frameworks/CoreServices.framework/Versions/A/Frameworks/DictionaryServices.framework/Versions/A/DictionaryServices
0x00007ff8259ee000 	/System/Library/Frameworks/CoreServices.framework/Versions/A/Frameworks/SharedFileList.framework/Versions/A/SharedFileList
0x00007ff828757000 	/usr/lib/libCheckFix.dylib
0x00007ff823289000 	/System/Library/PrivateFrameworks/TCC.framework/Versions/A/TCC
0x00007ff82794c000 	/System/Library/PrivateFrameworks/CoreNLP.framework/Versions/A/CoreNLP
0x00007ff824cae000 	/System/Library/PrivateFrameworks/MetadataUtilities.framework/Versions/A/MetadataUtilities
0x00007ff81efa2000 	/usr/lib/libmecabra.dylib
0x00007ff82878a000 	/usr/lib/libmecab.dylib
0x00007ff81ef6d000 	/usr/lib/libCRFSuite.dylib
0x00007ff8287e7000 	/usr/lib/libgermantok.dylib
0x00007ff829356000 	/usr/lib/libThaiTokenizer.dylib
0x00007ff824da0000 	/System/Library/Frameworks/Accelerate.framework/Versions/A/Frameworks/vImage.framework/Versions/A/vImage
0x00007ff82f359000 	/System/Library/Frameworks/Accelerate.framework/Versions/A/Frameworks/vecLib.framework/Versions/A/vecLib
0x00007ff82994c000 	/System/Library/Frameworks/Accelerate.framework/Versions/A/Frameworks/vecLib.framework/Versions/A/libvMisc.dylib
0x00007ff8281c7000 	/System/Library/Frameworks/Accelerate.framework/Versions/A/Frameworks/vecLib.framework/Versions/A/libvDSP.dylib
0x00007ff81ebd6000 	/System/Library/Frameworks/Accelerate.framework/Versions/A/Frameworks/vecLib.framework/Versions/A/libBLAS.dylib
0x00007ff82948d000 	/System/Library/Frameworks/Accelerate.framework/Versions/A/Frameworks/vecLib.framework/Versions/A/libLAPACK.dylib
0x00007ff8287ea000 	/System/Library/Frameworks/Accelerate.framework/Versions/A/Frameworks/vecLib.framework/Versions/A/libLinearAlgebra.dylib
0x00007ff829394000 	/System/Library/Frameworks/Accelerate.framework/Versions/A/Frameworks/vecLib.framework/Versions/A/libSparseBLAS.dylib
0x00007ff829487000 	/System/Library/Frameworks/Accelerate.framework/Versions/A/Frameworks/vecLib.framework/Versions/A/libQuadrature.dylib
0x00007ff827a36000 	/System/Library/Frameworks/Accelerate.framework/Versions/A/Frameworks/vecLib.framework/Versions/A/libBNNS.dylib
0x00007ff81ee83000 	/System/Library/Frameworks/Accelerate.framework/Versions/A/Frameworks/vecLib.framework/Versions/A/libSparse.dylib
0x00007ff827a2f000 	/System/Library/PrivateFrameworks/LinguisticData.framework/Versions/A/LinguisticData
0x00007ff81ee38000 	/System/Library/PrivateFrameworks/Lexicon.framework/Versions/A/Lexicon
0x00007ff829945000 	/usr/lib/libChineseTokenizer.dylib
0x00007ff81f59c000 	/System/Library/PrivateFrameworks/LanguageModeling.framework/Versions/A/LanguageModeling
0x00007ff829358000 	/System/Library/PrivateFrameworks/AppleSauce.framework/Versions/A/AppleSauce
0x00007ff828397000 	/System/Library/PrivateFrameworks/CoreEmoji.framework/Versions/A/CoreEmoji
0x00007ff829258000 	/usr/lib/libcmph.dylib
0x00007ff8259c5000 	/System/Library/Frameworks/OpenDirectory.framework/Versions/A/Frameworks/CFOpenDirectory.framework/Versions/A/CFOpenDirectory
0x00007ff8259b9000 	/System/Library/Frameworks/OpenDirectory.framework/Versions/A/OpenDirectory
0x00007ff82989e000 	/System/Library/PrivateFrameworks/APFS.framework/Versions/A/APFS
0x00007ff8286b8000 	/System/Library/Frameworks/SecurityFoundation.framework/Versions/A/SecurityFoundation
0x00007ff829919000 	/usr/lib/libutil.dylib
0x00007ff820c75000 	/System/Library/PrivateFrameworks/CoreServicesStore.framework/Versions/A/CoreServicesStore
0x00007ff82991d000 	/usr/lib/libxslt.1.dylib
0x00007ff828745000 	/System/Library/PrivateFrameworks/BackgroundTaskManagement.framework/Versions/A/BackgroundTaskManagement
0x00007ff82ad8d000 	/System/Library/Frameworks/ImageIO.framework/Versions/A/Resources/libRadiance.dylib
0x00007ff82ad96000 	/System/Library/Frameworks/ImageIO.framework/Versions/A/Resources/libJPEG.dylib
0x00007ff82ace6000 	/System/Library/Frameworks/ImageIO.framework/Versions/A/Resources/libPng.dylib
0x00007ff82ad07000 	/System/Library/Frameworks/ImageIO.framework/Versions/A/Resources/libTIFF.dylib
0x00007ff82adf6000 	/System/Library/Frameworks/ImageIO.framework/Versions/A/Resources/libGIF.dylib
0x00007ff82a617000 	/System/Library/Frameworks/ImageIO.framework/Versions/A/Resources/libJP2.dylib
0x00007ff829d59000 	/usr/lib/libexpat.1.dylib
0x00007ff82a5cc000 	/System/Library/PrivateFrameworks/AppleJPEG.framework/Versions/A/AppleJPEG
0x00007ff826e8f000 	/System/Library/PrivateFrameworks/FontServices.framework/libFontParser.dylib
0x00007ff8249f6000 	/System/Library/PrivateFrameworks/RunningBoardServices.framework/Versions/A/RunningBoardServices
0x00007ff8354f9000 	/System/Library/PrivateFrameworks/IOSurfaceAccelerator.framework/Versions/A/IOSurfaceAccelerator
0x00007ff82a6fa000 	/System/Library/PrivateFrameworks/WatchdogClient.framework/Versions/A/WatchdogClient
0x00007ff81f68b000 	/System/Library/Frameworks/CoreDisplay.framework/Versions/A/CoreDisplay
0x00007ff826d8f000 	/System/Library/Frameworks/CoreMedia.framework/Versions/A/CoreMedia
0x00007ff826c2c000 	/System/Library/PrivateFrameworks/IOAccelerator.framework/Versions/A/IOAccelerator
0x00007ff825b41000 	/System/Library/Frameworks/CoreVideo.framework/Versions/A/CoreVideo
0x00007ff8293aa000 	/System/Library/Frameworks/MetalPerformanceShaders.framework/Versions/A/MetalPerformanceShaders
0x00007ff82a735000 	/System/Library/Frameworks/VideoToolbox.framework/Versions/A/VideoToolbox
0x00007ff82493e000 	/System/Library/PrivateFrameworks/BaseBoard.framework/Versions/A/BaseBoard
0x00007ff8246cb000 	/System/Library/PrivateFrameworks/ProtocolBuffer.framework/Versions/A/ProtocolBuffer
0x00007ff82ad86000 	/System/Library/PrivateFrameworks/GPUWrangler.framework/Versions/A/GPUWrangler
0x00007ff82ad69000 	/System/Library/PrivateFrameworks/IOPresentment.framework/Versions/A/IOPresentment
0x00007ff82ad90000 	/System/Library/PrivateFrameworks/DSExternalDisplay.framework/Versions/A/DSExternalDisplay
0x00007ffa35d3e000 	/System/Library/Frameworks/OpenGL.framework/Versions/A/Libraries/libCoreFSCache.dylib
0x00007ffb21e32000 	/System/Library/PrivateFrameworks/GPUCompiler.framework/Versions/31001/Libraries/libGPUCompilerUtils.dylib
0x00007ff82adfb000 	/System/Library/PrivateFrameworks/CMCaptureCore.framework/Versions/A/CMCaptureCore
0x00007ff82a305000 	/System/Library/PrivateFrameworks/AppServerSupport.framework/Versions/A/AppServerSupport
0x00007ff82c4d6000 	/System/Library/PrivateFrameworks/perfdata.framework/Versions/A/perfdata
0x00007ff81f7b7000 	/System/Library/PrivateFrameworks/AudioToolboxCore.framework/Versions/A/AudioToolboxCore
0x00007ff826d6c000 	/System/Library/PrivateFrameworks/caulk.framework/Versions/A/caulk
0x00007ff82be03000 	/usr/lib/libAudioStatistics.dylib
0x00007ff923048000 	/System/Library/PrivateFrameworks/SystemPolicy.framework/Versions/A/SystemPolicy
0x00007ff82c04f000 	/usr/lib/libSMC.dylib
0x00007ff834e3b000 	/System/Library/Frameworks/CoreMIDI.framework/Versions/A/CoreMIDI
0x00007ff82acb6000 	/usr/lib/libAudioToolboxUtility.dylib
0x00007ff91f4d0000 	/System/Library/PrivateFrameworks/OSAServicesClient.framework/Versions/A/OSAServicesClient
0x00007ff82c4e3000 	/usr/lib/libperfcheck.dylib
0x00007ff923ad4000 	/usr/lib/libmis.dylib
0x00007ffa35d9a000 	/System/Library/Frameworks/OpenGL.framework/Versions/A/Libraries/libGLU.dylib
0x00007ffa35d5d000 	/System/Library/Frameworks/OpenGL.framework/Versions/A/Libraries/libGFXShared.dylib
0x00007ffa35f6b000 	/System/Library/Frameworks/OpenGL.framework/Versions/A/Libraries/libGL.dylib
0x00007ffa35d66000 	/System/Library/Frameworks/OpenGL.framework/Versions/A/Libraries/libGLImage.dylib
0x00007ffa35d5a000 	/System/Library/Frameworks/OpenGL.framework/Versions/A/Libraries/libCVMSPluginSupport.dylib
0x00007ffa35d45000 	/System/Library/Frameworks/OpenGL.framework/Versions/A/Libraries/libCoreVMClient.dylib
0x00007ff8278ca000 	/System/Library/Frameworks/MetalPerformanceShaders.framework/Versions/A/Frameworks/MPSCore.framework/Versions/A/MPSCore
0x00007ff828d49000 	/System/Library/Frameworks/MetalPerformanceShaders.framework/Versions/A/Frameworks/MPSImage.framework/Versions/A/MPSImage
0x00007ff828800000 	/System/Library/Frameworks/MetalPerformanceShaders.framework/Versions/A/Frameworks/MPSNeuralNetwork.framework/Versions/A/MPSNeuralNetwork
0x00007ff828c75000 	/System/Library/Frameworks/MetalPerformanceShaders.framework/Versions/A/Frameworks/MPSMatrix.framework/Versions/A/MPSMatrix
0x00007ff828a31000 	/System/Library/Frameworks/MetalPerformanceShaders.framework/Versions/A/Frameworks/MPSRayIntersector.framework/Versions/A/MPSRayIntersector
0x00007ff828cae000 	/System/Library/Frameworks/MetalPerformanceShaders.framework/Versions/A/Frameworks/MPSNDArray.framework/Versions/A/MPSNDArray
0x00007ffa3a943000 	/System/Library/Frameworks/MetalPerformanceShaders.framework/Versions/A/Frameworks/MPSFunctions.framework/Versions/A/MPSFunctions
0x00007ff81eab9000 	/System/Library/PrivateFrameworks/MetalTools.framework/Versions/A/MetalTools
0x00007ff827944000 	/System/Library/PrivateFrameworks/AggregateDictionary.framework/Versions/A/AggregateDictionary
0x00007ff829b3b000 	/usr/lib/libIOReport.dylib
0x00007ffa3737a000 	/System/Library/Frameworks/OpenCL.framework/Versions/A/OpenCL
0x00007ff829e9f000 	/System/Library/PrivateFrameworks/FaceCore.framework/Versions/A/FaceCore
0x00007ff829e90000 	/System/Library/PrivateFrameworks/GraphVisualizer.framework/Versions/A/GraphVisualizer
0x00007ffb21d3d000 	/System/Library/PrivateFrameworks/FontServices.framework/Versions/A/FontServices
0x00007ff82a2bc000 	/System/Library/PrivateFrameworks/OTSVG.framework/Versions/A/OTSVG
0x00007ff825729000 	/System/Library/Frameworks/ApplicationServices.framework/Versions/A/Frameworks/ATS.framework/Versions/A/Resources/libFontRegistry.dylib
0x00007ff82a30d000 	/System/Library/PrivateFrameworks/FontServices.framework/libhvf.dylib
0x00007ffb21d3e000 	/System/Library/PrivateFrameworks/FontServices.framework/libXTFontStaticRegistryData.dylib
0x00007ff829d09000 	/System/Library/PrivateFrameworks/AppleVA.framework/Versions/A/AppleVA
0x00007ff82be23000 	/System/Library/Frameworks/ApplicationServices.framework/Versions/A/Frameworks/ATS.framework/Versions/A/ATS
0x00007ff823dfc000 	/System/Library/Frameworks/ApplicationServices.framework/Versions/A/Frameworks/HIServices.framework/Versions/A/HIServices
0x00007ff82ae05000 	/System/Library/Frameworks/ApplicationServices.framework/Versions/A/Frameworks/PrintCore.framework/Versions/A/PrintCore
0x00007ff82c1a2000 	/System/Library/Frameworks/ApplicationServices.framework/Versions/A/Frameworks/QD.framework/Versions/A/QD
0x00007ff82c19a000 	/System/Library/Frameworks/ApplicationServices.framework/Versions/A/Frameworks/ColorSyncLegacy.framework/Versions/A/ColorSyncLegacy
0x00007ff82be13000 	/System/Library/Frameworks/ApplicationServices.framework/Versions/A/Frameworks/SpeechSynthesis.framework/Versions/A/SpeechSynthesis
0x00007ff82adc6000 	/System/Library/Frameworks/ApplicationServices.framework/Versions/A/Frameworks/ATSUI.framework/Versions/A/ATSUI
0x00007ff82c12f000 	/usr/lib/libcups.2.dylib
0x00007ff82c4f2000 	/System/Library/Frameworks/Kerberos.framework/Versions/A/Kerberos
0x00007ff82c501000 	/System/Library/Frameworks/GSS.framework/Versions/A/GSS
0x00007ff82be8f000 	/usr/lib/libresolv.9.dylib
0x00007ff82a31c000 	/System/Library/PrivateFrameworks/Heimdal.framework/Versions/A/Heimdal
0x00007ff832fa5000 	/System/Library/Frameworks/Kerberos.framework/Versions/A/Libraries/libHeimdalProxy.dylib
0x00007ff824acb000 	/System/Library/Frameworks/Network.framework/Versions/A/Network
0x00007ff829d73000 	/usr/lib/libheimdal-asn1.dylib
0x00007ff82c54c000 	/System/Library/PrivateFrameworks/CommonAuth.framework/Versions/A/CommonAuth
0x00007ff82bd94000 	/System/Library/PrivateFrameworks/AudioSession.framework/Versions/A/AudioSession
0x00007ff829e03000 	/System/Library/PrivateFrameworks/MediaExperience.framework/Versions/A/MediaExperience
0x00007ff82bc28000 	/System/Library/PrivateFrameworks/AudioSession.framework/libSessionUtility.dylib
0x00007ff82c1ae000 	/System/Library/PrivateFrameworks/AudioResourceArbitration.framework/Versions/A/AudioResourceArbitration
0x00007ff829d7c000 	/System/Library/PrivateFrameworks/IconFoundation.framework/Versions/A/IconFoundation
0x00007ff82ef88000 	/System/Library/PrivateFrameworks/SpeechRecognitionCore.framework/Versions/A/SpeechRecognitionCore
0x00007ffa27211000 	/System/Library/CoreServices/Encodings/libSimplifiedChineseConverter.dylib
0x000000010b288000 	/usr/local/Cellar/openjdk@8/1.8.0+302/libexec/openjdk.jdk/Contents/Home/jre/lib/server/libjvm.dylib
0x000000010a934000 	/usr/local/Cellar/openjdk@8/1.8.0+302/libexec/openjdk.jdk/Contents/Home/jre/lib/libverify.dylib
0x000000010a976000 	/usr/local/Cellar/openjdk@8/1.8.0+302/libexec/openjdk.jdk/Contents/Home/jre/lib/libjava.dylib
0x000000010a9a6000 	/usr/local/Cellar/openjdk@8/1.8.0+302/libexec/openjdk.jdk/Contents/Home/jre/lib/libinstrument.dylib
0x000000010a956000 	/usr/local/Cellar/openjdk@8/1.8.0+302/libexec/openjdk.jdk/Contents/Home/jre/lib/libzip.dylib
0x0000000115bd6000 	/usr/local/Cellar/openjdk@8/1.8.0+302/libexec/openjdk.jdk/Contents/Home/jre/lib/libnio.dylib
0x0000000115c08000 	/usr/local/Cellar/openjdk@8/1.8.0+302/libexec/openjdk.jdk/Contents/Home/jre/lib/libnet.dylib
0x0000000115bee000 	/usr/local/Cellar/openjdk@8/1.8.0+302/libexec/openjdk.jdk/Contents/Home/jre/lib/libmanagement.dylib

VM Arguments:
jvm_args: -XX:TieredStopAtLevel=1 -Xverify:none -Dspring.output.ansi.enabled=always -javaagent:/Applications/IntelliJ IDEA.app/Contents/lib/idea_rt.jar=50166:/Applications/IntelliJ IDEA.app/Contents/bin -Dcom.sun.management.jmxremote -Dspring.jmx.enabled=true -Dspring.liveBeansView.mbeanDomain -Dspring.application.admin.enabled=true -Dfile.encoding=UTF-8 
java_command: top.ctong.gulimall.gateway.GulimallGatewayApplication
java_class_path (initial): /usr/local/Cellar/openjdk@8/1.8.0+302/libexec/openjdk.jdk/Contents/Home/jre/lib/charsets.jar:/usr/local/Cellar/openjdk@8/1.8.0+302/libexec/openjdk.jdk/Contents/Home/jre/lib/ext/cldrdata.jar:/usr/local/Cellar/openjdk@8/1.8.0+302/libexec/openjdk.jdk/Contents/Home/jre/lib/ext/dnsns.jar:/usr/local/Cellar/openjdk@8/1.8.0+302/libexec/openjdk.jdk/Contents/Home/jre/lib/ext/jaccess.jar:/usr/local/Cellar/openjdk@8/1.8.0+302/libexec/openjdk.jdk/Contents/Home/jre/lib/ext/localedata.jar:/usr/local/Cellar/openjdk@8/1.8.0+302/libexec/openjdk.jdk/Contents/Home/jre/lib/ext/nashorn.jar:/usr/local/Cellar/openjdk@8/1.8.0+302/libexec/openjdk.jdk/Contents/Home/jre/lib/ext/sunec.jar:/usr/local/Cellar/openjdk@8/1.8.0+302/libexec/openjdk.jdk/Contents/Home/jre/lib/ext/sunjce_provider.jar:/usr/local/Cellar/openjdk@8/1.8.0+302/libexec/openjdk.jdk/Contents/Home/jre/lib/ext/sunpkcs11.jar:/usr/local/Cellar/openjdk@8/1.8.0+302/libexec/openjdk.jdk/Contents/Home/jre/lib/ext/zipfs.jar:/usr/local/Cellar/openjdk@8/1.8.0+302/libexec/openjdk.jdk/Contents/Home/jre/lib/jce.jar:/usr/local/Cellar/openjdk@8/1.8.0+302/libexec/openjdk.jdk/Contents/Home/jre/lib/jfr.jar:/usr/local/Cellar/openjdk@8/1.8.0+302/libexec/openjdk.jdk/Contents/Home/jre/lib/jsse.jar:/usr/local/Cellar/openjdk@8/1.8.0+302/libexec/openjdk.jdk/Contents/Home/jre/lib/management-agent.jar:/usr/local/Cellar/openjdk@8/1.8.0+302/libexec/openjdk.jdk/Contents/Home/jre/lib/resources.jar:/usr/local/Cellar/openjdk@8/1.8.0+302/libexec/openjdk.jdk/Contents/Home/jre/lib/rt.jar:/usr/local/Cellar/openjdk@8/1.8.0+302/libexec/openjdk.jdk/Contents/Home/lib/dt.jar:/usr/local/Cellar/openjdk@8/1.8.0+302/libexec/openjdk.jdk/Contents/Home/lib/jconsole.jar:/usr/local/Cellar/openjdk@8/1.8.0+302/libexec/openjdk.jdk/Contents/Home/lib/sa-jdi.jar:/usr/local/Cellar/openjdk@8/1.8.0+302/libexec/openjdk.jdk/Contents/Home/lib/tools.jar:/Users/clover/code/sources/gulimall/gulimall-gateway/target/classes:/Users/clover/code/sources/gulimall/gulimall-c
Launcher Type: SUN_STANDARD

Environment Variables:
JAVA_HOME=/usr/local/Cellar/openjdk@8/1.8.0+302/libexec/openjdk.jdk/Contents/Home
PATH=/Users/clover/.nvm/versions/node/v14.18.1/bin:/Users/clover/fvm/default/bin:/usr/local/opt/tomcat@9/bin:/usr/local/opt/openjdk@8/bin:/usr/local/bin:/usr/bin:/bin:/usr/sbin:/sbin:/usr/local/share/dotnet:~/.dotnet/tools:/Library/Apple/usr/bin:/Library/Frameworks/Mono.framework/Versions/Current/Commands
SHELL=/bin/zsh

Signal Handlers:
SIGSEGV: [libjvm.dylib+0x58b0af], sa_mask[0]=11111111011111110111111111111111, sa_flags=SA_ONSTACK|SA_RESTART|SA_SIGINFO
SIGBUS: [libjvm.dylib+0x58b0af], sa_mask[0]=11111111011111110111111111111111, sa_flags=SA_RESTART|SA_SIGINFO
SIGFPE: [libjvm.dylib+0x48679b], sa_mask[0]=11111111011111110111111111111111, sa_flags=SA_RESTART|SA_SIGINFO
SIGPIPE: [libjvm.dylib+0x48679b], sa_mask[0]=11111111011111110111111111111111, sa_flags=SA_RESTART|SA_SIGINFO
SIGXFSZ: [libjvm.dylib+0x48679b], sa_mask[0]=11111111011111110111111111111111, sa_flags=SA_RESTART|SA_SIGINFO
SIGILL: [libjvm.dylib+0x48679b], sa_mask[0]=11111111011111110111111111111111, sa_flags=SA_RESTART|SA_SIGINFO
SIGUSR1: SIG_DFL, sa_mask[0]=00000000000000000000000000000000, sa_flags=none
SIGUSR2: [libjvm.dylib+0x487071], sa_mask[0]=00100000000000000000000000000000, sa_flags=SA_RESTART|SA_SIGINFO
SIGHUP: [libjvm.dylib+0x485261], sa_mask[0]=11111111011111110111111111111111, sa_flags=SA_RESTART|SA_SIGINFO
SIGINT: [libjvm.dylib+0x485261], sa_mask[0]=11111111011111110111111111111111, sa_flags=SA_RESTART|SA_SIGINFO
SIGTERM: [libjvm.dylib+0x485261], sa_mask[0]=11111111011111110111111111111111, sa_flags=SA_RESTART|SA_SIGINFO
SIGQUIT: [libjvm.dylib+0x485261], sa_mask[0]=11111111011111110111111111111111, sa_flags=SA_RESTART|SA_SIGINFO


---------------  S Y S T E M  ---------------

OS:Bsduname:Darwin 21.1.0 Darwin Kernel Version 21.1.0: Wed Oct 13 17:33:23 PDT 2021; root:xnu-8019.41.5~1/RELEASE_X86_64 x86_64
rlimit: STACK 8192k, CORE 0k, NPROC 2784, NOFILE 10240, AS infinity
load average:1.86 2.10 2.12

CPU:total 12 (initial active 12) (6 cores per cpu, 2 threads per core) family 6 model 158 stepping 10, cmov, cx8, fxsr, mmx, sse, sse2, sse3, ssse3, sse4.1, sse4.2, popcnt, avx, avx2, aes, clmul, erms, 3dnowpref, lzcnt, ht, tsc, tscinvbit, bmi1, bmi2, adx

Memory: 4k page, physical 16777216k(65196k free)

/proc/meminfo:


vm_info: OpenJDK 64-Bit Server VM (25.302-b00) for bsd-amd64 JRE (1.8.0_302-bre_2021_08_14_22_07-b00), built on Aug 14 2021 22:12:43 by "brew" with gcc Apple LLVM 12.0.0 (clang-1200.0.32.29)

time: Sun Nov 21 16:39:15 2021
timezone: CST
elapsed time: 7.624355 seconds (0d 0h 0m 7s)

