#
# A fatal error has been detected by the Java Runtime Environment:
#
#  SIGSEGV (0xb) at pc=0x00000001044fca67, pid=1813, tid=0x000000000000880b
#
# JRE version: OpenJDK Runtime Environment (8.0_302) (build 1.8.0_302-bre_2021_08_14_22_07-b00)
# Java VM: OpenJDK 64-Bit Server VM (25.302-b00 mixed mode bsd-amd64 compressed oops)
# Problematic frame:
# V  [libjvm.dylib+0x565a67]
#
# Failed to write core dump. Core dumps have been disabled. To enable core dumping, try "ulimit -c unlimited" before starting Java again
#
# If you would like to submit a bug report, please visit:
#   https://github.com/Homebrew/homebrew-core/issues
#

---------------  T H R E A D  ---------------

Current thread (0x00007fec06008800):  JavaThread "reactor-http-nio-2" daemon [_thread_in_vm, id=34827, stack(0x000070000dfb4000,0x000070000e0b4000)]

siginfo: si_signo: 11 (SIGSEGV), si_code: 1 (SEGV_MAPERR), si_addr: 0x0000000000000000

Registers:
RAX=0x0000000104697220, RBX=0x00007fec06008800, RCX=0x00007fec0c838000, RDX=0x0000000000000000
RSP=0x000070000e0afad0, RBP=0x000070000e0afb00, RSI=0x000070000e0afbb8, RDI=0x00007fec06008a50
R8 =0x000000000000003c, R9 =0x0000000000000006, R10=0x00000001085813db, R11=0x000000010447c877
R12=0x0000000000000000, R13=0x0000000105f0be68, R14=0x000000000000003c, R15=0x00007fec0c838000
RIP=0x00000001044fca67, EFLAGS=0x0000000000010246, ERR=0x0000000000000004
  TRAPNO=0x000000000000000e

Top of Stack: (sp=0x000070000e0afad0)
0x000070000e0afad0:   00007fec06008800 00007fec06008800
0x000070000e0afae0:   0000000105f0be68 0000000000000000
0x000070000e0afaf0:   000070000e0afbb8 00007fec06008800
0x000070000e0afb00:   000070000e0afb78 0000000108581407
0x000070000e0afb10:   0000000105f0be68 000070000e0afbb8
0x000070000e0afb20:   000070000e0afb78 0000000108581167
0x000070000e0afb30:   0000000108581122 000070000e0afb38
0x000070000e0afb40:   0000000105f0be68 000070000e0afbb8
0x000070000e0afb50:   0000000105f3bb10 0000000000000000
0x000070000e0afb60:   0000000105f0be68 0000000000000000
0x000070000e0afb70:   000070000e0afb98 000070000e0afc00
0x000070000e0afb80:   0000000108570ffd 0000000000000000
0x000070000e0afb90:   000000010857aa58 000000000000003c
0x000070000e0afba0:   00007fec0c838000 000000010857c4f9
0x000070000e0afbb0:   0000000000000000 00000006c0000898
0x000070000e0afbc0:   000070000e0afbc0 00000001208ac6de
0x000070000e0afbd0:   000070000e0afc28 00000001208ae718
0x000070000e0afbe0:   0000000000000000 00000001208ac710
0x000070000e0afbf0:   000070000e0afb98 000070000e0afc10
0x000070000e0afc00:   000070000e0afc70 0000000108570ffd
0x000070000e0afc10:   000000000000003c 00007fec0c838000
0x000070000e0afc20:   0000000000000000 0000000000000000
0x000070000e0afc30:   000070000e0afc30 00000001208993a3
0x000070000e0afc40:   000070000e0afc98 000000012089d210
0x000070000e0afc50:   0000000000000000 0000000120899428
0x000070000e0afc60:   000070000e0afc10 000070000e0afc80
0x000070000e0afc70:   000070000e0afce0 0000000108570ffd
0x000070000e0afc80:   000000000000003c 00007fec0c838000
0x000070000e0afc90:   0000000000000000 0000000000000000
0x000070000e0afca0:   000070000e0afca0 000000012115afb9
0x000070000e0afcb0:   000070000e0afd60 000000012115d538
0x000070000e0afcc0:   0000000000000000 000000012115b1e0 

Instructions: (pc=0x00000001044fca67)
0x00000001044fca47:   00 30 74 08 48 89 df e8 4d 96 fe ff c7 83 c8 02
0x00000001044fca57:   00 00 06 00 00 00 48 89 5d d8 41 f6 c4 01 75 06
0x00000001044fca67:   49 8b 04 24 eb 08 4c 89 e7 e8 e1 22 dd ff 46 88
0x00000001044fca77:   34 38 48 8d 7d d8 e8 1e ae d9 ff 48 8d 7d d0 e8 

Register to memory mapping:

RAX=0x0000000104697220: _ZN20SafepointSynchronize6_stateE+0 in /usr/local/Cellar/openjdk@8/1.8.0+302/libexec/openjdk.jdk/Contents/Home/jre/lib/server/libjvm.dylib at 0x0000000103f97000
RBX=0x00007fec06008800 is a thread
RCX=0x00007fec0c838000 is an unknown value
RDX=0x0000000000000000 is an unknown value
RSP=0x000070000e0afad0 is pointing into the stack for thread: 0x00007fec06008800
RBP=0x000070000e0afb00 is pointing into the stack for thread: 0x00007fec06008800
RSI=0x000070000e0afbb8 is pointing into the stack for thread: 0x00007fec06008800
RDI=0x00007fec06008a50 is an unknown value
R8 =0x000000000000003c is an unknown value
R9 =0x0000000000000006 is an unknown value
R10=0x00000001085813db is at code_begin+859 in an Interpreter codelet
method entry point (kind = native)  [0x0000000108581080, 0x0000000108581a00]  2432 bytes
R11=0x000000010447c877: throw_unsatisfied_link_error+0 in /usr/local/Cellar/openjdk@8/1.8.0+302/libexec/openjdk.jdk/Contents/Home/jre/lib/server/libjvm.dylib at 0x0000000103f97000
R12=0x0000000000000000 is an unknown value
R13={method} {0x0000000105f0be68} 'putByte' '(Ljava/lang/Object;JB)V' in 'sun/misc/Unsafe'
R14=0x000000000000003c is an unknown value
R15=0x00007fec0c838000 is an unknown value


Stack: [0x000070000dfb4000,0x000070000e0b4000],  sp=0x000070000e0afad0,  free space=1006k
Native frames: (J=compiled Java code, j=interpreted, Vv=VM code, C=native code)
V  [libjvm.dylib+0x565a67]
j  sun.misc.Unsafe.putByte(Ljava/lang/Object;JB)V+0
j  io.netty.util.internal.PlatformDependent0.putByte(Ljava/lang/Object;JB)V+6
j  io.netty.util.internal.PlatformDependent.putByte(Ljava/lang/Object;JB)V+3
j  io.netty.buffer.ByteBufUtil.unsafeWriteUtf8([BJILjava/lang/CharSequence;II)I+73
j  io.netty.buffer.ByteBufUtil.writeUtf8(Lio/netty/buffer/AbstractByteBuf;IILjava/lang/CharSequence;II)I+79
j  io.netty.buffer.ByteBufUtil.reserveAndWriteUtf8Seq(Lio/netty/buffer/ByteBuf;Ljava/lang/CharSequence;III)I+47
j  io.netty.buffer.ByteBufUtil.writeUtf8(Lio/netty/buffer/ByteBuf;Ljava/lang/CharSequence;)I+15
j  org.springframework.core.io.buffer.NettyDataBuffer.write(Ljava/lang/CharSequence;Ljava/nio/charset/Charset;)Lorg/springframework/core/io/buffer/DataBuffer;+27
j  org.springframework.core.codec.CharSequenceEncoder.encodeValue(Ljava/lang/CharSequence;Lorg/springframework/core/io/buffer/DataBufferFactory;Lorg/springframework/core/ResolvableType;Lorg/springframework/util/MimeType;Ljava/util/Map;)Lorg/springframework/core/io/buffer/DataBuffer;+58
j  org.springframework.core.codec.CharSequenceEncoder.lambda$encode$0(Lorg/springframework/core/io/buffer/DataBufferFactory;Lorg/springframework/core/ResolvableType;Lorg/springframework/util/MimeType;Ljava/util/Map;Ljava/lang/CharSequence;)Lorg/springframework/core/io/buffer/DataBuffer;+8
j  org.springframework.core.codec.CharSequenceEncoder$$Lambda$755.apply(Ljava/lang/Object;)Ljava/lang/Object;+24
j  reactor.core.publisher.FluxMapFuseable$MapFuseableSubscriber.onNext(Ljava/lang/Object;)V+47
j  reactor.core.publisher.Operators$ScalarSubscription.request(J)V+29
j  reactor.core.publisher.FluxMapFuseable$MapFuseableSubscriber.request(J)V+5
j  reactor.core.publisher.MonoSingle$SingleSubscriber.doOnRequest(J)V+7
j  reactor.core.publisher.Operators$MonoInnerProducerBase.request(J)V+44
j  reactor.core.publisher.Operators$MultiSubscriptionSubscriber.set(Lorg/reactivestreams/Subscription;)V+92
j  reactor.core.publisher.Operators$MultiSubscriptionSubscriber.onSubscribe(Lorg/reactivestreams/Subscription;)V+2
j  reactor.core.publisher.MonoSingle$SingleSubscriber.onSubscribe(Lorg/reactivestreams/Subscription;)V+21
j  reactor.core.publisher.FluxMapFuseable$MapFuseableSubscriber.onSubscribe(Lorg/reactivestreams/Subscription;)V+24
j  reactor.core.publisher.FluxJust.subscribe(Lreactor/core/CoreSubscriber;)V+11
j  reactor.core.publisher.InternalMonoOperator.subscribe(Lreactor/core/CoreSubscriber;)V+33
j  reactor.core.publisher.MonoFlatMap$FlatMapMain.onNext(Ljava/lang/Object;)V+160
j  reactor.core.publisher.FluxPeekFuseable$PeekFuseableSubscriber.onNext(Ljava/lang/Object;)V+110
j  reactor.core.publisher.Operators$MonoSubscriber.complete(Ljava/lang/Object;)V+101
j  reactor.core.publisher.MonoFlatMap$FlatMapInner.onNext(Ljava/lang/Object;)V+29
j  reactor.core.publisher.MonoNext$NextSubscriber.onNext(Ljava/lang/Object;)V+35
j  reactor.core.publisher.FluxSwitchIfEmpty$SwitchIfEmptySubscriber.onNext(Ljava/lang/Object;)V+17
j  reactor.core.publisher.FluxMapFuseable$MapFuseableSubscriber.onNext(Ljava/lang/Object;)V+112
j  reactor.core.publisher.Operators$ScalarSubscription.request(J)V+29
j  reactor.core.publisher.FluxMapFuseable$MapFuseableSubscriber.request(J)V+5
j  reactor.core.publisher.Operators$MultiSubscriptionSubscriber.set(Lorg/reactivestreams/Subscription;)V+92
j  reactor.core.publisher.Operators$MultiSubscriptionSubscriber.onSubscribe(Lorg/reactivestreams/Subscription;)V+2
j  reactor.core.publisher.FluxMapFuseable$MapFuseableSubscriber.onSubscribe(Lorg/reactivestreams/Subscription;)V+24
j  reactor.core.publisher.MonoJust.subscribe(Lreactor/core/CoreSubscriber;)V+9
j  reactor.core.publisher.Mono.subscribe(Lorg/reactivestreams/Subscriber;)V+71
j  reactor.core.publisher.FluxSwitchIfEmpty$SwitchIfEmptySubscriber.onComplete()V+17
j  reactor.core.publisher.FluxFlatMap$FlatMapMain.checkTerminated(ZZLorg/reactivestreams/Subscriber;Ljava/lang/Object;)Z+210
j  reactor.core.publisher.FluxFlatMap$FlatMapMain.drainLoop()V+67
j  reactor.core.publisher.FluxFlatMap$FlatMapMain.drain(Ljava/lang/Object;)V+36
j  reactor.core.publisher.FluxFlatMap$FlatMapMain.onComplete()V+15
j  reactor.core.publisher.FluxArray$ArraySubscription.slowPath(J)V+133
j  reactor.core.publisher.FluxArray$ArraySubscription.request(J)V+37
j  reactor.core.publisher.FluxFlatMap$FlatMapMain.onSubscribe(Lorg/reactivestreams/Subscription;)V+34
j  reactor.core.publisher.FluxArray.subscribe(Lreactor/core/CoreSubscriber;[Ljava/lang/Object;)V+48
j  reactor.core.publisher.FluxArray.subscribe(Lreactor/core/CoreSubscriber;)V+5
j  reactor.core.publisher.MonoFromFluxOperator.subscribe(Lreactor/core/CoreSubscriber;)V+33
j  reactor.core.publisher.MonoFlatMap$FlatMapMain.onNext(Ljava/lang/Object;)V+160
j  reactor.core.publisher.FluxSwitchIfEmpty$SwitchIfEmptySubscriber.onNext(Ljava/lang/Object;)V+17
j  reactor.core.publisher.MonoNext$NextSubscriber.onNext(Ljava/lang/Object;)V+35
j  reactor.core.publisher.FluxConcatArray$ConcatArraySubscriber.onNext(Ljava/lang/Object;)V+15
j  reactor.core.publisher.Operators$ScalarSubscription.request(J)V+29
j  reactor.core.publisher.FluxConcatArray$ConcatArraySubscriber.request(J)V+16
j  reactor.core.publisher.MonoNext$NextSubscriber.request(J)V+19
j  reactor.core.publisher.Operators$MultiSubscriptionSubscriber.set(Lorg/reactivestreams/Subscription;)V+92
j  reactor.core.publisher.Operators$MultiSubscriptionSubscriber.onSubscribe(Lorg/reactivestreams/Subscription;)V+2
j  reactor.core.publisher.MonoNext$NextSubscriber.onSubscribe(Lorg/reactivestreams/Subscription;)V+21
j  reactor.core.publisher.FluxConcatArray$ConcatArraySubscriber.onSubscribe(Lorg/reactivestreams/Subscription;)V+37
j  reactor.core.publisher.MonoJust.subscribe(Lreactor/core/CoreSubscriber;)V+9
j  reactor.core.publisher.Mono.subscribe(Lorg/reactivestreams/Subscriber;)V+71
j  reactor.core.publisher.FluxConcatArray$ConcatArraySubscriber.onComplete()V+169
j  reactor.core.publisher.FluxConcatArray.subscribe(Lreactor/core/CoreSubscriber;)V+86
j  reactor.core.publisher.Mono.subscribe(Lorg/reactivestreams/Subscriber;)V+71
j  reactor.core.publisher.FluxOnErrorResume$ResumeSubscriber.onError(Ljava/lang/Throwable;)V+72
j  reactor.core.publisher.FluxOnErrorResume$ResumeSubscriber.onError(Ljava/lang/Throwable;)V+85
j  reactor.core.publisher.FluxOnAssembly$OnAssemblySubscriber.onError(Ljava/lang/Throwable;)V+9
j  reactor.core.publisher.Operators.error(Lorg/reactivestreams/Subscriber;Ljava/lang/Throwable;)V+11
j  reactor.core.publisher.MonoError.subscribe(Lreactor/core/CoreSubscriber;)V+5
j  reactor.core.publisher.Mono.subscribe(Lorg/reactivestreams/Subscriber;)V+71
j  reactor.core.publisher.FluxOnErrorResume$ResumeSubscriber.onError(Ljava/lang/Throwable;)V+72
j  reactor.core.publisher.FluxOnAssembly$OnAssemblySubscriber.onError(Ljava/lang/Throwable;)V+9
j  reactor.core.publisher.MonoFlatMap$FlatMapMain.onError(Ljava/lang/Throwable;)V+31
j  reactor.core.publisher.MonoFlatMap$FlatMapMain.secondError(Ljava/lang/Throwable;)V+5
j  reactor.core.publisher.MonoFlatMap$FlatMapInner.onError(Ljava/lang/Throwable;)V+29
j  reactor.core.publisher.MonoIgnoreThen$ThenIgnoreMain.onError(Ljava/lang/Throwable;)V+31
j  reactor.core.publisher.MonoFlatMap$FlatMapMain.onError(Ljava/lang/Throwable;)V+31
j  reactor.core.publisher.Operators$MultiSubscriptionSubscriber.onError(Ljava/lang/Throwable;)V+5
j  reactor.core.publisher.Operators.error(Lorg/reactivestreams/Subscriber;Ljava/lang/Throwable;)V+11
j  reactor.core.publisher.MonoError.subscribe(Lreactor/core/CoreSubscriber;)V+5
j  reactor.core.publisher.MonoDefer.subscribe(Lreactor/core/CoreSubscriber;)V+39
j  reactor.core.publisher.Mono.subscribe(Lorg/reactivestreams/Subscriber;)V+71
j  reactor.core.publisher.FluxSwitchIfEmpty$SwitchIfEmptySubscriber.onComplete()V+17
j  reactor.core.publisher.Operators.complete(Lorg/reactivestreams/Subscriber;)V+10
j  reactor.core.publisher.MonoEmpty.subscribe(Lreactor/core/CoreSubscriber;)V+1
j  reactor.core.publisher.Mono.subscribe(Lorg/reactivestreams/Subscriber;)V+71
j  reactor.core.publisher.MonoIgnoreThen$ThenIgnoreMain.subscribeNext()V+140
j  reactor.core.publisher.MonoIgnoreThen.subscribe(Lreactor/core/CoreSubscriber;)V+25
j  reactor.core.publisher.MonoFlatMap$FlatMapMain.onNext(Ljava/lang/Object;)V+160
j  reactor.core.publisher.FluxSwitchIfEmpty$SwitchIfEmptySubscriber.onNext(Ljava/lang/Object;)V+17
j  reactor.core.publisher.MonoNext$NextSubscriber.onNext(Ljava/lang/Object;)V+35
j  reactor.core.publisher.FluxConcatMap$ConcatMapImmediate.innerNext(Ljava/lang/Object;)V+24
j  reactor.core.publisher.FluxConcatMap$ConcatMapInner.onNext(Ljava/lang/Object;)V+15
j  reactor.core.publisher.FluxMapFuseable$MapFuseableSubscriber.onNext(Ljava/lang/Object;)V+112
j  reactor.core.publisher.Operators$ScalarSubscription.request(J)V+29
j  reactor.core.publisher.FluxMapFuseable$MapFuseableSubscriber.request(J)V+5
j  reactor.core.publisher.Operators$MultiSubscriptionSubscriber.set(Lorg/reactivestreams/Subscription;)V+92
j  reactor.core.publisher.Operators$MultiSubscriptionSubscriber.onSubscribe(Lorg/reactivestreams/Subscription;)V+2
j  reactor.core.publisher.FluxMapFuseable$MapFuseableSubscriber.onSubscribe(Lorg/reactivestreams/Subscription;)V+24
j  reactor.core.publisher.MonoJust.subscribe(Lreactor/core/CoreSubscriber;)V+9
...<more frames>...

Java frames: (J=compiled Java code, j=interpreted, Vv=VM code)
j  sun.misc.Unsafe.putByte(Ljava/lang/Object;JB)V+0
j  io.netty.util.internal.PlatformDependent0.putByte(Ljava/lang/Object;JB)V+6
j  io.netty.util.internal.PlatformDependent.putByte(Ljava/lang/Object;JB)V+3
j  io.netty.buffer.ByteBufUtil.unsafeWriteUtf8([BJILjava/lang/CharSequence;II)I+73
j  io.netty.buffer.ByteBufUtil.writeUtf8(Lio/netty/buffer/AbstractByteBuf;IILjava/lang/CharSequence;II)I+79
j  io.netty.buffer.ByteBufUtil.reserveAndWriteUtf8Seq(Lio/netty/buffer/ByteBuf;Ljava/lang/CharSequence;III)I+47
j  io.netty.buffer.ByteBufUtil.writeUtf8(Lio/netty/buffer/ByteBuf;Ljava/lang/CharSequence;)I+15
j  org.springframework.core.io.buffer.NettyDataBuffer.write(Ljava/lang/CharSequence;Ljava/nio/charset/Charset;)Lorg/springframework/core/io/buffer/DataBuffer;+27
j  org.springframework.core.codec.CharSequenceEncoder.encodeValue(Ljava/lang/CharSequence;Lorg/springframework/core/io/buffer/DataBufferFactory;Lorg/springframework/core/ResolvableType;Lorg/springframework/util/MimeType;Ljava/util/Map;)Lorg/springframework/core/io/buffer/DataBuffer;+58
j  org.springframework.core.codec.CharSequenceEncoder.lambda$encode$0(Lorg/springframework/core/io/buffer/DataBufferFactory;Lorg/springframework/core/ResolvableType;Lorg/springframework/util/MimeType;Ljava/util/Map;Ljava/lang/CharSequence;)Lorg/springframework/core/io/buffer/DataBuffer;+8
j  org.springframework.core.codec.CharSequenceEncoder$$Lambda$755.apply(Ljava/lang/Object;)Ljava/lang/Object;+24
j  reactor.core.publisher.FluxMapFuseable$MapFuseableSubscriber.onNext(Ljava/lang/Object;)V+47
j  reactor.core.publisher.Operators$ScalarSubscription.request(J)V+29
j  reactor.core.publisher.FluxMapFuseable$MapFuseableSubscriber.request(J)V+5
j  reactor.core.publisher.MonoSingle$SingleSubscriber.doOnRequest(J)V+7
j  reactor.core.publisher.Operators$MonoInnerProducerBase.request(J)V+44
j  reactor.core.publisher.Operators$MultiSubscriptionSubscriber.set(Lorg/reactivestreams/Subscription;)V+92
j  reactor.core.publisher.Operators$MultiSubscriptionSubscriber.onSubscribe(Lorg/reactivestreams/Subscription;)V+2
j  reactor.core.publisher.MonoSingle$SingleSubscriber.onSubscribe(Lorg/reactivestreams/Subscription;)V+21
j  reactor.core.publisher.FluxMapFuseable$MapFuseableSubscriber.onSubscribe(Lorg/reactivestreams/Subscription;)V+24
j  reactor.core.publisher.FluxJust.subscribe(Lreactor/core/CoreSubscriber;)V+11
j  reactor.core.publisher.InternalMonoOperator.subscribe(Lreactor/core/CoreSubscriber;)V+33
j  reactor.core.publisher.MonoFlatMap$FlatMapMain.onNext(Ljava/lang/Object;)V+160
j  reactor.core.publisher.FluxPeekFuseable$PeekFuseableSubscriber.onNext(Ljava/lang/Object;)V+110
j  reactor.core.publisher.Operators$MonoSubscriber.complete(Ljava/lang/Object;)V+101
j  reactor.core.publisher.MonoFlatMap$FlatMapInner.onNext(Ljava/lang/Object;)V+29
j  reactor.core.publisher.MonoNext$NextSubscriber.onNext(Ljava/lang/Object;)V+35
j  reactor.core.publisher.FluxSwitchIfEmpty$SwitchIfEmptySubscriber.onNext(Ljava/lang/Object;)V+17
j  reactor.core.publisher.FluxMapFuseable$MapFuseableSubscriber.onNext(Ljava/lang/Object;)V+112
j  reactor.core.publisher.Operators$ScalarSubscription.request(J)V+29
j  reactor.core.publisher.FluxMapFuseable$MapFuseableSubscriber.request(J)V+5
j  reactor.core.publisher.Operators$MultiSubscriptionSubscriber.set(Lorg/reactivestreams/Subscription;)V+92
j  reactor.core.publisher.Operators$MultiSubscriptionSubscriber.onSubscribe(Lorg/reactivestreams/Subscription;)V+2
j  reactor.core.publisher.FluxMapFuseable$MapFuseableSubscriber.onSubscribe(Lorg/reactivestreams/Subscription;)V+24
j  reactor.core.publisher.MonoJust.subscribe(Lreactor/core/CoreSubscriber;)V+9
j  reactor.core.publisher.Mono.subscribe(Lorg/reactivestreams/Subscriber;)V+71
j  reactor.core.publisher.FluxSwitchIfEmpty$SwitchIfEmptySubscriber.onComplete()V+17
j  reactor.core.publisher.FluxFlatMap$FlatMapMain.checkTerminated(ZZLorg/reactivestreams/Subscriber;Ljava/lang/Object;)Z+210
j  reactor.core.publisher.FluxFlatMap$FlatMapMain.drainLoop()V+67
j  reactor.core.publisher.FluxFlatMap$FlatMapMain.drain(Ljava/lang/Object;)V+36
j  reactor.core.publisher.FluxFlatMap$FlatMapMain.onComplete()V+15
j  reactor.core.publisher.FluxArray$ArraySubscription.slowPath(J)V+133
j  reactor.core.publisher.FluxArray$ArraySubscription.request(J)V+37
j  reactor.core.publisher.FluxFlatMap$FlatMapMain.onSubscribe(Lorg/reactivestreams/Subscription;)V+34
j  reactor.core.publisher.FluxArray.subscribe(Lreactor/core/CoreSubscriber;[Ljava/lang/Object;)V+48
j  reactor.core.publisher.FluxArray.subscribe(Lreactor/core/CoreSubscriber;)V+5
j  reactor.core.publisher.MonoFromFluxOperator.subscribe(Lreactor/core/CoreSubscriber;)V+33
j  reactor.core.publisher.MonoFlatMap$FlatMapMain.onNext(Ljava/lang/Object;)V+160
j  reactor.core.publisher.FluxSwitchIfEmpty$SwitchIfEmptySubscriber.onNext(Ljava/lang/Object;)V+17
j  reactor.core.publisher.MonoNext$NextSubscriber.onNext(Ljava/lang/Object;)V+35
j  reactor.core.publisher.FluxConcatArray$ConcatArraySubscriber.onNext(Ljava/lang/Object;)V+15
j  reactor.core.publisher.Operators$ScalarSubscription.request(J)V+29
j  reactor.core.publisher.FluxConcatArray$ConcatArraySubscriber.request(J)V+16
j  reactor.core.publisher.MonoNext$NextSubscriber.request(J)V+19
j  reactor.core.publisher.Operators$MultiSubscriptionSubscriber.set(Lorg/reactivestreams/Subscription;)V+92
j  reactor.core.publisher.Operators$MultiSubscriptionSubscriber.onSubscribe(Lorg/reactivestreams/Subscription;)V+2
j  reactor.core.publisher.MonoNext$NextSubscriber.onSubscribe(Lorg/reactivestreams/Subscription;)V+21
j  reactor.core.publisher.FluxConcatArray$ConcatArraySubscriber.onSubscribe(Lorg/reactivestreams/Subscription;)V+37
j  reactor.core.publisher.MonoJust.subscribe(Lreactor/core/CoreSubscriber;)V+9
j  reactor.core.publisher.Mono.subscribe(Lorg/reactivestreams/Subscriber;)V+71
j  reactor.core.publisher.FluxConcatArray$ConcatArraySubscriber.onComplete()V+169
j  reactor.core.publisher.FluxConcatArray.subscribe(Lreactor/core/CoreSubscriber;)V+86
j  reactor.core.publisher.Mono.subscribe(Lorg/reactivestreams/Subscriber;)V+71
j  reactor.core.publisher.FluxOnErrorResume$ResumeSubscriber.onError(Ljava/lang/Throwable;)V+72
j  reactor.core.publisher.FluxOnErrorResume$ResumeSubscriber.onError(Ljava/lang/Throwable;)V+85
j  reactor.core.publisher.FluxOnAssembly$OnAssemblySubscriber.onError(Ljava/lang/Throwable;)V+9
j  reactor.core.publisher.Operators.error(Lorg/reactivestreams/Subscriber;Ljava/lang/Throwable;)V+11
j  reactor.core.publisher.MonoError.subscribe(Lreactor/core/CoreSubscriber;)V+5
j  reactor.core.publisher.Mono.subscribe(Lorg/reactivestreams/Subscriber;)V+71
j  reactor.core.publisher.FluxOnErrorResume$ResumeSubscriber.onError(Ljava/lang/Throwable;)V+72
j  reactor.core.publisher.FluxOnAssembly$OnAssemblySubscriber.onError(Ljava/lang/Throwable;)V+9
j  reactor.core.publisher.MonoFlatMap$FlatMapMain.onError(Ljava/lang/Throwable;)V+31
j  reactor.core.publisher.MonoFlatMap$FlatMapMain.secondError(Ljava/lang/Throwable;)V+5
j  reactor.core.publisher.MonoFlatMap$FlatMapInner.onError(Ljava/lang/Throwable;)V+29
j  reactor.core.publisher.MonoIgnoreThen$ThenIgnoreMain.onError(Ljava/lang/Throwable;)V+31
j  reactor.core.publisher.MonoFlatMap$FlatMapMain.onError(Ljava/lang/Throwable;)V+31
j  reactor.core.publisher.Operators$MultiSubscriptionSubscriber.onError(Ljava/lang/Throwable;)V+5
j  reactor.core.publisher.Operators.error(Lorg/reactivestreams/Subscriber;Ljava/lang/Throwable;)V+11
j  reactor.core.publisher.MonoError.subscribe(Lreactor/core/CoreSubscriber;)V+5
j  reactor.core.publisher.MonoDefer.subscribe(Lreactor/core/CoreSubscriber;)V+39
j  reactor.core.publisher.Mono.subscribe(Lorg/reactivestreams/Subscriber;)V+71
j  reactor.core.publisher.FluxSwitchIfEmpty$SwitchIfEmptySubscriber.onComplete()V+17
j  reactor.core.publisher.Operators.complete(Lorg/reactivestreams/Subscriber;)V+10
j  reactor.core.publisher.MonoEmpty.subscribe(Lreactor/core/CoreSubscriber;)V+1
j  reactor.core.publisher.Mono.subscribe(Lorg/reactivestreams/Subscriber;)V+71
j  reactor.core.publisher.MonoIgnoreThen$ThenIgnoreMain.subscribeNext()V+140
j  reactor.core.publisher.MonoIgnoreThen.subscribe(Lreactor/core/CoreSubscriber;)V+25
j  reactor.core.publisher.MonoFlatMap$FlatMapMain.onNext(Ljava/lang/Object;)V+160
j  reactor.core.publisher.FluxSwitchIfEmpty$SwitchIfEmptySubscriber.onNext(Ljava/lang/Object;)V+17
j  reactor.core.publisher.MonoNext$NextSubscriber.onNext(Ljava/lang/Object;)V+35
j  reactor.core.publisher.FluxConcatMap$ConcatMapImmediate.innerNext(Ljava/lang/Object;)V+24
j  reactor.core.publisher.FluxConcatMap$ConcatMapInner.onNext(Ljava/lang/Object;)V+15
j  reactor.core.publisher.FluxMapFuseable$MapFuseableSubscriber.onNext(Ljava/lang/Object;)V+112
j  reactor.core.publisher.Operators$ScalarSubscription.request(J)V+29
j  reactor.core.publisher.FluxMapFuseable$MapFuseableSubscriber.request(J)V+5
j  reactor.core.publisher.Operators$MultiSubscriptionSubscriber.set(Lorg/reactivestreams/Subscription;)V+92
j  reactor.core.publisher.Operators$MultiSubscriptionSubscriber.onSubscribe(Lorg/reactivestreams/Subscription;)V+2
j  reactor.core.publisher.FluxMapFuseable$MapFuseableSubscriber.onSubscribe(Lorg/reactivestreams/Subscription;)V+24
j  reactor.core.publisher.MonoJust.subscribe(Lreactor/core/CoreSubscriber;)V+9
j  reactor.core.publisher.Mono.subscribe(Lorg/reactivestreams/Subscriber;)V+71
j  reactor.core.publisher.FluxConcatMap$ConcatMapImmediate.drain()V+435
j  reactor.core.publisher.FluxConcatMap$ConcatMapImmediate.onSubscribe(Lorg/reactivestreams/Subscription;)V+68
j  reactor.core.publisher.FluxIterable.subscribe(Lreactor/core/CoreSubscriber;Ljava/util/Iterator;ZLjava/lang/Runnable;)V+151
j  reactor.core.publisher.FluxIterable.subscribe(Lreactor/core/CoreSubscriber;)V+46
j  reactor.core.publisher.InternalMonoOperator.subscribe(Lreactor/core/CoreSubscriber;)V+33
j  reactor.core.publisher.MonoDefer.subscribe(Lreactor/core/CoreSubscriber;)V+39
j  reactor.core.publisher.InternalMonoOperator.subscribe(Lreactor/core/CoreSubscriber;)V+33
j  reactor.core.publisher.MonoDefer.subscribe(Lreactor/core/CoreSubscriber;)V+39
j  reactor.core.publisher.Mono.subscribe(Lorg/reactivestreams/Subscriber;)V+71
j  reactor.core.publisher.MonoIgnoreThen$ThenIgnoreMain.subscribeNext()V+140
j  reactor.core.publisher.MonoIgnoreThen.subscribe(Lreactor/core/CoreSubscriber;)V+25
j  reactor.core.publisher.InternalMonoOperator.subscribe(Lreactor/core/CoreSubscriber;)V+33
j  reactor.netty.http.server.HttpServer$HttpServerHandle.onStateChange(Lreactor/netty/Connection;Lreactor/netty/ConnectionObserver$State;)V+102
j  reactor.netty.ReactorNetty$CompositeConnectionObserver.onStateChange(Lreactor/netty/Connection;Lreactor/netty/ConnectionObserver$State;)V+29
j  reactor.netty.transport.ServerTransport$ChildObserver.onStateChange(Lreactor/netty/Connection;Lreactor/netty/ConnectionObserver$State;)V+42
j  reactor.netty.http.server.HttpServerOperations.onInboundNext(Lio/netty/channel/ChannelHandlerContext;Ljava/lang/Object;)V+15
j  reactor.netty.channel.ChannelOperationsHandler.channelRead(Lio/netty/channel/ChannelHandlerContext;Ljava/lang/Object;)V+36
j  io.netty.channel.AbstractChannelHandlerContext.invokeChannelRead(Ljava/lang/Object;)V+16
j  io.netty.channel.AbstractChannelHandlerContext.invokeChannelRead(Lio/netty/channel/AbstractChannelHandlerContext;Ljava/lang/Object;)V+31
j  io.netty.channel.AbstractChannelHandlerContext.fireChannelRead(Ljava/lang/Object;)Lio/netty/channel/ChannelHandlerContext;+7
j  reactor.netty.http.server.HttpTrafficHandler.channelRead(Lio/netty/channel/ChannelHandlerContext;Ljava/lang/Object;)V+512
j  io.netty.channel.AbstractChannelHandlerContext.invokeChannelRead(Ljava/lang/Object;)V+16
j  io.netty.channel.AbstractChannelHandlerContext.invokeChannelRead(Lio/netty/channel/AbstractChannelHandlerContext;Ljava/lang/Object;)V+31
j  io.netty.channel.AbstractChannelHandlerContext.fireChannelRead(Ljava/lang/Object;)Lio/netty/channel/ChannelHandlerContext;+7
j  io.netty.channel.CombinedChannelDuplexHandler$DelegatingChannelHandlerContext.fireChannelRead(Ljava/lang/Object;)Lio/netty/channel/ChannelHandlerContext;+5
j  io.netty.handler.codec.ByteToMessageDecoder.fireChannelRead(Lio/netty/channel/ChannelHandlerContext;Lio/netty/handler/codec/CodecOutputList;I)V+13
j  io.netty.handler.codec.ByteToMessageDecoder.channelRead(Lio/netty/channel/ChannelHandlerContext;Ljava/lang/Object;)V+165
j  io.netty.channel.CombinedChannelDuplexHandler.channelRead(Lio/netty/channel/ChannelHandlerContext;Ljava/lang/Object;)V+44
j  io.netty.channel.AbstractChannelHandlerContext.invokeChannelRead(Ljava/lang/Object;)V+16
j  io.netty.channel.AbstractChannelHandlerContext.invokeChannelRead(Lio/netty/channel/AbstractChannelHandlerContext;Ljava/lang/Object;)V+31
j  io.netty.channel.AbstractChannelHandlerContext.fireChannelRead(Ljava/lang/Object;)Lio/netty/channel/ChannelHandlerContext;+7
j  io.netty.channel.DefaultChannelPipeline$HeadContext.channelRead(Lio/netty/channel/ChannelHandlerContext;Ljava/lang/Object;)V+2
j  io.netty.channel.AbstractChannelHandlerContext.invokeChannelRead(Ljava/lang/Object;)V+16
j  io.netty.channel.AbstractChannelHandlerContext.invokeChannelRead(Lio/netty/channel/AbstractChannelHandlerContext;Ljava/lang/Object;)V+31
j  io.netty.channel.DefaultChannelPipeline.fireChannelRead(Ljava/lang/Object;)Lio/netty/channel/ChannelPipeline;+5
j  io.netty.channel.nio.AbstractNioByteChannel$NioByteUnsafe.read()V+159
j  io.netty.channel.nio.NioEventLoop.processSelectedKey(Ljava/nio/channels/SelectionKey;Lio/netty/channel/nio/AbstractNioChannel;)V+113
j  io.netty.channel.nio.NioEventLoop.processSelectedKeysOptimized()V+51
j  io.netty.channel.nio.NioEventLoop.processSelectedKeys()V+8
j  io.netty.channel.nio.NioEventLoop.run()V+263
j  io.netty.util.concurrent.SingleThreadEventExecutor$4.run()V+44
j  io.netty.util.internal.ThreadExecutorMap$2.run()V+11
j  io.netty.util.concurrent.FastThreadLocalRunnable.run()V+4
j  java.lang.Thread.run()V+11
v  ~StubRoutines::call_stub

---------------  P R O C E S S  ---------------

Java Threads: ( => current thread )
  0x00007fec051c9000 JavaThread "reactor-http-nio-3" daemon [_thread_in_native, id=34563, stack(0x000070000e0b7000,0x000070000e1b7000)]
=>0x00007fec06008800 JavaThread "reactor-http-nio-2" daemon [_thread_in_vm, id=34827, stack(0x000070000dfb4000,0x000070000e0b4000)]
  0x00007fec068ac800 JavaThread "com.alibaba.nacos.naming.beat.sender" daemon [_thread_blocked, id=18191, stack(0x000070000deb1000,0x000070000dfb1000)]
  0x00007fec068ac000 JavaThread "com.alibaba.nacos.client.naming.updater" daemon [_thread_blocked, id=28679, stack(0x000070000ddae000,0x000070000deae000)]
  0x00007fec03942000 JavaThread "RMI TCP Connection(2)-127.0.0.1" daemon [_thread_in_native, id=28423, stack(0x000070000dcab000,0x000070000ddab000)]
  0x00007fec068ab000 JavaThread "com.alibaba.nacos.client.Worker.longPolling.fixed-127.0.0.1_8848-fdda7c25-1387-41bf-ad8b-061ca421234c" daemon [_thread_blocked, id=35587, stack(0x000070000dba8000,0x000070000dca8000)]
  0x00007fec068a4000 JavaThread "com.alibaba.nacos.client.Worker.longPolling.fixed-127.0.0.1_8848-fdda7c25-1387-41bf-ad8b-061ca421234c" daemon [_thread_in_native, id=27907, stack(0x000070000daa5000,0x000070000dba5000)]
  0x00007fec04134800 JavaThread "DestroyJavaVM" [_thread_blocked, id=5891, stack(0x000070000ac18000,0x000070000ad18000)]
  0x00007fec06891000 JavaThread "com.alibaba.nacos.naming.beat.sender" daemon [_thread_blocked, id=36355, stack(0x000070000d9a2000,0x000070000daa2000)]
  0x00007fec03926000 JavaThread "server" [_thread_blocked, id=27651, stack(0x000070000d89f000,0x000070000d99f000)]
  0x00007fec04133000 JavaThread "reactor-http-nio-1" daemon [_thread_in_native, id=37639, stack(0x000070000d596000,0x000070000d696000)]
  0x00007fec051c8000 JavaThread "Nacos-Watch-Task-Scheduler-1" [_thread_blocked, id=37123, stack(0x000070000d79c000,0x000070000d89c000)]
  0x00007fec05345800 JavaThread "com.alibaba.nacos.client.naming.updater" daemon [_thread_blocked, id=27395, stack(0x000070000d699000,0x000070000d799000)]
  0x00007fec05999000 JavaThread "nacos.publisher-com.alibaba.nacos.client.naming.event.InstancesChangeEvent" daemon [_thread_blocked, id=37891, stack(0x000070000d493000,0x000070000d593000)]
  0x00007fec0688f800 JavaThread "nacos.publisher-com.alibaba.nacos.common.notify.SlowEvent" daemon [_thread_blocked, id=38147, stack(0x000070000d390000,0x000070000d490000)]
  0x00007fec03aee000 JavaThread "com.alibaba.nacos.naming.push.receiver" daemon [_thread_in_native, id=26371, stack(0x000070000d28d000,0x000070000d38d000)]
  0x00007fec03aed800 JavaThread "com.alibaba.nacos.naming.failover" daemon [_thread_blocked, id=38915, stack(0x000070000d18a000,0x000070000d28a000)]
  0x00007fec0688e800 JavaThread "com.alibaba.nacos.client.naming.updater" daemon [_thread_blocked, id=25859, stack(0x000070000d087000,0x000070000d187000)]
  0x00007fec05344800 JavaThread "com.alibaba.nacos.client.naming.updater" daemon [_thread_blocked, id=25351, stack(0x000070000cf84000,0x000070000d084000)]
  0x00007fec06b87800 JavaThread "spring.cloud.inetutils" daemon [_thread_blocked, id=39171, stack(0x000070000ce81000,0x000070000cf81000)]
  0x00007fec0419d800 JavaThread "boundedElastic-evictor-1" daemon [_thread_blocked, id=24839, stack(0x000070000cd7e000,0x000070000ce7e000)]
  0x00007fec05300800 JavaThread "RMI Scheduler(0)" daemon [_thread_blocked, id=24323, stack(0x000070000cc7b000,0x000070000cd7b000)]
  0x00007fec069da800 JavaThread "RMI TCP Connection(1)-127.0.0.1" daemon [_thread_in_native, id=40975, stack(0x000070000c86f000,0x000070000c96f000)]
  0x00007fec0524b800 JavaThread "Keep-Alive-Timer" daemon [_thread_blocked, id=41483, stack(0x000070000c669000,0x000070000c769000)]
  0x00007fec04188800 JavaThread "logback-5" daemon [_thread_blocked, id=22539, stack(0x000070000c566000,0x000070000c666000)]
  0x00007fec069c6000 JavaThread "logback-4" daemon [_thread_blocked, id=41739, stack(0x000070000c463000,0x000070000c563000)]
  0x00007fec03a69800 JavaThread "com.alibaba.nacos.client.Worker.fixed-127.0.0.1_8848-fdda7c25-1387-41bf-ad8b-061ca421234c" daemon [_thread_blocked, id=39683, stack(0x000070000cb78000,0x000070000cc78000)]
  0x00007fec03a5b000 JavaThread "com.alibaba.nacos.client.config.security.updater" daemon [_thread_blocked, id=39939, stack(0x000070000ca75000,0x000070000cb75000)]
  0x00007fec0391f800 JavaThread "com.alibaba.nacos.client.identify.watcher.0" daemon [_thread_blocked, id=23555, stack(0x000070000c972000,0x000070000ca72000)]
  0x00007fec03a1d000 JavaThread "Attach Listener" daemon [_thread_blocked, id=40707, stack(0x000070000c76c000,0x000070000c86c000)]
  0x00007fec068e2000 JavaThread "RMI TCP Accept-0" daemon [_thread_in_native, id=42243, stack(0x000070000c25d000,0x000070000c35d000)]
  0x00007fec0b030800 JavaThread "Service Thread" daemon [_thread_blocked, id=42755, stack(0x000070000c15a000,0x000070000c25a000)]
  0x00007fec0583b800 JavaThread "C1 CompilerThread3" daemon [_thread_blocked, id=43267, stack(0x000070000c057000,0x000070000c157000)]
  0x00007fec0583a800 JavaThread "C2 CompilerThread2" daemon [_thread_blocked, id=15619, stack(0x000070000bf54000,0x000070000c054000)]
  0x00007fec05839800 JavaThread "C2 CompilerThread1" daemon [_thread_blocked, id=16131, stack(0x000070000be51000,0x000070000bf51000)]
  0x00007fec05839000 JavaThread "C2 CompilerThread0" daemon [_thread_blocked, id=15107, stack(0x000070000bd4e000,0x000070000be4e000)]
  0x00007fec05835000 JavaThread "Monitor Ctrl-Break" daemon [_thread_in_native, id=14851, stack(0x000070000bc4b000,0x000070000bd4b000)]
  0x00007fec04021800 JavaThread "Signal Dispatcher" daemon [_thread_blocked, id=16899, stack(0x000070000bb48000,0x000070000bc48000)]
  0x00007fec06815000 JavaThread "Finalizer" daemon [_thread_blocked, id=19203, stack(0x000070000b93f000,0x000070000ba3f000)]
  0x00007fec03839800 JavaThread "Reference Handler" daemon [_thread_blocked, id=13315, stack(0x000070000b83c000,0x000070000b93c000)]

Other Threads:
  0x00007fec03812800 VMThread [stack: 0x000070000b739000,0x000070000b839000] [id=13059]
  0x00007fec05205000 WatcherThread [stack: 0x000070000c360000,0x000070000c460000] [id=22275]

VM state:not at safepoint (normal execution)

VM Mutex/Monitor currently owned by a thread: None

heap address: 0x00000006c0000000, size: 4096 MB, Compressed Oops mode: Zero based, Oop shift amount: 3
Narrow klass base: 0x0000000000000000, Narrow klass shift: 3
Compressed class space size: 1073741824 Address: 0x00000007c0000000

Heap:
 PSYoungGen      total 269312K, used 151726K [0x000000076ab00000, 0x0000000786400000, 0x00000007c0000000)
  eden space 259072K, 58% used [0x000000076ab00000,0x0000000773f2baf8,0x000000077a800000)
  from space 10240K, 0% used [0x000000077a800000,0x000000077a800000,0x000000077b200000)
  to   space 13824K, 0% used [0x0000000785680000,0x0000000785680000,0x0000000786400000)
 ParOldGen       total 128000K, used 19562K [0x00000006c0000000, 0x00000006c7d00000, 0x000000076ab00000)
  object space 128000K, 15% used [0x00000006c0000000,0x00000006c131ab20,0x00000006c7d00000)
 Metaspace       used 42154K, capacity 44820K, committed 45008K, reserved 1087488K
  class space    used 5843K, capacity 6333K, committed 6400K, reserved 1048576K

Card table byte_map: [0x0000000104937000,0x0000000105138000] byte_map_base: 0x0000000101337000

Marking Bits: (ParMarkBitMap*) 0x0000000104696cc8
 Begin Bits: [0x0000000117569000, 0x000000011b569000)
 End Bits:   [0x000000011b569000, 0x000000011f569000)

Polling page: 0x0000000103631000

CodeCache: size=245760Kb used=7535Kb max_used=7535Kb free=238224Kb
 bounds [0x0000000108569000, 0x0000000108cc9000, 0x0000000117569000]
 total_blobs=4423 nmethods=3897 adapters=439
 compilation: enabled

Compilation events (10 events):
Event: 12.277 Thread 0x00007fec0583b800 3892       1       org.springframework.util.MimeType::getSubtype (5 bytes)
Event: 12.277 Thread 0x00007fec0583b800 nmethod 3892 0x0000000108cc2dd0 code [0x0000000108cc2f20, 0x0000000108cc3030]
Event: 12.279 Thread 0x00007fec0583b800 3893       1       java.lang.invoke.MethodHandles$Lookup::linkMethodHandleConstant (185 bytes)
Event: 12.279 Thread 0x00007fec0583b800 nmethod 3893 0x0000000108cc3290 code [0x0000000108cc34c0, 0x0000000108cc3bb8]
Event: 12.283 Thread 0x00007fec0583b800 3894       1       java.lang.Character::valueOf (21 bytes)
Event: 12.283 Thread 0x00007fec0583b800 nmethod 3894 0x0000000108cc4050 code [0x0000000108cc41c0, 0x0000000108cc4350]
Event: 12.283 Thread 0x00007fec0583b800 3895       1       java.lang.Integer::parseInt (7 bytes)
Event: 12.283 Thread 0x00007fec0583b800 nmethod 3895 0x0000000108cc4410 code [0x0000000108cc4580, 0x0000000108cc4688]
Event: 12.283 Thread 0x00007fec0583b800 3896       1       java.lang.Character::<init> (10 bytes)
Event: 12.283 Thread 0x00007fec0583b800 nmethod 3896 0x0000000108cc4710 code [0x0000000108cc4860, 0x0000000108cc4970]

GC Heap History (10 events):
Event: 1.219 GC heap before
{Heap before GC invocations=5 (full 0):
 PSYoungGen      total 141824K, used 15481K [0x000000076ab00000, 0x0000000774000000, 0x00000007c0000000)
  eden space 131072K, 6% used [0x000000076ab00000,0x000000076b395b58,0x0000000772b00000)
  from space 10752K, 62% used [0x0000000773580000,0x0000000773c088f0,0x0000000774000000)
  to   space 10752K, 0% used [0x0000000772b00000,0x0000000772b00000,0x0000000773580000)
 ParOldGen       total 175104K, used 104K [0x00000006c0000000, 0x00000006cab00000, 0x000000076ab00000)
  object space 175104K, 0% used [0x00000006c0000000,0x00000006c001a010,0x00000006cab00000)
 Metaspace       used 20598K, capacity 21500K, committed 21628K, reserved 1069056K
  class space    used 2821K, capacity 3026K, committed 3072K, reserved 1048576K
Event: 1.223 GC heap after
Heap after GC invocations=5 (full 0):
 PSYoungGen      total 141824K, used 6329K [0x000000076ab00000, 0x000000077bc00000, 0x00000007c0000000)
  eden space 131072K, 0% used [0x000000076ab00000,0x000000076ab00000,0x0000000772b00000)
  from space 10752K, 58% used [0x0000000772b00000,0x000000077312e758,0x0000000773580000)
  to   space 8704K, 0% used [0x000000077b380000,0x000000077b380000,0x000000077bc00000)
 ParOldGen       total 175104K, used 112K [0x00000006c0000000, 0x00000006cab00000, 0x000000076ab00000)
  object space 175104K, 0% used [0x00000006c0000000,0x00000006c001c010,0x00000006cab00000)
 Metaspace       used 20598K, capacity 21500K, committed 21628K, reserved 1069056K
  class space    used 2821K, capacity 3026K, committed 3072K, reserved 1048576K
}
Event: 1.223 GC heap before
{Heap before GC invocations=6 (full 1):
 PSYoungGen      total 141824K, used 6329K [0x000000076ab00000, 0x000000077bc00000, 0x00000007c0000000)
  eden space 131072K, 0% used [0x000000076ab00000,0x000000076ab00000,0x0000000772b00000)
  from space 10752K, 58% used [0x0000000772b00000,0x000000077312e758,0x0000000773580000)
  to   space 8704K, 0% used [0x000000077b380000,0x000000077b380000,0x000000077bc00000)
 ParOldGen       total 175104K, used 112K [0x00000006c0000000, 0x00000006cab00000, 0x000000076ab00000)
  object space 175104K, 0% used [0x00000006c0000000,0x00000006c001c010,0x00000006cab00000)
 Metaspace       used 20598K, capacity 21500K, committed 21628K, reserved 1069056K
  class space    used 2821K, capacity 3026K, committed 3072K, reserved 1048576K
Event: 1.244 GC heap after
Heap after GC invocations=6 (full 1):
 PSYoungGen      total 141824K, used 0K [0x000000076ab00000, 0x000000077bc00000, 0x00000007c0000000)
  eden space 131072K, 0% used [0x000000076ab00000,0x000000076ab00000,0x0000000772b00000)
  from space 10752K, 0% used [0x0000000772b00000,0x0000000772b00000,0x0000000773580000)
  to   space 8704K, 0% used [0x000000077b380000,0x000000077b380000,0x000000077bc00000)
 ParOldGen       total 82432K, used 6187K [0x00000006c0000000, 0x00000006c5080000, 0x000000076ab00000)
  object space 82432K, 7% used [0x00000006c0000000,0x00000006c060afd8,0x00000006c5080000)
 Metaspace       used 20598K, capacity 21500K, committed 21628K, reserved 1069056K
  class space    used 2821K, capacity 3026K, committed 3072K, reserved 1048576K
}
Event: 1.690 GC heap before
{Heap before GC invocations=7 (full 1):
 PSYoungGen      total 141824K, used 131072K [0x000000076ab00000, 0x000000077bc00000, 0x00000007c0000000)
  eden space 131072K, 100% used [0x000000076ab00000,0x0000000772b00000,0x0000000772b00000)
  from space 10752K, 0% used [0x0000000772b00000,0x0000000772b00000,0x0000000773580000)
  to   space 8704K, 0% used [0x000000077b380000,0x000000077b380000,0x000000077bc00000)
 ParOldGen       total 82432K, used 6187K [0x00000006c0000000, 0x00000006c5080000, 0x000000076ab00000)
  object space 82432K, 7% used [0x00000006c0000000,0x00000006c060afd8,0x00000006c5080000)
 Metaspace       used 26945K, capacity 28258K, committed 28288K, reserved 1073152K
  class space    used 3678K, capacity 3949K, committed 3968K, reserved 1048576K
Event: 1.695 GC heap after
Heap after GC invocations=7 (full 1):
 PSYoungGen      total 246784K, used 8691K [0x000000076ab00000, 0x000000077bc00000, 0x00000007c0000000)
  eden space 238080K, 0% used [0x000000076ab00000,0x000000076ab00000,0x0000000779380000)
  from space 8704K, 99% used [0x000000077b380000,0x000000077bbfcd60,0x000000077bc00000)
  to   space 10240K, 0% used [0x000000077a800000,0x000000077a800000,0x000000077b200000)
 ParOldGen       total 82432K, used 7640K [0x00000006c0000000, 0x00000006c5080000, 0x000000076ab00000)
  object space 82432K, 9% used [0x00000006c0000000,0x00000006c0776128,0x00000006c5080000)
 Metaspace       used 26945K, capacity 28258K, committed 28288K, reserved 1073152K
  class space    used 3678K, capacity 3949K, committed 3968K, reserved 1048576K
}
Event: 2.259 GC heap before
{Heap before GC invocations=8 (full 1):
 PSYoungGen      total 246784K, used 170177K [0x000000076ab00000, 0x000000077bc00000, 0x00000007c0000000)
  eden space 238080K, 67% used [0x000000076ab00000,0x00000007748b37a8,0x0000000779380000)
  from space 8704K, 99% used [0x000000077b380000,0x000000077bbfcd60,0x000000077bc00000)
  to   space 10240K, 0% used [0x000000077a800000,0x000000077a800000,0x000000077b200000)
 ParOldGen       total 82432K, used 7640K [0x00000006c0000000, 0x00000006c5080000, 0x000000076ab00000)
  object space 82432K, 9% used [0x00000006c0000000,0x00000006c0776128,0x00000006c5080000)
 Metaspace       used 34160K, capacity 35982K, committed 36048K, reserved 1081344K
  class space    used 4707K, capacity 5095K, committed 5120K, reserved 1048576K
Event: 2.267 GC heap after
Heap after GC invocations=8 (full 1):
 PSYoungGen      total 269312K, used 10231K [0x000000076ab00000, 0x0000000786400000, 0x00000007c0000000)
  eden space 259072K, 0% used [0x000000076ab00000,0x000000076ab00000,0x000000077a800000)
  from space 10240K, 99% used [0x000000077a800000,0x000000077b1fde58,0x000000077b200000)
  to   space 13824K, 0% used [0x0000000785680000,0x0000000785680000,0x0000000786400000)
 ParOldGen       total 82432K, used 12290K [0x00000006c0000000, 0x00000006c5080000, 0x000000076ab00000)
  object space 82432K, 14% used [0x00000006c0000000,0x00000006c0c008d8,0x00000006c5080000)
 Metaspace       used 34160K, capacity 35982K, committed 36048K, reserved 1081344K
  class space    used 4707K, capacity 5095K, committed 5120K, reserved 1048576K
}
Event: 2.267 GC heap before
{Heap before GC invocations=9 (full 2):
 PSYoungGen      total 269312K, used 10231K [0x000000076ab00000, 0x0000000786400000, 0x00000007c0000000)
  eden space 259072K, 0% used [0x000000076ab00000,0x000000076ab00000,0x000000077a800000)
  from space 10240K, 99% used [0x000000077a800000,0x000000077b1fde58,0x000000077b200000)
  to   space 13824K, 0% used [0x0000000785680000,0x0000000785680000,0x0000000786400000)
 ParOldGen       total 82432K, used 12290K [0x00000006c0000000, 0x00000006c5080000, 0x000000076ab00000)
  object space 82432K, 14% used [0x00000006c0000000,0x00000006c0c008d8,0x00000006c5080000)
 Metaspace       used 34160K, capacity 35982K, committed 36048K, reserved 1081344K
  class space    used 4707K, capacity 5095K, committed 5120K, reserved 1048576K
Event: 2.328 GC heap after
Heap after GC invocations=9 (full 2):
 PSYoungGen      total 269312K, used 0K [0x000000076ab00000, 0x0000000786400000, 0x00000007c0000000)
  eden space 259072K, 0% used [0x000000076ab00000,0x000000076ab00000,0x000000077a800000)
  from space 10240K, 0% used [0x000000077a800000,0x000000077a800000,0x000000077b200000)
  to   space 13824K, 0% used [0x0000000785680000,0x0000000785680000,0x0000000786400000)
 ParOldGen       total 128000K, used 19562K [0x00000006c0000000, 0x00000006c7d00000, 0x000000076ab00000)
  object space 128000K, 15% used [0x00000006c0000000,0x00000006c131ab20,0x00000006c7d00000)
 Metaspace       used 34160K, capacity 35982K, committed 36048K, reserved 1081344K
  class space    used 4707K, capacity 5095K, committed 5120K, reserved 1048576K
}

Deoptimization events (0 events):
No events

Classes redefined (0 events):
No events

Internal exceptions (10 events):
Event: 3.178 Thread 0x00007fec03aee000 Exception <a 'java/lang/ArrayIndexOutOfBoundsException'> (0x000000076eae30b0) thrown at [/private/tmp/openjdkA8-20210814-5038-e41be5/jdk8u302-ga/hotspot/src/share/vm/runtime/sharedRuntime.cpp, line 609]
Event: 7.751 Thread 0x00007fec06891000 Exception <a 'java/lang/ArrayIndexOutOfBoundsException'> (0x0000000772096c18) thrown at [/private/tmp/openjdkA8-20210814-5038-e41be5/jdk8u302-ga/hotspot/src/share/vm/runtime/sharedRuntime.cpp, line 609]
Event: 11.354 Thread 0x00007fec0391f800 Exception <a 'java/io/FileNotFoundException'> (0x000000077229ba78) thrown at [/private/tmp/openjdkA8-20210814-5038-e41be5/jdk8u302-ga/hotspot/src/share/vm/prims/jni.cpp, line 711]
Event: 11.354 Thread 0x00007fec0391f800 Exception <a 'java/io/FileNotFoundException'> (0x000000077229c0f8) thrown at [/private/tmp/openjdkA8-20210814-5038-e41be5/jdk8u302-ga/hotspot/src/share/vm/prims/jni.cpp, line 711]
Event: 12.175 Thread 0x00007fec06008800 Exception <a 'java/lang/ArrayIndexOutOfBoundsException'> (0x000000077297cd30) thrown at [/private/tmp/openjdkA8-20210814-5038-e41be5/jdk8u302-ga/hotspot/src/share/vm/runtime/sharedRuntime.cpp, line 609]
Event: 12.175 Thread 0x00007fec051c9000 Exception <a 'java/lang/ArrayIndexOutOfBoundsException'> (0x00000007727fc8e8) thrown at [/private/tmp/openjdkA8-20210814-5038-e41be5/jdk8u302-ga/hotspot/src/share/vm/runtime/sharedRuntime.cpp, line 609]
Event: 12.175 Thread 0x00007fec06008800 Exception <a 'java/lang/ArrayIndexOutOfBoundsException'> (0x000000077297e358) thrown at [/private/tmp/openjdkA8-20210814-5038-e41be5/jdk8u302-ga/hotspot/src/share/vm/runtime/sharedRuntime.cpp, line 609]
Event: 12.175 Thread 0x00007fec051c9000 Exception <a 'java/lang/ArrayIndexOutOfBoundsException'> (0x00000007727fdf10) thrown at [/private/tmp/openjdkA8-20210814-5038-e41be5/jdk8u302-ga/hotspot/src/share/vm/runtime/sharedRuntime.cpp, line 609]
Event: 12.265 Thread 0x00007fec06008800 Exception <a 'java/lang/NoSuchMethodError': java.lang.Object.lambda$getRequiredAttribute$0(Ljava/lang/String;)Ljava/lang/String;> (0x00000007736242e8) thrown at [/private/tmp/openjdkA8-20210814-5038-e41be5/jdk8u302-ga/hotspot/src/share/vm/interpreter/link
Event: 12.269 Thread 0x00007fec06008800 Exception <a 'java/lang/NoSuchMethodError': java.lang.Object.from(Ljava/lang/Object;)Lreactor/core/Scannable;> (0x00000007736b15c0) thrown at [/private/tmp/openjdkA8-20210814-5038-e41be5/jdk8u302-ga/hotspot/src/share/vm/interpreter/linkResolver.cpp, line 

Events (10 events):
Event: 12.305 loading class reactor/core/publisher/FluxContextWrite$ContextWriteSubscriber
Event: 12.305 loading class reactor/core/publisher/FluxContextWrite$ContextWriteSubscriber done
Event: 12.306 loading class reactor/core/publisher/MonoSingle$SingleSubscriber
Event: 12.306 loading class reactor/core/publisher/MonoSingle$SingleSubscriber done
Event: 12.306 loading class reactor/core/publisher/Operators$MonoInnerProducerBase
Event: 12.306 loading class reactor/core/publisher/Operators$MonoInnerProducerBase done
Event: 12.307 loading class org/springframework/core/io/buffer/NettyDataBuffer
Event: 12.307 loading class org/springframework/core/io/buffer/NettyDataBuffer done
Event: 12.308 loading class io/netty/buffer/WrappedCompositeByteBuf
Event: 12.308 loading class io/netty/buffer/WrappedCompositeByteBuf done


Dynamic libraries:
0x00007ff8259e8000 	/System/Library/Frameworks/Cocoa.framework/Versions/A/Cocoa
0x00007ff811826000 	/System/Library/Frameworks/AppKit.framework/Versions/C/AppKit
0x00007ff814d13000 	/System/Library/Frameworks/CoreData.framework/Versions/A/CoreData
0x00007ff80fc41000 	/System/Library/Frameworks/Foundation.framework/Versions/C/Foundation
0x00007ff819b88000 	/usr/lib/libSystem.B.dylib
0x00007ff8126b3000 	/System/Library/PrivateFrameworks/UIFoundation.framework/Versions/A/UIFoundation
0x00007ff81f9c0000 	/System/Library/PrivateFrameworks/RemoteViewServices.framework/Versions/A/RemoteViewServices
0x00007ff817d34000 	/System/Library/PrivateFrameworks/XCTTargetBootstrap.framework/Versions/A/XCTTargetBootstrap
0x00007ff81b997000 	/System/Library/PrivateFrameworks/InternationalSupport.framework/Versions/A/InternationalSupport
0x00007ff81ba21000 	/System/Library/PrivateFrameworks/UserActivity.framework/Versions/A/UserActivity
0x00007ff81ad77000 	/usr/lib/libspindump.dylib
0x00007ff812941000 	/System/Library/Frameworks/UniformTypeIdentifiers.framework/Versions/A/UniformTypeIdentifiers
0x00007ff816473000 	/usr/lib/libapp_launch_measurement.dylib
0x00007ff8156dd000 	/System/Library/PrivateFrameworks/CoreAnalytics.framework/Versions/A/CoreAnalytics
0x00007ff816476000 	/System/Library/PrivateFrameworks/CoreAutoLayout.framework/Versions/A/CoreAutoLayout
0x00007ff817695000 	/System/Library/Frameworks/Metal.framework/Versions/A/Metal
0x00007ff8183aa000 	/usr/lib/liblangid.dylib
0x00007ff817d38000 	/System/Library/PrivateFrameworks/CoreSVG.framework/Versions/A/CoreSVG
0x00007ff813d03000 	/System/Library/PrivateFrameworks/SkyLight.framework/Versions/A/SkyLight
0x00007ff814094000 	/System/Library/Frameworks/CoreGraphics.framework/Versions/A/CoreGraphics
0x00007ff82002b000 	/System/Library/Frameworks/Accelerate.framework/Versions/A/Accelerate
0x00007ff81a7f2000 	/System/Library/PrivateFrameworks/IconServices.framework/Versions/A/IconServices
0x00007ff81767a000 	/System/Library/Frameworks/IOSurface.framework/Versions/A/IOSurface
0x00007ff81570b000 	/usr/lib/libDiagnosticMessagesClient.dylib
0x00007ff819aa8000 	/usr/lib/libz.1.dylib
0x00007ff82368a000 	/System/Library/Frameworks/ApplicationServices.framework/Versions/A/ApplicationServices
0x00007ff817d20000 	/System/Library/PrivateFrameworks/DFRFoundation.framework/Versions/A/DFRFoundation
0x00007ff811117000 	/usr/lib/libicucore.A.dylib
0x00007ff81c6b9000 	/System/Library/Frameworks/AudioToolbox.framework/Versions/A/AudioToolbox
0x00007ff81b9a3000 	/System/Library/PrivateFrameworks/DataDetectorsCore.framework/Versions/A/DataDetectorsCore
0x00007ff9171e9000 	/System/Library/PrivateFrameworks/TextInput.framework/Versions/A/TextInput
0x00007ff813c86000 	/usr/lib/libMobileGestalt.dylib
0x00007ff817a28000 	/System/Library/Frameworks/Carbon.framework/Versions/A/Frameworks/HIToolbox.framework/Versions/A/HIToolbox
0x00007ff815ea1000 	/System/Library/Frameworks/QuartzCore.framework/Versions/A/QuartzCore
0x00007ff810db8000 	/System/Library/Frameworks/Security.framework/Versions/A/Security
0x00007ff81f9f8000 	/System/Library/Frameworks/Carbon.framework/Versions/A/Frameworks/SpeechRecognition.framework/Versions/A/SpeechRecognition
0x00007ff8161d3000 	/System/Library/PrivateFrameworks/CoreUI.framework/Versions/A/CoreUI
0x00007ff810692000 	/System/Library/Frameworks/CoreAudio.framework/Versions/A/CoreAudio
0x00007ff8157f9000 	/System/Library/Frameworks/DiskArbitration.framework/Versions/A/DiskArbitration
0x00007ff81b15e000 	/System/Library/PrivateFrameworks/MultitouchSupport.framework/Versions/A/MultitouchSupport
0x00007ff813c85000 	/usr/lib/libenergytrace.dylib
0x00007ff811712000 	/System/Library/Frameworks/IOKit.framework/Versions/A/IOKit
0x00007ff81fde2000 	/System/Library/Frameworks/CoreServices.framework/Versions/A/CoreServices
0x00007ff81640d000 	/System/Library/PrivateFrameworks/PerformanceAnalysis.framework/Versions/A/PerformanceAnalysis
0x00007ffa267aa000 	/System/Library/Frameworks/OpenGL.framework/Versions/A/OpenGL
0x00007ff8190e0000 	/System/Library/PrivateFrameworks/MobileKeyBag.framework/Versions/A/MobileKeyBag
0x00007ff80ec02000 	/usr/lib/libobjc.A.dylib
0x00007ff814760000 	/System/Library/Frameworks/ColorSync.framework/Versions/A/ColorSync
0x00007ff80edbb000 	/System/Library/Frameworks/CoreFoundation.framework/Versions/A/CoreFoundation
0x00007ff817fb1000 	/System/Library/Frameworks/CoreImage.framework/Versions/A/CoreImage
0x00007ff8104a8000 	/System/Library/Frameworks/CoreText.framework/Versions/A/CoreText
0x00007ff817d67000 	/System/Library/Frameworks/ImageIO.framework/Versions/A/ImageIO
0x00007ff819b8e000 	/System/Library/PrivateFrameworks/SoftLinking.framework/Versions/A/SoftLinking
0x00007ff8164be000 	/usr/lib/libxml2.2.dylib
0x00007ff80ecc8000 	/usr/lib/libc++.1.dylib
0x00007ff819e11000 	/usr/lib/libcompression.dylib
0x00007ff81b8cd000 	/System/Library/PrivateFrameworks/TextureIO.framework/Versions/A/TextureIO
0x00007ff81a504000 	/usr/lib/libate.dylib
0x00007ff819b83000 	/usr/lib/system/libcache.dylib
0x00007ff819b3f000 	/usr/lib/system/libcommonCrypto.dylib
0x00007ff819b68000 	/usr/lib/system/libcompiler_rt.dylib
0x00007ff819b5e000 	/usr/lib/system/libcopyfile.dylib
0x00007ff80eafc000 	/usr/lib/system/libcorecrypto.dylib
0x00007ff80ebbb000 	/usr/lib/system/libdispatch.dylib
0x00007ff80ed7a000 	/usr/lib/system/libdyld.dylib
0x00007ff819b7a000 	/usr/lib/system/libkeymgr.dylib
0x00007ff819b1d000 	/usr/lib/system/libmacho.dylib
0x00007ff8191b4000 	/usr/lib/system/libquarantine.dylib
0x00007ff819b78000 	/usr/lib/system/libremovefile.dylib
0x00007ff813cd2000 	/usr/lib/system/libsystem_asl.dylib
0x00007ff80eaaa000 	/usr/lib/system/libsystem_blocks.dylib
0x00007ff80ec3f000 	/usr/lib/system/libsystem_c.dylib
0x00007ff819b70000 	/usr/lib/system/libsystem_collections.dylib
0x00007ff81839b000 	/usr/lib/system/libsystem_configuration.dylib
0x00007ff81765d000 	/usr/lib/system/libsystem_containermanager.dylib
0x00007ff81985c000 	/usr/lib/system/libsystem_coreservices.dylib
0x00007ff8113a0000 	/usr/lib/system/libsystem_darwin.dylib
0x00007ff819b7b000 	/usr/lib/system/libsystem_dnssd.dylib
0x00007ff80ec3c000 	/usr/lib/system/libsystem_featureflags.dylib
0x00007ff80ed90000 	/usr/lib/system/libsystem_info.dylib
0x00007ff819abb000 	/usr/lib/system/libsystem_m.dylib
0x00007ff80eb8f000 	/usr/lib/system/libsystem_malloc.dylib
0x00007ff813c6f000 	/usr/lib/system/libsystem_networkextension.dylib
0x00007ff8117c8000 	/usr/lib/system/libsystem_notify.dylib
0x00007ff81fcb9000 	/usr/lib/system/libsystem_product_info_filter.dylib
0x00007ff81839f000 	/usr/lib/system/libsystem_sandbox.dylib
0x00007ff819b75000 	/usr/lib/system/libsystem_secinit.dylib
0x00007ff80ed37000 	/usr/lib/system/libsystem_kernel.dylib
0x00007ff80ed86000 	/usr/lib/system/libsystem_platform.dylib
0x00007ff80ed6e000 	/usr/lib/system/libsystem_pthread.dylib
0x00007ff815523000 	/usr/lib/system/libsystem_symptoms.dylib
0x00007ff80eae3000 	/usr/lib/system/libsystem_trace.dylib
0x00007ff819b4b000 	/usr/lib/system/libunwind.dylib
0x00007ff80eaac000 	/usr/lib/system/libxpc.dylib
0x00007ff80ed21000 	/usr/lib/libc++abi.dylib
0x00007ff819b56000 	/usr/lib/liboah.dylib
0x00007ff81a2e2000 	/usr/lib/liblzma.5.dylib
0x00007ff80f952000 	/System/Library/Frameworks/SystemConfiguration.framework/Versions/A/SystemConfiguration
0x00007ff819b8a000 	/usr/lib/libfakelink.dylib
0x00007ff8137d9000 	/System/Library/Frameworks/CFNetwork.framework/Versions/A/CFNetwork
0x00007ff819cc9000 	/usr/lib/libarchive.2.dylib
0x00007ff8183a6000 	/System/Library/PrivateFrameworks/AppleSystemInfo.framework/Versions/A/AppleSystemInfo
0x00007ff8191da000 	/usr/lib/libbsm.0.dylib
0x00007ff812e10000 	/usr/lib/libnetwork.dylib
0x00007ff819b23000 	/usr/lib/system/libkxld.dylib
0x00007ff818e09000 	/System/Library/PrivateFrameworks/IOMobileFramebuffer.framework/Versions/A/IOMobileFramebuffer
0x00007ffb24293000 	/usr/lib/libCoreEntitlements.dylib
0x00007ff81983e000 	/System/Library/PrivateFrameworks/AppleFSCompression.framework/Versions/A/AppleFSCompression
0x00007ff8191c3000 	/usr/lib/libcoretls.dylib
0x00007ff81a2fc000 	/usr/lib/libcoretls_cfhelpers.dylib
0x00007ff819e0c000 	/usr/lib/libpam.2.dylib
0x00007ff815145000 	/usr/lib/libsqlite3.dylib
0x00007ff81a36b000 	/usr/lib/libxar.1.dylib
0x00007ff81984e000 	/usr/lib/libbz2.1.0.dylib
0x00007ff819b8f000 	/usr/lib/libpcap.A.dylib
0x00007ff81551a000 	/usr/lib/libdns_services.dylib
0x00007ff819ddb000 	/usr/lib/libapple_nghttp2.dylib
0x00007ff819bc6000 	/usr/lib/libiconv.2.dylib
0x00007ff819b1c000 	/usr/lib/libcharset.1.dylib
0x00007ff816441000 	/System/Library/Frameworks/CoreServices.framework/Versions/A/Frameworks/FSEvents.framework/Versions/A/FSEvents
0x00007ff8113aa000 	/System/Library/Frameworks/CoreServices.framework/Versions/A/Frameworks/CarbonCore.framework/Versions/A/CarbonCore
0x00007ff81575e000 	/System/Library/Frameworks/CoreServices.framework/Versions/A/Frameworks/Metadata.framework/Versions/A/Metadata
0x00007ff819861000 	/System/Library/Frameworks/CoreServices.framework/Versions/A/Frameworks/OSServices.framework/Versions/A/OSServices
0x00007ff819d4f000 	/System/Library/Frameworks/CoreServices.framework/Versions/A/Frameworks/SearchKit.framework/Versions/A/SearchKit
0x00007ff8154ac000 	/System/Library/Frameworks/CoreServices.framework/Versions/A/Frameworks/AE.framework/Versions/A/AE
0x00007ff80f2be000 	/System/Library/Frameworks/CoreServices.framework/Versions/A/Frameworks/LaunchServices.framework/Versions/A/LaunchServices
0x00007ff81a293000 	/System/Library/Frameworks/CoreServices.framework/Versions/A/Frameworks/DictionaryServices.framework/Versions/A/DictionaryServices
0x00007ff81644e000 	/System/Library/Frameworks/CoreServices.framework/Versions/A/Frameworks/SharedFileList.framework/Versions/A/SharedFileList
0x00007ff8191b7000 	/usr/lib/libCheckFix.dylib
0x00007ff813ce9000 	/System/Library/PrivateFrameworks/TCC.framework/Versions/A/TCC
0x00007ff8183ac000 	/System/Library/PrivateFrameworks/CoreNLP.framework/Versions/A/CoreNLP
0x00007ff81570e000 	/System/Library/PrivateFrameworks/MetadataUtilities.framework/Versions/A/MetadataUtilities
0x00007ff80fa02000 	/usr/lib/libmecabra.dylib
0x00007ff8191ea000 	/usr/lib/libmecab.dylib
0x00007ff80f9cd000 	/usr/lib/libCRFSuite.dylib
0x00007ff819247000 	/usr/lib/libgermantok.dylib
0x00007ff819db6000 	/usr/lib/libThaiTokenizer.dylib
0x00007ff815800000 	/System/Library/Frameworks/Accelerate.framework/Versions/A/Frameworks/vImage.framework/Versions/A/vImage
0x00007ff81fdb9000 	/System/Library/Frameworks/Accelerate.framework/Versions/A/Frameworks/vecLib.framework/Versions/A/vecLib
0x00007ff81a3ac000 	/System/Library/Frameworks/Accelerate.framework/Versions/A/Frameworks/vecLib.framework/Versions/A/libvMisc.dylib
0x00007ff818c27000 	/System/Library/Frameworks/Accelerate.framework/Versions/A/Frameworks/vecLib.framework/Versions/A/libvDSP.dylib
0x00007ff80f636000 	/System/Library/Frameworks/Accelerate.framework/Versions/A/Frameworks/vecLib.framework/Versions/A/libBLAS.dylib
0x00007ff819eed000 	/System/Library/Frameworks/Accelerate.framework/Versions/A/Frameworks/vecLib.framework/Versions/A/libLAPACK.dylib
0x00007ff81924a000 	/System/Library/Frameworks/Accelerate.framework/Versions/A/Frameworks/vecLib.framework/Versions/A/libLinearAlgebra.dylib
0x00007ff819df4000 	/System/Library/Frameworks/Accelerate.framework/Versions/A/Frameworks/vecLib.framework/Versions/A/libSparseBLAS.dylib
0x00007ff819ee7000 	/System/Library/Frameworks/Accelerate.framework/Versions/A/Frameworks/vecLib.framework/Versions/A/libQuadrature.dylib
0x00007ff818496000 	/System/Library/Frameworks/Accelerate.framework/Versions/A/Frameworks/vecLib.framework/Versions/A/libBNNS.dylib
0x00007ff80f8e3000 	/System/Library/Frameworks/Accelerate.framework/Versions/A/Frameworks/vecLib.framework/Versions/A/libSparse.dylib
0x00007ff81848f000 	/System/Library/PrivateFrameworks/LinguisticData.framework/Versions/A/LinguisticData
0x00007ff80f898000 	/System/Library/PrivateFrameworks/Lexicon.framework/Versions/A/Lexicon
0x00007ff81a3a5000 	/usr/lib/libChineseTokenizer.dylib
0x00007ff80fffc000 	/System/Library/PrivateFrameworks/LanguageModeling.framework/Versions/A/LanguageModeling
0x00007ff819db8000 	/System/Library/PrivateFrameworks/AppleSauce.framework/Versions/A/AppleSauce
0x00007ff818df7000 	/System/Library/PrivateFrameworks/CoreEmoji.framework/Versions/A/CoreEmoji
0x00007ff819cb8000 	/usr/lib/libcmph.dylib
0x00007ff816425000 	/System/Library/Frameworks/OpenDirectory.framework/Versions/A/Frameworks/CFOpenDirectory.framework/Versions/A/CFOpenDirectory
0x00007ff816419000 	/System/Library/Frameworks/OpenDirectory.framework/Versions/A/OpenDirectory
0x00007ff81a2fe000 	/System/Library/PrivateFrameworks/APFS.framework/Versions/A/APFS
0x00007ff819118000 	/System/Library/Frameworks/SecurityFoundation.framework/Versions/A/SecurityFoundation
0x00007ff81a379000 	/usr/lib/libutil.dylib
0x00007ff8116d5000 	/System/Library/PrivateFrameworks/CoreServicesStore.framework/Versions/A/CoreServicesStore
0x00007ff81a37d000 	/usr/lib/libxslt.1.dylib
0x00007ff8191a5000 	/System/Library/PrivateFrameworks/BackgroundTaskManagement.framework/Versions/A/BackgroundTaskManagement
0x00007ff81b7ed000 	/System/Library/Frameworks/ImageIO.framework/Versions/A/Resources/libRadiance.dylib
0x00007ff81b7f6000 	/System/Library/Frameworks/ImageIO.framework/Versions/A/Resources/libJPEG.dylib
0x00007ff81b746000 	/System/Library/Frameworks/ImageIO.framework/Versions/A/Resources/libPng.dylib
0x00007ff81b767000 	/System/Library/Frameworks/ImageIO.framework/Versions/A/Resources/libTIFF.dylib
0x00007ff81b856000 	/System/Library/Frameworks/ImageIO.framework/Versions/A/Resources/libGIF.dylib
0x00007ff81b077000 	/System/Library/Frameworks/ImageIO.framework/Versions/A/Resources/libJP2.dylib
0x00007ff81a7b9000 	/usr/lib/libexpat.1.dylib
0x00007ff81b02c000 	/System/Library/PrivateFrameworks/AppleJPEG.framework/Versions/A/AppleJPEG
0x00007ff8178ef000 	/System/Library/PrivateFrameworks/FontServices.framework/libFontParser.dylib
0x00007ff815456000 	/System/Library/PrivateFrameworks/RunningBoardServices.framework/Versions/A/RunningBoardServices
0x00007ff825f59000 	/System/Library/PrivateFrameworks/IOSurfaceAccelerator.framework/Versions/A/IOSurfaceAccelerator
0x00007ff81b15a000 	/System/Library/PrivateFrameworks/WatchdogClient.framework/Versions/A/WatchdogClient
0x00007ff8100eb000 	/System/Library/Frameworks/CoreDisplay.framework/Versions/A/CoreDisplay
0x00007ff8177ef000 	/System/Library/Frameworks/CoreMedia.framework/Versions/A/CoreMedia
0x00007ff81768c000 	/System/Library/PrivateFrameworks/IOAccelerator.framework/Versions/A/IOAccelerator
0x00007ff8165a1000 	/System/Library/Frameworks/CoreVideo.framework/Versions/A/CoreVideo
0x00007ff819e0a000 	/System/Library/Frameworks/MetalPerformanceShaders.framework/Versions/A/MetalPerformanceShaders
0x00007ff81b195000 	/System/Library/Frameworks/VideoToolbox.framework/Versions/A/VideoToolbox
0x00007ff81539e000 	/System/Library/PrivateFrameworks/BaseBoard.framework/Versions/A/BaseBoard
0x00007ff81512b000 	/System/Library/PrivateFrameworks/ProtocolBuffer.framework/Versions/A/ProtocolBuffer
0x00007ff81b7e6000 	/System/Library/PrivateFrameworks/GPUWrangler.framework/Versions/A/GPUWrangler
0x00007ff81b7c9000 	/System/Library/PrivateFrameworks/IOPresentment.framework/Versions/A/IOPresentment
0x00007ff81b7f0000 	/System/Library/PrivateFrameworks/DSExternalDisplay.framework/Versions/A/DSExternalDisplay
0x00007ffa2679e000 	/System/Library/Frameworks/OpenGL.framework/Versions/A/Libraries/libCoreFSCache.dylib
0x00007ffb12892000 	/System/Library/PrivateFrameworks/GPUCompiler.framework/Versions/31001/Libraries/libGPUCompilerUtils.dylib
0x00007ff81b85b000 	/System/Library/PrivateFrameworks/CMCaptureCore.framework/Versions/A/CMCaptureCore
0x00007ff81ad65000 	/System/Library/PrivateFrameworks/AppServerSupport.framework/Versions/A/AppServerSupport
0x00007ff81cf36000 	/System/Library/PrivateFrameworks/perfdata.framework/Versions/A/perfdata
0x00007ff810217000 	/System/Library/PrivateFrameworks/AudioToolboxCore.framework/Versions/A/AudioToolboxCore
0x00007ff8177cc000 	/System/Library/PrivateFrameworks/caulk.framework/Versions/A/caulk
0x00007ff81c863000 	/usr/lib/libAudioStatistics.dylib
0x00007ff913aa8000 	/System/Library/PrivateFrameworks/SystemPolicy.framework/Versions/A/SystemPolicy
0x00007ff81caaf000 	/usr/lib/libSMC.dylib
0x00007ff82589b000 	/System/Library/Frameworks/CoreMIDI.framework/Versions/A/CoreMIDI
0x00007ff81b716000 	/usr/lib/libAudioToolboxUtility.dylib
0x00007ff90ff30000 	/System/Library/PrivateFrameworks/OSAServicesClient.framework/Versions/A/OSAServicesClient
0x00007ff81cf43000 	/usr/lib/libperfcheck.dylib
0x00007ff914534000 	/usr/lib/libmis.dylib
0x00007ffa267fa000 	/System/Library/Frameworks/OpenGL.framework/Versions/A/Libraries/libGLU.dylib
0x00007ffa267bd000 	/System/Library/Frameworks/OpenGL.framework/Versions/A/Libraries/libGFXShared.dylib
0x00007ffa269cb000 	/System/Library/Frameworks/OpenGL.framework/Versions/A/Libraries/libGL.dylib
0x00007ffa267c6000 	/System/Library/Frameworks/OpenGL.framework/Versions/A/Libraries/libGLImage.dylib
0x00007ffa267ba000 	/System/Library/Frameworks/OpenGL.framework/Versions/A/Libraries/libCVMSPluginSupport.dylib
0x00007ffa267a5000 	/System/Library/Frameworks/OpenGL.framework/Versions/A/Libraries/libCoreVMClient.dylib
0x00007ff81832a000 	/System/Library/Frameworks/MetalPerformanceShaders.framework/Versions/A/Frameworks/MPSCore.framework/Versions/A/MPSCore
0x00007ff8197a9000 	/System/Library/Frameworks/MetalPerformanceShaders.framework/Versions/A/Frameworks/MPSImage.framework/Versions/A/MPSImage
0x00007ff819260000 	/System/Library/Frameworks/MetalPerformanceShaders.framework/Versions/A/Frameworks/MPSNeuralNetwork.framework/Versions/A/MPSNeuralNetwork
0x00007ff8196d5000 	/System/Library/Frameworks/MetalPerformanceShaders.framework/Versions/A/Frameworks/MPSMatrix.framework/Versions/A/MPSMatrix
0x00007ff819491000 	/System/Library/Frameworks/MetalPerformanceShaders.framework/Versions/A/Frameworks/MPSRayIntersector.framework/Versions/A/MPSRayIntersector
0x00007ff81970e000 	/System/Library/Frameworks/MetalPerformanceShaders.framework/Versions/A/Frameworks/MPSNDArray.framework/Versions/A/MPSNDArray
0x00007ffa2b3a3000 	/System/Library/Frameworks/MetalPerformanceShaders.framework/Versions/A/Frameworks/MPSFunctions.framework/Versions/A/MPSFunctions
0x00007ff80f519000 	/System/Library/PrivateFrameworks/MetalTools.framework/Versions/A/MetalTools
0x00007ff8183a4000 	/System/Library/PrivateFrameworks/AggregateDictionary.framework/Versions/A/AggregateDictionary
0x00007ff81a59b000 	/usr/lib/libIOReport.dylib
0x00007ffa27dda000 	/System/Library/Frameworks/OpenCL.framework/Versions/A/OpenCL
0x00007ff81a8ff000 	/System/Library/PrivateFrameworks/FaceCore.framework/Versions/A/FaceCore
0x00007ff81a8f0000 	/System/Library/PrivateFrameworks/GraphVisualizer.framework/Versions/A/GraphVisualizer
0x00007ffb1279d000 	/System/Library/PrivateFrameworks/FontServices.framework/Versions/A/FontServices
0x00007ff81ad1c000 	/System/Library/PrivateFrameworks/OTSVG.framework/Versions/A/OTSVG
0x00007ff816189000 	/System/Library/Frameworks/ApplicationServices.framework/Versions/A/Frameworks/ATS.framework/Versions/A/Resources/libFontRegistry.dylib
0x00007ff81ad6d000 	/System/Library/PrivateFrameworks/FontServices.framework/libhvf.dylib
0x00007ffb1279e000 	/System/Library/PrivateFrameworks/FontServices.framework/libXTFontStaticRegistryData.dylib
0x00007ff81a769000 	/System/Library/PrivateFrameworks/AppleVA.framework/Versions/A/AppleVA
0x00007ff81c883000 	/System/Library/Frameworks/ApplicationServices.framework/Versions/A/Frameworks/ATS.framework/Versions/A/ATS
0x00007ff81485c000 	/System/Library/Frameworks/ApplicationServices.framework/Versions/A/Frameworks/HIServices.framework/Versions/A/HIServices
0x00007ff81b865000 	/System/Library/Frameworks/ApplicationServices.framework/Versions/A/Frameworks/PrintCore.framework/Versions/A/PrintCore
0x00007ff81cc02000 	/System/Library/Frameworks/ApplicationServices.framework/Versions/A/Frameworks/QD.framework/Versions/A/QD
0x00007ff81cbfa000 	/System/Library/Frameworks/ApplicationServices.framework/Versions/A/Frameworks/ColorSyncLegacy.framework/Versions/A/ColorSyncLegacy
0x00007ff81c873000 	/System/Library/Frameworks/ApplicationServices.framework/Versions/A/Frameworks/SpeechSynthesis.framework/Versions/A/SpeechSynthesis
0x00007ff81b826000 	/System/Library/Frameworks/ApplicationServices.framework/Versions/A/Frameworks/ATSUI.framework/Versions/A/ATSUI
0x00007ff81cb8f000 	/usr/lib/libcups.2.dylib
0x00007ff81cf52000 	/System/Library/Frameworks/Kerberos.framework/Versions/A/Kerberos
0x00007ff81cf61000 	/System/Library/Frameworks/GSS.framework/Versions/A/GSS
0x00007ff81c8ef000 	/usr/lib/libresolv.9.dylib
0x00007ff81ad7c000 	/System/Library/PrivateFrameworks/Heimdal.framework/Versions/A/Heimdal
0x00007ff823a05000 	/System/Library/Frameworks/Kerberos.framework/Versions/A/Libraries/libHeimdalProxy.dylib
0x00007ff81552b000 	/System/Library/Frameworks/Network.framework/Versions/A/Network
0x00007ff81a7d3000 	/usr/lib/libheimdal-asn1.dylib
0x00007ff81cfac000 	/System/Library/PrivateFrameworks/CommonAuth.framework/Versions/A/CommonAuth
0x00007ff81c7f4000 	/System/Library/PrivateFrameworks/AudioSession.framework/Versions/A/AudioSession
0x00007ff81a863000 	/System/Library/PrivateFrameworks/MediaExperience.framework/Versions/A/MediaExperience
0x00007ff81c688000 	/System/Library/PrivateFrameworks/AudioSession.framework/libSessionUtility.dylib
0x00007ff81cc0e000 	/System/Library/PrivateFrameworks/AudioResourceArbitration.framework/Versions/A/AudioResourceArbitration
0x00007ff81a7dc000 	/System/Library/PrivateFrameworks/IconFoundation.framework/Versions/A/IconFoundation
0x00007ff81f9e8000 	/System/Library/PrivateFrameworks/SpeechRecognitionCore.framework/Versions/A/SpeechRecognitionCore
0x00007ffa17c71000 	/System/Library/CoreServices/Encodings/libSimplifiedChineseConverter.dylib
0x0000000103f97000 	/usr/local/Cellar/openjdk@8/1.8.0+302/libexec/openjdk.jdk/Contents/Home/jre/lib/server/libjvm.dylib
0x0000000103643000 	/usr/local/Cellar/openjdk@8/1.8.0+302/libexec/openjdk.jdk/Contents/Home/jre/lib/libverify.dylib
0x0000000103685000 	/usr/local/Cellar/openjdk@8/1.8.0+302/libexec/openjdk.jdk/Contents/Home/jre/lib/libjava.dylib
0x00000001036b5000 	/usr/local/Cellar/openjdk@8/1.8.0+302/libexec/openjdk.jdk/Contents/Home/jre/lib/libinstrument.dylib
0x0000000103665000 	/usr/local/Cellar/openjdk@8/1.8.0+302/libexec/openjdk.jdk/Contents/Home/jre/lib/libzip.dylib
0x000000011f5da000 	/usr/local/Cellar/openjdk@8/1.8.0+302/libexec/openjdk.jdk/Contents/Home/jre/lib/libnio.dylib
0x000000011f60c000 	/usr/local/Cellar/openjdk@8/1.8.0+302/libexec/openjdk.jdk/Contents/Home/jre/lib/libnet.dylib
0x000000011f5f2000 	/usr/local/Cellar/openjdk@8/1.8.0+302/libexec/openjdk.jdk/Contents/Home/jre/lib/libmanagement.dylib

VM Arguments:
jvm_args: -XX:TieredStopAtLevel=1 -Xverify:none -Dspring.output.ansi.enabled=always -javaagent:/Applications/IntelliJ IDEA.app/Contents/lib/idea_rt.jar=49512:/Applications/IntelliJ IDEA.app/Contents/bin -Dcom.sun.management.jmxremote -Dspring.jmx.enabled=true -Dspring.liveBeansView.mbeanDomain -Dspring.application.admin.enabled=true -Dfile.encoding=UTF-8 
java_command: top.ctong.gulimall.gateway.GulimallGatewayApplication
java_class_path (initial): /usr/local/Cellar/openjdk@8/1.8.0+302/libexec/openjdk.jdk/Contents/Home/jre/lib/charsets.jar:/usr/local/Cellar/openjdk@8/1.8.0+302/libexec/openjdk.jdk/Contents/Home/jre/lib/ext/cldrdata.jar:/usr/local/Cellar/openjdk@8/1.8.0+302/libexec/openjdk.jdk/Contents/Home/jre/lib/ext/dnsns.jar:/usr/local/Cellar/openjdk@8/1.8.0+302/libexec/openjdk.jdk/Contents/Home/jre/lib/ext/jaccess.jar:/usr/local/Cellar/openjdk@8/1.8.0+302/libexec/openjdk.jdk/Contents/Home/jre/lib/ext/localedata.jar:/usr/local/Cellar/openjdk@8/1.8.0+302/libexec/openjdk.jdk/Contents/Home/jre/lib/ext/nashorn.jar:/usr/local/Cellar/openjdk@8/1.8.0+302/libexec/openjdk.jdk/Contents/Home/jre/lib/ext/sunec.jar:/usr/local/Cellar/openjdk@8/1.8.0+302/libexec/openjdk.jdk/Contents/Home/jre/lib/ext/sunjce_provider.jar:/usr/local/Cellar/openjdk@8/1.8.0+302/libexec/openjdk.jdk/Contents/Home/jre/lib/ext/sunpkcs11.jar:/usr/local/Cellar/openjdk@8/1.8.0+302/libexec/openjdk.jdk/Contents/Home/jre/lib/ext/zipfs.jar:/usr/local/Cellar/openjdk@8/1.8.0+302/libexec/openjdk.jdk/Contents/Home/jre/lib/jce.jar:/usr/local/Cellar/openjdk@8/1.8.0+302/libexec/openjdk.jdk/Contents/Home/jre/lib/jfr.jar:/usr/local/Cellar/openjdk@8/1.8.0+302/libexec/openjdk.jdk/Contents/Home/jre/lib/jsse.jar:/usr/local/Cellar/openjdk@8/1.8.0+302/libexec/openjdk.jdk/Contents/Home/jre/lib/management-agent.jar:/usr/local/Cellar/openjdk@8/1.8.0+302/libexec/openjdk.jdk/Contents/Home/jre/lib/resources.jar:/usr/local/Cellar/openjdk@8/1.8.0+302/libexec/openjdk.jdk/Contents/Home/jre/lib/rt.jar:/usr/local/Cellar/openjdk@8/1.8.0+302/libexec/openjdk.jdk/Contents/Home/lib/dt.jar:/usr/local/Cellar/openjdk@8/1.8.0+302/libexec/openjdk.jdk/Contents/Home/lib/jconsole.jar:/usr/local/Cellar/openjdk@8/1.8.0+302/libexec/openjdk.jdk/Contents/Home/lib/sa-jdi.jar:/usr/local/Cellar/openjdk@8/1.8.0+302/libexec/openjdk.jdk/Contents/Home/lib/tools.jar:/Users/clover/code/sources/gulimall/gulimall-gateway/target/classes:/Users/clover/code/sources/gulimall/gulimall-c
Launcher Type: SUN_STANDARD

Environment Variables:
JAVA_HOME=/usr/local/Cellar/openjdk@8/1.8.0+302/libexec/openjdk.jdk/Contents/Home
PATH=/Users/clover/.nvm/versions/node/v14.18.1/bin:/Users/clover/fvm/default/bin:/usr/local/opt/tomcat@9/bin:/usr/local/opt/openjdk@8/bin:/usr/local/bin:/usr/bin:/bin:/usr/sbin:/sbin:/usr/local/share/dotnet:~/.dotnet/tools:/Library/Apple/usr/bin:/Library/Frameworks/Mono.framework/Versions/Current/Commands
SHELL=/bin/zsh

Signal Handlers:
SIGSEGV: [libjvm.dylib+0x58b0af], sa_mask[0]=11111111011111110111111111111111, sa_flags=SA_ONSTACK|SA_RESTART|SA_SIGINFO
SIGBUS: [libjvm.dylib+0x58b0af], sa_mask[0]=11111111011111110111111111111111, sa_flags=SA_RESTART|SA_SIGINFO
SIGFPE: [libjvm.dylib+0x48679b], sa_mask[0]=11111111011111110111111111111111, sa_flags=SA_RESTART|SA_SIGINFO
SIGPIPE: [libjvm.dylib+0x48679b], sa_mask[0]=11111111011111110111111111111111, sa_flags=SA_RESTART|SA_SIGINFO
SIGXFSZ: [libjvm.dylib+0x48679b], sa_mask[0]=11111111011111110111111111111111, sa_flags=SA_RESTART|SA_SIGINFO
SIGILL: [libjvm.dylib+0x48679b], sa_mask[0]=11111111011111110111111111111111, sa_flags=SA_RESTART|SA_SIGINFO
SIGUSR1: SIG_DFL, sa_mask[0]=00000000000000000000000000000000, sa_flags=none
SIGUSR2: [libjvm.dylib+0x487071], sa_mask[0]=00100000000000000000000000000000, sa_flags=SA_RESTART|SA_SIGINFO
SIGHUP: [libjvm.dylib+0x485261], sa_mask[0]=11111111011111110111111111111111, sa_flags=SA_RESTART|SA_SIGINFO
SIGINT: [libjvm.dylib+0x485261], sa_mask[0]=11111111011111110111111111111111, sa_flags=SA_RESTART|SA_SIGINFO
SIGTERM: [libjvm.dylib+0x485261], sa_mask[0]=11111111011111110111111111111111, sa_flags=SA_RESTART|SA_SIGINFO
SIGQUIT: [libjvm.dylib+0x485261], sa_mask[0]=11111111011111110111111111111111, sa_flags=SA_RESTART|SA_SIGINFO


---------------  S Y S T E M  ---------------

OS:Bsduname:Darwin 21.1.0 Darwin Kernel Version 21.1.0: Wed Oct 13 17:33:23 PDT 2021; root:xnu-8019.41.5~1/RELEASE_X86_64 x86_64
rlimit: STACK 8192k, CORE 0k, NPROC 2784, NOFILE 10240, AS infinity
load average:4.24 3.83 1.82

CPU:total 12 (initial active 12) (6 cores per cpu, 2 threads per core) family 6 model 158 stepping 10, cmov, cx8, fxsr, mmx, sse, sse2, sse3, ssse3, sse4.1, sse4.2, popcnt, avx, avx2, aes, clmul, erms, 3dnowpref, lzcnt, ht, tsc, tscinvbit, bmi1, bmi2, adx

Memory: 4k page, physical 16777216k(420220k free)

/proc/meminfo:


vm_info: OpenJDK 64-Bit Server VM (25.302-b00) for bsd-amd64 JRE (1.8.0_302-bre_2021_08_14_22_07-b00), built on Aug 14 2021 22:12:43 by "brew" with gcc Apple LLVM 12.0.0 (clang-1200.0.32.29)

time: Sun Nov 21 16:46:36 2021
timezone: CST
elapsed time: 12.324018 seconds (0d 0h 0m 12s)

